B<< HollowNoGo-Demo: /home/sciencethebird/Desktop/TCG_2021/Project_4/pj-4-judge-v1/./nogo --shell --name=Hollow-Black --black=search=MCTS N=10000 worker=1 exploration=0.5 
B<< 
B>> protocol_version
B<< = 2
B<< 
B>> name
B<< = Hollow-Black
B<< 
B>> version
B<< = 2021
B<< 
B>> list_commands
B<< = play
B<< genmove
B<< clear_board
B<< showboard
B<< boardsize
B<< name
B<< version
B<< protocol_version
B<< list_commands
B<< quit
B<< 
B<< 
W>> protocol_version
W<< HollowNoGo-Demo: /home/sciencethebird/Desktop/TCG_2021/Project_4/pj-4-judge-v1/./nogo-mcts-submit --shell --name=Hollow-White --white=search=MCTS N=10000 worker=1 exploration=0.5 
W<< 
W<< = 2
W<< 
W>> name
W<< = Hollow-White
W<< 
W>> version
W<< = 2021
W<< 
W>> list_commands
W<< = play
W<< genmove
W<< clear_board
W<< showboard
W<< boardsize
W<< name
W<< version
W<< protocol_version
W<< list_commands
W<< quit
W<< 
W<< 
B>> boardsize 9
B<< = 
B<< 
B>> clear_board
B<< = 
B<< 
W>> boardsize 9
W<< = 
W<< 
W>> clear_board
W<< = 
W<< 
============================================
Game 0
============================================
B>> boardsize 9
B<< = 
B<< 
B>> clear_board
B<< = 
B<< 
W>> boardsize 9
W<< = 
W<< 
W>> clear_board
W<< = 
W<< 
B>> genmove b
B<< MCTS: 10001 simulation done, duration: 719
B<< = A3
B<< 
W>> play B A3
W<< = 
W<< 
W>> genmove w
W<< MCTS: 10001 simulation done, duration: 870
W<< action: ;W[ai] , ac: 232
W<< action: ;W[ah] , ac: 71
W<< action: ;W[af] , ac: 52
W<< action: ;W[ae] , ac: 151
W<< action: ;W[ad] , ac: 128
W<< action: ;W[ac] , ac: 134
W<< action: ;W[ab] , ac: 187
W<< action: ;W[aa] , ac: 217
W<< action: ;W[bi] , ac: 114
W<< action: ;W[bh] , ac: 73
W<< action: ;W[bg] , ac: 171
W<< action: ;W[bf] , ac: 192
W<< action: ;W[be] , ac: 163
W<< action: ;W[bd] , ac: 141
W<< action: ;W[bc] , ac: 34
W<< action: ;W[bb] , ac: 212
W<< action: ;W[ba] , ac: 171
W<< action: ;W[ci] , ac: 60
W<< action: ;W[ch] , ac: 132
W<< action: ;W[cg] , ac: 178
W<< action: ;W[cf] , ac: 91
W<< action: ;W[ce] , ac: 132
W<< action: ;W[cd] , ac: 62
W<< action: ;W[cc] , ac: 156
W<< action: ;W[cb] , ac: 161
W<< action: ;W[ca] , ac: 166
W<< action: ;W[di] , ac: 221
W<< action: ;W[dh] , ac: 26
W<< action: ;W[dg] , ac: 78
W<< action: ;W[dc] , ac: 304
W<< action: ;W[db] , ac: 95
W<< action: ;W[da] , ac: 232
W<< action: ;W[ei] , ac: 171
W<< action: ;W[eh] , ac: 78
W<< action: ;W[eg] , ac: 116
W<< action: ;W[ec] , ac: 199
W<< action: ;W[eb] , ac: 153
W<< action: ;W[ea] , ac: 137
W<< action: ;W[fi] , ac: 170
W<< action: ;W[fh] , ac: 185
W<< action: ;W[fg] , ac: 125
W<< action: ;W[fc] , ac: 149
W<< action: ;W[fb] , ac: 135
W<< action: ;W[fa] , ac: 195
W<< action: ;W[gi] , ac: 121
W<< action: ;W[gh] , ac: 56
W<< action: ;W[gg] , ac: 40
W<< action: ;W[gf] , ac: 135
W<< action: ;W[ge] , ac: 78
W<< action: ;W[gd] , ac: 212
W<< action: ;W[gc] , ac: 65
W<< action: ;W[gb] , ac: 56
W<< action: ;W[ga] , ac: 190
W<< action: ;W[hi] , ac: 125
W<< action: ;W[hh] , ac: 190
W<< action: ;W[hg] , ac: 264
W<< action: ;W[hf] , ac: 149
W<< action: ;W[he] , ac: 132
W<< action: ;W[hd] , ac: 112
W<< action: ;W[hc] , ac: 78
W<< action: ;W[hb] , ac: 121
W<< action: ;W[ha] , ac: 156
W<< action: ;W[ii] , ac: 128
W<< action: ;W[ih] , ac: 144
W<< action: ;W[ig] , ac: 96
W<< action: ;W[if] , ac: 130
W<< action: ;W[ie] , ac: 302
W<< action: ;W[id] , ac: 113
W<< action: ;W[ic] , ac: 120
W<< action: ;W[ib] , ac: 168
W<< action: ;W[ia] , ac: 170
W<< = D7
W<< 
B>> play W D7
B<< = 
B<< 
B>> genmove b
B<< MCTS: 10001 simulation done, duration: 699
B<< = A9
B<< 
W>> play B A9
W<< = 
W<< 
W>> genmove w
W<< MCTS: 10001 simulation done, duration: 849
W<< action: ;W[ai] , ac: 109
W<< action: ;W[ah] , ac: 174
W<< action: ;W[af] , ac: 131
W<< action: ;W[ae] , ac: 46
W<< action: ;W[ad] , ac: 87
W<< action: ;W[ac] , ac: 161
W<< action: ;W[ab] , ac: 117
W<< action: ;W[bi] , ac: 161
W<< action: ;W[bh] , ac: 80
W<< action: ;W[bg] , ac: 110
W<< action: ;W[bf] , ac: 76
W<< action: ;W[be] , ac: 186
W<< action: ;W[bd] , ac: 227
W<< action: ;W[bc] , ac: 109
W<< action: ;W[bb] , ac: 67
W<< action: ;W[ba] , ac: 296
W<< action: ;W[ci] , ac: 119
W<< action: ;W[ch] , ac: 265
W<< action: ;W[cg] , ac: 157
W<< action: ;W[cf] , ac: 162
W<< action: ;W[ce] , ac: 156
W<< action: ;W[cd] , ac: 85
W<< action: ;W[cc] , ac: 145
W<< action: ;W[cb] , ac: 85
W<< action: ;W[ca] , ac: 186
W<< action: ;W[di] , ac: 89
W<< action: ;W[dh] , ac: 112
W<< action: ;W[dg] , ac: 145
W<< action: ;W[db] , ac: 222
W<< action: ;W[da] , ac: 44
W<< action: ;W[ei] , ac: 157
W<< action: ;W[eh] , ac: 223
W<< action: ;W[eg] , ac: 218
W<< action: ;W[ec] , ac: 131
W<< action: ;W[eb] , ac: 159
W<< action: ;W[ea] , ac: 73
W<< action: ;W[fi] , ac: 117
W<< action: ;W[fh] , ac: 164
W<< action: ;W[fg] , ac: 185
W<< action: ;W[fc] , ac: 156
W<< action: ;W[fb] , ac: 52
W<< action: ;W[fa] , ac: 73
W<< action: ;W[gi] , ac: 272
W<< action: ;W[gh] , ac: 228
W<< action: ;W[gg] , ac: 230
W<< action: ;W[gf] , ac: 74
W<< action: ;W[ge] , ac: 110
W<< action: ;W[gd] , ac: 93
W<< action: ;W[gc] , ac: 336
W<< action: ;W[gb] , ac: 44
W<< action: ;W[ga] , ac: 44
W<< action: ;W[hi] , ac: 52
W<< action: ;W[hh] , ac: 147
W<< action: ;W[hg] , ac: 30
W<< action: ;W[hf] , ac: 190
W<< action: ;W[he] , ac: 227
W<< action: ;W[hd] , ac: 85
W<< action: ;W[hc] , ac: 117
W<< action: ;W[hb] , ac: 147
W<< action: ;W[ha] , ac: 101
W<< action: ;W[ii] , ac: 157
W<< action: ;W[ih] , ac: 198
W<< action: ;W[ig] , ac: 143
W<< action: ;W[if] , ac: 133
W<< action: ;W[ie] , ac: 218
W<< action: ;W[id] , ac: 203
W<< action: ;W[ic] , ac: 250
W<< action: ;W[ib] , ac: 69
W<< action: ;W[ia] , ac: 286
W<< = G7
W<< 
B>> play W G7
B<< = 
B<< 
B>> genmove b
B<< MCTS: 10001 simulation done, duration: 695
B<< = H2
B<< 
W>> play B H2
W<< = 
W<< 
W>> genmove w
W<< MCTS: 10001 simulation done, duration: 841
W<< action: ;W[ai] , ac: 101
W<< action: ;W[ah] , ac: 161
W<< action: ;W[af] , ac: 133
W<< action: ;W[ae] , ac: 56
W<< action: ;W[ad] , ac: 159
W<< action: ;W[ac] , ac: 271
W<< action: ;W[ab] , ac: 221
W<< action: ;W[bi] , ac: 157
W<< action: ;W[bh] , ac: 129
W<< action: ;W[bg] , ac: 99
W<< action: ;W[bf] , ac: 129
W<< action: ;W[be] , ac: 163
W<< action: ;W[bd] , ac: 150
W<< action: ;W[bc] , ac: 253
W<< action: ;W[bb] , ac: 154
W<< action: ;W[ba] , ac: 85
W<< action: ;W[ci] , ac: 345
W<< action: ;W[ch] , ac: 368
W<< action: ;W[cg] , ac: 126
W<< action: ;W[cf] , ac: 173
W<< action: ;W[ce] , ac: 300
W<< action: ;W[cd] , ac: 101
W<< action: ;W[cc] , ac: 105
W<< action: ;W[cb] , ac: 207
W<< action: ;W[ca] , ac: 173
W<< action: ;W[di] , ac: 128
W<< action: ;W[dh] , ac: 136
W<< action: ;W[dg] , ac: 85
W<< action: ;W[db] , ac: 142
W<< action: ;W[da] , ac: 173
W<< action: ;W[ei] , ac: 199
W<< action: ;W[eh] , ac: 306
W<< action: ;W[eg] , ac: 119
W<< action: ;W[ec] , ac: 103
W<< action: ;W[eb] , ac: 157
W<< action: ;W[ea] , ac: 101
W<< action: ;W[fi] , ac: 77
W<< action: ;W[fh] , ac: 118
W<< action: ;W[fg] , ac: 97
W<< action: ;W[fc] , ac: 45
W<< action: ;W[fb] , ac: 348
W<< action: ;W[fa] , ac: 145
W<< action: ;W[gi] , ac: 228
W<< action: ;W[gh] , ac: 135
W<< action: ;W[gg] , ac: 97
W<< action: ;W[gf] , ac: 222
W<< action: ;W[ge] , ac: 19
W<< action: ;W[gd] , ac: 119
W<< action: ;W[gb] , ac: 90
W<< action: ;W[ga] , ac: 113
W<< action: ;W[hi] , ac: 147
W<< action: ;W[hg] , ac: 117
W<< action: ;W[hf] , ac: 119
W<< action: ;W[he] , ac: 199
W<< action: ;W[hd] , ac: 28
W<< action: ;W[hc] , ac: 60
W<< action: ;W[hb] , ac: 152
W<< action: ;W[ha] , ac: 112
W<< action: ;W[ii] , ac: 133
W<< action: ;W[ih] , ac: 212
W<< action: ;W[ig] , ac: 121
W<< action: ;W[if] , ac: 115
W<< action: ;W[ie] , ac: 56
W<< action: ;W[id] , ac: 150
W<< action: ;W[ic] , ac: 161
W<< action: ;W[ib] , ac: 113
W<< action: ;W[ia] , ac: 185
W<< = C2
W<< 
B>> play W C2
B<< = 
B<< 
B>> genmove b
B<< MCTS: 10001 simulation done, duration: 695
B<< = B2
B<< 
W>> play B B2
W<< = 
W<< 
W>> genmove w
W<< MCTS: 10001 simulation done, duration: 820
W<< action: ;W[ai] , ac: 252
W<< action: ;W[ah] , ac: 336
W<< action: ;W[af] , ac: 47
W<< action: ;W[ae] , ac: 91
W<< action: ;W[ad] , ac: 168
W<< action: ;W[ac] , ac: 409
W<< action: ;W[ab] , ac: 67
W<< action: ;W[bi] , ac: 274
W<< action: ;W[bg] , ac: 129
W<< action: ;W[bf] , ac: 150
W<< action: ;W[be] , ac: 138
W<< action: ;W[bd] , ac: 180
W<< action: ;W[bc] , ac: 125
W<< action: ;W[bb] , ac: 74
W<< action: ;W[ba] , ac: 306
W<< action: ;W[ci] , ac: 107
W<< action: ;W[cg] , ac: 74
W<< action: ;W[cf] , ac: 132
W<< action: ;W[ce] , ac: 169
W<< action: ;W[cd] , ac: 143
W<< action: ;W[cc] , ac: 166
W<< action: ;W[cb] , ac: 72
W<< action: ;W[ca] , ac: 202
W<< action: ;W[di] , ac: 85
W<< action: ;W[dh] , ac: 189
W<< action: ;W[dg] , ac: 169
W<< action: ;W[db] , ac: 183
W<< action: ;W[da] , ac: 70
W<< action: ;W[ei] , ac: 109
W<< action: ;W[eh] , ac: 91
W<< action: ;W[eg] , ac: 53
W<< action: ;W[ec] , ac: 183
W<< action: ;W[eb] , ac: 204
W<< action: ;W[ea] , ac: 124
W<< action: ;W[fi] , ac: 72
W<< action: ;W[fh] , ac: 100
W<< action: ;W[fg] , ac: 309
W<< action: ;W[fc] , ac: 351
W<< action: ;W[fb] , ac: 171
W<< action: ;W[fa] , ac: 49
W<< action: ;W[gi] , ac: 216
W<< action: ;W[gh] , ac: 100
W<< action: ;W[gg] , ac: 197
W<< action: ;W[gf] , ac: 260
W<< action: ;W[ge] , ac: 80
W<< action: ;W[gd] , ac: 82
W<< action: ;W[gb] , ac: 159
W<< action: ;W[ga] , ac: 113
W<< action: ;W[hi] , ac: 91
W<< action: ;W[hg] , ac: 47
W<< action: ;W[hf] , ac: 281
W<< action: ;W[he] , ac: 106
W<< action: ;W[hd] , ac: 164
W<< action: ;W[hc] , ac: 98
W<< action: ;W[hb] , ac: 178
W<< action: ;W[ha] , ac: 148
W<< action: ;W[ii] , ac: 107
W<< action: ;W[ih] , ac: 228
W<< action: ;W[ig] , ac: 132
W<< action: ;W[if] , ac: 98
W<< action: ;W[ie] , ac: 262
W<< action: ;W[id] , ac: 206
W<< action: ;W[ic] , ac: 132
W<< action: ;W[ib] , ac: 98
W<< action: ;W[ia] , ac: 95
W<< = A7
W<< 
B>> play W A7
B<< = 
B<< 
B>> genmove b
B<< MCTS: 10001 simulation done, duration: 683
B<< = H1
B<< 
W>> play B H1
W<< = 
W<< 
W>> genmove w
W<< MCTS: 10001 simulation done, duration: 809
W<< action: ;W[ai] , ac: 118
W<< action: ;W[ah] , ac: 175
W<< action: ;W[af] , ac: 84
W<< action: ;W[ae] , ac: 291
W<< action: ;W[ad] , ac: 142
W<< action: ;W[ab] , ac: 218
W<< action: ;W[bi] , ac: 80
W<< action: ;W[bg] , ac: 129
W<< action: ;W[bf] , ac: 197
W<< action: ;W[be] , ac: 249
W<< action: ;W[bd] , ac: 142
W<< action: ;W[bc] , ac: 152
W<< action: ;W[bb] , ac: 191
W<< action: ;W[ba] , ac: 209
W<< action: ;W[ci] , ac: 63
W<< action: ;W[cg] , ac: 51
W<< action: ;W[cf] , ac: 150
W<< action: ;W[ce] , ac: 301
W<< action: ;W[cd] , ac: 192
W<< action: ;W[cc] , ac: 72
W<< action: ;W[cb] , ac: 206
W<< action: ;W[ca] , ac: 180
W<< action: ;W[di] , ac: 82
W<< action: ;W[dh] , ac: 163
W<< action: ;W[dg] , ac: 218
W<< action: ;W[db] , ac: 118
W<< action: ;W[da] , ac: 100
W<< action: ;W[ei] , ac: 111
W<< action: ;W[eh] , ac: 168
W<< action: ;W[eg] , ac: 220
W<< action: ;W[ec] , ac: 39
W<< action: ;W[eb] , ac: 184
W<< action: ;W[ea] , ac: 82
W<< action: ;W[fi] , ac: 279
W<< action: ;W[fh] , ac: 109
W<< action: ;W[fg] , ac: 170
W<< action: ;W[fc] , ac: 175
W<< action: ;W[fb] , ac: 71
W<< action: ;W[fa] , ac: 257
W<< action: ;W[gi] , ac: 311
W<< action: ;W[gh] , ac: 358
W<< action: ;W[gg] , ac: 150
W<< action: ;W[gf] , ac: 223
W<< action: ;W[ge] , ac: 264
W<< action: ;W[gd] , ac: 43
W<< action: ;W[gb] , ac: 108
W<< action: ;W[ga] , ac: 154
W<< action: ;W[hg] , ac: 104
W<< action: ;W[hf] , ac: 206
W<< action: ;W[he] , ac: 204
W<< action: ;W[hd] , ac: 61
W<< action: ;W[hc] , ac: 122
W<< action: ;W[hb] , ac: 159
W<< action: ;W[ha] , ac: 108
W<< action: ;W[ii] , ac: 156
W<< action: ;W[ih] , ac: 161
W<< action: ;W[ig] , ac: 136
W<< action: ;W[if] , ac: 197
W<< action: ;W[ie] , ac: 74
W<< action: ;W[id] , ac: 106
W<< action: ;W[ic] , ac: 127
W<< action: ;W[ib] , ac: 35
W<< action: ;W[ia] , ac: 296
W<< = G2
W<< 
B>> play W G2
B<< = 
B<< 
B>> genmove b
B<< MCTS: 10001 simulation done, duration: 680
B<< = G1
B<< 
W>> play B G1
W<< = 
W<< 
W>> genmove w
W<< MCTS: 10001 simulation done, duration: 793
W<< action: ;W[ai] , ac: 205
W<< action: ;W[ah] , ac: 148
W<< action: ;W[af] , ac: 173
W<< action: ;W[ae] , ac: 278
W<< action: ;W[ad] , ac: 161
W<< action: ;W[ab] , ac: 90
W<< action: ;W[bi] , ac: 288
W<< action: ;W[bg] , ac: 118
W<< action: ;W[bf] , ac: 176
W<< action: ;W[be] , ac: 122
W<< action: ;W[bd] , ac: 83
W<< action: ;W[bc] , ac: 154
W<< action: ;W[bb] , ac: 203
W<< action: ;W[ba] , ac: 95
W<< action: ;W[ci] , ac: 154
W<< action: ;W[cg] , ac: 173
W<< action: ;W[cf] , ac: 151
W<< action: ;W[ce] , ac: 218
W<< action: ;W[cd] , ac: 121
W<< action: ;W[cc] , ac: 213
W<< action: ;W[cb] , ac: 159
W<< action: ;W[ca] , ac: 188
W<< action: ;W[di] , ac: 424
W<< action: ;W[dh] , ac: 193
W<< action: ;W[dg] , ac: 297
W<< action: ;W[db] , ac: 203
W<< action: ;W[da] , ac: 170
W<< action: ;W[ei] , ac: 158
W<< action: ;W[eh] , ac: 68
W<< action: ;W[eg] , ac: 118
W<< action: ;W[ec] , ac: 104
W<< action: ;W[eb] , ac: 273
W<< action: ;W[ea] , ac: 111
W<< action: ;W[fi] , ac: 86
W<< action: ;W[fh] , ac: 65
W<< action: ;W[fg] , ac: 163
W<< action: ;W[fc] , ac: 197
W<< action: ;W[fb] , ac: 348
W<< action: ;W[fa] , ac: 165
W<< action: ;W[gg] , ac: 149
W<< action: ;W[gf] , ac: 130
W<< action: ;W[ge] , ac: 132
W<< action: ;W[gd] , ac: 83
W<< action: ;W[gb] , ac: 115
W<< action: ;W[ga] , ac: 213
W<< action: ;W[hg] , ac: 65
W<< action: ;W[hf] , ac: 38
W<< action: ;W[he] , ac: 176
W<< action: ;W[hd] , ac: 208
W<< action: ;W[hc] , ac: 136
W<< action: ;W[hb] , ac: 95
W<< action: ;W[ha] , ac: 50
W<< action: ;W[ii] , ac: 250
W<< action: ;W[ih] , ac: 181
W<< action: ;W[ig] , ac: 102
W<< action: ;W[if] , ac: 32
W<< action: ;W[ie] , ac: 166
W<< action: ;W[id] , ac: 180
W<< action: ;W[ic] , ac: 302
W<< action: ;W[ib] , ac: 171
W<< action: ;W[ia] , ac: 213
W<< = D1
W<< 
B>> play W D1
B<< = 
B<< 
B>> genmove b
B<< MCTS: 10001 simulation done, duration: 683
B<< = A5
B<< 
W>> play B A5
W<< = 
W<< 
W>> genmove w
W<< MCTS: 10001 simulation done, duration: 773
W<< action: ;W[ai] , ac: 183
W<< action: ;W[ah] , ac: 75
W<< action: ;W[af] , ac: 213
W<< action: ;W[ad] , ac: 111
W<< action: ;W[ab] , ac: 150
W<< action: ;W[bi] , ac: 302
W<< action: ;W[bg] , ac: 164
W<< action: ;W[bf] , ac: 322
W<< action: ;W[be] , ac: 122
W<< action: ;W[bd] , ac: 104
W<< action: ;W[bc] , ac: 287
W<< action: ;W[bb] , ac: 176
W<< action: ;W[ba] , ac: 239
W<< action: ;W[ci] , ac: 102
W<< action: ;W[cg] , ac: 169
W<< action: ;W[cf] , ac: 73
W<< action: ;W[ce] , ac: 380
W<< action: ;W[cd] , ac: 115
W<< action: ;W[cc] , ac: 136
W<< action: ;W[cb] , ac: 110
W<< action: ;W[ca] , ac: 110
W<< action: ;W[dh] , ac: 93
W<< action: ;W[dg] , ac: 93
W<< action: ;W[db] , ac: 271
W<< action: ;W[da] , ac: 217
W<< action: ;W[ei] , ac: 131
W<< action: ;W[eh] , ac: 240
W<< action: ;W[eg] , ac: 134
W<< action: ;W[ec] , ac: 108
W<< action: ;W[eb] , ac: 77
W<< action: ;W[ea] , ac: 306
W<< action: ;W[fi] , ac: 110
W<< action: ;W[fh] , ac: 49
W<< action: ;W[fg] , ac: 138
W<< action: ;W[fc] , ac: 167
W<< action: ;W[fb] , ac: 164
W<< action: ;W[fa] , ac: 195
W<< action: ;W[gg] , ac: 79
W<< action: ;W[gf] , ac: 213
W<< action: ;W[ge] , ac: 229
W<< action: ;W[gd] , ac: 97
W<< action: ;W[gb] , ac: 150
W<< action: ;W[ga] , ac: 245
W<< action: ;W[hg] , ac: 178
W<< action: ;W[hf] , ac: 101
W<< action: ;W[he] , ac: 133
W<< action: ;W[hd] , ac: 71
W<< action: ;W[hc] , ac: 100
W<< action: ;W[hb] , ac: 152
W<< action: ;W[ha] , ac: 34
W<< action: ;W[ii] , ac: 102
W<< action: ;W[ih] , ac: 431
W<< action: ;W[ig] , ac: 178
W<< action: ;W[if] , ac: 453
W<< action: ;W[ie] , ac: 368
W<< action: ;W[id] , ac: 75
W<< action: ;W[ic] , ac: 201
W<< action: ;W[ib] , ac: 169
W<< action: ;W[ia] , ac: 106
W<< = J4
W<< 
B>> play W J4
B<< = 
B<< 
B>> genmove b
B<< MCTS: 10001 simulation done, duration: 672
B<< = B4
B<< 
W>> play B B4
W<< = 
W<< 
W>> genmove w
W<< MCTS: 10001 simulation done, duration: 761
W<< action: ;W[ai] , ac: 332
W<< action: ;W[ah] , ac: 433
W<< action: ;W[ad] , ac: 165
W<< action: ;W[ab] , ac: 244
W<< action: ;W[bi] , ac: 246
W<< action: ;W[bg] , ac: 423
W<< action: ;W[be] , ac: 138
W<< action: ;W[bd] , ac: 251
W<< action: ;W[bc] , ac: 184
W<< action: ;W[bb] , ac: 134
W<< action: ;W[ba] , ac: 86
W<< action: ;W[ci] , ac: 175
W<< action: ;W[cg] , ac: 141
W<< action: ;W[cf] , ac: 170
W<< action: ;W[ce] , ac: 61
W<< action: ;W[cd] , ac: 223
W<< action: ;W[cc] , ac: 93
W<< action: ;W[cb] , ac: 223
W<< action: ;W[ca] , ac: 76
W<< action: ;W[dh] , ac: 108
W<< action: ;W[dg] , ac: 121
W<< action: ;W[db] , ac: 256
W<< action: ;W[da] , ac: 175
W<< action: ;W[ei] , ac: 141
W<< action: ;W[eh] , ac: 101
W<< action: ;W[eg] , ac: 150
W<< action: ;W[ec] , ac: 49
W<< action: ;W[eb] , ac: 90
W<< action: ;W[ea] , ac: 293
W<< action: ;W[fi] , ac: 183
W<< action: ;W[fh] , ac: 107
W<< action: ;W[fg] , ac: 265
W<< action: ;W[fc] , ac: 207
W<< action: ;W[fb] , ac: 154
W<< action: ;W[fa] , ac: 281
W<< action: ;W[gg] , ac: 179
W<< action: ;W[gf] , ac: 214
W<< action: ;W[ge] , ac: 149
W<< action: ;W[gd] , ac: 211
W<< action: ;W[gb] , ac: 99
W<< action: ;W[ga] , ac: 218
W<< action: ;W[hg] , ac: 366
W<< action: ;W[hf] , ac: 97
W<< action: ;W[he] , ac: 152
W<< action: ;W[hd] , ac: 84
W<< action: ;W[hc] , ac: 184
W<< action: ;W[hb] , ac: 86
W<< action: ;W[ha] , ac: 235
W<< action: ;W[ii] , ac: 249
W<< action: ;W[ih] , ac: 212
W<< action: ;W[ig] , ac: 179
W<< action: ;W[ie] , ac: 36
W<< action: ;W[id] , ac: 202
W<< action: ;W[ic] , ac: 129
W<< action: ;W[ib] , ac: 53
W<< action: ;W[ia] , ac: 188
W<< = A2
W<< 
B>> play W A2
B<< = 
B<< 
B>> genmove b
B<< MCTS: 10001 simulation done, duration: 681
B<< = C3
B<< 
W>> play B C3
W<< = 
W<< 
W>> genmove w
W<< MCTS: 10001 simulation done, duration: 760
W<< action: ;W[ai] , ac: 130
W<< action: ;W[ad] , ac: 157
W<< action: ;W[ab] , ac: 189
W<< action: ;W[bi] , ac: 540
W<< action: ;W[be] , ac: 140
W<< action: ;W[bd] , ac: 85
W<< action: ;W[bc] , ac: 283
W<< action: ;W[bb] , ac: 260
W<< action: ;W[ba] , ac: 226
W<< action: ;W[ci] , ac: 87
W<< action: ;W[cf] , ac: 176
W<< action: ;W[ce] , ac: 228
W<< action: ;W[cd] , ac: 71
W<< action: ;W[cc] , ac: 115
W<< action: ;W[cb] , ac: 77
W<< action: ;W[ca] , ac: 247
W<< action: ;W[dh] , ac: 182
W<< action: ;W[dg] , ac: 185
W<< action: ;W[db] , ac: 269
W<< action: ;W[da] , ac: 232
W<< action: ;W[ei] , ac: 148
W<< action: ;W[eh] , ac: 47
W<< action: ;W[eg] , ac: 140
W<< action: ;W[ec] , ac: 115
W<< action: ;W[eb] , ac: 193
W<< action: ;W[ea] , ac: 58
W<< action: ;W[fi] , ac: 243
W<< action: ;W[fh] , ac: 148
W<< action: ;W[fg] , ac: 426
W<< action: ;W[fc] , ac: 125
W<< action: ;W[fb] , ac: 151
W<< action: ;W[fa] , ac: 241
W<< action: ;W[gg] , ac: 81
W<< action: ;W[gf] , ac: 146
W<< action: ;W[ge] , ac: 276
W<< action: ;W[gd] , ac: 119
W<< action: ;W[gb] , ac: 79
W<< action: ;W[ga] , ac: 323
W<< action: ;W[hg] , ac: 47
W<< action: ;W[hf] , ac: 58
W<< action: ;W[he] , ac: 320
W<< action: ;W[hd] , ac: 228
W<< action: ;W[hc] , ac: 188
W<< action: ;W[hb] , ac: 62
W<< action: ;W[ha] , ac: 276
W<< action: ;W[ii] , ac: 388
W<< action: ;W[ih] , ac: 111
W<< action: ;W[ig] , ac: 83
W<< action: ;W[ie] , ac: 241
W<< action: ;W[id] , ac: 421
W<< action: ;W[ic] , ac: 151
W<< action: ;W[ib] , ac: 115
W<< action: ;W[ia] , ac: 374
W<< = B1
W<< 
B>> play W B1
B<< = 
B<< 
B>> genmove b
B<< MCTS: 10001 simulation done, duration: 656
B<< = J2
B<< 
W>> play B J2
W<< = 
W<< 
W>> genmove w
W<< MCTS: 10001 simulation done, duration: 712
W<< action: ;W[ai] , ac: 88
W<< action: ;W[ad] , ac: 94
W<< action: ;W[ab] , ac: 47
W<< action: ;W[be] , ac: 703
W<< action: ;W[bd] , ac: 290
W<< action: ;W[bc] , ac: 292
W<< action: ;W[bb] , ac: 107
W<< action: ;W[ba] , ac: 335
W<< action: ;W[ci] , ac: 65
W<< action: ;W[cf] , ac: 140
W<< action: ;W[ce] , ac: 65
W<< action: ;W[cd] , ac: 181
W<< action: ;W[cc] , ac: 322
W<< action: ;W[cb] , ac: 86
W<< action: ;W[ca] , ac: 281
W<< action: ;W[dh] , ac: 306
W<< action: ;W[dg] , ac: 267
W<< action: ;W[db] , ac: 252
W<< action: ;W[da] , ac: 313
W<< action: ;W[ei] , ac: 294
W<< action: ;W[eh] , ac: 119
W<< action: ;W[eg] , ac: 333
W<< action: ;W[ec] , ac: 212
W<< action: ;W[eb] , ac: 76
W<< action: ;W[ea] , ac: 272
W<< action: ;W[fi] , ac: 232
W<< action: ;W[fh] , ac: 59
W<< action: ;W[fg] , ac: 128
W<< action: ;W[fc] , ac: 109
W<< action: ;W[fb] , ac: 342
W<< action: ;W[fa] , ac: 82
W<< action: ;W[gg] , ac: 151
W<< action: ;W[gf] , ac: 363
W<< action: ;W[ge] , ac: 94
W<< action: ;W[gd] , ac: 243
W<< action: ;W[gb] , ac: 82
W<< action: ;W[ga] , ac: 51
W<< action: ;W[hg] , ac: 72
W<< action: ;W[hf] , ac: 57
W<< action: ;W[he] , ac: 107
W<< action: ;W[hd] , ac: 381
W<< action: ;W[hc] , ac: 352
W<< action: ;W[hb] , ac: 214
W<< action: ;W[ha] , ac: 335
W<< action: ;W[ig] , ac: 101
W<< action: ;W[ie] , ac: 51
W<< action: ;W[id] , ac: 288
W<< action: ;W[ic] , ac: 398
W<< action: ;W[ib] , ac: 97
W<< action: ;W[ia] , ac: 72
W<< = B5
W<< 
B>> play W B5
B<< = 
B<< 
B>> genmove b
B<< MCTS: 10001 simulation done, duration: 643
B<< = C6
B<< 
W>> play B C6
W<< = 
W<< 
W>> genmove w
W<< MCTS: 10001 simulation done, duration: 695
W<< action: ;W[ai] , ac: 125
W<< action: ;W[ad] , ac: 154
W<< action: ;W[ab] , ac: 93
W<< action: ;W[bd] , ac: 186
W<< action: ;W[bc] , ac: 152
W<< action: ;W[bb] , ac: 144
W<< action: ;W[ba] , ac: 146
W<< action: ;W[ci] , ac: 275
W<< action: ;W[cf] , ac: 565
W<< action: ;W[ce] , ac: 65
W<< action: ;W[cc] , ac: 97
W<< action: ;W[cb] , ac: 173
W<< action: ;W[ca] , ac: 336
W<< action: ;W[dh] , ac: 129
W<< action: ;W[dg] , ac: 554
W<< action: ;W[db] , ac: 197
W<< action: ;W[da] , ac: 210
W<< action: ;W[ei] , ac: 545
W<< action: ;W[eh] , ac: 45
W<< action: ;W[eg] , ac: 125
W<< action: ;W[ec] , ac: 230
W<< action: ;W[eb] , ac: 127
W<< action: ;W[ea] , ac: 34
W<< action: ;W[fi] , ac: 451
W<< action: ;W[fh] , ac: 52
W<< action: ;W[fg] , ac: 208
W<< action: ;W[fc] , ac: 315
W<< action: ;W[fb] , ac: 155
W<< action: ;W[fa] , ac: 150
W<< action: ;W[gg] , ac: 129
W<< action: ;W[gf] , ac: 117
W<< action: ;W[ge] , ac: 560
W<< action: ;W[gd] , ac: 238
W<< action: ;W[gb] , ac: 273
W<< action: ;W[ga] , ac: 79
W<< action: ;W[hg] , ac: 367
W<< action: ;W[hf] , ac: 93
W<< action: ;W[he] , ac: 176
W<< action: ;W[hd] , ac: 243
W<< action: ;W[hc] , ac: 169
W<< action: ;W[hb] , ac: 85
W<< action: ;W[ha] , ac: 206
W<< action: ;W[ig] , ac: 169
W<< action: ;W[ie] , ac: 338
W<< action: ;W[id] , ac: 410
W<< action: ;W[ic] , ac: 131
W<< action: ;W[ib] , ac: 69
W<< action: ;W[ia] , ac: 111
W<< = C4
W<< 
B>> play W C4
B<< = 
B<< 
B>> genmove b
B<< MCTS: 10001 simulation done, duration: 628
B<< = G9
B<< 
W>> play B G9
W<< = 
W<< 
W>> genmove w
W<< MCTS: 10001 simulation done, duration: 664
W<< action: ;W[ai] , ac: 159
W<< action: ;W[ad] , ac: 231
W<< action: ;W[ab] , ac: 106
W<< action: ;W[bd] , ac: 212
W<< action: ;W[bc] , ac: 184
W<< action: ;W[bb] , ac: 642
W<< action: ;W[ba] , ac: 142
W<< action: ;W[ci] , ac: 63
W<< action: ;W[ce] , ac: 117
W<< action: ;W[cc] , ac: 157
W<< action: ;W[cb] , ac: 151
W<< action: ;W[ca] , ac: 153
W<< action: ;W[dh] , ac: 310
W<< action: ;W[dg] , ac: 434
W<< action: ;W[db] , ac: 184
W<< action: ;W[da] , ac: 345
W<< action: ;W[ei] , ac: 144
W<< action: ;W[eh] , ac: 331
W<< action: ;W[eg] , ac: 672
W<< action: ;W[ec] , ac: 56
W<< action: ;W[eb] , ac: 133
W<< action: ;W[ea] , ac: 328
W<< action: ;W[fi] , ac: 349
W<< action: ;W[fh] , ac: 199
W<< action: ;W[fg] , ac: 96
W<< action: ;W[fc] , ac: 193
W<< action: ;W[fb] , ac: 50
W<< action: ;W[fa] , ac: 306
W<< action: ;W[gg] , ac: 242
W<< action: ;W[gf] , ac: 87
W<< action: ;W[ge] , ac: 206
W<< action: ;W[gd] , ac: 190
W<< action: ;W[gb] , ac: 52
W<< action: ;W[hg] , ac: 438
W<< action: ;W[hf] , ac: 157
W<< action: ;W[he] , ac: 328
W<< action: ;W[hd] , ac: 160
W<< action: ;W[hc] , ac: 87
W<< action: ;W[hb] , ac: 312
W<< action: ;W[ha] , ac: 197
W<< action: ;W[ig] , ac: 231
W<< action: ;W[ie] , ac: 56
W<< action: ;W[id] , ac: 44
W<< action: ;W[ic] , ac: 237
W<< action: ;W[ib] , ac: 213
W<< action: ;W[ia] , ac: 317
W<< = E3
W<< 
B>> play W E3
B<< = 
B<< 
B>> genmove b
B<< MCTS: 10001 simulation done, duration: 599
B<< = D2
B<< 
W>> play B D2
W<< = 
W<< 
W>> genmove w
W<< MCTS: 10001 simulation done, duration: 647
W<< action: ;W[ai] , ac: 52
W<< action: ;W[ad] , ac: 350
W<< action: ;W[ab] , ac: 334
W<< action: ;W[bd] , ac: 385
W<< action: ;W[bc] , ac: 150
W<< action: ;W[bb] , ac: 186
W<< action: ;W[ba] , ac: 422
W<< action: ;W[ci] , ac: 115
W<< action: ;W[ce] , ac: 428
W<< action: ;W[cc] , ac: 166
W<< action: ;W[cb] , ac: 336
W<< action: ;W[ca] , ac: 248
W<< action: ;W[dg] , ac: 303
W<< action: ;W[db] , ac: 203
W<< action: ;W[da] , ac: 192
W<< action: ;W[ei] , ac: 446
W<< action: ;W[eh] , ac: 92
W<< action: ;W[ec] , ac: 119
W<< action: ;W[eb] , ac: 152
W<< action: ;W[ea] , ac: 410
W<< action: ;W[fi] , ac: 433
W<< action: ;W[fh] , ac: 125
W<< action: ;W[fg] , ac: 19
W<< action: ;W[fc] , ac: 246
W<< action: ;W[fb] , ac: 268
W<< action: ;W[fa] , ac: 205
W<< action: ;W[gg] , ac: 137
W<< action: ;W[gf] , ac: 150
W<< action: ;W[ge] , ac: 71
W<< action: ;W[gd] , ac: 173
W<< action: ;W[gb] , ac: 90
W<< action: ;W[hg] , ac: 177
W<< action: ;W[hf] , ac: 150
W<< action: ;W[he] , ac: 216
W<< action: ;W[hd] , ac: 231
W<< action: ;W[hc] , ac: 69
W<< action: ;W[hb] , ac: 415
W<< action: ;W[ha] , ac: 115
W<< action: ;W[ig] , ac: 272
W<< action: ;W[ie] , ac: 63
W<< action: ;W[id] , ac: 329
W<< action: ;W[ic] , ac: 244
W<< action: ;W[ib] , ac: 501
W<< action: ;W[ia] , ac: 213
W<< = J8
W<< 
B>> play W J8
B<< = 
B<< 
B>> genmove b
B<< MCTS: 10001 simulation done, duration: 585
B<< = E1
B<< 
W>> play B E1
W<< = 
W<< 
W>> genmove w
W<< MCTS: 10001 simulation done, duration: 616
W<< action: ;W[ai] , ac: 154
W<< action: ;W[ad] , ac: 472
W<< action: ;W[ab] , ac: 43
W<< action: ;W[bd] , ac: 215
W<< action: ;W[bc] , ac: 127
W<< action: ;W[bb] , ac: 194
W<< action: ;W[ba] , ac: 235
W<< action: ;W[ci] , ac: 109
W<< action: ;W[ce] , ac: 355
W<< action: ;W[cc] , ac: 83
W<< action: ;W[cb] , ac: 71
W<< action: ;W[ca] , ac: 230
W<< action: ;W[dg] , ac: 189
W<< action: ;W[db] , ac: 260
W<< action: ;W[da] , ac: 132
W<< action: ;W[eh] , ac: 136
W<< action: ;W[ec] , ac: 237
W<< action: ;W[eb] , ac: 241
W<< action: ;W[ea] , ac: 363
W<< action: ;W[fi] , ac: 245
W<< action: ;W[fh] , ac: 143
W<< action: ;W[fg] , ac: 382
W<< action: ;W[fc] , ac: 537
W<< action: ;W[fb] , ac: 290
W<< action: ;W[fa] , ac: 207
W<< action: ;W[gg] , ac: 165
W<< action: ;W[gf] , ac: 187
W<< action: ;W[ge] , ac: 355
W<< action: ;W[gd] , ac: 204
W<< action: ;W[gb] , ac: 143
W<< action: ;W[hg] , ac: 406
W<< action: ;W[hf] , ac: 59
W<< action: ;W[he] , ac: 202
W<< action: ;W[hd] , ac: 371
W<< action: ;W[hc] , ac: 235
W<< action: ;W[hb] , ac: 298
W<< action: ;W[ha] , ac: 458
W<< action: ;W[ig] , ac: 288
W<< action: ;W[ie] , ac: 185
W<< action: ;W[id] , ac: 342
W<< action: ;W[ic] , ac: 344
W<< action: ;W[ia] , ac: 109
W<< = F7
W<< 
B>> play W F7
B<< = 
B<< 
B>> genmove b
B<< MCTS: 10001 simulation done, duration: 587
B<< = J9
B<< 
W>> play B J9
W<< = 
W<< 
W>> genmove w
W<< MCTS: 10001 simulation done, duration: 612
W<< action: ;W[ai] , ac: 185
W<< action: ;W[ad] , ac: 239
W<< action: ;W[ab] , ac: 226
W<< action: ;W[bd] , ac: 185
W<< action: ;W[bc] , ac: 162
W<< action: ;W[bb] , ac: 230
W<< action: ;W[ba] , ac: 321
W<< action: ;W[ci] , ac: 103
W<< action: ;W[ce] , ac: 110
W<< action: ;W[cc] , ac: 239
W<< action: ;W[cb] , ac: 277
W<< action: ;W[ca] , ac: 315
W<< action: ;W[dg] , ac: 443
W<< action: ;W[db] , ac: 230
W<< action: ;W[da] , ac: 250
W<< action: ;W[eh] , ac: 134
W<< action: ;W[ec] , ac: 88
W<< action: ;W[eb] , ac: 857
W<< action: ;W[ea] , ac: 308
W<< action: ;W[fi] , ac: 442
W<< action: ;W[fh] , ac: 233
W<< action: ;W[fg] , ac: 242
W<< action: ;W[fb] , ac: 299
W<< action: ;W[fa] , ac: 419
W<< action: ;W[gg] , ac: 228
W<< action: ;W[gf] , ac: 141
W<< action: ;W[ge] , ac: 185
W<< action: ;W[gd] , ac: 384
W<< action: ;W[gb] , ac: 250
W<< action: ;W[hg] , ac: 127
W<< action: ;W[hf] , ac: 146
W<< action: ;W[he] , ac: 148
W<< action: ;W[hd] , ac: 268
W<< action: ;W[hc] , ac: 295
W<< action: ;W[hb] , ac: 297
W<< action: ;W[ig] , ac: 253
W<< action: ;W[ie] , ac: 297
W<< action: ;W[id] , ac: 230
W<< action: ;W[ic] , ac: 215
W<< = E8
W<< 
B>> play W E8
B<< = 
B<< 
B>> genmove b
B<< MCTS: 10001 simulation done, duration: 602
B<< = F3
B<< 
W>> play B F3
W<< = 
W<< 
W>> genmove w
W<< MCTS: 10001 simulation done, duration: 619
W<< action: ;W[ai] , ac: 170
W<< action: ;W[ad] , ac: 245
W<< action: ;W[ab] , ac: 102
W<< action: ;W[bd] , ac: 216
W<< action: ;W[bc] , ac: 179
W<< action: ;W[bb] , ac: 473
W<< action: ;W[ba] , ac: 519
W<< action: ;W[ci] , ac: 64
W<< action: ;W[ce] , ac: 149
W<< action: ;W[cc] , ac: 262
W<< action: ;W[cb] , ac: 258
W<< action: ;W[ca] , ac: 262
W<< action: ;W[dg] , ac: 477
W<< action: ;W[db] , ac: 149
W<< action: ;W[da] , ac: 343
W<< action: ;W[eh] , ac: 156
W<< action: ;W[ec] , ac: 138
W<< action: ;W[ea] , ac: 421
W<< action: ;W[fi] , ac: 673
W<< action: ;W[fh] , ac: 254
W<< action: ;W[fb] , ac: 262
W<< action: ;W[fa] , ac: 198
W<< action: ;W[gg] , ac: 54
W<< action: ;W[gf] , ac: 242
W<< action: ;W[ge] , ac: 408
W<< action: ;W[gd] , ac: 374
W<< action: ;W[gb] , ac: 191
W<< action: ;W[hg] , ac: 365
W<< action: ;W[hf] , ac: 77
W<< action: ;W[he] , ac: 382
W<< action: ;W[hd] , ac: 163
W<< action: ;W[hc] , ac: 350
W<< action: ;W[hb] , ac: 282
W<< action: ;W[ig] , ac: 133
W<< action: ;W[ie] , ac: 188
W<< action: ;W[id] , ac: 356
W<< action: ;W[ic] , ac: 466
W<< = F1
W<< 
B>> play W F1
B<< = 
B<< 
B>> genmove b
B<< MCTS: 10001 simulation done, duration: 570
B<< = J5
B<< 
W>> play B J5
W<< = 
W<< 
W>> genmove w
W<< MCTS: 10001 simulation done, duration: 582
W<< action: ;W[ai] , ac: 164
W<< action: ;W[ad] , ac: 483
W<< action: ;W[ab] , ac: 367
W<< action: ;W[bd] , ac: 483
W<< action: ;W[bc] , ac: 118
W<< action: ;W[bb] , ac: 127
W<< action: ;W[ba] , ac: 405
W<< action: ;W[ci] , ac: 97
W<< action: ;W[ce] , ac: 256
W<< action: ;W[cc] , ac: 323
W<< action: ;W[cb] , ac: 87
W<< action: ;W[ca] , ac: 278
W<< action: ;W[dg] , ac: 899
W<< action: ;W[db] , ac: 228
W<< action: ;W[da] , ac: 372
W<< action: ;W[ec] , ac: 80
W<< action: ;W[ea] , ac: 316
W<< action: ;W[fh] , ac: 162
W<< action: ;W[fb] , ac: 153
W<< action: ;W[fa] , ac: 619
W<< action: ;W[gg] , ac: 350
W<< action: ;W[gf] , ac: 493
W<< action: ;W[ge] , ac: 175
W<< action: ;W[gd] , ac: 291
W<< action: ;W[gb] , ac: 162
W<< action: ;W[hg] , ac: 939
W<< action: ;W[hf] , ac: 99
W<< action: ;W[he] , ac: 241
W<< action: ;W[hd] , ac: 318
W<< action: ;W[hc] , ac: 301
W<< action: ;W[hb] , ac: 250
W<< action: ;W[ig] , ac: 42
W<< action: ;W[id] , ac: 173
W<< action: ;W[ic] , ac: 150
W<< = H3
W<< 
B>> play W H3
B<< = 
B<< 
B>> genmove b
B<< MCTS: 10001 simulation done, duration: 551
B<< = E9
B<< 
W>> play B E9
W<< = 
W<< 
W>> genmove w
W<< MCTS: 10001 simulation done, duration: 544
W<< action: ;W[ai] , ac: 175
W<< action: ;W[ad] , ac: 154
W<< action: ;W[ab] , ac: 29
W<< action: ;W[bd] , ac: 359
W<< action: ;W[bc] , ac: 116
W<< action: ;W[bb] , ac: 353
W<< action: ;W[ba] , ac: 332
W<< action: ;W[ci] , ac: 237
W<< action: ;W[ce] , ac: 96
W<< action: ;W[cc] , ac: 254
W<< action: ;W[cb] , ac: 710
W<< action: ;W[ca] , ac: 573
W<< action: ;W[dg] , ac: 1625
W<< action: ;W[db] , ac: 237
W<< action: ;W[da] , ac: 589
W<< action: ;W[ec] , ac: 145
W<< action: ;W[fh] , ac: 125
W<< action: ;W[fb] , ac: 434
W<< action: ;W[fa] , ac: 302
W<< action: ;W[gg] , ac: 264
W<< action: ;W[gf] , ac: 406
W<< action: ;W[ge] , ac: 48
W<< action: ;W[gd] , ac: 186
W<< action: ;W[gb] , ac: 188
W<< action: ;W[hf] , ac: 432
W<< action: ;W[he] , ac: 182
W<< action: ;W[hd] , ac: 299
W<< action: ;W[hc] , ac: 461
W<< action: ;W[hb] , ac: 357
W<< action: ;W[ig] , ac: 79
W<< action: ;W[id] , ac: 100
W<< action: ;W[ic] , ac: 154
W<< = D3
W<< 
B>> play W D3
B<< = 
B<< 
B>> genmove b
B<< MCTS: 10001 simulation done, duration: 513
B<< = H4
B<< 
W>> play B H4
W<< = 
W<< 
W>> genmove w
W<< MCTS: 10001 simulation done, duration: 511
W<< action: ;W[ai] , ac: 189
W<< action: ;W[ad] , ac: 442
W<< action: ;W[ab] , ac: 173
W<< action: ;W[bd] , ac: 381
W<< action: ;W[bc] , ac: 296
W<< action: ;W[bb] , ac: 162
W<< action: ;W[ba] , ac: 401
W<< action: ;W[ci] , ac: 45
W<< action: ;W[ce] , ac: 143
W<< action: ;W[cc] , ac: 226
W<< action: ;W[cb] , ac: 357
W<< action: ;W[ca] , ac: 224
W<< action: ;W[db] , ac: 352
W<< action: ;W[da] , ac: 730
W<< action: ;W[ec] , ac: 150
W<< action: ;W[fh] , ac: 111
W<< action: ;W[fb] , ac: 230
W<< action: ;W[fa] , ac: 322
W<< action: ;W[gg] , ac: 203
W<< action: ;W[gf] , ac: 324
W<< action: ;W[ge] , ac: 701
W<< action: ;W[gd] , ac: 137
W<< action: ;W[gb] , ac: 338
W<< action: ;W[he] , ac: 197
W<< action: ;W[hd] , ac: 785
W<< action: ;W[hc] , ac: 473
W<< action: ;W[hb] , ac: 377
W<< action: ;W[ig] , ac: 980
W<< action: ;W[id] , ac: 377
W<< action: ;W[ic] , ac: 175
W<< = J3
W<< 
B>> play W J3
B<< = 
B<< 
B>> genmove b
B<< MCTS: 10001 simulation done, duration: 490
B<< = H7
B<< 
W>> play B H7
W<< = 
W<< 
W>> genmove w
W<< MCTS: 10001 simulation done, duration: 473
W<< action: ;W[ai] , ac: 281
W<< action: ;W[ad] , ac: 1074
W<< action: ;W[ab] , ac: 275
W<< action: ;W[bd] , ac: 267
W<< action: ;W[bc] , ac: 174
W<< action: ;W[bb] , ac: 514
W<< action: ;W[ba] , ac: 323
W<< action: ;W[ci] , ac: 91
W<< action: ;W[ce] , ac: 201
W<< action: ;W[cc] , ac: 225
W<< action: ;W[cb] , ac: 949
W<< action: ;W[ca] , ac: 188
W<< action: ;W[db] , ac: 134
W<< action: ;W[da] , ac: 462
W<< action: ;W[ec] , ac: 87
W<< action: ;W[fh] , ac: 128
W<< action: ;W[fb] , ac: 448
W<< action: ;W[fa] , ac: 702
W<< action: ;W[gg] , ac: 111
W<< action: ;W[gf] , ac: 273
W<< action: ;W[ge] , ac: 321
W<< action: ;W[gd] , ac: 107
W<< action: ;W[gb] , ac: 178
W<< action: ;W[he] , ac: 243
W<< action: ;W[hd] , ac: 339
W<< action: ;W[hb] , ac: 625
W<< action: ;W[id] , ac: 844
W<< action: ;W[ic] , ac: 437
W<< = A6
W<< 
B>> play W A6
B<< = 
B<< 
B>> genmove b
B<< MCTS: 10001 simulation done, duration: 444
B<< = F8
B<< 
W>> play B F8
W<< = 
W<< 
W>> genmove w
W<< MCTS: 10001 simulation done, duration: 428
W<< action: ;W[ai] , ac: 184
W<< action: ;W[ab] , ac: 244
W<< action: ;W[bd] , ac: 228
W<< action: ;W[bc] , ac: 629
W<< action: ;W[bb] , ac: 498
W<< action: ;W[ba] , ac: 289
W<< action: ;W[ci] , ac: 204
W<< action: ;W[ce] , ac: 252
W<< action: ;W[cc] , ac: 188
W<< action: ;W[cb] , ac: 299
W<< action: ;W[ca] , ac: 435
W<< action: ;W[db] , ac: 369
W<< action: ;W[da] , ac: 1500
W<< action: ;W[ec] , ac: 75
W<< action: ;W[fh] , ac: 105
W<< action: ;W[gg] , ac: 124
W<< action: ;W[gf] , ac: 149
W<< action: ;W[ge] , ac: 934
W<< action: ;W[gd] , ac: 653
W<< action: ;W[gb] , ac: 713
W<< action: ;W[he] , ac: 224
W<< action: ;W[hd] , ac: 250
W<< action: ;W[hb] , ac: 408
W<< action: ;W[id] , ac: 730
W<< action: ;W[ic] , ac: 317
W<< = D9
W<< 
B>> play W D9
B<< = 
B<< 
B>> genmove b
B<< MCTS: 10001 simulation done, duration: 416
B<< = G6
B<< 
W>> play B G6
W<< = 
W<< 
W>> genmove w
W<< MCTS: 10001 simulation done, duration: 387
W<< action: ;W[ai] , ac: 110
W<< action: ;W[ab] , ac: 340
W<< action: ;W[bd] , ac: 83
W<< action: ;W[bc] , ac: 218
W<< action: ;W[bb] , ac: 494
W<< action: ;W[ba] , ac: 473
W<< action: ;W[ci] , ac: 98
W<< action: ;W[ce] , ac: 92
W<< action: ;W[cc] , ac: 165
W<< action: ;W[cb] , ac: 4098
W<< action: ;W[ca] , ac: 159
W<< action: ;W[db] , ac: 259
W<< action: ;W[ec] , ac: 87
W<< action: ;W[fh] , ac: 112
W<< action: ;W[gg] , ac: 64
W<< action: ;W[gf] , ac: 112
W<< action: ;W[ge] , ac: 125
W<< action: ;W[gb] , ac: 636
W<< action: ;W[he] , ac: 208
W<< action: ;W[hd] , ac: 206
W<< action: ;W[hb] , ac: 830
W<< action: ;W[id] , ac: 709
W<< action: ;W[ic] , ac: 323
W<< = C8
W<< 
B>> play W C8
B<< = 
B<< 
B>> genmove b
B<< MCTS: 10001 simulation done, duration: 378
B<< = C9
B<< 
W>> play B C9
W<< = 
W<< 
W>> genmove w
W<< MCTS: 10001 simulation done, duration: 362
W<< action: ;W[ai] , ac: 180
W<< action: ;W[ab] , ac: 327
W<< action: ;W[bd] , ac: 201
W<< action: ;W[bc] , ac: 1086
W<< action: ;W[bb] , ac: 1359
W<< action: ;W[ci] , ac: 63
W<< action: ;W[ce] , ac: 314
W<< action: ;W[cc] , ac: 425
W<< action: ;W[db] , ac: 39
W<< action: ;W[ec] , ac: 147
W<< action: ;W[fh] , ac: 242
W<< action: ;W[gg] , ac: 110
W<< action: ;W[gf] , ac: 458
W<< action: ;W[ge] , ac: 1233
W<< action: ;W[gb] , ac: 866
W<< action: ;W[he] , ac: 174
W<< action: ;W[hd] , ac: 411
W<< action: ;W[hb] , ac: 740
W<< action: ;W[id] , ac: 915
W<< action: ;W[ic] , ac: 711
W<< = B8
W<< 
B>> play W B8
B<< = 
B<< 
B>> genmove b
B<< MCTS: 10001 simulation done, duration: 367
B<< = B6
B<< 
W>> play B B6
W<< = 
W<< 
W>> genmove w
W<< MCTS: 10001 simulation done, duration: 338
W<< action: ;W[ai] , ac: 146
W<< action: ;W[ab] , ac: 476
W<< action: ;W[bc] , ac: 375
W<< action: ;W[ci] , ac: 96
W<< action: ;W[cc] , ac: 1043
W<< action: ;W[db] , ac: 69
W<< action: ;W[ec] , ac: 49
W<< action: ;W[fh] , ac: 204
W<< action: ;W[gg] , ac: 155
W<< action: ;W[gf] , ac: 464
W<< action: ;W[ge] , ac: 1018
W<< action: ;W[gb] , ac: 1690
W<< action: ;W[he] , ac: 121
W<< action: ;W[hd] , ac: 141
W<< action: ;W[hb] , ac: 965
W<< action: ;W[id] , ac: 2578
W<< action: ;W[ic] , ac: 411
W<< = J6
W<< 
B>> play W J6
B<< = 
B<< 
B>> genmove b
B<< MCTS: 10001 simulation done, duration: 326
B<< = B7
B<< 
W>> play B B7
W<< = 
W<< 
W>> genmove w
W<< MCTS: 10001 simulation done, duration: 294
W<< action: ;W[ai] , ac: 105
W<< action: ;W[ab] , ac: 664
W<< action: ;W[ci] , ac: 66
W<< action: ;W[cc] , ac: 173
W<< action: ;W[db] , ac: 122
W<< action: ;W[ec] , ac: 37
W<< action: ;W[fh] , ac: 89
W<< action: ;W[gg] , ac: 85
W<< action: ;W[gf] , ac: 319
W<< action: ;W[ge] , ac: 5896
W<< action: ;W[gb] , ac: 1281
W<< action: ;W[hd] , ac: 21
W<< action: ;W[hb] , ac: 813
W<< action: ;W[ic] , ac: 330
W<< = G5
W<< 
B>> play W G5
B<< = 
B<< 
B>> genmove b
B<< MCTS: 10001 simulation done, duration: 287
B<< = H8
B<< 
W>> play B H8
W<< = 
W<< 
W>> genmove w
W<< MCTS: 10001 simulation done, duration: 263
W<< action: ;W[ai] , ac: 63
W<< action: ;W[ab] , ac: 107
W<< action: ;W[ci] , ac: 16
W<< action: ;W[cc] , ac: 92
W<< action: ;W[db] , ac: 26
W<< action: ;W[ec] , ac: 48
W<< action: ;W[fh] , ac: 26
W<< action: ;W[gg] , ac: 26
W<< action: ;W[gf] , ac: 9307
W<< action: ;W[gb] , ac: 140
W<< action: ;W[ic] , ac: 150
W<< = G4
W<< 
B>> play W G4
B<< = 
B<< 
B>> genmove b
B<< MCTS: 10001 simulation done, duration: 268
B<< = G8
B<< 
W>> play B G8
W<< = 
W<< 
W>> genmove w
W<< MCTS: 10001 simulation done, duration: 219
W<< action: ;W[ai] , ac: 5
W<< action: ;W[ab] , ac: 131
W<< action: ;W[ci] , ac: 16
W<< action: ;W[cc] , ac: 9712
W<< action: ;W[db] , ac: 7
W<< action: ;W[ec] , ac: 32
W<< action: ;W[fh] , ac: 20
W<< action: ;W[gg] , ac: 32
W<< action: ;W[ic] , ac: 46
W<< = C7
W<< 
B>> play W C7
B<< = 
B<< 
B>> genmove b
B<< MCTS: 10001 simulation done, duration: 219
B<< = H5
B<< 
W>> play B H5
W<< = 
W<< 
W>> genmove w
W<< MCTS: 10001 simulation done, duration: 171
W<< action: ;W[ai] , ac: 117
W<< action: ;W[ab] , ac: 4621
W<< action: ;W[ci] , ac: 154
W<< action: ;W[db] , ac: 87
W<< action: ;W[ec] , ac: 104
W<< action: ;W[fh] , ac: 139
W<< action: ;W[gg] , ac: 157
W<< action: ;W[ic] , ac: 4622
W<< = J7
W<< 
B>> play W J7
B<< = 
B<< 
B>> genmove b
B<< MCTS: 10001 simulation done, duration: 153
B<< = F9
B<< 
W>> play B F9
W<< = 
W<< 
W>> genmove w
W<< MCTS: 10001 simulation done, duration: 96
W<< action: ;W[ai] , ac: 1429
W<< action: ;W[ab] , ac: 1429
W<< action: ;W[ci] , ac: 1429
W<< action: ;W[db] , ac: 1428
W<< action: ;W[ec] , ac: 1429
W<< action: ;W[fh] , ac: 1428
W<< action: ;W[gg] , ac: 1429
W<< = A1
W<< 
B>> play W A1
B<< = 
B<< 
B>> genmove b
B<< MCTS: 10001 simulation done, duration: 76
B<< = H9
B<< 
W>> play B H9
W<< = 
W<< 
W>> genmove w
W<< MCTS: 10001 simulation done, duration: 57
W<< action: ;W[ab] , ac: 2000
W<< action: ;W[db] , ac: 2000
W<< action: ;W[ec] , ac: 2001
W<< action: ;W[fh] , ac: 2000
W<< action: ;W[gg] , ac: 2000
W<< = E7
W<< 
B>> play W E7
B<< = 
B<< 
B>> genmove b
B<< MCTS: 10001 simulation done, duration: 57
B<< = A4
B<< 
W>> play B A4
W<< = 
W<< 
W>> genmove w
W<< MCTS: 10001 simulation done, duration: 58
W<< action: ;W[ab] , ac: 2500
W<< action: ;W[db] , ac: 2501
W<< action: ;W[fh] , ac: 2500
W<< action: ;W[gg] , ac: 2500
W<< = D8
W<< 
B>> play W D8
B<< = 
B<< 
B>> genmove b
B<< MCTS: 10001 simulation done, duration: 63
B<< = B9
B<< 
W>> play B B9
W<< = 
W<< 
W>> genmove w
W<< MCTS: 10001 simulation done, duration: 53
W<< action: ;W[fh] , ac: 5001
W<< action: ;W[gg] , ac: 5000
W<< = F2
W<< 
B>> play W F2
B<< = 
B<< 
B>> genmove b
B<< MCTS: 10001 simulation done, duration: 59
B<< = resign
B<< 
============================================
Game 1
============================================
B>> boardsize 9
B<< = 
B<< 
B>> clear_board
B<< = 
B<< 
W>> boardsize 9
W<< = 
W<< 
W>> clear_board
W<< = 
W<< 
B>> genmove b
B<< MCTS: 10001 simulation done, duration: 706
B<< = J4
B<< 
W>> play B J4
W<< = 
W<< 
W>> genmove w
W<< MCTS: 10001 simulation done, duration: 853
W<< action: ;W[ai] , ac: 168
W<< action: ;W[ah] , ac: 70
W<< action: ;W[ag] , ac: 115
W<< action: ;W[af] , ac: 81
W<< action: ;W[ae] , ac: 137
W<< action: ;W[ad] , ac: 81
W<< action: ;W[ac] , ac: 132
W<< action: ;W[ab] , ac: 25
W<< action: ;W[aa] , ac: 137
W<< action: ;W[bi] , ac: 226
W<< action: ;W[bh] , ac: 180
W<< action: ;W[bg] , ac: 49
W<< action: ;W[bf] , ac: 30
W<< action: ;W[be] , ac: 183
W<< action: ;W[bd] , ac: 111
W<< action: ;W[bc] , ac: 72
W<< action: ;W[bb] , ac: 86
W<< action: ;W[ba] , ac: 111
W<< action: ;W[ci] , ac: 95
W<< action: ;W[ch] , ac: 200
W<< action: ;W[cg] , ac: 127
W<< action: ;W[cf] , ac: 147
W<< action: ;W[ce] , ac: 201
W<< action: ;W[cd] , ac: 210
W<< action: ;W[cc] , ac: 106
W<< action: ;W[cb] , ac: 95
W<< action: ;W[ca] , ac: 139
W<< action: ;W[di] , ac: 92
W<< action: ;W[dh] , ac: 57
W<< action: ;W[dg] , ac: 139
W<< action: ;W[dc] , ac: 236
W<< action: ;W[db] , ac: 77
W<< action: ;W[da] , ac: 125
W<< action: ;W[ei] , ac: 97
W<< action: ;W[eh] , ac: 120
W<< action: ;W[eg] , ac: 246
W<< action: ;W[ec] , ac: 90
W<< action: ;W[eb] , ac: 185
W<< action: ;W[ea] , ac: 147
W<< action: ;W[fi] , ac: 299
W<< action: ;W[fh] , ac: 61
W<< action: ;W[fg] , ac: 216
W<< action: ;W[fc] , ac: 70
W<< action: ;W[fb] , ac: 97
W<< action: ;W[fa] , ac: 81
W<< action: ;W[gi] , ac: 245
W<< action: ;W[gh] , ac: 42
W<< action: ;W[gg] , ac: 142
W<< action: ;W[gf] , ac: 32
W<< action: ;W[ge] , ac: 286
W<< action: ;W[gd] , ac: 149
W<< action: ;W[gc] , ac: 289
W<< action: ;W[gb] , ac: 36
W<< action: ;W[ga] , ac: 106
W<< action: ;W[hi] , ac: 256
W<< action: ;W[hh] , ac: 63
W<< action: ;W[hg] , ac: 337
W<< action: ;W[hf] , ac: 72
W<< action: ;W[he] , ac: 70
W<< action: ;W[hd] , ac: 113
W<< action: ;W[hc] , ac: 231
W<< action: ;W[hb] , ac: 191
W<< action: ;W[ha] , ac: 151
W<< action: ;W[ii] , ac: 201
W<< action: ;W[ih] , ac: 74
W<< action: ;W[ig] , ac: 101
W<< action: ;W[ie] , ac: 289
W<< action: ;W[id] , ac: 118
W<< action: ;W[ic] , ac: 83
W<< action: ;W[ib] , ac: 266
W<< action: ;W[ia] , ac: 309
W<< = H3
W<< 
B>> play W H3
B<< = 
B<< 
B>> genmove b
B<< MCTS: 10001 simulation done, duration: 699
B<< = D1
B<< 
W>> play B D1
W<< = 
W<< 
W>> genmove w
W<< MCTS: 10001 simulation done, duration: 838
W<< action: ;W[ai] , ac: 105
W<< action: ;W[ah] , ac: 145
W<< action: ;W[ag] , ac: 200
W<< action: ;W[af] , ac: 140
W<< action: ;W[ae] , ac: 251
W<< action: ;W[ad] , ac: 119
W<< action: ;W[ac] , ac: 164
W<< action: ;W[ab] , ac: 157
W<< action: ;W[aa] , ac: 234
W<< action: ;W[bi] , ac: 103
W<< action: ;W[bh] , ac: 202
W<< action: ;W[bg] , ac: 108
W<< action: ;W[bf] , ac: 176
W<< action: ;W[be] , ac: 56
W<< action: ;W[bd] , ac: 140
W<< action: ;W[bc] , ac: 121
W<< action: ;W[bb] , ac: 195
W<< action: ;W[ba] , ac: 53
W<< action: ;W[ci] , ac: 249
W<< action: ;W[ch] , ac: 117
W<< action: ;W[cg] , ac: 124
W<< action: ;W[cf] , ac: 126
W<< action: ;W[ce] , ac: 129
W<< action: ;W[cd] , ac: 239
W<< action: ;W[cc] , ac: 101
W<< action: ;W[cb] , ac: 110
W<< action: ;W[ca] , ac: 34
W<< action: ;W[dh] , ac: 126
W<< action: ;W[dg] , ac: 187
W<< action: ;W[dc] , ac: 143
W<< action: ;W[db] , ac: 188
W<< action: ;W[da] , ac: 181
W<< action: ;W[ei] , ac: 200
W<< action: ;W[eh] , ac: 90
W<< action: ;W[eg] , ac: 231
W<< action: ;W[ec] , ac: 173
W<< action: ;W[eb] , ac: 119
W<< action: ;W[ea] , ac: 28
W<< action: ;W[fi] , ac: 115
W<< action: ;W[fh] , ac: 90
W<< action: ;W[fg] , ac: 72
W<< action: ;W[fc] , ac: 98
W<< action: ;W[fb] , ac: 224
W<< action: ;W[fa] , ac: 285
W<< action: ;W[gi] , ac: 159
W<< action: ;W[gh] , ac: 140
W<< action: ;W[gg] , ac: 192
W<< action: ;W[gf] , ac: 171
W<< action: ;W[ge] , ac: 275
W<< action: ;W[gd] , ac: 276
W<< action: ;W[gc] , ac: 122
W<< action: ;W[gb] , ac: 79
W<< action: ;W[ga] , ac: 92
W<< action: ;W[hi] , ac: 60
W<< action: ;W[hh] , ac: 75
W<< action: ;W[hf] , ac: 119
W<< action: ;W[he] , ac: 138
W<< action: ;W[hd] , ac: 95
W<< action: ;W[hc] , ac: 53
W<< action: ;W[hb] , ac: 176
W<< action: ;W[ha] , ac: 92
W<< action: ;W[ii] , ac: 171
W<< action: ;W[ih] , ac: 124
W<< action: ;W[ig] , ac: 113
W<< action: ;W[ie] , ac: 119
W<< action: ;W[id] , ac: 244
W<< action: ;W[ic] , ac: 154
W<< action: ;W[ib] , ac: 193
W<< action: ;W[ia] , ac: 121
W<< = F9
W<< 
B>> play W F9
B<< = 
B<< 
B>> genmove b
B<< MCTS: 10001 simulation done, duration: 715
B<< = B2
B<< 
W>> play B B2
W<< = 
W<< 
W>> genmove w
W<< MCTS: 10001 simulation done, duration: 834
W<< action: ;W[ai] , ac: 196
W<< action: ;W[ah] , ac: 110
W<< action: ;W[ag] , ac: 126
W<< action: ;W[af] , ac: 358
W<< action: ;W[ae] , ac: 140
W<< action: ;W[ad] , ac: 149
W<< action: ;W[ac] , ac: 96
W<< action: ;W[ab] , ac: 214
W<< action: ;W[aa] , ac: 209
W<< action: ;W[bi] , ac: 156
W<< action: ;W[bg] , ac: 68
W<< action: ;W[bf] , ac: 105
W<< action: ;W[be] , ac: 206
W<< action: ;W[bd] , ac: 151
W<< action: ;W[bc] , ac: 110
W<< action: ;W[bb] , ac: 60
W<< action: ;W[ba] , ac: 277
W<< action: ;W[ci] , ac: 133
W<< action: ;W[ch] , ac: 81
W<< action: ;W[cg] , ac: 66
W<< action: ;W[cf] , ac: 194
W<< action: ;W[ce] , ac: 88
W<< action: ;W[cd] , ac: 223
W<< action: ;W[cc] , ac: 194
W<< action: ;W[cb] , ac: 41
W<< action: ;W[ca] , ac: 66
W<< action: ;W[dh] , ac: 70
W<< action: ;W[dg] , ac: 108
W<< action: ;W[dc] , ac: 248
W<< action: ;W[db] , ac: 258
W<< action: ;W[da] , ac: 192
W<< action: ;W[ei] , ac: 235
W<< action: ;W[eh] , ac: 225
W<< action: ;W[eg] , ac: 126
W<< action: ;W[ec] , ac: 117
W<< action: ;W[eb] , ac: 226
W<< action: ;W[ea] , ac: 74
W<< action: ;W[fi] , ac: 248
W<< action: ;W[fh] , ac: 45
W<< action: ;W[fg] , ac: 108
W<< action: ;W[fc] , ac: 64
W<< action: ;W[fb] , ac: 189
W<< action: ;W[gi] , ac: 201
W<< action: ;W[gh] , ac: 247
W<< action: ;W[gg] , ac: 121
W<< action: ;W[gf] , ac: 197
W<< action: ;W[ge] , ac: 231
W<< action: ;W[gd] , ac: 166
W<< action: ;W[gc] , ac: 114
W<< action: ;W[gb] , ac: 185
W<< action: ;W[ga] , ac: 70
W<< action: ;W[hi] , ac: 21
W<< action: ;W[hh] , ac: 163
W<< action: ;W[hf] , ac: 105
W<< action: ;W[he] , ac: 68
W<< action: ;W[hd] , ac: 138
W<< action: ;W[hc] , ac: 138
W<< action: ;W[hb] , ac: 124
W<< action: ;W[ha] , ac: 295
W<< action: ;W[ii] , ac: 180
W<< action: ;W[ih] , ac: 99
W<< action: ;W[ig] , ac: 140
W<< action: ;W[ie] , ac: 140
W<< action: ;W[id] , ac: 64
W<< action: ;W[ic] , ac: 126
W<< action: ;W[ib] , ac: 159
W<< action: ;W[ia] , ac: 159
W<< = A4
W<< 
B>> play W A4
B<< = 
B<< 
B>> genmove b
B<< MCTS: 10001 simulation done, duration: 691
B<< = D9
B<< 
W>> play B D9
W<< = 
W<< 
W>> genmove w
W<< MCTS: 10001 simulation done, duration: 807
W<< action: ;W[ai] , ac: 96
W<< action: ;W[ah] , ac: 150
W<< action: ;W[ag] , ac: 274
W<< action: ;W[ae] , ac: 103
W<< action: ;W[ad] , ac: 137
W<< action: ;W[ac] , ac: 92
W<< action: ;W[ab] , ac: 279
W<< action: ;W[aa] , ac: 103
W<< action: ;W[bi] , ac: 341
W<< action: ;W[bg] , ac: 70
W<< action: ;W[bf] , ac: 172
W<< action: ;W[be] , ac: 61
W<< action: ;W[bd] , ac: 135
W<< action: ;W[bc] , ac: 176
W<< action: ;W[bb] , ac: 81
W<< action: ;W[ba] , ac: 130
W<< action: ;W[ci] , ac: 105
W<< action: ;W[ch] , ac: 225
W<< action: ;W[cg] , ac: 227
W<< action: ;W[cf] , ac: 85
W<< action: ;W[ce] , ac: 107
W<< action: ;W[cd] , ac: 290
W<< action: ;W[cc] , ac: 170
W<< action: ;W[cb] , ac: 132
W<< action: ;W[ca] , ac: 213
W<< action: ;W[dh] , ac: 176
W<< action: ;W[dg] , ac: 205
W<< action: ;W[dc] , ac: 153
W<< action: ;W[db] , ac: 63
W<< action: ;W[ei] , ac: 61
W<< action: ;W[eh] , ac: 119
W<< action: ;W[eg] , ac: 196
W<< action: ;W[ec] , ac: 170
W<< action: ;W[eb] , ac: 165
W<< action: ;W[ea] , ac: 55
W<< action: ;W[fi] , ac: 165
W<< action: ;W[fh] , ac: 146
W<< action: ;W[fg] , ac: 184
W<< action: ;W[fc] , ac: 184
W<< action: ;W[fb] , ac: 128
W<< action: ;W[gi] , ac: 165
W<< action: ;W[gh] , ac: 137
W<< action: ;W[gg] , ac: 288
W<< action: ;W[gf] , ac: 100
W<< action: ;W[ge] , ac: 39
W<< action: ;W[gd] , ac: 283
W<< action: ;W[gc] , ac: 151
W<< action: ;W[gb] , ac: 220
W<< action: ;W[ga] , ac: 165
W<< action: ;W[hi] , ac: 225
W<< action: ;W[hh] , ac: 119
W<< action: ;W[hf] , ac: 135
W<< action: ;W[he] , ac: 83
W<< action: ;W[hd] , ac: 130
W<< action: ;W[hc] , ac: 146
W<< action: ;W[hb] , ac: 103
W<< action: ;W[ha] , ac: 183
W<< action: ;W[ii] , ac: 92
W<< action: ;W[ih] , ac: 177
W<< action: ;W[ig] , ac: 251
W<< action: ;W[ie] , ac: 111
W<< action: ;W[id] , ac: 155
W<< action: ;W[ic] , ac: 119
W<< action: ;W[ib] , ac: 236
W<< action: ;W[ia] , ac: 64
W<< = B1
W<< 
B>> play W B1
B<< = 
B<< 
B>> genmove b
B<< MCTS: 10001 simulation done, duration: 690
B<< = J6
B<< 
W>> play B J6
W<< = 
W<< 
W>> genmove w
W<< MCTS: 10001 simulation done, duration: 795
W<< action: ;W[ai] , ac: 229
W<< action: ;W[ah] , ac: 171
W<< action: ;W[ag] , ac: 232
W<< action: ;W[ae] , ac: 153
W<< action: ;W[ad] , ac: 200
W<< action: ;W[ac] , ac: 236
W<< action: ;W[ab] , ac: 222
W<< action: ;W[aa] , ac: 112
W<< action: ;W[bg] , ac: 183
W<< action: ;W[bf] , ac: 26
W<< action: ;W[be] , ac: 125
W<< action: ;W[bd] , ac: 61
W<< action: ;W[bc] , ac: 81
W<< action: ;W[bb] , ac: 179
W<< action: ;W[ba] , ac: 174
W<< action: ;W[ci] , ac: 128
W<< action: ;W[ch] , ac: 193
W<< action: ;W[cg] , ac: 208
W<< action: ;W[cf] , ac: 116
W<< action: ;W[ce] , ac: 176
W<< action: ;W[cd] , ac: 68
W<< action: ;W[cc] , ac: 70
W<< action: ;W[cb] , ac: 172
W<< action: ;W[ca] , ac: 179
W<< action: ;W[dh] , ac: 171
W<< action: ;W[dg] , ac: 65
W<< action: ;W[dc] , ac: 55
W<< action: ;W[db] , ac: 214
W<< action: ;W[ei] , ac: 157
W<< action: ;W[eh] , ac: 132
W<< action: ;W[eg] , ac: 318
W<< action: ;W[ec] , ac: 298
W<< action: ;W[eb] , ac: 190
W<< action: ;W[ea] , ac: 109
W<< action: ;W[fi] , ac: 78
W<< action: ;W[fh] , ac: 68
W<< action: ;W[fg] , ac: 285
W<< action: ;W[fc] , ac: 177
W<< action: ;W[fb] , ac: 268
W<< action: ;W[gi] , ac: 81
W<< action: ;W[gh] , ac: 93
W<< action: ;W[gg] , ac: 158
W<< action: ;W[gf] , ac: 191
W<< action: ;W[ge] , ac: 179
W<< action: ;W[gd] , ac: 273
W<< action: ;W[gc] , ac: 103
W<< action: ;W[gb] , ac: 258
W<< action: ;W[ga] , ac: 280
W<< action: ;W[hi] , ac: 114
W<< action: ;W[hh] , ac: 121
W<< action: ;W[hf] , ac: 53
W<< action: ;W[he] , ac: 234
W<< action: ;W[hd] , ac: 53
W<< action: ;W[hc] , ac: 112
W<< action: ;W[hb] , ac: 103
W<< action: ;W[ha] , ac: 111
W<< action: ;W[ii] , ac: 259
W<< action: ;W[ih] , ac: 214
W<< action: ;W[ig] , ac: 158
W<< action: ;W[ie] , ac: 174
W<< action: ;W[ic] , ac: 51
W<< action: ;W[ib] , ac: 215
W<< action: ;W[ia] , ac: 134
W<< = E3
W<< 
B>> play W E3
B<< = 
B<< 
B>> genmove b
B<< MCTS: 10001 simulation done, duration: 688
B<< = B9
B<< 
W>> play B B9
W<< = 
W<< 
W>> genmove w
W<< MCTS: 10001 simulation done, duration: 795
W<< action: ;W[ai] , ac: 166
W<< action: ;W[ah] , ac: 171
W<< action: ;W[ag] , ac: 168
W<< action: ;W[ae] , ac: 184
W<< action: ;W[ad] , ac: 126
W<< action: ;W[ac] , ac: 342
W<< action: ;W[ab] , ac: 319
W<< action: ;W[aa] , ac: 262
W<< action: ;W[bg] , ac: 115
W<< action: ;W[bf] , ac: 107
W<< action: ;W[be] , ac: 149
W<< action: ;W[bd] , ac: 184
W<< action: ;W[bc] , ac: 92
W<< action: ;W[bb] , ac: 218
W<< action: ;W[ci] , ac: 137
W<< action: ;W[ch] , ac: 138
W<< action: ;W[cg] , ac: 159
W<< action: ;W[cf] , ac: 180
W<< action: ;W[ce] , ac: 96
W<< action: ;W[cd] , ac: 304
W<< action: ;W[cc] , ac: 324
W<< action: ;W[cb] , ac: 223
W<< action: ;W[ca] , ac: 101
W<< action: ;W[dh] , ac: 184
W<< action: ;W[dg] , ac: 238
W<< action: ;W[dc] , ac: 64
W<< action: ;W[db] , ac: 92
W<< action: ;W[ei] , ac: 112
W<< action: ;W[eh] , ac: 92
W<< action: ;W[ec] , ac: 147
W<< action: ;W[eb] , ac: 206
W<< action: ;W[ea] , ac: 107
W<< action: ;W[fi] , ac: 165
W<< action: ;W[fh] , ac: 273
W<< action: ;W[fg] , ac: 101
W<< action: ;W[fc] , ac: 128
W<< action: ;W[fb] , ac: 236
W<< action: ;W[gi] , ac: 206
W<< action: ;W[gh] , ac: 77
W<< action: ;W[gg] , ac: 138
W<< action: ;W[gf] , ac: 171
W<< action: ;W[ge] , ac: 21
W<< action: ;W[gd] , ac: 114
W<< action: ;W[gc] , ac: 178
W<< action: ;W[gb] , ac: 62
W<< action: ;W[ga] , ac: 163
W<< action: ;W[hi] , ac: 211
W<< action: ;W[hh] , ac: 94
W<< action: ;W[hf] , ac: 117
W<< action: ;W[he] , ac: 250
W<< action: ;W[hd] , ac: 300
W<< action: ;W[hc] , ac: 103
W<< action: ;W[hb] , ac: 126
W<< action: ;W[ha] , ac: 94
W<< action: ;W[ii] , ac: 133
W<< action: ;W[ih] , ac: 178
W<< action: ;W[ig] , ac: 97
W<< action: ;W[ie] , ac: 115
W<< action: ;W[ic] , ac: 115
W<< action: ;W[ib] , ac: 248
W<< action: ;W[ia] , ac: 280
W<< = A7
W<< 
B>> play W A7
B<< = 
B<< 
B>> genmove b
B<< MCTS: 10001 simulation done, duration: 676
B<< = A5
B<< 
W>> play B A5
W<< = 
W<< 
W>> genmove w
W<< MCTS: 10001 simulation done, duration: 758
W<< action: ;W[ai] , ac: 255
W<< action: ;W[ah] , ac: 236
W<< action: ;W[ag] , ac: 158
W<< action: ;W[ad] , ac: 189
W<< action: ;W[ab] , ac: 138
W<< action: ;W[aa] , ac: 383
W<< action: ;W[bg] , ac: 200
W<< action: ;W[bf] , ac: 59
W<< action: ;W[be] , ac: 277
W<< action: ;W[bd] , ac: 324
W<< action: ;W[bc] , ac: 194
W<< action: ;W[bb] , ac: 341
W<< action: ;W[ci] , ac: 168
W<< action: ;W[ch] , ac: 106
W<< action: ;W[cg] , ac: 140
W<< action: ;W[cf] , ac: 282
W<< action: ;W[ce] , ac: 208
W<< action: ;W[cd] , ac: 253
W<< action: ;W[cc] , ac: 86
W<< action: ;W[cb] , ac: 217
W<< action: ;W[ca] , ac: 194
W<< action: ;W[dh] , ac: 236
W<< action: ;W[dg] , ac: 61
W<< action: ;W[dc] , ac: 177
W<< action: ;W[db] , ac: 104
W<< action: ;W[ei] , ac: 198
W<< action: ;W[eh] , ac: 106
W<< action: ;W[ec] , ac: 124
W<< action: ;W[eb] , ac: 154
W<< action: ;W[ea] , ac: 232
W<< action: ;W[fi] , ac: 129
W<< action: ;W[fh] , ac: 112
W<< action: ;W[fg] , ac: 217
W<< action: ;W[fc] , ac: 138
W<< action: ;W[fb] , ac: 200
W<< action: ;W[gi] , ac: 43
W<< action: ;W[gh] , ac: 106
W<< action: ;W[gg] , ac: 88
W<< action: ;W[gf] , ac: 234
W<< action: ;W[ge] , ac: 86
W<< action: ;W[gd] , ac: 90
W<< action: ;W[gc] , ac: 91
W<< action: ;W[gb] , ac: 24
W<< action: ;W[ga] , ac: 80
W<< action: ;W[hi] , ac: 278
W<< action: ;W[hh] , ac: 184
W<< action: ;W[hf] , ac: 227
W<< action: ;W[he] , ac: 113
W<< action: ;W[hd] , ac: 177
W<< action: ;W[hc] , ac: 93
W<< action: ;W[hb] , ac: 158
W<< action: ;W[ha] , ac: 140
W<< action: ;W[ii] , ac: 129
W<< action: ;W[ih] , ac: 91
W<< action: ;W[ig] , ac: 104
W<< action: ;W[ie] , ac: 158
W<< action: ;W[ic] , ac: 260
W<< action: ;W[ib] , ac: 119
W<< action: ;W[ia] , ac: 332
W<< = A9
W<< 
B>> play W A9
B<< = 
B<< 
B>> genmove b
B<< MCTS: 10001 simulation done, duration: 682
B<< = G1
B<< 
W>> play B G1
W<< = 
W<< 
W>> genmove w
W<< MCTS: 10001 simulation done, duration: 754
W<< action: ;W[ai] , ac: 63
W<< action: ;W[ah] , ac: 120
W<< action: ;W[ag] , ac: 189
W<< action: ;W[ad] , ac: 239
W<< action: ;W[ab] , ac: 63
W<< action: ;W[bg] , ac: 93
W<< action: ;W[bf] , ac: 122
W<< action: ;W[be] , ac: 53
W<< action: ;W[bd] , ac: 206
W<< action: ;W[bc] , ac: 82
W<< action: ;W[bb] , ac: 47
W<< action: ;W[ci] , ac: 192
W<< action: ;W[ch] , ac: 106
W<< action: ;W[cg] , ac: 87
W<< action: ;W[cf] , ac: 262
W<< action: ;W[ce] , ac: 266
W<< action: ;W[cd] , ac: 190
W<< action: ;W[cc] , ac: 69
W<< action: ;W[cb] , ac: 120
W<< action: ;W[ca] , ac: 87
W<< action: ;W[dh] , ac: 150
W<< action: ;W[dg] , ac: 305
W<< action: ;W[dc] , ac: 346
W<< action: ;W[db] , ac: 173
W<< action: ;W[ei] , ac: 109
W<< action: ;W[eh] , ac: 133
W<< action: ;W[ec] , ac: 190
W<< action: ;W[eb] , ac: 197
W<< action: ;W[ea] , ac: 131
W<< action: ;W[fi] , ac: 84
W<< action: ;W[fh] , ac: 310
W<< action: ;W[fg] , ac: 185
W<< action: ;W[fc] , ac: 225
W<< action: ;W[fb] , ac: 209
W<< action: ;W[gh] , ac: 41
W<< action: ;W[gg] , ac: 230
W<< action: ;W[gf] , ac: 109
W<< action: ;W[ge] , ac: 358
W<< action: ;W[gd] , ac: 257
W<< action: ;W[gc] , ac: 59
W<< action: ;W[gb] , ac: 140
W<< action: ;W[ga] , ac: 281
W<< action: ;W[hi] , ac: 239
W<< action: ;W[hh] , ac: 117
W<< action: ;W[hf] , ac: 316
W<< action: ;W[he] , ac: 178
W<< action: ;W[hd] , ac: 84
W<< action: ;W[hc] , ac: 189
W<< action: ;W[hb] , ac: 82
W<< action: ;W[ha] , ac: 401
W<< action: ;W[ii] , ac: 211
W<< action: ;W[ih] , ac: 227
W<< action: ;W[ig] , ac: 267
W<< action: ;W[ie] , ac: 242
W<< action: ;W[ic] , ac: 91
W<< action: ;W[ib] , ac: 212
W<< action: ;W[ia] , ac: 267
W<< = H9
W<< 
B>> play W H9
B<< = 
B<< 
B>> genmove b
B<< MCTS: 10001 simulation done, duration: 670
B<< = C8
B<< 
W>> play B C8
W<< = 
W<< 
W>> genmove w
W<< MCTS: 10001 simulation done, duration: 746
W<< action: ;W[ai] , ac: 143
W<< action: ;W[ah] , ac: 191
W<< action: ;W[ag] , ac: 74
W<< action: ;W[ad] , ac: 181
W<< action: ;W[ab] , ac: 191
W<< action: ;W[bg] , ac: 125
W<< action: ;W[bf] , ac: 125
W<< action: ;W[be] , ac: 383
W<< action: ;W[bd] , ac: 186
W<< action: ;W[bc] , ac: 181
W<< action: ;W[bb] , ac: 101
W<< action: ;W[ci] , ac: 99
W<< action: ;W[ch] , ac: 168
W<< action: ;W[cg] , ac: 239
W<< action: ;W[cf] , ac: 202
W<< action: ;W[ce] , ac: 296
W<< action: ;W[cd] , ac: 332
W<< action: ;W[cc] , ac: 158
W<< action: ;W[dh] , ac: 63
W<< action: ;W[dg] , ac: 84
W<< action: ;W[dc] , ac: 134
W<< action: ;W[db] , ac: 223
W<< action: ;W[ei] , ac: 232
W<< action: ;W[eh] , ac: 200
W<< action: ;W[ec] , ac: 378
W<< action: ;W[eb] , ac: 330
W<< action: ;W[ea] , ac: 221
W<< action: ;W[fi] , ac: 121
W<< action: ;W[fh] , ac: 190
W<< action: ;W[fg] , ac: 143
W<< action: ;W[fc] , ac: 38
W<< action: ;W[fb] , ac: 116
W<< action: ;W[gh] , ac: 195
W<< action: ;W[gg] , ac: 204
W<< action: ;W[gf] , ac: 211
W<< action: ;W[ge] , ac: 150
W<< action: ;W[gd] , ac: 141
W<< action: ;W[gc] , ac: 207
W<< action: ;W[gb] , ac: 221
W<< action: ;W[ga] , ac: 86
W<< action: ;W[hi] , ac: 242
W<< action: ;W[hh] , ac: 76
W<< action: ;W[hf] , ac: 291
W<< action: ;W[he] , ac: 134
W<< action: ;W[hd] , ac: 221
W<< action: ;W[hc] , ac: 108
W<< action: ;W[hb] , ac: 230
W<< action: ;W[ii] , ac: 301
W<< action: ;W[ih] , ac: 76
W<< action: ;W[ig] , ac: 90
W<< action: ;W[ie] , ac: 385
W<< action: ;W[ic] , ac: 106
W<< action: ;W[ib] , ac: 213
W<< action: ;W[ia] , ac: 265
W<< = J5
W<< 
B>> play W J5
B<< = 
B<< 
B>> genmove b
B<< MCTS: 10001 simulation done, duration: 671
B<< = C3
B<< 
W>> play B C3
W<< = 
W<< 
W>> genmove w
W<< MCTS: 10001 simulation done, duration: 730
W<< action: ;W[ai] , ac: 101
W<< action: ;W[ah] , ac: 239
W<< action: ;W[ag] , ac: 157
W<< action: ;W[ad] , ac: 112
W<< action: ;W[ab] , ac: 233
W<< action: ;W[bg] , ac: 61
W<< action: ;W[bf] , ac: 138
W<< action: ;W[be] , ac: 97
W<< action: ;W[bd] , ac: 226
W<< action: ;W[bc] , ac: 61
W<< action: ;W[bb] , ac: 299
W<< action: ;W[ci] , ac: 143
W<< action: ;W[ch] , ac: 163
W<< action: ;W[cf] , ac: 143
W<< action: ;W[ce] , ac: 108
W<< action: ;W[cd] , ac: 139
W<< action: ;W[cc] , ac: 223
W<< action: ;W[dh] , ac: 219
W<< action: ;W[dg] , ac: 270
W<< action: ;W[dc] , ac: 273
W<< action: ;W[db] , ac: 108
W<< action: ;W[ei] , ac: 244
W<< action: ;W[eh] , ac: 168
W<< action: ;W[ec] , ac: 138
W<< action: ;W[eb] , ac: 158
W<< action: ;W[ea] , ac: 221
W<< action: ;W[fi] , ac: 121
W<< action: ;W[fh] , ac: 289
W<< action: ;W[fg] , ac: 166
W<< action: ;W[fc] , ac: 228
W<< action: ;W[fb] , ac: 275
W<< action: ;W[gh] , ac: 205
W<< action: ;W[gg] , ac: 207
W<< action: ;W[gf] , ac: 261
W<< action: ;W[ge] , ac: 254
W<< action: ;W[gd] , ac: 277
W<< action: ;W[gc] , ac: 291
W<< action: ;W[gb] , ac: 191
W<< action: ;W[ga] , ac: 177
W<< action: ;W[hi] , ac: 311
W<< action: ;W[hh] , ac: 90
W<< action: ;W[hf] , ac: 219
W<< action: ;W[he] , ac: 97
W<< action: ;W[hd] , ac: 103
W<< action: ;W[hc] , ac: 233
W<< action: ;W[hb] , ac: 294
W<< action: ;W[ii] , ac: 261
W<< action: ;W[ih] , ac: 318
W<< action: ;W[ig] , ac: 130
W<< action: ;W[ic] , ac: 63
W<< action: ;W[ib] , ac: 397
W<< action: ;W[ia] , ac: 101
W<< = J8
W<< 
B>> play W J8
B<< = 
B<< 
B>> genmove b
B<< MCTS: 10001 simulation done, duration: 672
B<< = B7
B<< 
W>> play B B7
W<< = 
W<< 
W>> genmove w
W<< MCTS: 10001 simulation done, duration: 711
W<< action: ;W[ai] , ac: 176
W<< action: ;W[ah] , ac: 445
W<< action: ;W[ag] , ac: 155
W<< action: ;W[ad] , ac: 223
W<< action: ;W[ab] , ac: 24
W<< action: ;W[bg] , ac: 268
W<< action: ;W[bf] , ac: 206
W<< action: ;W[be] , ac: 232
W<< action: ;W[bd] , ac: 157
W<< action: ;W[bb] , ac: 58
W<< action: ;W[ci] , ac: 187
W<< action: ;W[ch] , ac: 283
W<< action: ;W[cf] , ac: 329
W<< action: ;W[ce] , ac: 118
W<< action: ;W[cd] , ac: 206
W<< action: ;W[cc] , ac: 225
W<< action: ;W[dh] , ac: 143
W<< action: ;W[dg] , ac: 112
W<< action: ;W[dc] , ac: 398
W<< action: ;W[db] , ac: 146
W<< action: ;W[ei] , ac: 164
W<< action: ;W[eh] , ac: 211
W<< action: ;W[ec] , ac: 430
W<< action: ;W[eb] , ac: 463
W<< action: ;W[ea] , ac: 302
W<< action: ;W[fi] , ac: 137
W<< action: ;W[fh] , ac: 92
W<< action: ;W[fg] , ac: 211
W<< action: ;W[fc] , ac: 287
W<< action: ;W[fb] , ac: 356
W<< action: ;W[gh] , ac: 77
W<< action: ;W[gg] , ac: 190
W<< action: ;W[gf] , ac: 239
W<< action: ;W[ge] , ac: 114
W<< action: ;W[gd] , ac: 211
W<< action: ;W[gc] , ac: 71
W<< action: ;W[gb] , ac: 96
W<< action: ;W[ga] , ac: 98
W<< action: ;W[hi] , ac: 84
W<< action: ;W[hh] , ac: 254
W<< action: ;W[hf] , ac: 196
W<< action: ;W[he] , ac: 164
W<< action: ;W[hd] , ac: 128
W<< action: ;W[hc] , ac: 145
W<< action: ;W[hb] , ac: 472
W<< action: ;W[ii] , ac: 215
W<< action: ;W[ih] , ac: 168
W<< action: ;W[ig] , ac: 137
W<< action: ;W[ic] , ac: 71
W<< action: ;W[ia] , ac: 127
W<< = H8
W<< 
B>> play W H8
B<< = 
B<< 
B>> genmove b
B<< MCTS: 10001 simulation done, duration: 662
B<< = D7
B<< 
W>> play B D7
W<< = 
W<< 
W>> genmove w
W<< MCTS: 10001 simulation done, duration: 710
W<< action: ;W[ai] , ac: 188
W<< action: ;W[ah] , ac: 127
W<< action: ;W[ag] , ac: 156
W<< action: ;W[ad] , ac: 179
W<< action: ;W[ab] , ac: 125
W<< action: ;W[bg] , ac: 208
W<< action: ;W[bf] , ac: 195
W<< action: ;W[be] , ac: 367
W<< action: ;W[bd] , ac: 101
W<< action: ;W[bb] , ac: 109
W<< action: ;W[ci] , ac: 80
W<< action: ;W[ch] , ac: 42
W<< action: ;W[cf] , ac: 97
W<< action: ;W[ce] , ac: 428
W<< action: ;W[cd] , ac: 55
W<< action: ;W[cc] , ac: 449
W<< action: ;W[dh] , ac: 343
W<< action: ;W[dg] , ac: 112
W<< action: ;W[db] , ac: 250
W<< action: ;W[ei] , ac: 131
W<< action: ;W[eh] , ac: 172
W<< action: ;W[ec] , ac: 297
W<< action: ;W[eb] , ac: 257
W<< action: ;W[ea] , ac: 433
W<< action: ;W[fi] , ac: 379
W<< action: ;W[fh] , ac: 271
W<< action: ;W[fg] , ac: 101
W<< action: ;W[fc] , ac: 381
W<< action: ;W[fb] , ac: 49
W<< action: ;W[gh] , ac: 179
W<< action: ;W[gg] , ac: 202
W<< action: ;W[gf] , ac: 259
W<< action: ;W[ge] , ac: 156
W<< action: ;W[gd] , ac: 176
W<< action: ;W[gc] , ac: 154
W<< action: ;W[gb] , ac: 238
W<< action: ;W[ga] , ac: 129
W<< action: ;W[hi] , ac: 238
W<< action: ;W[hh] , ac: 316
W<< action: ;W[hf] , ac: 145
W<< action: ;W[he] , ac: 134
W<< action: ;W[hd] , ac: 179
W<< action: ;W[hc] , ac: 241
W<< action: ;W[ii] , ac: 393
W<< action: ;W[ih] , ac: 259
W<< action: ;W[ig] , ac: 167
W<< action: ;W[ic] , ac: 278
W<< action: ;W[ia] , ac: 76
W<< = C7
W<< 
B>> play W C7
B<< = 
B<< 
B>> genmove b
B<< MCTS: 10001 simulation done, duration: 647
B<< = J1
B<< 
W>> play B J1
W<< = 
W<< 
W>> genmove w
W<< MCTS: 10001 simulation done, duration: 675
W<< action: ;W[ai] , ac: 130
W<< action: ;W[ah] , ac: 222
W<< action: ;W[ag] , ac: 129
W<< action: ;W[ad] , ac: 354
W<< action: ;W[ab] , ac: 119
W<< action: ;W[bg] , ac: 184
W<< action: ;W[bf] , ac: 86
W<< action: ;W[be] , ac: 186
W<< action: ;W[bd] , ac: 318
W<< action: ;W[bb] , ac: 395
W<< action: ;W[ci] , ac: 260
W<< action: ;W[ch] , ac: 186
W<< action: ;W[cf] , ac: 375
W<< action: ;W[ce] , ac: 256
W<< action: ;W[cd] , ac: 67
W<< action: ;W[dh] , ac: 444
W<< action: ;W[dg] , ac: 261
W<< action: ;W[db] , ac: 247
W<< action: ;W[ei] , ac: 292
W<< action: ;W[eh] , ac: 247
W<< action: ;W[ec] , ac: 254
W<< action: ;W[eb] , ac: 182
W<< action: ;W[ea] , ac: 99
W<< action: ;W[fi] , ac: 88
W<< action: ;W[fh] , ac: 182
W<< action: ;W[fg] , ac: 119
W<< action: ;W[fc] , ac: 184
W<< action: ;W[fb] , ac: 136
W<< action: ;W[gh] , ac: 156
W<< action: ;W[gg] , ac: 218
W<< action: ;W[gf] , ac: 385
W<< action: ;W[ge] , ac: 91
W<< action: ;W[gd] , ac: 72
W<< action: ;W[gc] , ac: 106
W<< action: ;W[gb] , ac: 549
W<< action: ;W[ga] , ac: 303
W<< action: ;W[hi] , ac: 256
W<< action: ;W[hh] , ac: 237
W<< action: ;W[hf] , ac: 65
W<< action: ;W[he] , ac: 191
W<< action: ;W[hd] , ac: 275
W<< action: ;W[hc] , ac: 132
W<< action: ;W[ih] , ac: 518
W<< action: ;W[ig] , ac: 91
W<< action: ;W[ic] , ac: 198
W<< action: ;W[ia] , ac: 156
W<< = G8
W<< 
B>> play W G8
B<< = 
B<< 
B>> genmove b
B<< MCTS: 10001 simulation done, duration: 661
B<< = E8
B<< 
W>> play B E8
W<< = 
W<< 
W>> genmove w
W<< MCTS: 10001 simulation done, duration: 673
W<< action: ;W[ai] , ac: 198
W<< action: ;W[ah] , ac: 387
W<< action: ;W[ag] , ac: 195
W<< action: ;W[ad] , ac: 324
W<< action: ;W[ab] , ac: 124
W<< action: ;W[bg] , ac: 115
W<< action: ;W[bf] , ac: 193
W<< action: ;W[be] , ac: 350
W<< action: ;W[bd] , ac: 170
W<< action: ;W[bb] , ac: 305
W<< action: ;W[ci] , ac: 221
W<< action: ;W[ch] , ac: 225
W<< action: ;W[cf] , ac: 146
W<< action: ;W[ce] , ac: 223
W<< action: ;W[cd] , ac: 310
W<< action: ;W[dh] , ac: 354
W<< action: ;W[dg] , ac: 186
W<< action: ;W[ei] , ac: 323
W<< action: ;W[eh] , ac: 128
W<< action: ;W[ec] , ac: 716
W<< action: ;W[ea] , ac: 141
W<< action: ;W[fi] , ac: 355
W<< action: ;W[fh] , ac: 267
W<< action: ;W[fg] , ac: 30
W<< action: ;W[fc] , ac: 71
W<< action: ;W[fb] , ac: 291
W<< action: ;W[gh] , ac: 157
W<< action: ;W[gg] , ac: 291
W<< action: ;W[gf] , ac: 570
W<< action: ;W[ge] , ac: 350
W<< action: ;W[gd] , ac: 262
W<< action: ;W[gc] , ac: 407
W<< action: ;W[ga] , ac: 27
W<< action: ;W[hi] , ac: 71
W<< action: ;W[hh] , ac: 241
W<< action: ;W[hf] , ac: 38
W<< action: ;W[he] , ac: 120
W<< action: ;W[hd] , ac: 146
W<< action: ;W[hc] , ac: 212
W<< action: ;W[ih] , ac: 395
W<< action: ;W[ig] , ac: 193
W<< action: ;W[ic] , ac: 122
W<< action: ;W[ia] , ac: 51
W<< = E7
W<< 
B>> play W E7
B<< = 
B<< 
B>> genmove b
B<< MCTS: 10001 simulation done, duration: 640
B<< = A1
B<< 
W>> play B A1
W<< = 
W<< 
W>> genmove w
W<< MCTS: 10001 simulation done, duration: 682
W<< action: ;W[ag] , ac: 345
W<< action: ;W[ad] , ac: 101
W<< action: ;W[ab] , ac: 98
W<< action: ;W[bg] , ac: 181
W<< action: ;W[bf] , ac: 154
W<< action: ;W[be] , ac: 236
W<< action: ;W[bd] , ac: 101
W<< action: ;W[bb] , ac: 218
W<< action: ;W[ci] , ac: 283
W<< action: ;W[ch] , ac: 322
W<< action: ;W[cf] , ac: 166
W<< action: ;W[ce] , ac: 226
W<< action: ;W[cd] , ac: 279
W<< action: ;W[dh] , ac: 119
W<< action: ;W[dg] , ac: 124
W<< action: ;W[ei] , ac: 301
W<< action: ;W[eh] , ac: 157
W<< action: ;W[ea] , ac: 370
W<< action: ;W[fi] , ac: 236
W<< action: ;W[fh] , ac: 513
W<< action: ;W[fg] , ac: 135
W<< action: ;W[fc] , ac: 344
W<< action: ;W[fb] , ac: 332
W<< action: ;W[gh] , ac: 343
W<< action: ;W[gg] , ac: 194
W<< action: ;W[gf] , ac: 439
W<< action: ;W[ge] , ac: 299
W<< action: ;W[gd] , ac: 558
W<< action: ;W[gc] , ac: 191
W<< action: ;W[ga] , ac: 140
W<< action: ;W[hi] , ac: 296
W<< action: ;W[hh] , ac: 145
W<< action: ;W[hf] , ac: 251
W<< action: ;W[he] , ac: 110
W<< action: ;W[hd] , ac: 343
W<< action: ;W[hc] , ac: 505
W<< action: ;W[ih] , ac: 169
W<< action: ;W[ig] , ac: 405
W<< action: ;W[ic] , ac: 150
W<< action: ;W[ia] , ac: 122
W<< = G6
W<< 
B>> play W G6
B<< = 
B<< 
B>> genmove b
B<< MCTS: 10001 simulation done, duration: 635
B<< = G7
B<< 
W>> play B G7
W<< = 
W<< 
W>> genmove w
W<< MCTS: 10001 simulation done, duration: 624
W<< action: ;W[ag] , ac: 163
W<< action: ;W[ad] , ac: 242
W<< action: ;W[ab] , ac: 120
W<< action: ;W[bg] , ac: 489
W<< action: ;W[bf] , ac: 360
W<< action: ;W[be] , ac: 47
W<< action: ;W[bd] , ac: 171
W<< action: ;W[bb] , ac: 436
W<< action: ;W[ci] , ac: 345
W<< action: ;W[ch] , ac: 372
W<< action: ;W[cf] , ac: 228
W<< action: ;W[ce] , ac: 245
W<< action: ;W[cd] , ac: 338
W<< action: ;W[dh] , ac: 97
W<< action: ;W[dg] , ac: 242
W<< action: ;W[ei] , ac: 521
W<< action: ;W[eh] , ac: 102
W<< action: ;W[ea] , ac: 383
W<< action: ;W[fi] , ac: 350
W<< action: ;W[fh] , ac: 136
W<< action: ;W[fg] , ac: 199
W<< action: ;W[fc] , ac: 408
W<< action: ;W[fb] , ac: 232
W<< action: ;W[gh] , ac: 352
W<< action: ;W[gg] , ac: 266
W<< action: ;W[gf] , ac: 412
W<< action: ;W[ge] , ac: 154
W<< action: ;W[ga] , ac: 93
W<< action: ;W[hi] , ac: 216
W<< action: ;W[hh] , ac: 161
W<< action: ;W[hf] , ac: 211
W<< action: ;W[he] , ac: 235
W<< action: ;W[hd] , ac: 511
W<< action: ;W[hc] , ac: 293
W<< action: ;W[ih] , ac: 388
W<< action: ;W[ig] , ac: 227
W<< action: ;W[ic] , ac: 118
W<< action: ;W[ia] , ac: 138
W<< = E1
W<< 
B>> play W E1
B<< = 
B<< 
B>> genmove b
B<< MCTS: 10001 simulation done, duration: 587
B<< = F8
B<< 
W>> play B F8
W<< = 
W<< 
W>> genmove w
W<< MCTS: 10001 simulation done, duration: 593
W<< action: ;W[ag] , ac: 789
W<< action: ;W[ad] , ac: 168
W<< action: ;W[ab] , ac: 271
W<< action: ;W[bg] , ac: 207
W<< action: ;W[bf] , ac: 340
W<< action: ;W[be] , ac: 249
W<< action: ;W[bd] , ac: 217
W<< action: ;W[bb] , ac: 382
W<< action: ;W[ci] , ac: 276
W<< action: ;W[ch] , ac: 371
W<< action: ;W[cf] , ac: 388
W<< action: ;W[ce] , ac: 482
W<< action: ;W[cd] , ac: 88
W<< action: ;W[dh] , ac: 247
W<< action: ;W[dg] , ac: 332
W<< action: ;W[eh] , ac: 103
W<< action: ;W[ea] , ac: 364
W<< action: ;W[fi] , ac: 317
W<< action: ;W[fh] , ac: 264
W<< action: ;W[fg] , ac: 225
W<< action: ;W[gh] , ac: 302
W<< action: ;W[gg] , ac: 198
W<< action: ;W[gf] , ac: 648
W<< action: ;W[ge] , ac: 42
W<< action: ;W[ga] , ac: 115
W<< action: ;W[hi] , ac: 289
W<< action: ;W[hh] , ac: 168
W<< action: ;W[hf] , ac: 203
W<< action: ;W[he] , ac: 129
W<< action: ;W[hd] , ac: 188
W<< action: ;W[hc] , ac: 691
W<< action: ;W[ih] , ac: 476
W<< action: ;W[ig] , ac: 194
W<< action: ;W[ic] , ac: 143
W<< action: ;W[ia] , ac: 135
W<< = A3
W<< 
B>> play W A3
B<< = 
B<< 
B>> genmove b
B<< MCTS: 10001 simulation done, duration: 566
B<< = H7
B<< 
W>> play B H7
W<< = 
W<< 
W>> genmove w
W<< MCTS: 10001 simulation done, duration: 567
W<< action: ;W[ad] , ac: 373
W<< action: ;W[ab] , ac: 264
W<< action: ;W[bg] , ac: 236
W<< action: ;W[bf] , ac: 248
W<< action: ;W[be] , ac: 765
W<< action: ;W[bd] , ac: 420
W<< action: ;W[bb] , ac: 262
W<< action: ;W[ci] , ac: 279
W<< action: ;W[ch] , ac: 191
W<< action: ;W[cf] , ac: 260
W<< action: ;W[ce] , ac: 545
W<< action: ;W[cd] , ac: 388
W<< action: ;W[dh] , ac: 125
W<< action: ;W[dg] , ac: 176
W<< action: ;W[eh] , ac: 218
W<< action: ;W[ea] , ac: 295
W<< action: ;W[fi] , ac: 355
W<< action: ;W[fh] , ac: 613
W<< action: ;W[fg] , ac: 455
W<< action: ;W[gh] , ac: 341
W<< action: ;W[gg] , ac: 351
W<< action: ;W[gf] , ac: 924
W<< action: ;W[ge] , ac: 104
W<< action: ;W[ga] , ac: 41
W<< action: ;W[hi] , ac: 211
W<< action: ;W[hh] , ac: 72
W<< action: ;W[hf] , ac: 252
W<< action: ;W[he] , ac: 234
W<< action: ;W[hd] , ac: 168
W<< action: ;W[ih] , ac: 319
W<< action: ;W[ig] , ac: 145
W<< action: ;W[ic] , ac: 189
W<< action: ;W[ia] , ac: 182
W<< = G4
W<< 
B>> play W G4
B<< = 
B<< 
B>> genmove b
B<< MCTS: 10001 simulation done, duration: 539
B<< = C2
B<< 
W>> play B C2
W<< = 
W<< 
W>> genmove w
W<< MCTS: 10001 simulation done, duration: 545
W<< action: ;W[ad] , ac: 393
W<< action: ;W[ab] , ac: 66
W<< action: ;W[bg] , ac: 633
W<< action: ;W[bf] , ac: 368
W<< action: ;W[be] , ac: 156
W<< action: ;W[bd] , ac: 93
W<< action: ;W[bb] , ac: 236
W<< action: ;W[cf] , ac: 222
W<< action: ;W[ce] , ac: 252
W<< action: ;W[cd] , ac: 183
W<< action: ;W[dh] , ac: 163
W<< action: ;W[dg] , ac: 631
W<< action: ;W[eh] , ac: 210
W<< action: ;W[ea] , ac: 410
W<< action: ;W[fi] , ac: 356
W<< action: ;W[fh] , ac: 1290
W<< action: ;W[fg] , ac: 428
W<< action: ;W[gh] , ac: 568
W<< action: ;W[gg] , ac: 140
W<< action: ;W[ge] , ac: 84
W<< action: ;W[ga] , ac: 201
W<< action: ;W[hi] , ac: 474
W<< action: ;W[hh] , ac: 236
W<< action: ;W[hf] , ac: 518
W<< action: ;W[he] , ac: 210
W<< action: ;W[hd] , ac: 488
W<< action: ;W[ih] , ac: 377
W<< action: ;W[ig] , ac: 273
W<< action: ;W[ic] , ac: 173
W<< action: ;W[ia] , ac: 169
W<< = F2
W<< 
B>> play W F2
B<< = 
B<< 
B>> genmove b
B<< MCTS: 10001 simulation done, duration: 542
B<< = F3
B<< 
W>> play B F3
W<< = 
W<< 
W>> genmove w
W<< MCTS: 10001 simulation done, duration: 523
W<< action: ;W[ad] , ac: 74
W<< action: ;W[ab] , ac: 512
W<< action: ;W[bg] , ac: 286
W<< action: ;W[bf] , ac: 284
W<< action: ;W[be] , ac: 314
W<< action: ;W[bd] , ac: 348
W<< action: ;W[bb] , ac: 198
W<< action: ;W[cf] , ac: 820
W<< action: ;W[ce] , ac: 425
W<< action: ;W[cd] , ac: 112
W<< action: ;W[dh] , ac: 496
W<< action: ;W[dg] , ac: 167
W<< action: ;W[eh] , ac: 222
W<< action: ;W[ea] , ac: 233
W<< action: ;W[fi] , ac: 233
W<< action: ;W[gh] , ac: 2947
W<< action: ;W[ge] , ac: 79
W<< action: ;W[ga] , ac: 327
W<< action: ;W[hi] , ac: 115
W<< action: ;W[hh] , ac: 421
W<< action: ;W[hf] , ac: 352
W<< action: ;W[he] , ac: 62
W<< action: ;W[hd] , ac: 162
W<< action: ;W[ih] , ac: 303
W<< action: ;W[ig] , ac: 171
W<< action: ;W[ic] , ac: 209
W<< action: ;W[ia] , ac: 129
W<< = G2
W<< 
B>> play W G2
B<< = 
B<< 
B>> genmove b
B<< MCTS: 10001 simulation done, duration: 523
B<< = C5
B<< 
W>> play B C5
W<< = 
W<< 
W>> genmove w
W<< MCTS: 10001 simulation done, duration: 511
W<< action: ;W[ad] , ac: 415
W<< action: ;W[ab] , ac: 252
W<< action: ;W[bg] , ac: 609
W<< action: ;W[bf] , ac: 376
W<< action: ;W[be] , ac: 554
W<< action: ;W[bd] , ac: 265
W<< action: ;W[bb] , ac: 227
W<< action: ;W[cf] , ac: 1298
W<< action: ;W[cd] , ac: 573
W<< action: ;W[dh] , ac: 847
W<< action: ;W[dg] , ac: 334
W<< action: ;W[eh] , ac: 31
W<< action: ;W[ea] , ac: 295
W<< action: ;W[fi] , ac: 304
W<< action: ;W[ge] , ac: 145
W<< action: ;W[ga] , ac: 103
W<< action: ;W[hi] , ac: 458
W<< action: ;W[hh] , ac: 646
W<< action: ;W[hf] , ac: 593
W<< action: ;W[he] , ac: 217
W<< action: ;W[hd] , ac: 454
W<< action: ;W[ih] , ac: 314
W<< action: ;W[ig] , ac: 164
W<< action: ;W[ic] , ac: 293
W<< action: ;W[ia] , ac: 234
W<< = C4
W<< 
B>> play W C4
B<< = 
B<< 
B>> genmove b
B<< MCTS: 10001 simulation done, duration: 480
B<< = G5
B<< 
W>> play B G5
W<< = 
W<< 
W>> genmove w
W<< MCTS: 10001 simulation done, duration: 454
W<< action: ;W[ad] , ac: 306
W<< action: ;W[ab] , ac: 393
W<< action: ;W[bg] , ac: 490
W<< action: ;W[bf] , ac: 140
W<< action: ;W[be] , ac: 115
W<< action: ;W[bd] , ac: 530
W<< action: ;W[bb] , ac: 414
W<< action: ;W[cd] , ac: 987
W<< action: ;W[dh] , ac: 1360
W<< action: ;W[dg] , ac: 521
W<< action: ;W[eh] , ac: 289
W<< action: ;W[ea] , ac: 554
W<< action: ;W[fi] , ac: 44
W<< action: ;W[ga] , ac: 246
W<< action: ;W[hi] , ac: 597
W<< action: ;W[hh] , ac: 72
W<< action: ;W[hf] , ac: 850
W<< action: ;W[hd] , ac: 33
W<< action: ;W[ih] , ac: 955
W<< action: ;W[ig] , ac: 463
W<< action: ;W[ic] , ac: 304
W<< action: ;W[ia] , ac: 338
W<< = D2
W<< 
B>> play W D2
B<< = 
B<< 
B>> genmove b
B<< MCTS: 10001 simulation done, duration: 435
B<< = B6
B<< 
W>> play B B6
W<< = 
W<< 
W>> genmove w
W<< MCTS: 10001 simulation done, duration: 408
W<< action: ;W[ad] , ac: 104
W<< action: ;W[ab] , ac: 203
W<< action: ;W[bg] , ac: 170
W<< action: ;W[bf] , ac: 143
W<< action: ;W[be] , ac: 212
W<< action: ;W[bb] , ac: 279
W<< action: ;W[dg] , ac: 152
W<< action: ;W[eh] , ac: 73
W<< action: ;W[ea] , ac: 120
W<< action: ;W[fi] , ac: 92
W<< action: ;W[ga] , ac: 90
W<< action: ;W[hi] , ac: 6722
W<< action: ;W[hh] , ac: 154
W<< action: ;W[hf] , ac: 236
W<< action: ;W[hd] , ac: 42
W<< action: ;W[ih] , ac: 529
W<< action: ;W[ig] , ac: 163
W<< action: ;W[ic] , ac: 411
W<< action: ;W[ia] , ac: 106
W<< = H1
W<< 
B>> play W H1
B<< = 
B<< 
B>> genmove b
B<< MCTS: 10001 simulation done, duration: 404
B<< = D3
B<< 
W>> play B D3
W<< = 
W<< 
W>> genmove w
W<< MCTS: 10001 simulation done, duration: 363
W<< action: ;W[ad] , ac: 218
W<< action: ;W[ab] , ac: 287
W<< action: ;W[bg] , ac: 164
W<< action: ;W[bf] , ac: 200
W<< action: ;W[be] , ac: 464
W<< action: ;W[bb] , ac: 191
W<< action: ;W[eh] , ac: 45
W<< action: ;W[ea] , ac: 250
W<< action: ;W[ga] , ac: 263
W<< action: ;W[hh] , ac: 74
W<< action: ;W[hf] , ac: 7279
W<< action: ;W[hd] , ac: 171
W<< action: ;W[ig] , ac: 120
W<< action: ;W[ic] , ac: 32
W<< action: ;W[ia] , ac: 243
W<< = H4
W<< 
B>> play W H4
B<< = 
B<< 
B>> genmove b
B<< MCTS: 10001 simulation done, duration: 360
B<< = B3
B<< 
W>> play B B3
W<< = 
W<< 
W>> genmove w
W<< MCTS: 10001 simulation done, duration: 331
W<< action: ;W[ad] , ac: 201
W<< action: ;W[ab] , ac: 721
W<< action: ;W[bf] , ac: 1421
W<< action: ;W[be] , ac: 1286
W<< action: ;W[bb] , ac: 1205
W<< action: ;W[eh] , ac: 54
W<< action: ;W[ea] , ac: 2489
W<< action: ;W[ga] , ac: 444
W<< action: ;W[hh] , ac: 654
W<< action: ;W[hd] , ac: 1194
W<< action: ;W[ic] , ac: 28
W<< action: ;W[ia] , ac: 304
W<< = E9
W<< 
B>> play W E9
B<< = 
B<< 
B>> genmove b
B<< MCTS: 10001 simulation done, duration: 310
B<< = A2
B<< 
W>> play B A2
W<< = 
W<< 
W>> genmove w
W<< MCTS: 10001 simulation done, duration: 251
W<< action: ;W[ad] , ac: 206
W<< action: ;W[ab] , ac: 376
W<< action: ;W[bf] , ac: 8480
W<< action: ;W[be] , ac: 146
W<< action: ;W[bb] , ac: 216
W<< action: ;W[eh] , ac: 51
W<< action: ;W[ga] , ac: 188
W<< action: ;W[hh] , ac: 157
W<< action: ;W[hd] , ac: 109
W<< action: ;W[ic] , ac: 7
W<< action: ;W[ia] , ac: 65
W<< = B4
W<< 
B>> play W B4
B<< = 
B<< 
B>> genmove b
B<< MCTS: 10001 simulation done, duration: 243
B<< = B8
B<< 
W>> play B B8
W<< = 
W<< 
W>> genmove w
W<< MCTS: 10001 simulation done, duration: 137
W<< action: ;W[ad] , ac: 29
W<< action: ;W[ab] , ac: 9830
W<< action: ;W[eh] , ac: 18
W<< action: ;W[ga] , ac: 42
W<< action: ;W[hh] , ac: 38
W<< action: ;W[hd] , ac: 9
W<< action: ;W[ic] , ac: 10
W<< action: ;W[ia] , ac: 25
W<< = A8
W<< 
B>> play W A8
B<< = 
B<< 
B>> genmove b
B<< MCTS: 10001 simulation done, duration: 125
B<< = C9
B<< 
W>> play B C9
W<< = 
W<< 
W>> genmove w
W<< MCTS: 10001 simulation done, duration: 98
W<< action: ;W[eh] , ac: 109
W<< action: ;W[ga] , ac: 1471
W<< action: ;W[hh] , ac: 5570
W<< action: ;W[hd] , ac: 1340
W<< action: ;W[ic] , ac: 102
W<< action: ;W[ia] , ac: 1409
W<< = H2
W<< 
B>> play W H2
B<< = 
B<< 
B>> genmove b
B<< MCTS: 10001 simulation done, duration: 85
B<< = J7
B<< 
W>> play B J7
W<< = 
W<< 
W>> genmove w
W<< MCTS: 10001 simulation done, duration: 79
W<< action: ;W[eh] , ac: 2500
W<< action: ;W[ga] , ac: 2500
W<< action: ;W[hd] , ac: 2501
W<< action: ;W[ia] , ac: 2500
W<< = H6
W<< 
B>> play W H6
B<< = 
B<< 
B>> genmove b
B<< MCTS: 10001 simulation done, duration: 80
B<< = J2
B<< 
W>> play B J2
W<< = 
W<< 
W>> genmove w
W<< MCTS: 10001 simulation done, duration: 71
W<< action: ;W[eh] , ac: 3334
W<< action: ;W[ga] , ac: 3334
W<< action: ;W[ia] , ac: 3333
W<< = E2
W<< 
B>> play W E2
B<< = 
B<< 
B>> genmove b
B<< MCTS: 10001 simulation done, duration: 71
B<< = D8
B<< 
W>> play B D8
W<< = 
W<< 
W>> genmove w
W<< MCTS: 10001 simulation done, duration: 71
W<< action: ;W[ga] , ac: 5001
W<< action: ;W[ia] , ac: 5000
W<< = G9
W<< 
B>> play W G9
B<< = 
B<< 
B>> genmove b
B<< MCTS: 10001 simulation done, duration: 75
B<< = resign
B<< 
B>> quit
W>> quit
