B>> protocol_version
B<< HollowNoGo-Demo: ./nogo --shell --name=Hollow --white=search=MCTS N=12000 worker=8 exploration=0.5 --black=search=MCTS N=12000 worker=8 exploration=0.5 
B<< 
B<< = 2
B<< 
B>> name
B<< = Hollow
B<< 
B>> version
B<< = 2021
B<< 
B>> list_commands
B<< = play
B<< genmove
B<< clear_board
B<< showboard
B<< boardsize
B<< name
B<< version
B<< protocol_version
B<< list_commands
B<< quit
B<< 
B<< 
W>> protocol_version
W<< HollowNoGo-Demo: /home/sciencethebird/Desktop/TCG_2021/Project_4/pj-4-judge-v1/./nogo --shell --name=Hollow-White --white=search=MCTS N=12000 worker=8 exploration=0.5 
W<< 
W<< = 2
W<< 
W>> name
W<< = Hollow-White
W<< 
W>> version
W<< = 2021
W<< 
W>> list_commands
W<< = play
W<< genmove
W<< clear_board
W<< showboard
W<< boardsize
W<< name
W<< version
W<< protocol_version
W<< list_commands
W<< quit
W<< 
W<< 
B>> boardsize 9
B<< = 
B<< 
B>> clear_board
B<< = 
B<< 
W>> boardsize 9
W<< = 
W<< 
W>> clear_board
W<< = 
W<< 
============================================
Game 0
============================================
B>> boardsize 9
B<< = 
B<< 
B>> clear_board
B<< = 
B<< 
W>> boardsize 9
W<< = 
W<< 
W>> clear_board
W<< = 
W<< 
B>> genmove b
B<< MCTS: 12001 simulation done, duration: 1349
B<< MCTS: 12001 simulation done, duration: 1397
B<< MCTS: 12001 simulation done, duration: 1470
B<< MCTS: 12001 simulation done, duration: 1484
B<< MCTS: 12001 simulation done, duration: 1491
B<< MCTS: 12001 simulation done, duration: 1492
B<< MCTS: 12001 simulation done, duration: 1493
B<< MCTS: 12001 simulation done, duration: 1494
B<< action: ;B[ai] , ac: 1563
B<< action: ;B[ah] , ac: 1297
B<< action: ;B[ag] , ac: 1226
B<< action: ;B[af] , ac: 1411
B<< action: ;B[ae] , ac: 1391
B<< action: ;B[ad] , ac: 1426
B<< action: ;B[ac] , ac: 1298
B<< action: ;B[ab] , ac: 1127
B<< action: ;B[aa] , ac: 1320
B<< action: ;B[bi] , ac: 991
B<< action: ;B[bh] , ac: 1046
B<< action: ;B[bg] , ac: 1129
B<< action: ;B[bf] , ac: 1524
B<< action: ;B[be] , ac: 1173
B<< action: ;B[bd] , ac: 1367
B<< action: ;B[bc] , ac: 770
B<< action: ;B[bb] , ac: 1422
B<< action: ;B[ba] , ac: 1271
B<< action: ;B[ci] , ac: 1202
B<< action: ;B[ch] , ac: 1329
B<< action: ;B[cg] , ac: 1595
B<< action: ;B[cf] , ac: 1494
B<< action: ;B[ce] , ac: 1606
B<< action: ;B[cd] , ac: 1169
B<< action: ;B[cc] , ac: 973
B<< action: ;B[cb] , ac: 1130
B<< action: ;B[ca] , ac: 1143
B<< action: ;B[di] , ac: 1511
B<< action: ;B[dh] , ac: 1570
B<< action: ;B[dg] , ac: 1367
B<< action: ;B[dc] , ac: 1736
B<< action: ;B[db] , ac: 1341
B<< action: ;B[da] , ac: 1672
B<< action: ;B[ei] , ac: 1171
B<< action: ;B[eh] , ac: 1550
B<< action: ;B[eg] , ac: 955
B<< action: ;B[ec] , ac: 1540
B<< action: ;B[eb] , ac: 1354
B<< action: ;B[ea] , ac: 1329
B<< action: ;B[fi] , ac: 1646
B<< action: ;B[fh] , ac: 864
B<< action: ;B[fg] , ac: 1396
B<< action: ;B[fc] , ac: 1034
B<< action: ;B[fb] , ac: 932
B<< action: ;B[fa] , ac: 1513
B<< action: ;B[gi] , ac: 1293
B<< action: ;B[gh] , ac: 1208
B<< action: ;B[gg] , ac: 1052
B<< action: ;B[gf] , ac: 1092
B<< action: ;B[ge] , ac: 1264
B<< action: ;B[gd] , ac: 1458
B<< action: ;B[gc] , ac: 1124
B<< action: ;B[gb] , ac: 802
B<< action: ;B[ga] , ac: 1616
B<< action: ;B[hi] , ac: 1337
B<< action: ;B[hh] , ac: 1378
B<< action: ;B[hg] , ac: 1127
B<< action: ;B[hf] , ac: 1120
B<< action: ;B[he] , ac: 1215
B<< action: ;B[hd] , ac: 1536
B<< action: ;B[hc] , ac: 983
B<< action: ;B[hb] , ac: 1658
B<< action: ;B[ha] , ac: 1386
B<< action: ;B[ii] , ac: 1221
B<< action: ;B[ih] , ac: 1341
B<< action: ;B[ig] , ac: 1562
B<< action: ;B[if] , ac: 1694
B<< action: ;B[ie] , ac: 1566
B<< action: ;B[id] , ac: 1541
B<< action: ;B[ic] , ac: 1568
B<< action: ;B[ib] , ac: 1354
B<< action: ;B[ia] , ac: 2638
B<< = J9
B<< 
W>> play B J9
W<< = 
W<< 
W>> genmove w
W<< MCTS: 12001 simulation done, duration: 1255
W<< MCTS: 12001 simulation done, duration: 1257
W<< MCTS: 12001 simulation done, duration: 1266
W<< MCTS: 12001 simulation done, duration: 1267
W<< MCTS: 12001 simulation done, duration: 1270
W<< MCTS: 12001 simulation done, duration: 1271
W<< MCTS: 12001 simulation done, duration: 1273
W<< MCTS: 12001 simulation done, duration: 1276
W<< action: ;W[ai] , ac: 1625
W<< action: ;W[ah] , ac: 1093
W<< action: ;W[ag] , ac: 1620
W<< action: ;W[af] , ac: 1118
W<< action: ;W[ae] , ac: 939
W<< action: ;W[ad] , ac: 1487
W<< action: ;W[ac] , ac: 1187
W<< action: ;W[ab] , ac: 1323
W<< action: ;W[aa] , ac: 1628
W<< action: ;W[bi] , ac: 1197
W<< action: ;W[bh] , ac: 1435
W<< action: ;W[bg] , ac: 1020
W<< action: ;W[bf] , ac: 1267
W<< action: ;W[be] , ac: 1001
W<< action: ;W[bd] , ac: 1305
W<< action: ;W[bc] , ac: 1315
W<< action: ;W[bb] , ac: 1660
W<< action: ;W[ba] , ac: 980
W<< action: ;W[ci] , ac: 1387
W<< action: ;W[ch] , ac: 1470
W<< action: ;W[cg] , ac: 930
W<< action: ;W[cf] , ac: 1226
W<< action: ;W[ce] , ac: 1264
W<< action: ;W[cd] , ac: 1746
W<< action: ;W[cc] , ac: 1270
W<< action: ;W[cb] , ac: 1706
W<< action: ;W[ca] , ac: 1106
W<< action: ;W[di] , ac: 1494
W<< action: ;W[dh] , ac: 1303
W<< action: ;W[dg] , ac: 1390
W<< action: ;W[dc] , ac: 1468
W<< action: ;W[db] , ac: 1450
W<< action: ;W[da] , ac: 1995
W<< action: ;W[ei] , ac: 930
W<< action: ;W[eh] , ac: 1363
W<< action: ;W[eg] , ac: 1432
W<< action: ;W[ec] , ac: 1517
W<< action: ;W[eb] , ac: 1296
W<< action: ;W[ea] , ac: 1325
W<< action: ;W[fi] , ac: 1379
W<< action: ;W[fh] , ac: 1405
W<< action: ;W[fg] , ac: 1892
W<< action: ;W[fc] , ac: 1091
W<< action: ;W[fb] , ac: 1283
W<< action: ;W[fa] , ac: 1292
W<< action: ;W[gi] , ac: 1609
W<< action: ;W[gh] , ac: 890
W<< action: ;W[gg] , ac: 1054
W<< action: ;W[gf] , ac: 1749
W<< action: ;W[ge] , ac: 1233
W<< action: ;W[gd] , ac: 1503
W<< action: ;W[gc] , ac: 1747
W<< action: ;W[gb] , ac: 1491
W<< action: ;W[ga] , ac: 1248
W<< action: ;W[hi] , ac: 1737
W<< action: ;W[hh] , ac: 1206
W<< action: ;W[hg] , ac: 1043
W<< action: ;W[hf] , ac: 1157
W<< action: ;W[he] , ac: 1129
W<< action: ;W[hd] , ac: 1477
W<< action: ;W[hc] , ac: 1284
W<< action: ;W[hb] , ac: 1246
W<< action: ;W[ha] , ac: 1346
W<< action: ;W[ii] , ac: 1682
W<< action: ;W[ih] , ac: 1572
W<< action: ;W[ig] , ac: 1172
W<< action: ;W[if] , ac: 1718
W<< action: ;W[ie] , ac: 1642
W<< action: ;W[id] , ac: 1234
W<< action: ;W[ic] , ac: 1456
W<< action: ;W[ib] , ac: 773
W<< = D9
W<< 
B>> play W D9
B<< = 
B<< 
B>> genmove b
B<< MCTS: 12001 simulation done, duration: 1356
B<< MCTS: 12001 simulation done, duration: 1432
B<< MCTS: 12001 simulation done, duration: 1450
B<< MCTS: 12001 simulation done, duration: 1454
B<< MCTS: 12001 simulation done, duration: 1454
B<< MCTS: 12001 simulation done, duration: 1457
B<< MCTS: 12001 simulation done, duration: 1458
B<< MCTS: 12001 simulation done, duration: 1463
B<< action: ;B[ai] , ac: 1182
B<< action: ;B[ah] , ac: 1784
B<< action: ;B[ag] , ac: 1542
B<< action: ;B[af] , ac: 1677
B<< action: ;B[ae] , ac: 1304
B<< action: ;B[ad] , ac: 1795
B<< action: ;B[ac] , ac: 1759
B<< action: ;B[ab] , ac: 1556
B<< action: ;B[aa] , ac: 1249
B<< action: ;B[bi] , ac: 1420
B<< action: ;B[bh] , ac: 947
B<< action: ;B[bg] , ac: 1289
B<< action: ;B[bf] , ac: 1113
B<< action: ;B[be] , ac: 1367
B<< action: ;B[bd] , ac: 1396
B<< action: ;B[bc] , ac: 1155
B<< action: ;B[bb] , ac: 1514
B<< action: ;B[ba] , ac: 1638
B<< action: ;B[ci] , ac: 1630
B<< action: ;B[ch] , ac: 1159
B<< action: ;B[cg] , ac: 1290
B<< action: ;B[cf] , ac: 918
B<< action: ;B[ce] , ac: 1506
B<< action: ;B[cd] , ac: 1247
B<< action: ;B[cc] , ac: 1261
B<< action: ;B[cb] , ac: 1217
B<< action: ;B[ca] , ac: 1241
B<< action: ;B[di] , ac: 1440
B<< action: ;B[dh] , ac: 1161
B<< action: ;B[dg] , ac: 1104
B<< action: ;B[dc] , ac: 1677
B<< action: ;B[db] , ac: 970
B<< action: ;B[ei] , ac: 1640
B<< action: ;B[eh] , ac: 1448
B<< action: ;B[eg] , ac: 1177
B<< action: ;B[ec] , ac: 1246
B<< action: ;B[eb] , ac: 1410
B<< action: ;B[ea] , ac: 1730
B<< action: ;B[fi] , ac: 1453
B<< action: ;B[fh] , ac: 1186
B<< action: ;B[fg] , ac: 1655
B<< action: ;B[fc] , ac: 1271
B<< action: ;B[fb] , ac: 1313
B<< action: ;B[fa] , ac: 1353
B<< action: ;B[gi] , ac: 1573
B<< action: ;B[gh] , ac: 1318
B<< action: ;B[gg] , ac: 1102
B<< action: ;B[gf] , ac: 1632
B<< action: ;B[ge] , ac: 1448
B<< action: ;B[gd] , ac: 1280
B<< action: ;B[gc] , ac: 1602
B<< action: ;B[gb] , ac: 1506
B<< action: ;B[ga] , ac: 1718
B<< action: ;B[hi] , ac: 1256
B<< action: ;B[hh] , ac: 1786
B<< action: ;B[hg] , ac: 1626
B<< action: ;B[hf] , ac: 1260
B<< action: ;B[he] , ac: 1395
B<< action: ;B[hd] , ac: 1149
B<< action: ;B[hc] , ac: 1141
B<< action: ;B[hb] , ac: 1537
B<< action: ;B[ha] , ac: 1313
B<< action: ;B[ii] , ac: 1603
B<< action: ;B[ih] , ac: 981
B<< action: ;B[ig] , ac: 1081
B<< action: ;B[if] , ac: 1545
B<< action: ;B[ie] , ac: 1268
B<< action: ;B[id] , ac: 1040
B<< action: ;B[ic] , ac: 1521
B<< action: ;B[ib] , ac: 937
B<< = A6
B<< 
W>> play B A6
W<< = 
W<< 
W>> genmove w
W<< MCTS: 12001 simulation done, duration: 1211
W<< MCTS: 12001 simulation done, duration: 1230
W<< MCTS: 12001 simulation done, duration: 1242
W<< MCTS: 12001 simulation done, duration: 1247
W<< MCTS: 12001 simulation done, duration: 1249
W<< MCTS: 12001 simulation done, duration: 1260
W<< MCTS: 12001 simulation done, duration: 1261
W<< MCTS: 12001 simulation done, duration: 1272
W<< action: ;W[ai] , ac: 1917
W<< action: ;W[ah] , ac: 1557
W<< action: ;W[ag] , ac: 1287
W<< action: ;W[af] , ac: 1233
W<< action: ;W[ae] , ac: 1697
W<< action: ;W[ac] , ac: 1480
W<< action: ;W[ab] , ac: 1856
W<< action: ;W[aa] , ac: 1829
W<< action: ;W[bi] , ac: 1824
W<< action: ;W[bh] , ac: 1312
W<< action: ;W[bg] , ac: 1122
W<< action: ;W[bf] , ac: 1210
W<< action: ;W[be] , ac: 1077
W<< action: ;W[bd] , ac: 1428
W<< action: ;W[bc] , ac: 1485
W<< action: ;W[bb] , ac: 937
W<< action: ;W[ba] , ac: 1404
W<< action: ;W[ci] , ac: 1283
W<< action: ;W[ch] , ac: 1267
W<< action: ;W[cg] , ac: 1683
W<< action: ;W[cf] , ac: 1356
W<< action: ;W[ce] , ac: 1661
W<< action: ;W[cd] , ac: 1370
W<< action: ;W[cc] , ac: 1377
W<< action: ;W[cb] , ac: 1154
W<< action: ;W[ca] , ac: 1165
W<< action: ;W[di] , ac: 1234
W<< action: ;W[dh] , ac: 1387
W<< action: ;W[dg] , ac: 1444
W<< action: ;W[dc] , ac: 1783
W<< action: ;W[db] , ac: 1468
W<< action: ;W[ei] , ac: 1254
W<< action: ;W[eh] , ac: 1044
W<< action: ;W[eg] , ac: 1589
W<< action: ;W[ec] , ac: 2088
W<< action: ;W[eb] , ac: 1248
W<< action: ;W[ea] , ac: 1089
W<< action: ;W[fi] , ac: 1165
W<< action: ;W[fh] , ac: 1308
W<< action: ;W[fg] , ac: 1461
W<< action: ;W[fc] , ac: 1036
W<< action: ;W[fb] , ac: 1407
W<< action: ;W[fa] , ac: 1375
W<< action: ;W[gi] , ac: 1142
W<< action: ;W[gh] , ac: 1816
W<< action: ;W[gg] , ac: 1366
W<< action: ;W[gf] , ac: 1446
W<< action: ;W[ge] , ac: 1252
W<< action: ;W[gd] , ac: 1164
W<< action: ;W[gc] , ac: 1202
W<< action: ;W[gb] , ac: 1416
W<< action: ;W[ga] , ac: 1181
W<< action: ;W[hi] , ac: 1821
W<< action: ;W[hh] , ac: 1369
W<< action: ;W[hg] , ac: 821
W<< action: ;W[hf] , ac: 1267
W<< action: ;W[he] , ac: 1076
W<< action: ;W[hd] , ac: 1251
W<< action: ;W[hc] , ac: 982
W<< action: ;W[hb] , ac: 1663
W<< action: ;W[ha] , ac: 1278
W<< action: ;W[ii] , ac: 1856
W<< action: ;W[ih] , ac: 1585
W<< action: ;W[ig] , ac: 1283
W<< action: ;W[if] , ac: 1997
W<< action: ;W[ie] , ac: 1480
W<< action: ;W[id] , ac: 1133
W<< action: ;W[ic] , ac: 1424
W<< action: ;W[ib] , ac: 1386
W<< = E7
W<< 
B>> play W E7
B<< = 
B<< 
B>> genmove b
B<< MCTS: 12001 simulation done, duration: 1338
B<< MCTS: 12001 simulation done, duration: 1401
B<< MCTS: 12001 simulation done, duration: 1435
B<< MCTS: 12001 simulation done, duration: 1436
B<< MCTS: 12001 simulation done, duration: 1437
B<< MCTS: 12001 simulation done, duration: 1440
B<< MCTS: 12001 simulation done, duration: 1442
B<< MCTS: 12001 simulation done, duration: 1450
B<< action: ;B[ai] , ac: 2148
B<< action: ;B[ah] , ac: 1191
B<< action: ;B[ag] , ac: 1669
B<< action: ;B[af] , ac: 1145
B<< action: ;B[ae] , ac: 1426
B<< action: ;B[ac] , ac: 1159
B<< action: ;B[ab] , ac: 1912
B<< action: ;B[aa] , ac: 1254
B<< action: ;B[bi] , ac: 1627
B<< action: ;B[bh] , ac: 1274
B<< action: ;B[bg] , ac: 1029
B<< action: ;B[bf] , ac: 1299
B<< action: ;B[be] , ac: 1528
B<< action: ;B[bd] , ac: 1095
B<< action: ;B[bc] , ac: 1308
B<< action: ;B[bb] , ac: 1737
B<< action: ;B[ba] , ac: 1495
B<< action: ;B[ci] , ac: 1276
B<< action: ;B[ch] , ac: 1470
B<< action: ;B[cg] , ac: 1455
B<< action: ;B[cf] , ac: 2254
B<< action: ;B[ce] , ac: 1308
B<< action: ;B[cd] , ac: 1735
B<< action: ;B[cc] , ac: 1132
B<< action: ;B[cb] , ac: 1149
B<< action: ;B[ca] , ac: 1149
B<< action: ;B[di] , ac: 1764
B<< action: ;B[dh] , ac: 1263
B<< action: ;B[dg] , ac: 1523
B<< action: ;B[dc] , ac: 1288
B<< action: ;B[db] , ac: 856
B<< action: ;B[ei] , ac: 1521
B<< action: ;B[eh] , ac: 1563
B<< action: ;B[eg] , ac: 1321
B<< action: ;B[eb] , ac: 1382
B<< action: ;B[ea] , ac: 1481
B<< action: ;B[fi] , ac: 1950
B<< action: ;B[fh] , ac: 1020
B<< action: ;B[fg] , ac: 1360
B<< action: ;B[fc] , ac: 1541
B<< action: ;B[fb] , ac: 1308
B<< action: ;B[fa] , ac: 1494
B<< action: ;B[gi] , ac: 1677
B<< action: ;B[gh] , ac: 968
B<< action: ;B[gg] , ac: 1432
B<< action: ;B[gf] , ac: 1342
B<< action: ;B[ge] , ac: 1785
B<< action: ;B[gd] , ac: 1384
B<< action: ;B[gc] , ac: 1726
B<< action: ;B[gb] , ac: 1082
B<< action: ;B[ga] , ac: 1485
B<< action: ;B[hi] , ac: 1380
B<< action: ;B[hh] , ac: 1427
B<< action: ;B[hg] , ac: 1364
B<< action: ;B[hf] , ac: 1390
B<< action: ;B[he] , ac: 1326
B<< action: ;B[hd] , ac: 1342
B<< action: ;B[hc] , ac: 732
B<< action: ;B[hb] , ac: 1602
B<< action: ;B[ha] , ac: 1123
B<< action: ;B[ii] , ac: 1593
B<< action: ;B[ih] , ac: 1289
B<< action: ;B[ig] , ac: 1305
B<< action: ;B[if] , ac: 1824
B<< action: ;B[ie] , ac: 1453
B<< action: ;B[id] , ac: 1107
B<< action: ;B[ic] , ac: 1530
B<< action: ;B[ib] , ac: 1481
B<< = C4
B<< 
W>> play B C4
W<< = 
W<< 
W>> genmove w
W<< MCTS: 12001 simulation done, duration: 1203
W<< MCTS: 12001 simulation done, duration: 1207
W<< MCTS: 12001 simulation done, duration: 1210
W<< MCTS: 12001 simulation done, duration: 1213
W<< MCTS: 12001 simulation done, duration: 1224
W<< MCTS: 12001 simulation done, duration: 1226
W<< MCTS: 12001 simulation done, duration: 1228
W<< MCTS: 12001 simulation done, duration: 1232
W<< action: ;W[ai] , ac: 1673
W<< action: ;W[ah] , ac: 1440
W<< action: ;W[ag] , ac: 1542
W<< action: ;W[af] , ac: 1454
W<< action: ;W[ae] , ac: 1289
W<< action: ;W[ac] , ac: 1930
W<< action: ;W[ab] , ac: 1606
W<< action: ;W[aa] , ac: 1613
W<< action: ;W[bi] , ac: 1358
W<< action: ;W[bh] , ac: 1829
W<< action: ;W[bg] , ac: 1460
W<< action: ;W[bf] , ac: 1311
W<< action: ;W[be] , ac: 1295
W<< action: ;W[bd] , ac: 1247
W<< action: ;W[bc] , ac: 1483
W<< action: ;W[bb] , ac: 1837
W<< action: ;W[ba] , ac: 1414
W<< action: ;W[ci] , ac: 2241
W<< action: ;W[ch] , ac: 1382
W<< action: ;W[cg] , ac: 927
W<< action: ;W[ce] , ac: 1307
W<< action: ;W[cd] , ac: 1316
W<< action: ;W[cc] , ac: 1522
W<< action: ;W[cb] , ac: 1464
W<< action: ;W[ca] , ac: 1287
W<< action: ;W[di] , ac: 1998
W<< action: ;W[dh] , ac: 1635
W<< action: ;W[dg] , ac: 1639
W<< action: ;W[dc] , ac: 1050
W<< action: ;W[db] , ac: 1701
W<< action: ;W[ei] , ac: 1250
W<< action: ;W[eh] , ac: 1031
W<< action: ;W[eg] , ac: 1295
W<< action: ;W[eb] , ac: 1304
W<< action: ;W[ea] , ac: 1589
W<< action: ;W[fi] , ac: 1635
W<< action: ;W[fh] , ac: 1252
W<< action: ;W[fg] , ac: 1586
W<< action: ;W[fc] , ac: 1116
W<< action: ;W[fb] , ac: 1337
W<< action: ;W[fa] , ac: 1711
W<< action: ;W[gi] , ac: 1583
W<< action: ;W[gh] , ac: 1263
W<< action: ;W[gg] , ac: 1566
W<< action: ;W[gf] , ac: 1202
W<< action: ;W[ge] , ac: 1707
W<< action: ;W[gd] , ac: 1579
W<< action: ;W[gc] , ac: 1163
W<< action: ;W[gb] , ac: 1246
W<< action: ;W[ga] , ac: 1045
W<< action: ;W[hi] , ac: 1872
W<< action: ;W[hh] , ac: 1207
W<< action: ;W[hg] , ac: 928
W<< action: ;W[hf] , ac: 1500
W<< action: ;W[he] , ac: 1422
W<< action: ;W[hd] , ac: 1093
W<< action: ;W[hc] , ac: 1309
W<< action: ;W[hb] , ac: 1352
W<< action: ;W[ha] , ac: 1982
W<< action: ;W[ii] , ac: 998
W<< action: ;W[ih] , ac: 1709
W<< action: ;W[ig] , ac: 1576
W<< action: ;W[if] , ac: 1025
W<< action: ;W[ie] , ac: 1540
W<< action: ;W[id] , ac: 1060
W<< action: ;W[ic] , ac: 1235
W<< action: ;W[ib] , ac: 1490
W<< = C1
W<< 
B>> play W C1
B<< = 
B<< 
B>> genmove b
B<< MCTS: 12001 simulation done, duration: 1339
B<< MCTS: 12001 simulation done, duration: 1380
B<< MCTS: 12001 simulation done, duration: 1380
B<< MCTS: 12001 simulation done, duration: 1423
B<< MCTS: 12001 simulation done, duration: 1431
B<< MCTS: 12001 simulation done, duration: 1431
B<< MCTS: 12001 simulation done, duration: 1432
B<< MCTS: 12001 simulation done, duration: 1435
B<< action: ;B[ai] , ac: 1800
B<< action: ;B[ah] , ac: 1522
B<< action: ;B[ag] , ac: 1325
B<< action: ;B[af] , ac: 1709
B<< action: ;B[ae] , ac: 1346
B<< action: ;B[ac] , ac: 1416
B<< action: ;B[ab] , ac: 1701
B<< action: ;B[aa] , ac: 1914
B<< action: ;B[bi] , ac: 1868
B<< action: ;B[bh] , ac: 1459
B<< action: ;B[bg] , ac: 1193
B<< action: ;B[bf] , ac: 1429
B<< action: ;B[be] , ac: 1837
B<< action: ;B[bd] , ac: 1120
B<< action: ;B[bc] , ac: 1572
B<< action: ;B[bb] , ac: 1154
B<< action: ;B[ba] , ac: 1308
B<< action: ;B[ch] , ac: 1609
B<< action: ;B[cg] , ac: 1309
B<< action: ;B[ce] , ac: 1281
B<< action: ;B[cd] , ac: 1609
B<< action: ;B[cc] , ac: 1704
B<< action: ;B[cb] , ac: 1072
B<< action: ;B[ca] , ac: 1436
B<< action: ;B[di] , ac: 1276
B<< action: ;B[dh] , ac: 1977
B<< action: ;B[dg] , ac: 1296
B<< action: ;B[dc] , ac: 1556
B<< action: ;B[db] , ac: 1327
B<< action: ;B[ei] , ac: 1814
B<< action: ;B[eh] , ac: 1112
B<< action: ;B[eg] , ac: 1331
B<< action: ;B[eb] , ac: 1552
B<< action: ;B[ea] , ac: 1736
B<< action: ;B[fi] , ac: 1783
B<< action: ;B[fh] , ac: 1735
B<< action: ;B[fg] , ac: 982
B<< action: ;B[fc] , ac: 1634
B<< action: ;B[fb] , ac: 1246
B<< action: ;B[fa] , ac: 1421
B<< action: ;B[gi] , ac: 1422
B<< action: ;B[gh] , ac: 1308
B<< action: ;B[gg] , ac: 1570
B<< action: ;B[gf] , ac: 1282
B<< action: ;B[ge] , ac: 1923
B<< action: ;B[gd] , ac: 1879
B<< action: ;B[gc] , ac: 1498
B<< action: ;B[gb] , ac: 949
B<< action: ;B[ga] , ac: 1712
B<< action: ;B[hi] , ac: 1022
B<< action: ;B[hh] , ac: 1371
B<< action: ;B[hg] , ac: 1392
B<< action: ;B[hf] , ac: 980
B<< action: ;B[he] , ac: 1383
B<< action: ;B[hd] , ac: 1098
B<< action: ;B[hc] , ac: 1400
B<< action: ;B[hb] , ac: 1527
B<< action: ;B[ha] , ac: 1455
B<< action: ;B[ii] , ac: 1484
B<< action: ;B[ih] , ac: 1330
B<< action: ;B[ig] , ac: 1924
B<< action: ;B[if] , ac: 1293
B<< action: ;B[ie] , ac: 1257
B<< action: ;B[id] , ac: 1545
B<< action: ;B[ic] , ac: 1329
B<< action: ;B[ib] , ac: 1204
B<< = D2
B<< 
W>> play B D2
W<< = 
W<< 
W>> genmove w
W<< MCTS: 12001 simulation done, duration: 1170
W<< MCTS: 12001 simulation done, duration: 1171
W<< MCTS: 12001 simulation done, duration: 1189
W<< MCTS: 12001 simulation done, duration: 1190
W<< MCTS: 12001 simulation done, duration: 1193
W<< MCTS: 12001 simulation done, duration: 1197
W<< MCTS: 12001 simulation done, duration: 1300
W<< MCTS: 12001 simulation done, duration: 1311
W<< action: ;W[ai] , ac: 1231
W<< action: ;W[ah] , ac: 1898
W<< action: ;W[ag] , ac: 1255
W<< action: ;W[af] , ac: 1731
W<< action: ;W[ae] , ac: 1616
W<< action: ;W[ac] , ac: 1816
W<< action: ;W[ab] , ac: 1517
W<< action: ;W[aa] , ac: 2041
W<< action: ;W[bi] , ac: 1207
W<< action: ;W[bh] , ac: 1613
W<< action: ;W[bg] , ac: 1212
W<< action: ;W[bf] , ac: 914
W<< action: ;W[be] , ac: 1625
W<< action: ;W[bd] , ac: 1148
W<< action: ;W[bc] , ac: 1417
W<< action: ;W[bb] , ac: 1068
W<< action: ;W[ba] , ac: 1753
W<< action: ;W[ch] , ac: 1275
W<< action: ;W[cg] , ac: 1336
W<< action: ;W[ce] , ac: 2169
W<< action: ;W[cd] , ac: 1819
W<< action: ;W[cc] , ac: 1690
W<< action: ;W[cb] , ac: 1554
W<< action: ;W[ca] , ac: 1365
W<< action: ;W[di] , ac: 1409
W<< action: ;W[dg] , ac: 1191
W<< action: ;W[dc] , ac: 1259
W<< action: ;W[db] , ac: 1138
W<< action: ;W[ei] , ac: 1255
W<< action: ;W[eh] , ac: 1441
W<< action: ;W[eg] , ac: 1331
W<< action: ;W[eb] , ac: 1436
W<< action: ;W[ea] , ac: 806
W<< action: ;W[fi] , ac: 1640
W<< action: ;W[fh] , ac: 1650
W<< action: ;W[fg] , ac: 2162
W<< action: ;W[fc] , ac: 1526
W<< action: ;W[fb] , ac: 1428
W<< action: ;W[fa] , ac: 1459
W<< action: ;W[gi] , ac: 1170
W<< action: ;W[gh] , ac: 1297
W<< action: ;W[gg] , ac: 1149
W<< action: ;W[gf] , ac: 1195
W<< action: ;W[ge] , ac: 1787
W<< action: ;W[gd] , ac: 1386
W<< action: ;W[gc] , ac: 1755
W<< action: ;W[gb] , ac: 1467
W<< action: ;W[ga] , ac: 1234
W<< action: ;W[hi] , ac: 1040
W<< action: ;W[hh] , ac: 1763
W<< action: ;W[hg] , ac: 1164
W<< action: ;W[hf] , ac: 1217
W<< action: ;W[he] , ac: 1041
W<< action: ;W[hd] , ac: 1242
W<< action: ;W[hc] , ac: 1555
W<< action: ;W[hb] , ac: 1894
W<< action: ;W[ha] , ac: 1429
W<< action: ;W[ii] , ac: 2362
W<< action: ;W[ih] , ac: 1584
W<< action: ;W[ig] , ac: 1539
W<< action: ;W[if] , ac: 1204
W<< action: ;W[ie] , ac: 1788
W<< action: ;W[id] , ac: 2045
W<< action: ;W[ic] , ac: 1650
W<< action: ;W[ib] , ac: 1650
W<< = J1
W<< 
B>> play W J1
B<< = 
B<< 
B>> genmove b
B<< MCTS: 12001 simulation done, duration: 1298
B<< MCTS: 12001 simulation done, duration: 1340
B<< MCTS: 12001 simulation done, duration: 1392
B<< MCTS: 12001 simulation done, duration: 1393
B<< MCTS: 12001 simulation done, duration: 1395
B<< MCTS: 12001 simulation done, duration: 1395
B<< MCTS: 12001 simulation done, duration: 1403
B<< MCTS: 12001 simulation done, duration: 1416
B<< action: ;B[ai] , ac: 1504
B<< action: ;B[ah] , ac: 1464
B<< action: ;B[ag] , ac: 1936
B<< action: ;B[af] , ac: 1301
B<< action: ;B[ae] , ac: 1242
B<< action: ;B[ac] , ac: 1396
B<< action: ;B[ab] , ac: 1318
B<< action: ;B[aa] , ac: 1906
B<< action: ;B[bi] , ac: 1705
B<< action: ;B[bh] , ac: 1630
B<< action: ;B[bg] , ac: 1151
B<< action: ;B[bf] , ac: 1655
B<< action: ;B[be] , ac: 1464
B<< action: ;B[bd] , ac: 1149
B<< action: ;B[bc] , ac: 1424
B<< action: ;B[bb] , ac: 1485
B<< action: ;B[ba] , ac: 1884
B<< action: ;B[ch] , ac: 1231
B<< action: ;B[cg] , ac: 1460
B<< action: ;B[ce] , ac: 1469
B<< action: ;B[cd] , ac: 1534
B<< action: ;B[cc] , ac: 1660
B<< action: ;B[cb] , ac: 1759
B<< action: ;B[ca] , ac: 1857
B<< action: ;B[di] , ac: 1541
B<< action: ;B[dg] , ac: 1110
B<< action: ;B[dc] , ac: 1229
B<< action: ;B[db] , ac: 1789
B<< action: ;B[ei] , ac: 1769
B<< action: ;B[eh] , ac: 1556
B<< action: ;B[eg] , ac: 1796
B<< action: ;B[eb] , ac: 1410
B<< action: ;B[ea] , ac: 1223
B<< action: ;B[fi] , ac: 2095
B<< action: ;B[fh] , ac: 1890
B<< action: ;B[fg] , ac: 1414
B<< action: ;B[fc] , ac: 1224
B<< action: ;B[fb] , ac: 1261
B<< action: ;B[fa] , ac: 1559
B<< action: ;B[gi] , ac: 1869
B<< action: ;B[gh] , ac: 1420
B<< action: ;B[gg] , ac: 1415
B<< action: ;B[gf] , ac: 1578
B<< action: ;B[ge] , ac: 1652
B<< action: ;B[gd] , ac: 1296
B<< action: ;B[gc] , ac: 1534
B<< action: ;B[gb] , ac: 1144
B<< action: ;B[ga] , ac: 1401
B<< action: ;B[hi] , ac: 1085
B<< action: ;B[hh] , ac: 1379
B<< action: ;B[hg] , ac: 1364
B<< action: ;B[hf] , ac: 1401
B<< action: ;B[he] , ac: 1285
B<< action: ;B[hd] , ac: 1341
B<< action: ;B[hc] , ac: 1465
B<< action: ;B[hb] , ac: 1422
B<< action: ;B[ha] , ac: 1363
B<< action: ;B[ih] , ac: 1871
B<< action: ;B[ig] , ac: 1154
B<< action: ;B[if] , ac: 1788
B<< action: ;B[ie] , ac: 1342
B<< action: ;B[id] , ac: 1706
B<< action: ;B[ic] , ac: 1834
B<< action: ;B[ib] , ac: 1449
B<< = F1
B<< 
W>> play B F1
W<< = 
W<< 
W>> genmove w
W<< MCTS: 12001 simulation done, duration: 1183
W<< MCTS: 12001 simulation done, duration: 1185
W<< MCTS: 12001 simulation done, duration: 1190
W<< MCTS: 12001 simulation done, duration: 1198
W<< MCTS: 12001 simulation done, duration: 1199
W<< MCTS: 12001 simulation done, duration: 1199
W<< MCTS: 12001 simulation done, duration: 1223
W<< MCTS: 12001 simulation done, duration: 1225
W<< action: ;W[ai] , ac: 1669
W<< action: ;W[ah] , ac: 1583
W<< action: ;W[ag] , ac: 1822
W<< action: ;W[af] , ac: 1842
W<< action: ;W[ae] , ac: 1673
W<< action: ;W[ac] , ac: 1549
W<< action: ;W[ab] , ac: 1534
W<< action: ;W[aa] , ac: 1832
W<< action: ;W[bi] , ac: 1079
W<< action: ;W[bh] , ac: 1788
W<< action: ;W[bg] , ac: 1576
W<< action: ;W[bf] , ac: 1203
W<< action: ;W[be] , ac: 1983
W<< action: ;W[bd] , ac: 1355
W<< action: ;W[bc] , ac: 1909
W<< action: ;W[bb] , ac: 1765
W<< action: ;W[ba] , ac: 1779
W<< action: ;W[ch] , ac: 1116
W<< action: ;W[cg] , ac: 1744
W<< action: ;W[ce] , ac: 1309
W<< action: ;W[cd] , ac: 1158
W<< action: ;W[cc] , ac: 1695
W<< action: ;W[cb] , ac: 1840
W<< action: ;W[ca] , ac: 1422
W<< action: ;W[di] , ac: 1456
W<< action: ;W[dg] , ac: 1533
W<< action: ;W[dc] , ac: 1410
W<< action: ;W[db] , ac: 1354
W<< action: ;W[ei] , ac: 1996
W<< action: ;W[eh] , ac: 1572
W<< action: ;W[eg] , ac: 1796
W<< action: ;W[eb] , ac: 1149
W<< action: ;W[ea] , ac: 1141
W<< action: ;W[fh] , ac: 1552
W<< action: ;W[fg] , ac: 1842
W<< action: ;W[fc] , ac: 1304
W<< action: ;W[fb] , ac: 1325
W<< action: ;W[fa] , ac: 1399
W<< action: ;W[gi] , ac: 1384
W<< action: ;W[gh] , ac: 1496
W<< action: ;W[gg] , ac: 1422
W<< action: ;W[gf] , ac: 1751
W<< action: ;W[ge] , ac: 1659
W<< action: ;W[gd] , ac: 1825
W<< action: ;W[gc] , ac: 1252
W<< action: ;W[gb] , ac: 1226
W<< action: ;W[ga] , ac: 1981
W<< action: ;W[hi] , ac: 1095
W<< action: ;W[hh] , ac: 1709
W<< action: ;W[hg] , ac: 1118
W<< action: ;W[hf] , ac: 1201
W<< action: ;W[he] , ac: 1164
W<< action: ;W[hd] , ac: 1558
W<< action: ;W[hc] , ac: 1772
W<< action: ;W[hb] , ac: 1503
W<< action: ;W[ha] , ac: 1349
W<< action: ;W[ih] , ac: 1199
W<< action: ;W[ig] , ac: 1844
W<< action: ;W[if] , ac: 1717
W<< action: ;W[ie] , ac: 1197
W<< action: ;W[id] , ac: 1676
W<< action: ;W[ic] , ac: 1402
W<< action: ;W[ib] , ac: 1454
W<< = E1
W<< 
B>> play W E1
B<< = 
B<< 
B>> genmove b
B<< MCTS: 12001 simulation done, duration: 1232
B<< MCTS: 12001 simulation done, duration: 1318
B<< MCTS: 12001 simulation done, duration: 1353
B<< MCTS: 12001 simulation done, duration: 1389
B<< MCTS: 12001 simulation done, duration: 1391
B<< MCTS: 12001 simulation done, duration: 1395
B<< MCTS: 12001 simulation done, duration: 1395
B<< MCTS: 12001 simulation done, duration: 1398
B<< action: ;B[ai] , ac: 1617
B<< action: ;B[ah] , ac: 1273
B<< action: ;B[ag] , ac: 2178
B<< action: ;B[af] , ac: 2194
B<< action: ;B[ae] , ac: 1118
B<< action: ;B[ac] , ac: 1241
B<< action: ;B[ab] , ac: 2306
B<< action: ;B[aa] , ac: 1530
B<< action: ;B[bi] , ac: 1353
B<< action: ;B[bh] , ac: 1400
B<< action: ;B[bg] , ac: 1317
B<< action: ;B[bf] , ac: 1439
B<< action: ;B[be] , ac: 1940
B<< action: ;B[bd] , ac: 1370
B<< action: ;B[bc] , ac: 1518
B<< action: ;B[bb] , ac: 1247
B<< action: ;B[ba] , ac: 1295
B<< action: ;B[ch] , ac: 1870
B<< action: ;B[cg] , ac: 1304
B<< action: ;B[ce] , ac: 1333
B<< action: ;B[cd] , ac: 1621
B<< action: ;B[cc] , ac: 1578
B<< action: ;B[cb] , ac: 1492
B<< action: ;B[ca] , ac: 1807
B<< action: ;B[di] , ac: 1262
B<< action: ;B[dg] , ac: 1148
B<< action: ;B[dc] , ac: 1378
B<< action: ;B[db] , ac: 1812
B<< action: ;B[eh] , ac: 967
B<< action: ;B[eg] , ac: 1449
B<< action: ;B[eb] , ac: 1680
B<< action: ;B[ea] , ac: 1972
B<< action: ;B[fh] , ac: 1161
B<< action: ;B[fg] , ac: 1425
B<< action: ;B[fc] , ac: 2061
B<< action: ;B[fb] , ac: 1593
B<< action: ;B[fa] , ac: 1339
B<< action: ;B[gi] , ac: 1306
B<< action: ;B[gh] , ac: 1940
B<< action: ;B[gg] , ac: 1870
B<< action: ;B[gf] , ac: 1770
B<< action: ;B[ge] , ac: 1778
B<< action: ;B[gd] , ac: 1688
B<< action: ;B[gc] , ac: 1513
B<< action: ;B[gb] , ac: 1288
B<< action: ;B[ga] , ac: 1573
B<< action: ;B[hi] , ac: 1780
B<< action: ;B[hh] , ac: 1445
B<< action: ;B[hg] , ac: 1866
B<< action: ;B[hf] , ac: 1126
B<< action: ;B[he] , ac: 1913
B<< action: ;B[hd] , ac: 1585
B<< action: ;B[hc] , ac: 1335
B<< action: ;B[hb] , ac: 1200
B<< action: ;B[ha] , ac: 1100
B<< action: ;B[ih] , ac: 1982
B<< action: ;B[ig] , ac: 1697
B<< action: ;B[if] , ac: 1118
B<< action: ;B[ie] , ac: 1553
B<< action: ;B[id] , ac: 1844
B<< action: ;B[ic] , ac: 1519
B<< action: ;B[ib] , ac: 1631
B<< = A8
B<< 
W>> play B A8
W<< = 
W<< 
W>> genmove w
W<< MCTS: 12001 simulation done, duration: 1209
W<< MCTS: 12001 simulation done, duration: 1210
W<< MCTS: 12001 simulation done, duration: 1222
W<< MCTS: 12001 simulation done, duration: 1232
W<< MCTS: 12001 simulation done, duration: 1241
W<< MCTS: 12001 simulation done, duration: 1247
W<< MCTS: 12001 simulation done, duration: 1390
W<< MCTS: 12001 simulation done, duration: 1445
W<< action: ;W[ai] , ac: 3008
W<< action: ;W[ah] , ac: 1416
W<< action: ;W[ag] , ac: 1582
W<< action: ;W[af] , ac: 1755
W<< action: ;W[ae] , ac: 1517
W<< action: ;W[ac] , ac: 2092
W<< action: ;W[aa] , ac: 2643
W<< action: ;W[bi] , ac: 994
W<< action: ;W[bh] , ac: 1511
W<< action: ;W[bg] , ac: 1863
W<< action: ;W[bf] , ac: 1376
W<< action: ;W[be] , ac: 1730
W<< action: ;W[bd] , ac: 1208
W<< action: ;W[bc] , ac: 2041
W<< action: ;W[bb] , ac: 1497
W<< action: ;W[ba] , ac: 2129
W<< action: ;W[ch] , ac: 1377
W<< action: ;W[cg] , ac: 1730
W<< action: ;W[ce] , ac: 1027
W<< action: ;W[cd] , ac: 1145
W<< action: ;W[cc] , ac: 1676
W<< action: ;W[cb] , ac: 1610
W<< action: ;W[ca] , ac: 1338
W<< action: ;W[di] , ac: 1198
W<< action: ;W[dg] , ac: 1684
W<< action: ;W[dc] , ac: 1562
W<< action: ;W[db] , ac: 1180
W<< action: ;W[eh] , ac: 930
W<< action: ;W[eg] , ac: 1384
W<< action: ;W[eb] , ac: 1256
W<< action: ;W[ea] , ac: 1158
W<< action: ;W[fh] , ac: 1187
W<< action: ;W[fg] , ac: 1543
W<< action: ;W[fc] , ac: 1427
W<< action: ;W[fb] , ac: 1843
W<< action: ;W[fa] , ac: 1378
W<< action: ;W[gi] , ac: 2345
W<< action: ;W[gh] , ac: 1532
W<< action: ;W[gg] , ac: 1664
W<< action: ;W[gf] , ac: 1384
W<< action: ;W[ge] , ac: 2041
W<< action: ;W[gd] , ac: 1764
W<< action: ;W[gc] , ac: 1933
W<< action: ;W[gb] , ac: 1546
W<< action: ;W[ga] , ac: 1446
W<< action: ;W[hi] , ac: 1243
W<< action: ;W[hh] , ac: 1534
W<< action: ;W[hg] , ac: 1558
W<< action: ;W[hf] , ac: 1715
W<< action: ;W[he] , ac: 1398
W<< action: ;W[hd] , ac: 1640
W<< action: ;W[hc] , ac: 1510
W<< action: ;W[hb] , ac: 1168
W<< action: ;W[ha] , ac: 1565
W<< action: ;W[ih] , ac: 951
W<< action: ;W[ig] , ac: 1845
W<< action: ;W[if] , ac: 1533
W<< action: ;W[ie] , ac: 1282
W<< action: ;W[id] , ac: 2284
W<< action: ;W[ic] , ac: 1661
W<< action: ;W[ib] , ac: 1471
W<< = A1
W<< 
B>> play W A1
B<< = 
B<< 
B>> genmove b
B<< MCTS: 12001 simulation done, duration: 1251
B<< MCTS: 12001 simulation done, duration: 1296
B<< MCTS: 12001 simulation done, duration: 1346
B<< MCTS: 12001 simulation done, duration: 1347
B<< MCTS: 12001 simulation done, duration: 1356
B<< MCTS: 12001 simulation done, duration: 1361
B<< MCTS: 12001 simulation done, duration: 1362
B<< MCTS: 12001 simulation done, duration: 1362
B<< action: ;B[ah] , ac: 2346
B<< action: ;B[ag] , ac: 1745
B<< action: ;B[af] , ac: 1883
B<< action: ;B[ae] , ac: 1325
B<< action: ;B[ac] , ac: 1097
B<< action: ;B[aa] , ac: 1553
B<< action: ;B[bi] , ac: 1068
B<< action: ;B[bh] , ac: 1459
B<< action: ;B[bg] , ac: 1732
B<< action: ;B[bf] , ac: 1161
B<< action: ;B[be] , ac: 1660
B<< action: ;B[bd] , ac: 2079
B<< action: ;B[bc] , ac: 2295
B<< action: ;B[bb] , ac: 1606
B<< action: ;B[ba] , ac: 1938
B<< action: ;B[ch] , ac: 1469
B<< action: ;B[cg] , ac: 1911
B<< action: ;B[ce] , ac: 1642
B<< action: ;B[cd] , ac: 1680
B<< action: ;B[cc] , ac: 2266
B<< action: ;B[cb] , ac: 1490
B<< action: ;B[ca] , ac: 1493
B<< action: ;B[di] , ac: 1292
B<< action: ;B[dg] , ac: 1463
B<< action: ;B[dc] , ac: 1637
B<< action: ;B[db] , ac: 1468
B<< action: ;B[eh] , ac: 925
B<< action: ;B[eg] , ac: 1743
B<< action: ;B[eb] , ac: 1654
B<< action: ;B[ea] , ac: 1486
B<< action: ;B[fh] , ac: 971
B<< action: ;B[fg] , ac: 2279
B<< action: ;B[fc] , ac: 1795
B<< action: ;B[fb] , ac: 1534
B<< action: ;B[fa] , ac: 1747
B<< action: ;B[gi] , ac: 1254
B<< action: ;B[gh] , ac: 1730
B<< action: ;B[gg] , ac: 1833
B<< action: ;B[gf] , ac: 1778
B<< action: ;B[ge] , ac: 1772
B<< action: ;B[gd] , ac: 1304
B<< action: ;B[gc] , ac: 1614
B<< action: ;B[gb] , ac: 1423
B<< action: ;B[ga] , ac: 1812
B<< action: ;B[hi] , ac: 1537
B<< action: ;B[hh] , ac: 1578
B<< action: ;B[hg] , ac: 1748
B<< action: ;B[hf] , ac: 1641
B<< action: ;B[he] , ac: 1341
B<< action: ;B[hd] , ac: 1151
B<< action: ;B[hc] , ac: 1148
B<< action: ;B[hb] , ac: 1601
B<< action: ;B[ha] , ac: 1506
B<< action: ;B[ih] , ac: 1932
B<< action: ;B[ig] , ac: 1639
B<< action: ;B[if] , ac: 1664
B<< action: ;B[ie] , ac: 1262
B<< action: ;B[id] , ac: 1661
B<< action: ;B[ic] , ac: 1902
B<< action: ;B[ib] , ac: 1285
B<< = A2
B<< 
W>> play B A2
W<< = 
W<< 
W>> genmove w
W<< MCTS: 12001 simulation done, duration: 1122
W<< MCTS: 12001 simulation done, duration: 1127
W<< MCTS: 12001 simulation done, duration: 1131
W<< MCTS: 12001 simulation done, duration: 1135
W<< MCTS: 12001 simulation done, duration: 1145
W<< MCTS: 12001 simulation done, duration: 1147
W<< MCTS: 12001 simulation done, duration: 1148
W<< MCTS: 12001 simulation done, duration: 1154
W<< action: ;W[ag] , ac: 1651
W<< action: ;W[af] , ac: 1472
W<< action: ;W[ae] , ac: 1345
W<< action: ;W[ac] , ac: 2362
W<< action: ;W[aa] , ac: 2820
W<< action: ;W[bi] , ac: 1130
W<< action: ;W[bh] , ac: 1581
W<< action: ;W[bg] , ac: 1492
W<< action: ;W[bf] , ac: 1472
W<< action: ;W[be] , ac: 1622
W<< action: ;W[bd] , ac: 1951
W<< action: ;W[bc] , ac: 1883
W<< action: ;W[bb] , ac: 1714
W<< action: ;W[ba] , ac: 1998
W<< action: ;W[ch] , ac: 1195
W<< action: ;W[cg] , ac: 1162
W<< action: ;W[ce] , ac: 1988
W<< action: ;W[cd] , ac: 1636
W<< action: ;W[cc] , ac: 2026
W<< action: ;W[cb] , ac: 1871
W<< action: ;W[ca] , ac: 1136
W<< action: ;W[di] , ac: 1216
W<< action: ;W[dg] , ac: 1383
W<< action: ;W[dc] , ac: 1422
W<< action: ;W[db] , ac: 1615
W<< action: ;W[eh] , ac: 1379
W<< action: ;W[eg] , ac: 1568
W<< action: ;W[eb] , ac: 1578
W<< action: ;W[ea] , ac: 1207
W<< action: ;W[fh] , ac: 1013
W<< action: ;W[fg] , ac: 1635
W<< action: ;W[fc] , ac: 1471
W<< action: ;W[fb] , ac: 1405
W<< action: ;W[fa] , ac: 1962
W<< action: ;W[gi] , ac: 1658
W<< action: ;W[gh] , ac: 1308
W<< action: ;W[gg] , ac: 1806
W<< action: ;W[gf] , ac: 1558
W<< action: ;W[ge] , ac: 2018
W<< action: ;W[gd] , ac: 1701
W<< action: ;W[gc] , ac: 2004
W<< action: ;W[gb] , ac: 1210
W<< action: ;W[ga] , ac: 2317
W<< action: ;W[hi] , ac: 1254
W<< action: ;W[hh] , ac: 1395
W<< action: ;W[hg] , ac: 1408
W<< action: ;W[hf] , ac: 1684
W<< action: ;W[he] , ac: 1617
W<< action: ;W[hd] , ac: 1390
W<< action: ;W[hc] , ac: 1369
W<< action: ;W[hb] , ac: 1382
W<< action: ;W[ha] , ac: 1898
W<< action: ;W[ih] , ac: 1072
W<< action: ;W[ig] , ac: 2139
W<< action: ;W[if] , ac: 1916
W<< action: ;W[ie] , ac: 1857
W<< action: ;W[id] , ac: 1621
W<< action: ;W[ic] , ac: 2500
W<< action: ;W[ib] , ac: 1565
W<< = A9
W<< 
B>> play W A9
B<< = 
B<< 
B>> genmove b
B<< MCTS: 12001 simulation done, duration: 1219
B<< MCTS: 12001 simulation done, duration: 1281
B<< MCTS: 12001 simulation done, duration: 1331
B<< MCTS: 12001 simulation done, duration: 1332
B<< MCTS: 12001 simulation done, duration: 1344
B<< MCTS: 12001 simulation done, duration: 1346
B<< MCTS: 12001 simulation done, duration: 1351
B<< MCTS: 12001 simulation done, duration: 1353
B<< action: ;B[ag] , ac: 1548
B<< action: ;B[af] , ac: 2080
B<< action: ;B[ae] , ac: 1361
B<< action: ;B[ac] , ac: 1201
B<< action: ;B[bh] , ac: 1769
B<< action: ;B[bg] , ac: 1702
B<< action: ;B[bf] , ac: 1588
B<< action: ;B[be] , ac: 2346
B<< action: ;B[bd] , ac: 1237
B<< action: ;B[bc] , ac: 2542
B<< action: ;B[bb] , ac: 1054
B<< action: ;B[ch] , ac: 1072
B<< action: ;B[cg] , ac: 1710
B<< action: ;B[ce] , ac: 1230
B<< action: ;B[cd] , ac: 1992
B<< action: ;B[cc] , ac: 2014
B<< action: ;B[cb] , ac: 1658
B<< action: ;B[ca] , ac: 2334
B<< action: ;B[di] , ac: 1604
B<< action: ;B[dg] , ac: 1664
B<< action: ;B[dc] , ac: 2078
B<< action: ;B[db] , ac: 1211
B<< action: ;B[eh] , ac: 1165
B<< action: ;B[eg] , ac: 1945
B<< action: ;B[eb] , ac: 1633
B<< action: ;B[ea] , ac: 2071
B<< action: ;B[fh] , ac: 1368
B<< action: ;B[fg] , ac: 1503
B<< action: ;B[fc] , ac: 1534
B<< action: ;B[fb] , ac: 1549
B<< action: ;B[fa] , ac: 1995
B<< action: ;B[gi] , ac: 1174
B<< action: ;B[gh] , ac: 1787
B<< action: ;B[gg] , ac: 1891
B<< action: ;B[gf] , ac: 1444
B<< action: ;B[ge] , ac: 1697
B<< action: ;B[gd] , ac: 1870
B<< action: ;B[gc] , ac: 1603
B<< action: ;B[gb] , ac: 1830
B<< action: ;B[ga] , ac: 2034
B<< action: ;B[hi] , ac: 1716
B<< action: ;B[hh] , ac: 2096
B<< action: ;B[hg] , ac: 2092
B<< action: ;B[hf] , ac: 1747
B<< action: ;B[he] , ac: 1262
B<< action: ;B[hd] , ac: 1362
B<< action: ;B[hc] , ac: 1408
B<< action: ;B[hb] , ac: 2098
B<< action: ;B[ha] , ac: 1987
B<< action: ;B[ih] , ac: 1582
B<< action: ;B[ig] , ac: 1601
B<< action: ;B[if] , ac: 2282
B<< action: ;B[ie] , ac: 1638
B<< action: ;B[id] , ac: 2071
B<< action: ;B[ic] , ac: 2375
B<< action: ;B[ib] , ac: 1603
B<< = B7
B<< 
W>> play B B7
W<< = 
W<< 
W>> genmove w
W<< MCTS: 12001 simulation done, duration: 1122
W<< MCTS: 12001 simulation done, duration: 1128
W<< MCTS: 12001 simulation done, duration: 1134
W<< MCTS: 12001 simulation done, duration: 1148
W<< MCTS: 12001 simulation done, duration: 1152
W<< MCTS: 12001 simulation done, duration: 1152
W<< MCTS: 12001 simulation done, duration: 1158
W<< MCTS: 12001 simulation done, duration: 1161
W<< action: ;W[ag] , ac: 1895
W<< action: ;W[af] , ac: 1703
W<< action: ;W[ae] , ac: 2273
W<< action: ;W[bi] , ac: 1210
W<< action: ;W[bh] , ac: 1343
W<< action: ;W[bg] , ac: 1811
W<< action: ;W[bf] , ac: 1433
W<< action: ;W[be] , ac: 1316
W<< action: ;W[bd] , ac: 1999
W<< action: ;W[bb] , ac: 1595
W<< action: ;W[ba] , ac: 1071
W<< action: ;W[ch] , ac: 1811
W<< action: ;W[cg] , ac: 1442
W<< action: ;W[ce] , ac: 1943
W<< action: ;W[cd] , ac: 2070
W<< action: ;W[cc] , ac: 1805
W<< action: ;W[cb] , ac: 1752
W<< action: ;W[ca] , ac: 1811
W<< action: ;W[di] , ac: 939
W<< action: ;W[dg] , ac: 2218
W<< action: ;W[dc] , ac: 1093
W<< action: ;W[db] , ac: 1110
W<< action: ;W[eh] , ac: 1095
W<< action: ;W[eg] , ac: 1715
W<< action: ;W[eb] , ac: 1263
W<< action: ;W[ea] , ac: 1726
W<< action: ;W[fh] , ac: 2084
W<< action: ;W[fg] , ac: 2264
W<< action: ;W[fc] , ac: 1792
W<< action: ;W[fb] , ac: 1743
W<< action: ;W[fa] , ac: 1623
W<< action: ;W[gi] , ac: 1759
W<< action: ;W[gh] , ac: 1543
W<< action: ;W[gg] , ac: 1874
W<< action: ;W[gf] , ac: 1909
W<< action: ;W[ge] , ac: 2222
W<< action: ;W[gd] , ac: 1468
W<< action: ;W[gc] , ac: 2226
W<< action: ;W[gb] , ac: 2074
W<< action: ;W[ga] , ac: 2105
W<< action: ;W[hi] , ac: 1588
W<< action: ;W[hh] , ac: 1605
W<< action: ;W[hg] , ac: 1616
W<< action: ;W[hf] , ac: 1586
W<< action: ;W[he] , ac: 1589
W<< action: ;W[hd] , ac: 1815
W<< action: ;W[hc] , ac: 2226
W<< action: ;W[hb] , ac: 1496
W<< action: ;W[ha] , ac: 1752
W<< action: ;W[ih] , ac: 1753
W<< action: ;W[ig] , ac: 1504
W<< action: ;W[if] , ac: 2145
W<< action: ;W[ie] , ac: 1033
W<< action: ;W[id] , ac: 2149
W<< action: ;W[ic] , ac: 2251
W<< action: ;W[ib] , ac: 1772
W<< = A5
W<< 
B>> play W A5
B<< = 
B<< 
B>> genmove b
B<< MCTS: 12001 simulation done, duration: 1198
B<< MCTS: 12001 simulation done, duration: 1252
B<< MCTS: 12001 simulation done, duration: 1288
B<< MCTS: 12001 simulation done, duration: 1289
B<< MCTS: 12001 simulation done, duration: 1298
B<< MCTS: 12001 simulation done, duration: 1300
B<< MCTS: 12001 simulation done, duration: 1301
B<< MCTS: 12001 simulation done, duration: 1303
B<< action: ;B[ag] , ac: 2140
B<< action: ;B[af] , ac: 1922
B<< action: ;B[ac] , ac: 792
B<< action: ;B[bh] , ac: 2040
B<< action: ;B[bg] , ac: 2231
B<< action: ;B[bf] , ac: 1647
B<< action: ;B[be] , ac: 2092
B<< action: ;B[bd] , ac: 2090
B<< action: ;B[bb] , ac: 1564
B<< action: ;B[ch] , ac: 1948
B<< action: ;B[cg] , ac: 1394
B<< action: ;B[ce] , ac: 1431
B<< action: ;B[cd] , ac: 2331
B<< action: ;B[cc] , ac: 1488
B<< action: ;B[cb] , ac: 1930
B<< action: ;B[ca] , ac: 2227
B<< action: ;B[di] , ac: 1304
B<< action: ;B[dg] , ac: 1657
B<< action: ;B[dc] , ac: 1916
B<< action: ;B[db] , ac: 1834
B<< action: ;B[eh] , ac: 1546
B<< action: ;B[eg] , ac: 2424
B<< action: ;B[eb] , ac: 1695
B<< action: ;B[ea] , ac: 2485
B<< action: ;B[fh] , ac: 1558
B<< action: ;B[fg] , ac: 2435
B<< action: ;B[fc] , ac: 1797
B<< action: ;B[fb] , ac: 1346
B<< action: ;B[fa] , ac: 1596
B<< action: ;B[gi] , ac: 1041
B<< action: ;B[gh] , ac: 1743
B<< action: ;B[gg] , ac: 1301
B<< action: ;B[gf] , ac: 2313
B<< action: ;B[ge] , ac: 2357
B<< action: ;B[gd] , ac: 1820
B<< action: ;B[gc] , ac: 1809
B<< action: ;B[gb] , ac: 2033
B<< action: ;B[ga] , ac: 2462
B<< action: ;B[hi] , ac: 1501
B<< action: ;B[hh] , ac: 1722
B<< action: ;B[hg] , ac: 1770
B<< action: ;B[hf] , ac: 1582
B<< action: ;B[he] , ac: 1331
B<< action: ;B[hd] , ac: 1276
B<< action: ;B[hc] , ac: 1720
B<< action: ;B[hb] , ac: 1470
B<< action: ;B[ha] , ac: 1817
B<< action: ;B[ih] , ac: 1479
B<< action: ;B[ig] , ac: 1486
B<< action: ;B[if] , ac: 1940
B<< action: ;B[ie] , ac: 2306
B<< action: ;B[id] , ac: 2415
B<< action: ;B[ic] , ac: 1092
B<< action: ;B[ib] , ac: 1362
B<< = E9
B<< 
W>> play B E9
W<< = 
W<< 
W>> genmove w
W<< MCTS: 12001 simulation done, duration: 1044
W<< MCTS: 12001 simulation done, duration: 1047
W<< MCTS: 12001 simulation done, duration: 1062
W<< MCTS: 12001 simulation done, duration: 1065
W<< MCTS: 12001 simulation done, duration: 1067
W<< MCTS: 12001 simulation done, duration: 1074
W<< MCTS: 12001 simulation done, duration: 1141
W<< MCTS: 12001 simulation done, duration: 1159
W<< action: ;W[ag] , ac: 1862
W<< action: ;W[af] , ac: 1493
W<< action: ;W[bi] , ac: 1535
W<< action: ;W[bh] , ac: 1393
W<< action: ;W[bg] , ac: 1903
W<< action: ;W[bf] , ac: 1842
W<< action: ;W[be] , ac: 1565
W<< action: ;W[bd] , ac: 1930
W<< action: ;W[bb] , ac: 1966
W<< action: ;W[ba] , ac: 1379
W<< action: ;W[ch] , ac: 1835
W<< action: ;W[cg] , ac: 1318
W<< action: ;W[ce] , ac: 1858
W<< action: ;W[cd] , ac: 2415
W<< action: ;W[cc] , ac: 2999
W<< action: ;W[cb] , ac: 2177
W<< action: ;W[ca] , ac: 1823
W<< action: ;W[di] , ac: 1519
W<< action: ;W[dg] , ac: 2915
W<< action: ;W[dc] , ac: 1301
W<< action: ;W[db] , ac: 1367
W<< action: ;W[eh] , ac: 1123
W<< action: ;W[eg] , ac: 1735
W<< action: ;W[eb] , ac: 1576
W<< action: ;W[fh] , ac: 1770
W<< action: ;W[fg] , ac: 2094
W<< action: ;W[fc] , ac: 1464
W<< action: ;W[fb] , ac: 1428
W<< action: ;W[fa] , ac: 2578
W<< action: ;W[gi] , ac: 2283
W<< action: ;W[gh] , ac: 1574
W<< action: ;W[gg] , ac: 1801
W<< action: ;W[gf] , ac: 2083
W<< action: ;W[ge] , ac: 1809
W<< action: ;W[gd] , ac: 2137
W<< action: ;W[gc] , ac: 2274
W<< action: ;W[gb] , ac: 1442
W<< action: ;W[ga] , ac: 2010
W<< action: ;W[hi] , ac: 1748
W<< action: ;W[hh] , ac: 1151
W<< action: ;W[hg] , ac: 1559
W<< action: ;W[hf] , ac: 1674
W<< action: ;W[he] , ac: 1604
W<< action: ;W[hd] , ac: 1947
W<< action: ;W[hc] , ac: 1515
W<< action: ;W[hb] , ac: 1755
W<< action: ;W[ha] , ac: 1520
W<< action: ;W[ih] , ac: 1534
W<< action: ;W[ig] , ac: 1663
W<< action: ;W[if] , ac: 2572
W<< action: ;W[ie] , ac: 1381
W<< action: ;W[id] , ac: 2108
W<< action: ;W[ic] , ac: 1433
W<< action: ;W[ib] , ac: 1268
W<< = C7
W<< 
B>> play W C7
B<< = 
B<< 
B>> genmove b
B<< MCTS: 12001 simulation done, duration: 1170
B<< MCTS: 12001 simulation done, duration: 1237
B<< MCTS: 12001 simulation done, duration: 1239
B<< MCTS: 12001 simulation done, duration: 1266
B<< MCTS: 12001 simulation done, duration: 1266
B<< MCTS: 12001 simulation done, duration: 1267
B<< MCTS: 12001 simulation done, duration: 1272
B<< MCTS: 12001 simulation done, duration: 1275
B<< action: ;B[ag] , ac: 1320
B<< action: ;B[af] , ac: 1079
B<< action: ;B[ac] , ac: 1018
B<< action: ;B[bh] , ac: 1841
B<< action: ;B[bg] , ac: 2313
B<< action: ;B[bf] , ac: 1575
B<< action: ;B[be] , ac: 1996
B<< action: ;B[bd] , ac: 1604
B<< action: ;B[bb] , ac: 2148
B<< action: ;B[ch] , ac: 1756
B<< action: ;B[cg] , ac: 1475
B<< action: ;B[ce] , ac: 1572
B<< action: ;B[cd] , ac: 3067
B<< action: ;B[cb] , ac: 2121
B<< action: ;B[ca] , ac: 2319
B<< action: ;B[di] , ac: 1364
B<< action: ;B[dg] , ac: 1766
B<< action: ;B[dc] , ac: 2634
B<< action: ;B[db] , ac: 1933
B<< action: ;B[eh] , ac: 1776
B<< action: ;B[eg] , ac: 1251
B<< action: ;B[eb] , ac: 1384
B<< action: ;B[fh] , ac: 1521
B<< action: ;B[fg] , ac: 2338
B<< action: ;B[fc] , ac: 2151
B<< action: ;B[fb] , ac: 2352
B<< action: ;B[fa] , ac: 1192
B<< action: ;B[gi] , ac: 1238
B<< action: ;B[gh] , ac: 2056
B<< action: ;B[gg] , ac: 2371
B<< action: ;B[gf] , ac: 2012
B<< action: ;B[ge] , ac: 2155
B<< action: ;B[gd] , ac: 2240
B<< action: ;B[gc] , ac: 2199
B<< action: ;B[gb] , ac: 1906
B<< action: ;B[ga] , ac: 2003
B<< action: ;B[hi] , ac: 1786
B<< action: ;B[hh] , ac: 1897
B<< action: ;B[hg] , ac: 1624
B<< action: ;B[hf] , ac: 1837
B<< action: ;B[he] , ac: 1555
B<< action: ;B[hd] , ac: 1721
B<< action: ;B[hc] , ac: 1794
B<< action: ;B[hb] , ac: 2002
B<< action: ;B[ha] , ac: 1235
B<< action: ;B[ih] , ac: 1741
B<< action: ;B[ig] , ac: 2221
B<< action: ;B[if] , ac: 2268
B<< action: ;B[ie] , ac: 2441
B<< action: ;B[id] , ac: 1448
B<< action: ;B[ic] , ac: 1465
B<< action: ;B[ib] , ac: 1927
B<< = C6
B<< 
W>> play B C6
W<< = 
W<< 
W>> genmove w
W<< MCTS: 12001 simulation done, duration: 1010
W<< MCTS: 12001 simulation done, duration: 1018
W<< MCTS: 12001 simulation done, duration: 1020
W<< MCTS: 12001 simulation done, duration: 1036
W<< MCTS: 12001 simulation done, duration: 1046
W<< MCTS: 12001 simulation done, duration: 1062
W<< MCTS: 12001 simulation done, duration: 1280
W<< MCTS: 12001 simulation done, duration: 1290
W<< action: ;W[ag] , ac: 1966
W<< action: ;W[af] , ac: 1791
W<< action: ;W[bi] , ac: 1082
W<< action: ;W[bh] , ac: 1783
W<< action: ;W[bg] , ac: 1843
W<< action: ;W[bf] , ac: 1928
W<< action: ;W[be] , ac: 2660
W<< action: ;W[bd] , ac: 3435
W<< action: ;W[bb] , ac: 1885
W<< action: ;W[ba] , ac: 1391
W<< action: ;W[ch] , ac: 1367
W<< action: ;W[cg] , ac: 1767
W<< action: ;W[ce] , ac: 1792
W<< action: ;W[cb] , ac: 1132
W<< action: ;W[ca] , ac: 1579
W<< action: ;W[di] , ac: 1276
W<< action: ;W[dg] , ac: 2460
W<< action: ;W[dc] , ac: 1413
W<< action: ;W[db] , ac: 2219
W<< action: ;W[eh] , ac: 1338
W<< action: ;W[eg] , ac: 1721
W<< action: ;W[eb] , ac: 1586
W<< action: ;W[fh] , ac: 1878
W<< action: ;W[fg] , ac: 2109
W<< action: ;W[fc] , ac: 1707
W<< action: ;W[fb] , ac: 1780
W<< action: ;W[fa] , ac: 2975
W<< action: ;W[gi] , ac: 1709
W<< action: ;W[gh] , ac: 1754
W<< action: ;W[gg] , ac: 2563
W<< action: ;W[gf] , ac: 1981
W<< action: ;W[ge] , ac: 1924
W<< action: ;W[gd] , ac: 1720
W<< action: ;W[gc] , ac: 1806
W<< action: ;W[gb] , ac: 2071
W<< action: ;W[ga] , ac: 1795
W<< action: ;W[hi] , ac: 1065
W<< action: ;W[hh] , ac: 2109
W<< action: ;W[hg] , ac: 1515
W<< action: ;W[hf] , ac: 2195
W<< action: ;W[he] , ac: 1678
W<< action: ;W[hd] , ac: 1451
W<< action: ;W[hc] , ac: 1776
W<< action: ;W[hb] , ac: 1435
W<< action: ;W[ha] , ac: 1946
W<< action: ;W[ih] , ac: 1580
W<< action: ;W[ig] , ac: 1694
W<< action: ;W[if] , ac: 1905
W<< action: ;W[ie] , ac: 2752
W<< action: ;W[id] , ac: 1564
W<< action: ;W[ic] , ac: 2457
W<< action: ;W[ib] , ac: 1700
W<< = B6
W<< 
B>> play W B6
B<< = 
B<< 
B>> genmove b
B<< MCTS: 12001 simulation done, duration: 1107
B<< MCTS: 12001 simulation done, duration: 1180
B<< MCTS: 12001 simulation done, duration: 1204
B<< MCTS: 12001 simulation done, duration: 1226
B<< MCTS: 12001 simulation done, duration: 1228
B<< MCTS: 12001 simulation done, duration: 1229
B<< MCTS: 12001 simulation done, duration: 1235
B<< MCTS: 12001 simulation done, duration: 1240
B<< action: ;B[ag] , ac: 1639
B<< action: ;B[af] , ac: 2166
B<< action: ;B[ac] , ac: 1271
B<< action: ;B[bh] , ac: 1999
B<< action: ;B[bg] , ac: 2262
B<< action: ;B[bf] , ac: 2095
B<< action: ;B[bb] , ac: 2612
B<< action: ;B[ch] , ac: 1328
B<< action: ;B[cg] , ac: 1947
B<< action: ;B[ce] , ac: 1421
B<< action: ;B[cb] , ac: 1533
B<< action: ;B[ca] , ac: 1889
B<< action: ;B[di] , ac: 1957
B<< action: ;B[dg] , ac: 1695
B<< action: ;B[dc] , ac: 2644
B<< action: ;B[db] , ac: 1222
B<< action: ;B[eh] , ac: 1502
B<< action: ;B[eg] , ac: 1673
B<< action: ;B[eb] , ac: 1649
B<< action: ;B[fh] , ac: 1328
B<< action: ;B[fg] , ac: 2715
B<< action: ;B[fc] , ac: 2561
B<< action: ;B[fb] , ac: 2132
B<< action: ;B[fa] , ac: 2376
B<< action: ;B[gi] , ac: 1196
B<< action: ;B[gh] , ac: 1197
B<< action: ;B[gg] , ac: 2346
B<< action: ;B[gf] , ac: 1812
B<< action: ;B[ge] , ac: 2352
B<< action: ;B[gd] , ac: 2214
B<< action: ;B[gc] , ac: 1858
B<< action: ;B[gb] , ac: 2649
B<< action: ;B[ga] , ac: 2053
B<< action: ;B[hi] , ac: 1885
B<< action: ;B[hh] , ac: 1792
B<< action: ;B[hg] , ac: 1882
B<< action: ;B[hf] , ac: 1551
B<< action: ;B[he] , ac: 1698
B<< action: ;B[hd] , ac: 1771
B<< action: ;B[hc] , ac: 2035
B<< action: ;B[hb] , ac: 1842
B<< action: ;B[ha] , ac: 1552
B<< action: ;B[ih] , ac: 2281
B<< action: ;B[ig] , ac: 2043
B<< action: ;B[if] , ac: 3229
B<< action: ;B[ie] , ac: 2692
B<< action: ;B[id] , ac: 2303
B<< action: ;B[ic] , ac: 2817
B<< action: ;B[ib] , ac: 1342
B<< = J4
B<< 
W>> play B J4
W<< = 
W<< 
W>> genmove w
W<< MCTS: 12001 simulation done, duration: 994
W<< MCTS: 12001 simulation done, duration: 1004
W<< MCTS: 12001 simulation done, duration: 1013
W<< MCTS: 12001 simulation done, duration: 1014
W<< MCTS: 12001 simulation done, duration: 1017
W<< MCTS: 12001 simulation done, duration: 1019
W<< MCTS: 12001 simulation done, duration: 1036
W<< MCTS: 12001 simulation done, duration: 1055
W<< action: ;W[ag] , ac: 1756
W<< action: ;W[af] , ac: 1977
W<< action: ;W[bi] , ac: 1582
W<< action: ;W[bh] , ac: 1935
W<< action: ;W[bg] , ac: 1730
W<< action: ;W[bf] , ac: 1640
W<< action: ;W[be] , ac: 1444
W<< action: ;W[bb] , ac: 4877
W<< action: ;W[ba] , ac: 2263
W<< action: ;W[ch] , ac: 1458
W<< action: ;W[cg] , ac: 2116
W<< action: ;W[cb] , ac: 1589
W<< action: ;W[ca] , ac: 1171
W<< action: ;W[di] , ac: 1316
W<< action: ;W[dg] , ac: 2603
W<< action: ;W[dc] , ac: 1191
W<< action: ;W[db] , ac: 1463
W<< action: ;W[eh] , ac: 1182
W<< action: ;W[eg] , ac: 2442
W<< action: ;W[eb] , ac: 1454
W<< action: ;W[fh] , ac: 2040
W<< action: ;W[fg] , ac: 1811
W<< action: ;W[fc] , ac: 2022
W<< action: ;W[fb] , ac: 2363
W<< action: ;W[fa] , ac: 2379
W<< action: ;W[gi] , ac: 2433
W<< action: ;W[gh] , ac: 2115
W<< action: ;W[gg] , ac: 1805
W<< action: ;W[gf] , ac: 2179
W<< action: ;W[ge] , ac: 1946
W<< action: ;W[gd] , ac: 1700
W<< action: ;W[gc] , ac: 2258
W<< action: ;W[gb] , ac: 1949
W<< action: ;W[ga] , ac: 2553
W<< action: ;W[hi] , ac: 1610
W<< action: ;W[hh] , ac: 1971
W<< action: ;W[hg] , ac: 2046
W<< action: ;W[hf] , ac: 1616
W<< action: ;W[he] , ac: 1652
W<< action: ;W[hd] , ac: 1763
W<< action: ;W[hc] , ac: 1961
W<< action: ;W[hb] , ac: 1343
W<< action: ;W[ha] , ac: 2033
W<< action: ;W[ih] , ac: 1604
W<< action: ;W[ig] , ac: 2150
W<< action: ;W[ie] , ac: 2681
W<< action: ;W[id] , ac: 2159
W<< action: ;W[ic] , ac: 2509
W<< action: ;W[ib] , ac: 2168
W<< = B8
W<< 
B>> play W B8
B<< = 
B<< 
B>> genmove b
B<< MCTS: 12001 simulation done, duration: 1075
B<< MCTS: 12001 simulation done, duration: 1116
B<< MCTS: 12001 simulation done, duration: 1164
B<< MCTS: 12001 simulation done, duration: 1173
B<< MCTS: 12001 simulation done, duration: 1174
B<< MCTS: 12001 simulation done, duration: 1175
B<< MCTS: 12001 simulation done, duration: 1176
B<< MCTS: 12001 simulation done, duration: 1179
B<< action: ;B[ag] , ac: 1411
B<< action: ;B[af] , ac: 2658
B<< action: ;B[bh] , ac: 1552
B<< action: ;B[bg] , ac: 2952
B<< action: ;B[bf] , ac: 1481
B<< action: ;B[ch] , ac: 1258
B<< action: ;B[cg] , ac: 1775
B<< action: ;B[ce] , ac: 1482
B<< action: ;B[cb] , ac: 2392
B<< action: ;B[ca] , ac: 2661
B<< action: ;B[di] , ac: 1345
B<< action: ;B[dg] , ac: 1708
B<< action: ;B[dc] , ac: 1664
B<< action: ;B[db] , ac: 1753
B<< action: ;B[eh] , ac: 2131
B<< action: ;B[eg] , ac: 2580
B<< action: ;B[eb] , ac: 1842
B<< action: ;B[fh] , ac: 2068
B<< action: ;B[fg] , ac: 2626
B<< action: ;B[fc] , ac: 3063
B<< action: ;B[fb] , ac: 2416
B<< action: ;B[fa] , ac: 2153
B<< action: ;B[gi] , ac: 1744
B<< action: ;B[gh] , ac: 2594
B<< action: ;B[gg] , ac: 1895
B<< action: ;B[gf] , ac: 1899
B<< action: ;B[ge] , ac: 2754
B<< action: ;B[gd] , ac: 2111
B<< action: ;B[gc] , ac: 2700
B<< action: ;B[gb] , ac: 1896
B<< action: ;B[ga] , ac: 2731
B<< action: ;B[hi] , ac: 2131
B<< action: ;B[hh] , ac: 1876
B<< action: ;B[hg] , ac: 2665
B<< action: ;B[hf] , ac: 1510
B<< action: ;B[he] , ac: 2450
B<< action: ;B[hd] , ac: 1269
B<< action: ;B[hc] , ac: 2293
B<< action: ;B[hb] , ac: 2206
B<< action: ;B[ha] , ac: 1624
B<< action: ;B[ih] , ac: 1779
B<< action: ;B[ig] , ac: 2057
B<< action: ;B[ie] , ac: 1839
B<< action: ;B[id] , ac: 2153
B<< action: ;B[ic] , ac: 2818
B<< action: ;B[ib] , ac: 2043
B<< = F7
B<< 
W>> play B F7
W<< = 
W<< 
W>> genmove w
W<< MCTS: 12001 simulation done, duration: 972
W<< MCTS: 12001 simulation done, duration: 974
W<< MCTS: 12001 simulation done, duration: 986
W<< MCTS: 12001 simulation done, duration: 989
W<< MCTS: 12001 simulation done, duration: 999
W<< MCTS: 12001 simulation done, duration: 1011
W<< MCTS: 12001 simulation done, duration: 1017
W<< MCTS: 12001 simulation done, duration: 1066
W<< action: ;W[ag] , ac: 3489
W<< action: ;W[af] , ac: 1693
W<< action: ;W[bi] , ac: 1325
W<< action: ;W[bh] , ac: 1688
W<< action: ;W[bg] , ac: 1812
W<< action: ;W[bf] , ac: 2256
W<< action: ;W[be] , ac: 1798
W<< action: ;W[ba] , ac: 1295
W<< action: ;W[ch] , ac: 1778
W<< action: ;W[cg] , ac: 3025
W<< action: ;W[cb] , ac: 1552
W<< action: ;W[ca] , ac: 1782
W<< action: ;W[di] , ac: 1370
W<< action: ;W[dg] , ac: 2701
W<< action: ;W[dc] , ac: 1301
W<< action: ;W[db] , ac: 1557
W<< action: ;W[eh] , ac: 1254
W<< action: ;W[eg] , ac: 2263
W<< action: ;W[eb] , ac: 2121
W<< action: ;W[fh] , ac: 2485
W<< action: ;W[fg] , ac: 2106
W<< action: ;W[fb] , ac: 2184
W<< action: ;W[fa] , ac: 2237
W<< action: ;W[gi] , ac: 2223
W<< action: ;W[gh] , ac: 2542
W<< action: ;W[gg] , ac: 1979
W<< action: ;W[gf] , ac: 1905
W<< action: ;W[ge] , ac: 2379
W<< action: ;W[gd] , ac: 3063
W<< action: ;W[gc] , ac: 1943
W<< action: ;W[gb] , ac: 1540
W<< action: ;W[ga] , ac: 2183
W<< action: ;W[hi] , ac: 1992
W<< action: ;W[hh] , ac: 2254
W<< action: ;W[hg] , ac: 2404
W<< action: ;W[hf] , ac: 1470
W<< action: ;W[he] , ac: 1780
W<< action: ;W[hd] , ac: 2208
W<< action: ;W[hc] , ac: 1996
W<< action: ;W[hb] , ac: 2168
W<< action: ;W[ha] , ac: 2365
W<< action: ;W[ih] , ac: 1786
W<< action: ;W[ig] , ac: 1746
W<< action: ;W[ie] , ac: 1611
W<< action: ;W[id] , ac: 2616
W<< action: ;W[ic] , ac: 2660
W<< action: ;W[ib] , ac: 2123
W<< = A3
W<< 
B>> play W A3
B<< = 
B<< 
B>> genmove b
B<< MCTS: 12001 simulation done, duration: 1039
B<< MCTS: 12001 simulation done, duration: 1087
B<< MCTS: 12001 simulation done, duration: 1140
B<< MCTS: 12001 simulation done, duration: 1144
B<< MCTS: 12001 simulation done, duration: 1145
B<< MCTS: 12001 simulation done, duration: 1146
B<< MCTS: 12001 simulation done, duration: 1147
B<< MCTS: 12001 simulation done, duration: 1149
B<< action: ;B[af] , ac: 2211
B<< action: ;B[bh] , ac: 1466
B<< action: ;B[bg] , ac: 2747
B<< action: ;B[bf] , ac: 2487
B<< action: ;B[ch] , ac: 1774
B<< action: ;B[cg] , ac: 1740
B<< action: ;B[ce] , ac: 1435
B<< action: ;B[cb] , ac: 3618
B<< action: ;B[ca] , ac: 3170
B<< action: ;B[di] , ac: 1929
B<< action: ;B[dg] , ac: 1916
B<< action: ;B[dc] , ac: 1798
B<< action: ;B[db] , ac: 1926
B<< action: ;B[eh] , ac: 1786
B<< action: ;B[eg] , ac: 2542
B<< action: ;B[eb] , ac: 1673
B<< action: ;B[fh] , ac: 1478
B<< action: ;B[fg] , ac: 2688
B<< action: ;B[fb] , ac: 1490
B<< action: ;B[fa] , ac: 1927
B<< action: ;B[gi] , ac: 1249
B<< action: ;B[gh] , ac: 2833
B<< action: ;B[gg] , ac: 2232
B<< action: ;B[gf] , ac: 1921
B<< action: ;B[ge] , ac: 1928
B<< action: ;B[gd] , ac: 3068
B<< action: ;B[gc] , ac: 1790
B<< action: ;B[gb] , ac: 2121
B<< action: ;B[ga] , ac: 3477
B<< action: ;B[hi] , ac: 1975
B<< action: ;B[hh] , ac: 1846
B<< action: ;B[hg] , ac: 2216
B<< action: ;B[hf] , ac: 2170
B<< action: ;B[he] , ac: 2572
B<< action: ;B[hd] , ac: 2517
B<< action: ;B[hc] , ac: 2958
B<< action: ;B[hb] , ac: 2672
B<< action: ;B[ha] , ac: 1792
B<< action: ;B[ih] , ac: 1584
B<< action: ;B[ig] , ac: 2254
B<< action: ;B[ie] , ac: 1437
B<< action: ;B[id] , ac: 2989
B<< action: ;B[ic] , ac: 2880
B<< action: ;B[ib] , ac: 1726
B<< = C8
B<< 
W>> play B C8
W<< = 
W<< 
W>> genmove w
W<< MCTS: 12001 simulation done, duration: 920
W<< MCTS: 12001 simulation done, duration: 924
W<< MCTS: 12001 simulation done, duration: 924
W<< MCTS: 12001 simulation done, duration: 932
W<< MCTS: 12001 simulation done, duration: 935
W<< MCTS: 12001 simulation done, duration: 947
W<< MCTS: 12001 simulation done, duration: 993
W<< MCTS: 12001 simulation done, duration: 1016
W<< action: ;W[af] , ac: 1398
W<< action: ;W[bi] , ac: 1571
W<< action: ;W[bg] , ac: 1660
W<< action: ;W[bf] , ac: 3286
W<< action: ;W[be] , ac: 1829
W<< action: ;W[ba] , ac: 2176
W<< action: ;W[ch] , ac: 1242
W<< action: ;W[cg] , ac: 2210
W<< action: ;W[ca] , ac: 1527
W<< action: ;W[di] , ac: 1399
W<< action: ;W[dg] , ac: 3871
W<< action: ;W[dc] , ac: 1407
W<< action: ;W[db] , ac: 1652
W<< action: ;W[eh] , ac: 1556
W<< action: ;W[eg] , ac: 2375
W<< action: ;W[eb] , ac: 1549
W<< action: ;W[fh] , ac: 1919
W<< action: ;W[fg] , ac: 2777
W<< action: ;W[fb] , ac: 2216
W<< action: ;W[fa] , ac: 2833
W<< action: ;W[gi] , ac: 1742
W<< action: ;W[gh] , ac: 2274
W<< action: ;W[gg] , ac: 2489
W<< action: ;W[gf] , ac: 3153
W<< action: ;W[ge] , ac: 2872
W<< action: ;W[gd] , ac: 1981
W<< action: ;W[gc] , ac: 1430
W<< action: ;W[gb] , ac: 2237
W<< action: ;W[ga] , ac: 3182
W<< action: ;W[hi] , ac: 2334
W<< action: ;W[hh] , ac: 1645
W<< action: ;W[hg] , ac: 1716
W<< action: ;W[hf] , ac: 1837
W<< action: ;W[he] , ac: 2340
W<< action: ;W[hd] , ac: 2016
W<< action: ;W[hc] , ac: 2338
W<< action: ;W[hb] , ac: 1753
W<< action: ;W[ha] , ac: 2237
W<< action: ;W[ih] , ac: 1921
W<< action: ;W[ig] , ac: 2649
W<< action: ;W[ie] , ac: 2720
W<< action: ;W[id] , ac: 2181
W<< action: ;W[ic] , ac: 3666
W<< action: ;W[ib] , ac: 2842
W<< = D3
W<< 
B>> play W D3
B<< = 
B<< 
B>> genmove b
B<< MCTS: 12001 simulation done, duration: 975
B<< MCTS: 12001 simulation done, duration: 1033
B<< MCTS: 12001 simulation done, duration: 1093
B<< MCTS: 12001 simulation done, duration: 1099
B<< MCTS: 12001 simulation done, duration: 1099
B<< MCTS: 12001 simulation done, duration: 1099
B<< MCTS: 12001 simulation done, duration: 1101
B<< MCTS: 12001 simulation done, duration: 1105
B<< action: ;B[af] , ac: 1681
B<< action: ;B[bh] , ac: 1049
B<< action: ;B[bg] , ac: 2305
B<< action: ;B[bf] , ac: 1994
B<< action: ;B[ch] , ac: 1558
B<< action: ;B[cg] , ac: 2319
B<< action: ;B[ce] , ac: 1870
B<< action: ;B[ca] , ac: 2526
B<< action: ;B[di] , ac: 2065
B<< action: ;B[db] , ac: 3015
B<< action: ;B[eh] , ac: 1831
B<< action: ;B[eg] , ac: 2579
B<< action: ;B[eb] , ac: 2005
B<< action: ;B[fh] , ac: 1889
B<< action: ;B[fg] , ac: 2912
B<< action: ;B[fb] , ac: 2591
B<< action: ;B[fa] , ac: 1804
B<< action: ;B[gi] , ac: 1983
B<< action: ;B[gh] , ac: 2105
B<< action: ;B[gg] , ac: 3110
B<< action: ;B[gf] , ac: 3446
B<< action: ;B[ge] , ac: 3371
B<< action: ;B[gd] , ac: 2211
B<< action: ;B[gc] , ac: 1375
B<< action: ;B[gb] , ac: 2308
B<< action: ;B[ga] , ac: 3167
B<< action: ;B[hi] , ac: 1948
B<< action: ;B[hh] , ac: 2250
B<< action: ;B[hg] , ac: 2136
B<< action: ;B[hf] , ac: 2406
B<< action: ;B[he] , ac: 2277
B<< action: ;B[hd] , ac: 2371
B<< action: ;B[hc] , ac: 2378
B<< action: ;B[hb] , ac: 3403
B<< action: ;B[ha] , ac: 2233
B<< action: ;B[ih] , ac: 2716
B<< action: ;B[ig] , ac: 2627
B<< action: ;B[ie] , ac: 1683
B<< action: ;B[id] , ac: 3805
B<< action: ;B[ic] , ac: 3125
B<< action: ;B[ib] , ac: 1581
B<< = J6
B<< 
W>> play B J6
W<< = 
W<< 
W>> genmove w
W<< MCTS: 12001 simulation done, duration: 890
W<< MCTS: 12001 simulation done, duration: 895
W<< MCTS: 12001 simulation done, duration: 900
W<< MCTS: 12001 simulation done, duration: 908
W<< MCTS: 12001 simulation done, duration: 911
W<< MCTS: 12001 simulation done, duration: 916
W<< MCTS: 12001 simulation done, duration: 956
W<< MCTS: 12001 simulation done, duration: 958
W<< action: ;W[af] , ac: 1339
W<< action: ;W[bi] , ac: 1480
W<< action: ;W[bg] , ac: 1651
W<< action: ;W[bf] , ac: 4473
W<< action: ;W[be] , ac: 1172
W<< action: ;W[ba] , ac: 1599
W<< action: ;W[ch] , ac: 1568
W<< action: ;W[cg] , ac: 1735
W<< action: ;W[ca] , ac: 1832
W<< action: ;W[di] , ac: 1067
W<< action: ;W[dc] , ac: 1812
W<< action: ;W[db] , ac: 2156
W<< action: ;W[eh] , ac: 1587
W<< action: ;W[eg] , ac: 1568
W<< action: ;W[eb] , ac: 1887
W<< action: ;W[fh] , ac: 1936
W<< action: ;W[fg] , ac: 3338
W<< action: ;W[fb] , ac: 2478
W<< action: ;W[fa] , ac: 3955
W<< action: ;W[gi] , ac: 2014
W<< action: ;W[gh] , ac: 3138
W<< action: ;W[gg] , ac: 2443
W<< action: ;W[gf] , ac: 2701
W<< action: ;W[ge] , ac: 2769
W<< action: ;W[gd] , ac: 3128
W<< action: ;W[gc] , ac: 1792
W<< action: ;W[gb] , ac: 2228
W<< action: ;W[ga] , ac: 2789
W<< action: ;W[hi] , ac: 2011
W<< action: ;W[hh] , ac: 2165
W<< action: ;W[hg] , ac: 1978
W<< action: ;W[hf] , ac: 2184
W<< action: ;W[he] , ac: 2334
W<< action: ;W[hd] , ac: 2287
W<< action: ;W[hc] , ac: 2031
W<< action: ;W[hb] , ac: 2019
W<< action: ;W[ha] , ac: 2364
W<< action: ;W[ih] , ac: 2249
W<< action: ;W[ig] , ac: 2578
W<< action: ;W[ie] , ac: 3846
W<< action: ;W[ic] , ac: 2876
W<< action: ;W[ib] , ac: 3451
W<< = B4
W<< 
B>> play W B4
B<< = 
B<< 
B>> genmove b
B<< MCTS: 12001 simulation done, duration: 957
B<< MCTS: 12001 simulation done, duration: 1047
B<< MCTS: 12001 simulation done, duration: 1073
B<< MCTS: 12001 simulation done, duration: 1074
B<< MCTS: 12001 simulation done, duration: 1074
B<< MCTS: 12001 simulation done, duration: 1075
B<< MCTS: 12001 simulation done, duration: 1080
B<< MCTS: 12001 simulation done, duration: 1081
B<< action: ;B[bh] , ac: 2006
B<< action: ;B[bg] , ac: 2965
B<< action: ;B[ch] , ac: 1815
B<< action: ;B[cg] , ac: 1778
B<< action: ;B[ce] , ac: 2376
B<< action: ;B[ca] , ac: 2877
B<< action: ;B[di] , ac: 2298
B<< action: ;B[db] , ac: 3635
B<< action: ;B[eh] , ac: 1534
B<< action: ;B[eg] , ac: 2390
B<< action: ;B[eb] , ac: 1974
B<< action: ;B[fh] , ac: 1335
B<< action: ;B[fg] , ac: 3248
B<< action: ;B[fb] , ac: 2042
B<< action: ;B[fa] , ac: 2379
B<< action: ;B[gi] , ac: 1999
B<< action: ;B[gh] , ac: 2386
B<< action: ;B[gg] , ac: 3455
B<< action: ;B[gf] , ac: 3198
B<< action: ;B[ge] , ac: 3040
B<< action: ;B[gd] , ac: 2681
B<< action: ;B[gc] , ac: 2025
B<< action: ;B[gb] , ac: 2757
B<< action: ;B[ga] , ac: 3196
B<< action: ;B[hi] , ac: 2101
B<< action: ;B[hh] , ac: 1971
B<< action: ;B[hg] , ac: 2620
B<< action: ;B[hf] , ac: 2871
B<< action: ;B[he] , ac: 5523
B<< action: ;B[hd] , ac: 2513
B<< action: ;B[hc] , ac: 3726
B<< action: ;B[hb] , ac: 3004
B<< action: ;B[ha] , ac: 1875
B<< action: ;B[ih] , ac: 2631
B<< action: ;B[ig] , ac: 2152
B<< action: ;B[ie] , ac: 1203
B<< action: ;B[ic] , ac: 1898
B<< action: ;B[ib] , ac: 2531
B<< = H5
B<< 
W>> play B H5
W<< = 
W<< 
W>> genmove w
W<< MCTS: 12001 simulation done, duration: 883
W<< MCTS: 12001 simulation done, duration: 892
W<< MCTS: 12001 simulation done, duration: 892
W<< MCTS: 12001 simulation done, duration: 892
W<< MCTS: 12001 simulation done, duration: 894
W<< MCTS: 12001 simulation done, duration: 897
W<< MCTS: 12001 simulation done, duration: 901
W<< MCTS: 12001 simulation done, duration: 905
W<< action: ;W[af] , ac: 837
W<< action: ;W[bi] , ac: 1393
W<< action: ;W[bg] , ac: 2807
W<< action: ;W[be] , ac: 2092
W<< action: ;W[ba] , ac: 2376
W<< action: ;W[ch] , ac: 2269
W<< action: ;W[cg] , ac: 2641
W<< action: ;W[ca] , ac: 1731
W<< action: ;W[di] , ac: 1238
W<< action: ;W[dc] , ac: 1600
W<< action: ;W[db] , ac: 2117
W<< action: ;W[eh] , ac: 1931
W<< action: ;W[eg] , ac: 1690
W<< action: ;W[eb] , ac: 1635
W<< action: ;W[fh] , ac: 2343
W<< action: ;W[fg] , ac: 2514
W<< action: ;W[fb] , ac: 2117
W<< action: ;W[fa] , ac: 3424
W<< action: ;W[gi] , ac: 2541
W<< action: ;W[gh] , ac: 2680
W<< action: ;W[gg] , ac: 2735
W<< action: ;W[gf] , ac: 3427
W<< action: ;W[ge] , ac: 3782
W<< action: ;W[gd] , ac: 2475
W<< action: ;W[gc] , ac: 1939
W<< action: ;W[gb] , ac: 2714
W<< action: ;W[ga] , ac: 4054
W<< action: ;W[hi] , ac: 2443
W<< action: ;W[hh] , ac: 1696
W<< action: ;W[hg] , ac: 2009
W<< action: ;W[hf] , ac: 3519
W<< action: ;W[hd] , ac: 3554
W<< action: ;W[hc] , ac: 2638
W<< action: ;W[hb] , ac: 2392
W<< action: ;W[ha] , ac: 2775
W<< action: ;W[ih] , ac: 2246
W<< action: ;W[ig] , ac: 2737
W<< action: ;W[ic] , ac: 3977
W<< action: ;W[ib] , ac: 2920
W<< = G9
W<< 
B>> play W G9
B<< = 
B<< 
B>> genmove b
B<< MCTS: 12001 simulation done, duration: 950
B<< MCTS: 12001 simulation done, duration: 995
B<< MCTS: 12001 simulation done, duration: 1042
B<< MCTS: 12001 simulation done, duration: 1054
B<< MCTS: 12001 simulation done, duration: 1056
B<< MCTS: 12001 simulation done, duration: 1056
B<< MCTS: 12001 simulation done, duration: 1061
B<< MCTS: 12001 simulation done, duration: 1064
B<< action: ;B[bh] , ac: 1264
B<< action: ;B[bg] , ac: 3391
B<< action: ;B[ch] , ac: 1405
B<< action: ;B[cg] , ac: 2606
B<< action: ;B[ce] , ac: 1759
B<< action: ;B[ca] , ac: 2203
B<< action: ;B[di] , ac: 1799
B<< action: ;B[db] , ac: 3182
B<< action: ;B[eh] , ac: 1932
B<< action: ;B[eg] , ac: 2088
B<< action: ;B[eb] , ac: 2009
B<< action: ;B[fh] , ac: 1893
B<< action: ;B[fg] , ac: 2475
B<< action: ;B[fb] , ac: 1905
B<< action: ;B[fa] , ac: 1658
B<< action: ;B[gi] , ac: 2505
B<< action: ;B[gh] , ac: 3481
B<< action: ;B[gg] , ac: 4599
B<< action: ;B[gf] , ac: 4850
B<< action: ;B[ge] , ac: 3577
B<< action: ;B[gd] , ac: 5950
B<< action: ;B[gc] , ac: 1912
B<< action: ;B[gb] , ac: 2389
B<< action: ;B[hi] , ac: 2084
B<< action: ;B[hh] , ac: 2833
B<< action: ;B[hg] , ac: 4341
B<< action: ;B[hf] , ac: 3059
B<< action: ;B[hd] , ac: 2689
B<< action: ;B[hc] , ac: 4287
B<< action: ;B[hb] , ac: 3143
B<< action: ;B[ha] , ac: 1884
B<< action: ;B[ih] , ac: 2764
B<< action: ;B[ig] , ac: 2161
B<< action: ;B[ie] , ac: 1014
B<< action: ;B[ic] , ac: 2760
B<< action: ;B[ib] , ac: 2157
B<< = G6
B<< 
W>> play B G6
W<< = 
W<< 
W>> genmove w
W<< MCTS: 12001 simulation done, duration: 854
W<< MCTS: 12001 simulation done, duration: 855
W<< MCTS: 12001 simulation done, duration: 855
W<< MCTS: 12001 simulation done, duration: 857
W<< MCTS: 12001 simulation done, duration: 862
W<< MCTS: 12001 simulation done, duration: 865
W<< MCTS: 12001 simulation done, duration: 966
W<< MCTS: 12001 simulation done, duration: 980
W<< action: ;W[af] , ac: 745
W<< action: ;W[bi] , ac: 1882
W<< action: ;W[bg] , ac: 1545
W<< action: ;W[be] , ac: 1932
W<< action: ;W[ba] , ac: 2047
W<< action: ;W[ch] , ac: 1427
W<< action: ;W[cg] , ac: 1734
W<< action: ;W[ca] , ac: 1850
W<< action: ;W[di] , ac: 1781
W<< action: ;W[dc] , ac: 1334
W<< action: ;W[db] , ac: 1596
W<< action: ;W[eh] , ac: 1557
W<< action: ;W[eg] , ac: 1624
W<< action: ;W[eb] , ac: 2633
W<< action: ;W[fh] , ac: 2278
W<< action: ;W[fg] , ac: 2194
W<< action: ;W[fb] , ac: 2701
W<< action: ;W[fa] , ac: 2517
W<< action: ;W[gi] , ac: 2696
W<< action: ;W[gh] , ac: 2543
W<< action: ;W[gg] , ac: 3447
W<< action: ;W[gf] , ac: 4190
W<< action: ;W[ge] , ac: 5304
W<< action: ;W[gc] , ac: 2473
W<< action: ;W[gb] , ac: 1802
W<< action: ;W[hi] , ac: 2312
W<< action: ;W[hh] , ac: 1887
W<< action: ;W[hg] , ac: 2315
W<< action: ;W[hf] , ac: 5238
W<< action: ;W[hd] , ac: 7722
W<< action: ;W[hc] , ac: 3573
W<< action: ;W[hb] , ac: 2470
W<< action: ;W[ha] , ac: 1660
W<< action: ;W[ih] , ac: 2313
W<< action: ;W[ig] , ac: 3645
W<< action: ;W[ic] , ac: 3856
W<< action: ;W[ib] , ac: 3185
W<< = H6
W<< 
B>> play W H6
B<< = 
B<< 
B>> genmove b
B<< MCTS: 12001 simulation done, duration: 911
B<< MCTS: 12001 simulation done, duration: 957
B<< MCTS: 12001 simulation done, duration: 1006
B<< MCTS: 12001 simulation done, duration: 1008
B<< MCTS: 12001 simulation done, duration: 1009
B<< MCTS: 12001 simulation done, duration: 1010
B<< MCTS: 12001 simulation done, duration: 1015
B<< MCTS: 12001 simulation done, duration: 1019
B<< action: ;B[bh] , ac: 1882
B<< action: ;B[bg] , ac: 3475
B<< action: ;B[ch] , ac: 1618
B<< action: ;B[cg] , ac: 1850
B<< action: ;B[ce] , ac: 3434
B<< action: ;B[ca] , ac: 3091
B<< action: ;B[di] , ac: 2065
B<< action: ;B[db] , ac: 2697
B<< action: ;B[eh] , ac: 1907
B<< action: ;B[eg] , ac: 2871
B<< action: ;B[eb] , ac: 2481
B<< action: ;B[fh] , ac: 2408
B<< action: ;B[fg] , ac: 2795
B<< action: ;B[fb] , ac: 1741
B<< action: ;B[fa] , ac: 1966
B<< action: ;B[gi] , ac: 2429
B<< action: ;B[gh] , ac: 4929
B<< action: ;B[gg] , ac: 4413
B<< action: ;B[gf] , ac: 12893
B<< action: ;B[ge] , ac: 1297
B<< action: ;B[gc] , ac: 1251
B<< action: ;B[gb] , ac: 2732
B<< action: ;B[hi] , ac: 3092
B<< action: ;B[hh] , ac: 2583
B<< action: ;B[hg] , ac: 4152
B<< action: ;B[hf] , ac: 2559
B<< action: ;B[hb] , ac: 3205
B<< action: ;B[ha] , ac: 2405
B<< action: ;B[ih] , ac: 2797
B<< action: ;B[ig] , ac: 2472
B<< action: ;B[ie] , ac: 1225
B<< action: ;B[ic] , ac: 3184
B<< action: ;B[ib] , ac: 2109
B<< = G4
B<< 
W>> play B G4
W<< = 
W<< 
W>> genmove w
W<< MCTS: 12001 simulation done, duration: 841
W<< MCTS: 12001 simulation done, duration: 842
W<< MCTS: 12001 simulation done, duration: 850
W<< MCTS: 12001 simulation done, duration: 856
W<< MCTS: 12001 simulation done, duration: 856
W<< MCTS: 12001 simulation done, duration: 873
W<< MCTS: 12001 simulation done, duration: 878
W<< MCTS: 12001 simulation done, duration: 886
W<< action: ;W[af] , ac: 914
W<< action: ;W[bi] , ac: 1806
W<< action: ;W[bg] , ac: 2658
W<< action: ;W[be] , ac: 1750
W<< action: ;W[ba] , ac: 2055
W<< action: ;W[ch] , ac: 2515
W<< action: ;W[cg] , ac: 2129
W<< action: ;W[ca] , ac: 1985
W<< action: ;W[di] , ac: 1368
W<< action: ;W[dc] , ac: 1298
W<< action: ;W[db] , ac: 2041
W<< action: ;W[eh] , ac: 1377
W<< action: ;W[eg] , ac: 1972
W<< action: ;W[eb] , ac: 2807
W<< action: ;W[fh] , ac: 2642
W<< action: ;W[fg] , ac: 3940
W<< action: ;W[fb] , ac: 3194
W<< action: ;W[fa] , ac: 1776
W<< action: ;W[gi] , ac: 2560
W<< action: ;W[gh] , ac: 2687
W<< action: ;W[gg] , ac: 4264
W<< action: ;W[gc] , ac: 2140
W<< action: ;W[gb] , ac: 2333
W<< action: ;W[hi] , ac: 1489
W<< action: ;W[hh] , ac: 2302
W<< action: ;W[hg] , ac: 4256
W<< action: ;W[hf] , ac: 16277
W<< action: ;W[hc] , ac: 1694
W<< action: ;W[hb] , ac: 1363
W<< action: ;W[ha] , ac: 1729
W<< action: ;W[ih] , ac: 2527
W<< action: ;W[ig] , ac: 5173
W<< action: ;W[ic] , ac: 3286
W<< action: ;W[ib] , ac: 3701
W<< = H4
W<< 
B>> play W H4
B<< = 
B<< 
B>> genmove b
B<< MCTS: 12001 simulation done, duration: 885
B<< MCTS: 12001 simulation done, duration: 927
B<< MCTS: 12001 simulation done, duration: 965
B<< MCTS: 12001 simulation done, duration: 964
B<< MCTS: 12001 simulation done, duration: 965
B<< MCTS: 12001 simulation done, duration: 966
B<< MCTS: 12001 simulation done, duration: 967
B<< MCTS: 12001 simulation done, duration: 968
B<< action: ;B[bh] , ac: 2631
B<< action: ;B[bg] , ac: 3826
B<< action: ;B[ch] , ac: 2348
B<< action: ;B[cg] , ac: 2344
B<< action: ;B[ce] , ac: 2542
B<< action: ;B[ca] , ac: 3503
B<< action: ;B[di] , ac: 2299
B<< action: ;B[db] , ac: 4830
B<< action: ;B[eh] , ac: 2364
B<< action: ;B[eg] , ac: 2775
B<< action: ;B[eb] , ac: 4516
B<< action: ;B[fh] , ac: 3119
B<< action: ;B[fg] , ac: 6348
B<< action: ;B[fb] , ac: 2765
B<< action: ;B[fa] , ac: 2298
B<< action: ;B[gi] , ac: 3350
B<< action: ;B[gh] , ac: 5847
B<< action: ;B[gg] , ac: 3395
B<< action: ;B[ge] , ac: 1033
B<< action: ;B[gc] , ac: 2066
B<< action: ;B[gb] , ac: 2606
B<< action: ;B[hi] , ac: 3380
B<< action: ;B[hh] , ac: 3607
B<< action: ;B[hb] , ac: 5088
B<< action: ;B[ha] , ac: 2510
B<< action: ;B[ih] , ac: 2568
B<< action: ;B[ig] , ac: 2735
B<< action: ;B[ie] , ac: 1300
B<< action: ;B[ic] , ac: 4366
B<< action: ;B[ib] , ac: 3649
B<< = F3
B<< 
W>> play B F3
W<< = 
W<< 
W>> genmove w
W<< MCTS: 12001 simulation done, duration: 782
W<< MCTS: 12001 simulation done, duration: 785
W<< MCTS: 12001 simulation done, duration: 790
W<< MCTS: 12001 simulation done, duration: 791
W<< MCTS: 12001 simulation done, duration: 792
W<< MCTS: 12001 simulation done, duration: 802
W<< MCTS: 12001 simulation done, duration: 809
W<< MCTS: 12001 simulation done, duration: 812
W<< action: ;W[af] , ac: 1596
W<< action: ;W[bi] , ac: 2077
W<< action: ;W[bg] , ac: 3748
W<< action: ;W[be] , ac: 2148
W<< action: ;W[ba] , ac: 2287
W<< action: ;W[ch] , ac: 2052
W<< action: ;W[cg] , ac: 4995
W<< action: ;W[ca] , ac: 2429
W<< action: ;W[di] , ac: 1713
W<< action: ;W[dc] , ac: 1750
W<< action: ;W[db] , ac: 2527
W<< action: ;W[eh] , ac: 3063
W<< action: ;W[eg] , ac: 2478
W<< action: ;W[eb] , ac: 3145
W<< action: ;W[fh] , ac: 3913
W<< action: ;W[fb] , ac: 4599
W<< action: ;W[fa] , ac: 2825
W<< action: ;W[gi] , ac: 4085
W<< action: ;W[gh] , ac: 4783
W<< action: ;W[gg] , ac: 4000
W<< action: ;W[gc] , ac: 2612
W<< action: ;W[gb] , ac: 2285
W<< action: ;W[hi] , ac: 2223
W<< action: ;W[hh] , ac: 2726
W<< action: ;W[hg] , ac: 1358
W<< action: ;W[hc] , ac: 1260
W<< action: ;W[hb] , ac: 3573
W<< action: ;W[ha] , ac: 1447
W<< action: ;W[ih] , ac: 2599
W<< action: ;W[ig] , ac: 4648
W<< action: ;W[ic] , ac: 4803
W<< action: ;W[ib] , ac: 6261
W<< = J8
W<< 
B>> play W J8
B<< = 
B<< 
B>> genmove b
B<< MCTS: 12001 simulation done, duration: 848
B<< MCTS: 12001 simulation done, duration: 896
B<< MCTS: 12001 simulation done, duration: 932
B<< MCTS: 12001 simulation done, duration: 932
B<< MCTS: 12001 simulation done, duration: 933
B<< MCTS: 12001 simulation done, duration: 933
B<< MCTS: 12001 simulation done, duration: 937
B<< MCTS: 12001 simulation done, duration: 940
B<< action: ;B[bh] , ac: 2901
B<< action: ;B[bg] , ac: 4657
B<< action: ;B[ch] , ac: 2183
B<< action: ;B[cg] , ac: 5366
B<< action: ;B[ce] , ac: 3562
B<< action: ;B[ca] , ac: 4758
B<< action: ;B[di] , ac: 3113
B<< action: ;B[db] , ac: 5530
B<< action: ;B[eh] , ac: 2244
B<< action: ;B[eg] , ac: 2334
B<< action: ;B[eb] , ac: 3527
B<< action: ;B[fh] , ac: 2169
B<< action: ;B[fb] , ac: 2650
B<< action: ;B[fa] , ac: 3030
B<< action: ;B[gi] , ac: 2804
B<< action: ;B[gh] , ac: 7680
B<< action: ;B[gg] , ac: 3273
B<< action: ;B[ge] , ac: 1333
B<< action: ;B[gc] , ac: 2482
B<< action: ;B[gb] , ac: 3969
B<< action: ;B[hi] , ac: 4436
B<< action: ;B[hh] , ac: 4572
B<< action: ;B[hb] , ac: 4022
B<< action: ;B[ha] , ac: 2571
B<< action: ;B[ih] , ac: 3334
B<< action: ;B[ig] , ac: 3802
B<< action: ;B[ie] , ac: 1124
B<< action: ;B[ic] , ac: 2582
B<< = G2
B<< 
W>> play B G2
W<< = 
W<< 
W>> genmove w
W<< MCTS: 12001 simulation done, duration: 755
W<< MCTS: 12001 simulation done, duration: 757
W<< MCTS: 12001 simulation done, duration: 767
W<< MCTS: 12001 simulation done, duration: 769
W<< MCTS: 12001 simulation done, duration: 770
W<< MCTS: 12001 simulation done, duration: 787
W<< MCTS: 12001 simulation done, duration: 802
W<< MCTS: 12001 simulation done, duration: 815
W<< action: ;W[af] , ac: 1297
W<< action: ;W[bi] , ac: 2026
W<< action: ;W[bg] , ac: 4327
W<< action: ;W[be] , ac: 2229
W<< action: ;W[ba] , ac: 3402
W<< action: ;W[ch] , ac: 2850
W<< action: ;W[cg] , ac: 5743
W<< action: ;W[ca] , ac: 2134
W<< action: ;W[di] , ac: 1403
W<< action: ;W[dc] , ac: 1643
W<< action: ;W[db] , ac: 3783
W<< action: ;W[eh] , ac: 3062
W<< action: ;W[eg] , ac: 2751
W<< action: ;W[eb] , ac: 2917
W<< action: ;W[fh] , ac: 4267
W<< action: ;W[fb] , ac: 4026
W<< action: ;W[fa] , ac: 3469
W<< action: ;W[gi] , ac: 7514
W<< action: ;W[gg] , ac: 3912
W<< action: ;W[gc] , ac: 3217
W<< action: ;W[gb] , ac: 3261
W<< action: ;W[hi] , ac: 4812
W<< action: ;W[hh] , ac: 4527
W<< action: ;W[hg] , ac: 2067
W<< action: ;W[hc] , ac: 1318
W<< action: ;W[hb] , ac: 5328
W<< action: ;W[ih] , ac: 2856
W<< action: ;W[ig] , ac: 3880
W<< action: ;W[ic] , ac: 1987
W<< = G1
W<< 
B>> play W G1
B<< = 
B<< 
B>> genmove b
B<< MCTS: 12001 simulation done, duration: 820
B<< MCTS: 12001 simulation done, duration: 864
B<< MCTS: 12001 simulation done, duration: 902
B<< MCTS: 12001 simulation done, duration: 903
B<< MCTS: 12001 simulation done, duration: 904
B<< MCTS: 12001 simulation done, duration: 905
B<< MCTS: 12001 simulation done, duration: 907
B<< MCTS: 12001 simulation done, duration: 911
B<< action: ;B[bh] , ac: 2828
B<< action: ;B[bg] , ac: 7405
B<< action: ;B[ch] , ac: 2476
B<< action: ;B[cg] , ac: 3897
B<< action: ;B[ce] , ac: 3042
B<< action: ;B[ca] , ac: 6055
B<< action: ;B[di] , ac: 3312
B<< action: ;B[db] , ac: 6378
B<< action: ;B[eh] , ac: 3031
B<< action: ;B[eg] , ac: 2047
B<< action: ;B[eb] , ac: 3606
B<< action: ;B[fh] , ac: 1439
B<< action: ;B[fb] , ac: 2832
B<< action: ;B[fa] , ac: 2961
B<< action: ;B[gg] , ac: 5439
B<< action: ;B[ge] , ac: 1031
B<< action: ;B[gc] , ac: 2659
B<< action: ;B[gb] , ac: 2866
B<< action: ;B[hh] , ac: 9524
B<< action: ;B[hb] , ac: 3863
B<< action: ;B[ha] , ac: 2716
B<< action: ;B[ih] , ac: 7357
B<< action: ;B[ig] , ac: 6168
B<< action: ;B[ie] , ac: 969
B<< action: ;B[ic] , ac: 2107
B<< = H2
B<< 
W>> play B H2
W<< = 
W<< 
W>> genmove w
W<< MCTS: 12001 simulation done, duration: 727
W<< MCTS: 12001 simulation done, duration: 744
W<< MCTS: 12001 simulation done, duration: 744
W<< MCTS: 12001 simulation done, duration: 758
W<< MCTS: 12001 simulation done, duration: 758
W<< MCTS: 12001 simulation done, duration: 762
W<< MCTS: 12001 simulation done, duration: 787
W<< MCTS: 12001 simulation done, duration: 809
W<< action: ;W[af] , ac: 958
W<< action: ;W[bi] , ac: 2519
W<< action: ;W[bg] , ac: 4355
W<< action: ;W[be] , ac: 2719
W<< action: ;W[ba] , ac: 2836
W<< action: ;W[ch] , ac: 1731
W<< action: ;W[cg] , ac: 5712
W<< action: ;W[ca] , ac: 2236
W<< action: ;W[di] , ac: 2469
W<< action: ;W[dc] , ac: 3161
W<< action: ;W[db] , ac: 3269
W<< action: ;W[eh] , ac: 3783
W<< action: ;W[eg] , ac: 3604
W<< action: ;W[eb] , ac: 2942
W<< action: ;W[fb] , ac: 4131
W<< action: ;W[fa] , ac: 4162
W<< action: ;W[gg] , ac: 6743
W<< action: ;W[gc] , ac: 3443
W<< action: ;W[gb] , ac: 2934
W<< action: ;W[hi] , ac: 5425
W<< action: ;W[hg] , ac: 2985
W<< action: ;W[hc] , ac: 1547
W<< action: ;W[hb] , ac: 6542
W<< action: ;W[ih] , ac: 5681
W<< action: ;W[ig] , ac: 7360
W<< action: ;W[ic] , ac: 2761
W<< = J3
W<< 
B>> play W J3
B<< = 
B<< 
B>> genmove b
B<< MCTS: 12001 simulation done, duration: 789
B<< MCTS: 12001 simulation done, duration: 821
B<< MCTS: 12001 simulation done, duration: 852
B<< MCTS: 12001 simulation done, duration: 855
B<< MCTS: 12001 simulation done, duration: 856
B<< MCTS: 12001 simulation done, duration: 859
B<< MCTS: 12001 simulation done, duration: 860
B<< MCTS: 12001 simulation done, duration: 861
B<< action: ;B[bh] , ac: 1996
B<< action: ;B[bg] , ac: 4096
B<< action: ;B[ch] , ac: 1976
B<< action: ;B[cg] , ac: 3332
B<< action: ;B[ce] , ac: 2353
B<< action: ;B[ca] , ac: 3731
B<< action: ;B[di] , ac: 1936
B<< action: ;B[db] , ac: 4291
B<< action: ;B[eh] , ac: 2437
B<< action: ;B[eg] , ac: 2148
B<< action: ;B[eb] , ac: 3547
B<< action: ;B[fh] , ac: 917
B<< action: ;B[fb] , ac: 2328
B<< action: ;B[fa] , ac: 2127
B<< action: ;B[gg] , ac: 4445
B<< action: ;B[ge] , ac: 712
B<< action: ;B[gc] , ac: 1515
B<< action: ;B[gb] , ac: 2419
B<< action: ;B[hb] , ac: 3898
B<< action: ;B[ha] , ac: 2408
B<< action: ;B[ih] , ac: 41236
B<< action: ;B[ie] , ac: 746
B<< action: ;B[ic] , ac: 1414
B<< = J2
B<< 
W>> play B J2
W<< = 
W<< 
W>> genmove w
W<< MCTS: 12001 simulation done, duration: 676
W<< MCTS: 12001 simulation done, duration: 678
W<< MCTS: 12001 simulation done, duration: 684
W<< MCTS: 12001 simulation done, duration: 685
W<< MCTS: 12001 simulation done, duration: 688
W<< MCTS: 12001 simulation done, duration: 690
W<< MCTS: 12001 simulation done, duration: 745
W<< MCTS: 12001 simulation done, duration: 763
W<< action: ;W[af] , ac: 1289
W<< action: ;W[bi] , ac: 2584
W<< action: ;W[bg] , ac: 8008
W<< action: ;W[be] , ac: 2303
W<< action: ;W[ba] , ac: 2627
W<< action: ;W[ch] , ac: 2087
W<< action: ;W[cg] , ac: 7990
W<< action: ;W[ca] , ac: 2057
W<< action: ;W[di] , ac: 2450
W<< action: ;W[dc] , ac: 2265
W<< action: ;W[db] , ac: 3781
W<< action: ;W[eh] , ac: 3928
W<< action: ;W[eg] , ac: 3857
W<< action: ;W[eb] , ac: 3851
W<< action: ;W[fb] , ac: 4918
W<< action: ;W[fa] , ac: 2569
W<< action: ;W[gg] , ac: 10868
W<< action: ;W[gc] , ac: 4319
W<< action: ;W[gb] , ac: 4481
W<< action: ;W[hg] , ac: 2960
W<< action: ;W[hc] , ac: 1902
W<< action: ;W[hb] , ac: 12176
W<< action: ;W[ic] , ac: 2738
W<< = H8
W<< 
B>> play W H8
B<< = 
B<< 
B>> genmove b
B<< MCTS: 12001 simulation done, duration: 749
B<< MCTS: 12001 simulation done, duration: 789
B<< MCTS: 12001 simulation done, duration: 820
B<< MCTS: 12001 simulation done, duration: 820
B<< MCTS: 12001 simulation done, duration: 825
B<< MCTS: 12001 simulation done, duration: 825
B<< MCTS: 12001 simulation done, duration: 828
B<< MCTS: 12001 simulation done, duration: 833
B<< action: ;B[bh] , ac: 2994
B<< action: ;B[bg] , ac: 10543
B<< action: ;B[ch] , ac: 2680
B<< action: ;B[cg] , ac: 7679
B<< action: ;B[ce] , ac: 4579
B<< action: ;B[ca] , ac: 5503
B<< action: ;B[di] , ac: 3520
B<< action: ;B[db] , ac: 4559
B<< action: ;B[eh] , ac: 2451
B<< action: ;B[eg] , ac: 2506
B<< action: ;B[eb] , ac: 3361
B<< action: ;B[fh] , ac: 903
B<< action: ;B[fb] , ac: 2931
B<< action: ;B[fa] , ac: 3186
B<< action: ;B[gg] , ac: 20237
B<< action: ;B[ge] , ac: 1431
B<< action: ;B[gc] , ac: 2397
B<< action: ;B[gb] , ac: 5961
B<< action: ;B[ie] , ac: 1897
B<< action: ;B[ic] , ac: 6690
B<< = G3
B<< 
W>> play B G3
W<< = 
W<< 
W>> genmove w
W<< MCTS: 12001 simulation done, duration: 678
W<< MCTS: 12001 simulation done, duration: 678
W<< MCTS: 12001 simulation done, duration: 680
W<< MCTS: 12001 simulation done, duration: 706
W<< MCTS: 12001 simulation done, duration: 711
W<< MCTS: 12001 simulation done, duration: 713
W<< MCTS: 12001 simulation done, duration: 841
W<< MCTS: 12001 simulation done, duration: 845
W<< action: ;W[af] , ac: 1793
W<< action: ;W[bi] , ac: 3287
W<< action: ;W[bg] , ac: 11660
W<< action: ;W[be] , ac: 2839
W<< action: ;W[ba] , ac: 4431
W<< action: ;W[ch] , ac: 1740
W<< action: ;W[cg] , ac: 14509
W<< action: ;W[ca] , ac: 2061
W<< action: ;W[di] , ac: 2560
W<< action: ;W[dc] , ac: 1697
W<< action: ;W[db] , ac: 2807
W<< action: ;W[eh] , ac: 4232
W<< action: ;W[eg] , ac: 4064
W<< action: ;W[eb] , ac: 5037
W<< action: ;W[fb] , ac: 5713
W<< action: ;W[fa] , ac: 4115
W<< action: ;W[gc] , ac: 6354
W<< action: ;W[gb] , ac: 7500
W<< action: ;W[hc] , ac: 1183
W<< action: ;W[ic] , ac: 8426
W<< = C3
W<< 
B>> play W C3
B<< = 
B<< 
B>> genmove b
B<< MCTS: 12001 simulation done, duration: 752
B<< MCTS: 12001 simulation done, duration: 793
B<< MCTS: 12001 simulation done, duration: 821
B<< MCTS: 12001 simulation done, duration: 821
B<< MCTS: 12001 simulation done, duration: 822
B<< MCTS: 12001 simulation done, duration: 823
B<< MCTS: 12001 simulation done, duration: 824
B<< MCTS: 12001 simulation done, duration: 824
B<< action: ;B[bh] , ac: 3174
B<< action: ;B[bg] , ac: 7462
B<< action: ;B[ch] , ac: 2332
B<< action: ;B[ce] , ac: 12312
B<< action: ;B[ca] , ac: 4821
B<< action: ;B[di] , ac: 12687
B<< action: ;B[db] , ac: 4745
B<< action: ;B[eh] , ac: 1386
B<< action: ;B[eg] , ac: 7303
B<< action: ;B[eb] , ac: 6921
B<< action: ;B[fh] , ac: 927
B<< action: ;B[fb] , ac: 4371
B<< action: ;B[fa] , ac: 4884
B<< action: ;B[ge] , ac: 1150
B<< action: ;B[gc] , ac: 2645
B<< action: ;B[gb] , ac: 7383
B<< action: ;B[ie] , ac: 1106
B<< action: ;B[ic] , ac: 10399
B<< = D1
B<< 
W>> play B D1
W<< = 
W<< 
W>> genmove w
W<< MCTS: 12001 simulation done, duration: 615
W<< MCTS: 12001 simulation done, duration: 620
W<< MCTS: 12001 simulation done, duration: 632
W<< MCTS: 12001 simulation done, duration: 635
W<< MCTS: 12001 simulation done, duration: 647
W<< MCTS: 12001 simulation done, duration: 669
W<< MCTS: 12001 simulation done, duration: 772
W<< MCTS: 12001 simulation done, duration: 785
W<< action: ;W[af] , ac: 1023
W<< action: ;W[bi] , ac: 4120
W<< action: ;W[bg] , ac: 7066
W<< action: ;W[be] , ac: 10991
W<< action: ;W[ba] , ac: 4603
W<< action: ;W[ch] , ac: 915
W<< action: ;W[ca] , ac: 4361
W<< action: ;W[dc] , ac: 2175
W<< action: ;W[db] , ac: 2876
W<< action: ;W[eh] , ac: 9577
W<< action: ;W[eg] , ac: 9335
W<< action: ;W[eb] , ac: 9926
W<< action: ;W[fb] , ac: 3108
W<< action: ;W[fa] , ac: 3104
W<< action: ;W[gc] , ac: 6615
W<< action: ;W[gb] , ac: 7776
W<< action: ;W[hc] , ac: 712
W<< action: ;W[ic] , ac: 7725
W<< = B5
W<< 
B>> play W B5
B<< = 
B<< 
B>> genmove b
B<< MCTS: 12001 simulation done, duration: 689
B<< MCTS: 12001 simulation done, duration: 731
B<< MCTS: 12001 simulation done, duration: 735
B<< MCTS: 12001 simulation done, duration: 737
B<< MCTS: 12001 simulation done, duration: 738
B<< MCTS: 12001 simulation done, duration: 741
B<< MCTS: 12001 simulation done, duration: 742
B<< MCTS: 12001 simulation done, duration: 747
B<< action: ;B[bh] , ac: 2143
B<< action: ;B[bg] , ac: 12215
B<< action: ;B[ch] , ac: 932
B<< action: ;B[ca] , ac: 12824
B<< action: ;B[db] , ac: 24512
B<< action: ;B[eg] , ac: 15931
B<< action: ;B[eb] , ac: 2439
B<< action: ;B[fh] , ac: 1547
B<< action: ;B[fb] , ac: 1970
B<< action: ;B[fa] , ac: 2326
B<< action: ;B[ge] , ac: 995
B<< action: ;B[gc] , ac: 3148
B<< action: ;B[gb] , ac: 6378
B<< action: ;B[ie] , ac: 1079
B<< action: ;B[ic] , ac: 7569
B<< = D8
B<< 
W>> play B D8
W<< = 
W<< 
W>> genmove w
W<< MCTS: 12001 simulation done, duration: 556
W<< MCTS: 12001 simulation done, duration: 563
W<< MCTS: 12001 simulation done, duration: 563
W<< MCTS: 12001 simulation done, duration: 570
W<< MCTS: 12001 simulation done, duration: 573
W<< MCTS: 12001 simulation done, duration: 578
W<< MCTS: 12001 simulation done, duration: 629
W<< MCTS: 12001 simulation done, duration: 631
W<< action: ;W[af] , ac: 505
W<< action: ;W[bi] , ac: 3263
W<< action: ;W[bg] , ac: 2413
W<< action: ;W[ba] , ac: 755
W<< action: ;W[ch] , ac: 321
W<< action: ;W[ca] , ac: 1186
W<< action: ;W[dc] , ac: 3039
W<< action: ;W[eh] , ac: 6176
W<< action: ;W[eg] , ac: 14072
W<< action: ;W[eb] , ac: 50421
W<< action: ;W[fb] , ac: 2913
W<< action: ;W[fa] , ac: 1432
W<< action: ;W[gc] , ac: 2414
W<< action: ;W[gb] , ac: 2289
W<< action: ;W[hc] , ac: 692
W<< action: ;W[ic] , ac: 4117
W<< = E8
W<< 
B>> play W E8
B<< = 
B<< 
B>> genmove b
B<< MCTS: 12001 simulation done, duration: 610
B<< MCTS: 12001 simulation done, duration: 638
B<< MCTS: 12001 simulation done, duration: 649
B<< MCTS: 12001 simulation done, duration: 651
B<< MCTS: 12001 simulation done, duration: 654
B<< MCTS: 12001 simulation done, duration: 654
B<< MCTS: 12001 simulation done, duration: 655
B<< MCTS: 12001 simulation done, duration: 655
B<< action: ;B[bh] , ac: 6714
B<< action: ;B[bg] , ac: 16773
B<< action: ;B[ch] , ac: 3799
B<< action: ;B[eg] , ac: 10850
B<< action: ;B[fh] , ac: 2258
B<< action: ;B[fb] , ac: 3855
B<< action: ;B[fa] , ac: 4957
B<< action: ;B[ge] , ac: 1620
B<< action: ;B[gc] , ac: 4059
B<< action: ;B[gb] , ac: 19770
B<< action: ;B[ie] , ac: 1904
B<< action: ;B[ic] , ac: 19449
B<< = G8
B<< 
W>> play B G8
W<< = 
W<< 
W>> genmove w
W<< MCTS: 12001 simulation done, duration: 453
W<< MCTS: 12001 simulation done, duration: 455
W<< MCTS: 12001 simulation done, duration: 464
W<< MCTS: 12001 simulation done, duration: 469
W<< MCTS: 12001 simulation done, duration: 477
W<< MCTS: 12001 simulation done, duration: 481
W<< MCTS: 12001 simulation done, duration: 576
W<< MCTS: 12001 simulation done, duration: 592
W<< action: ;W[af] , ac: 519
W<< action: ;W[bi] , ac: 1837
W<< action: ;W[bg] , ac: 2090
W<< action: ;W[ba] , ac: 558
W<< action: ;W[ch] , ac: 308
W<< action: ;W[ca] , ac: 589
W<< action: ;W[dc] , ac: 1192
W<< action: ;W[eh] , ac: 2682
W<< action: ;W[eg] , ac: 1718
W<< action: ;W[fb] , ac: 4099
W<< action: ;W[gc] , ac: 18733
W<< action: ;W[hc] , ac: 617
W<< action: ;W[ic] , ac: 61066
W<< = J7
W<< 
B>> play W J7
B<< = 
B<< 
B>> genmove b
B<< MCTS: 12001 simulation done, duration: 517
B<< MCTS: 12001 simulation done, duration: 543
B<< MCTS: 12001 simulation done, duration: 547
B<< MCTS: 12001 simulation done, duration: 547
B<< MCTS: 12001 simulation done, duration: 551
B<< MCTS: 12001 simulation done, duration: 551
B<< MCTS: 12001 simulation done, duration: 552
B<< MCTS: 12001 simulation done, duration: 554
B<< action: ;B[bh] , ac: 17400
B<< action: ;B[bg] , ac: 14022
B<< action: ;B[ch] , ac: 9892
B<< action: ;B[eg] , ac: 9091
B<< action: ;B[fh] , ac: 20115
B<< action: ;B[fb] , ac: 2932
B<< action: ;B[fa] , ac: 6951
B<< action: ;B[ge] , ac: 4511
B<< action: ;B[gc] , ac: 6451
B<< action: ;B[ie] , ac: 4643
B<< = F2
B<< 
W>> play B F2
W<< = 
W<< 
W>> genmove w
W<< MCTS: 12001 simulation done, duration: 376
W<< MCTS: 12001 simulation done, duration: 379
W<< MCTS: 12001 simulation done, duration: 382
W<< MCTS: 12001 simulation done, duration: 388
W<< MCTS: 12001 simulation done, duration: 390
W<< MCTS: 12001 simulation done, duration: 395
W<< MCTS: 12001 simulation done, duration: 472
W<< MCTS: 12001 simulation done, duration: 486
W<< action: ;W[af] , ac: 315
W<< action: ;W[bi] , ac: 1997
W<< action: ;W[bg] , ac: 1198
W<< action: ;W[ba] , ac: 464
W<< action: ;W[ch] , ac: 335
W<< action: ;W[ca] , ac: 597
W<< action: ;W[dc] , ac: 446
W<< action: ;W[eh] , ac: 3226
W<< action: ;W[eg] , ac: 1278
W<< action: ;W[fb] , ac: 11539
W<< action: ;W[gc] , ac: 74265
W<< action: ;W[hc] , ac: 348
W<< = G7
W<< 
B>> play W G7
B<< = 
B<< 
B>> genmove b
B<< MCTS: 12001 simulation done, duration: 436
B<< MCTS: 12001 simulation done, duration: 439
B<< MCTS: 12001 simulation done, duration: 446
B<< MCTS: 12001 simulation done, duration: 447
B<< MCTS: 12001 simulation done, duration: 447
B<< MCTS: 12001 simulation done, duration: 448
B<< MCTS: 12001 simulation done, duration: 448
B<< MCTS: 12001 simulation done, duration: 451
B<< action: ;B[bh] , ac: 17541
B<< action: ;B[bg] , ac: 14336
B<< action: ;B[ch] , ac: 5711
B<< action: ;B[eg] , ac: 15524
B<< action: ;B[fb] , ac: 7404
B<< action: ;B[fa] , ac: 15164
B<< action: ;B[ge] , ac: 9722
B<< action: ;B[ie] , ac: 10606
B<< = B2
B<< 
W>> play B B2
W<< = 
W<< 
W>> genmove w
W<< MCTS: 12001 simulation done, duration: 280
W<< MCTS: 12001 simulation done, duration: 287
W<< MCTS: 12001 simulation done, duration: 291
W<< MCTS: 12001 simulation done, duration: 292
W<< MCTS: 12001 simulation done, duration: 300
W<< MCTS: 12001 simulation done, duration: 310
W<< MCTS: 12001 simulation done, duration: 354
W<< MCTS: 12001 simulation done, duration: 376
W<< action: ;W[af] , ac: 195
W<< action: ;W[bi] , ac: 19971
W<< action: ;W[bg] , ac: 24643
W<< action: ;W[ba] , ac: 225
W<< action: ;W[ch] , ac: 1698
W<< action: ;W[ca] , ac: 277
W<< action: ;W[dc] , ac: 117
W<< action: ;W[eh] , ac: 3189
W<< action: ;W[eg] , ac: 45507
W<< action: ;W[hc] , ac: 186
W<< = E3
W<< 
B>> play W E3
B<< = 
B<< 
B>> genmove b
B<< MCTS: 12001 simulation done, duration: 346
B<< MCTS: 12001 simulation done, duration: 348
B<< MCTS: 12001 simulation done, duration: 355
B<< MCTS: 12001 simulation done, duration: 355
B<< MCTS: 12001 simulation done, duration: 356
B<< MCTS: 12001 simulation done, duration: 356
B<< MCTS: 12001 simulation done, duration: 357
B<< MCTS: 12001 simulation done, duration: 357
B<< action: ;B[bg] , ac: 14108
B<< action: ;B[ch] , ac: 14083
B<< action: ;B[fb] , ac: 15101
B<< action: ;B[fa] , ac: 17723
B<< action: ;B[ge] , ac: 17487
B<< action: ;B[ie] , ac: 17506
B<< = F9
B<< 
W>> play B F9
W<< = 
W<< 
W>> genmove w
W<< MCTS: 12001 simulation done, duration: 222
W<< MCTS: 12001 simulation done, duration: 227
W<< MCTS: 12001 simulation done, duration: 230
W<< MCTS: 12001 simulation done, duration: 235
W<< MCTS: 12001 simulation done, duration: 236
W<< MCTS: 12001 simulation done, duration: 243
W<< MCTS: 12001 simulation done, duration: 245
W<< MCTS: 12001 simulation done, duration: 247
W<< action: ;W[af] , ac: 1609
W<< action: ;W[bi] , ac: 19242
W<< action: ;W[bg] , ac: 19242
W<< action: ;W[ba] , ac: 3482
W<< action: ;W[ch] , ac: 19240
W<< action: ;W[ca] , ac: 8849
W<< action: ;W[dc] , ac: 3633
W<< action: ;W[eh] , ac: 19242
W<< action: ;W[hc] , ac: 1469
W<< = B1
W<< 
B>> play W B1
B<< = 
B<< 
B>> genmove b
B<< MCTS: 12001 simulation done, duration: 254
B<< MCTS: 12001 simulation done, duration: 271
B<< MCTS: 12001 simulation done, duration: 275
B<< MCTS: 12001 simulation done, duration: 278
B<< MCTS: 12001 simulation done, duration: 278
B<< MCTS: 12001 simulation done, duration: 279
B<< MCTS: 12001 simulation done, duration: 279
B<< MCTS: 12001 simulation done, duration: 281
B<< action: ;B[bg] , ac: 32003
B<< action: ;B[ge] , ac: 32003
B<< action: ;B[ie] , ac: 32002
B<< = B3
B<< 
W>> play B B3
W<< = 
W<< 
W>> genmove w
W<< MCTS: 12001 simulation done, duration: 170
W<< MCTS: 12001 simulation done, duration: 185
W<< MCTS: 12001 simulation done, duration: 187
W<< MCTS: 12001 simulation done, duration: 188
W<< MCTS: 12001 simulation done, duration: 194
W<< MCTS: 12001 simulation done, duration: 196
W<< MCTS: 12001 simulation done, duration: 209
W<< MCTS: 12001 simulation done, duration: 210
W<< action: ;W[af] , ac: 16000
W<< action: ;W[ba] , ac: 16002
W<< action: ;W[ca] , ac: 16000
W<< action: ;W[dc] , ac: 16000
W<< action: ;W[eh] , ac: 16003
W<< action: ;W[hc] , ac: 16003
W<< = E2
W<< 
B>> play W E2
B<< = 
B<< 
B>> genmove b
B<< MCTS: 12001 simulation done, duration: 211
B<< MCTS: 12001 simulation done, duration: 217
B<< MCTS: 12001 simulation done, duration: 218
B<< MCTS: 12001 simulation done, duration: 219
B<< MCTS: 12001 simulation done, duration: 219
B<< MCTS: 12001 simulation done, duration: 220
B<< MCTS: 12001 simulation done, duration: 220
B<< MCTS: 12001 simulation done, duration: 221
B<< action: ;B[ge] , ac: 48003
B<< action: ;B[ie] , ac: 48005
B<< = J5
B<< 
W>> play B J5
W<< = 
W<< 
W>> genmove w
W<< MCTS: 12001 simulation done, duration: 157
W<< MCTS: 12001 simulation done, duration: 163
W<< MCTS: 12001 simulation done, duration: 163
W<< MCTS: 12001 simulation done, duration: 178
W<< MCTS: 12001 simulation done, duration: 178
W<< MCTS: 12001 simulation done, duration: 182
W<< MCTS: 12001 simulation done, duration: 202
W<< MCTS: 12001 simulation done, duration: 203
W<< action: ;W[af] , ac: 19201
W<< action: ;W[ba] , ac: 19202
W<< action: ;W[ca] , ac: 19202
W<< action: ;W[dc] , ac: 19202
W<< action: ;W[hc] , ac: 19201
W<< = B9
W<< 
B>> play W B9
B<< = 
B<< 
B>> genmove b
B<< MCTS: 12001 simulation done, duration: 202
B<< MCTS: 12001 simulation done, duration: 210
B<< MCTS: 12001 simulation done, duration: 210
B<< MCTS: 12001 simulation done, duration: 211
B<< MCTS: 12001 simulation done, duration: 211
B<< MCTS: 12001 simulation done, duration: 212
B<< MCTS: 12001 simulation done, duration: 212
B<< MCTS: 12001 simulation done, duration: 214
B<< action: ;B[ge] , ac: 96008
B<< = G5
B<< 
W>> play B G5
W<< = 
W<< 
W>> genmove w
W<< MCTS: 12001 simulation done, duration: 132
W<< MCTS: 12001 simulation done, duration: 138
W<< MCTS: 12001 simulation done, duration: 163
W<< MCTS: 12001 simulation done, duration: 165
W<< MCTS: 12001 simulation done, duration: 175
W<< MCTS: 12001 simulation done, duration: 175
W<< MCTS: 12001 simulation done, duration: 175
W<< MCTS: 12001 simulation done, duration: 175
W<< action: ;W[af] , ac: 32002
W<< action: ;W[dc] , ac: 32006
W<< action: ;W[hc] , ac: 32000
W<< = D7
W<< 
B>> play W D7
B<< = 
B<< 
B>> genmove b
B<< MCTS: 12001 simulation done, duration: 209
B<< MCTS: 12001 simulation done, duration: 210
B<< MCTS: 12001 simulation done, duration: 211
B<< MCTS: 12001 simulation done, duration: 212
B<< MCTS: 12001 simulation done, duration: 212
B<< MCTS: 12001 simulation done, duration: 214
B<< MCTS: 12001 simulation done, duration: 215
B<< MCTS: 12001 simulation done, duration: 215
B<< = resign
B<< 
B>> quit
W>> quit
