B<< HollowNoGo-Demo: /home/sciencethebird/Desktop/TCG_2021/Project_4/pj-4-judge-v1/./nogo --shell --name=Hollow-Black --black=search=MCTS N=10000 worker=1 exploration=0.5 
B<< 
B>> protocol_version
B<< = 2
B<< 
B>> name
B<< = Hollow-Black
B<< 
B>> version
B<< = 2021
B<< 
B>> list_commands
B<< = play
B<< genmove
B<< clear_board
B<< showboard
B<< boardsize
B<< name
B<< version
B<< protocol_version
B<< list_commands
B<< quit
B<< 
B<< 
W>> protocol_version
W<< HollowNoGo-Demo: /home/sciencethebird/Desktop/TCG_2021/Project_4/pj-4-judge-v1/./nogo --shell --name=Hollow-White --white=search=MCTS N=20000 worker=1 exploration=0.5 
W<< 
W<< = 2
W<< 
W>> name
W<< = Hollow-White
W<< 
W>> version
W<< = 2021
W<< 
W>> list_commands
W<< = play
W<< genmove
W<< clear_board
W<< showboard
W<< boardsize
W<< name
W<< version
W<< protocol_version
W<< list_commands
W<< quit
W<< 
W<< 
B>> boardsize 9
B<< = 
B<< 
B>> clear_board
B<< = 
B<< 
W>> boardsize 9
W<< = 
W<< 
W>> clear_board
W<< = 
W<< 
============================================
Game 0
============================================
B>> boardsize 9
B<< = 
B<< 
B>> clear_board
B<< = 
B<< 
W>> boardsize 9
W<< = 
W<< 
W>> clear_board
W<< = 
W<< 
B>> genmove b
B<< MCTS: 10001 simulation done, duration: 482
B<< step: 0
B<< best action;B[ag]best count: 294
B<< memory release time: 3
B<< = A3
B<< 
W>> play B A3
W<< = 
W<< 
W>> genmove w
W<< MCTS: 20001 simulation done, duration: 971
W<< step: 0
W<< best action;W[dc]best count: 646
W<< memory release time: 7
W<< = D7
W<< 
B>> play W D7
B<< = 
B<< 
B>> genmove b
B<< MCTS: 10001 simulation done, duration: 467
B<< step: 1
B<< best action;B[aa]best count: 314
B<< memory release time: 3
B<< = A9
B<< 
W>> play B A9
W<< = 
W<< 
W>> genmove w
W<< MCTS: 20001 simulation done, duration: 947
W<< step: 1
W<< best action;W[ii]best count: 801
W<< memory release time: 7
W<< = J1
W<< 
B>> play W J1
B<< = 
B<< 
B>> genmove b
B<< MCTS: 10001 simulation done, duration: 468
B<< step: 2
B<< best action;B[ge]best count: 316
B<< memory release time: 3
B<< = G5
B<< 
W>> play B G5
W<< = 
W<< 
W>> genmove w
W<< MCTS: 20001 simulation done, duration: 940
W<< step: 2
W<< best action;W[be]best count: 689
W<< memory release time: 5
W<< = B5
W<< 
B>> play W B5
B<< = 
B<< 
B>> genmove b
B<< MCTS: 10001 simulation done, duration: 457
B<< step: 3
B<< best action;B[gg]best count: 363
B<< memory release time: 2
B<< = G3
B<< 
W>> play B G3
W<< = 
W<< 
W>> genmove w
W<< MCTS: 20001 simulation done, duration: 925
W<< step: 3
W<< best action;W[bi]best count: 725
W<< memory release time: 7
W<< = B1
W<< 
B>> play W B1
B<< = 
B<< 
B>> genmove b
B<< MCTS: 10001 simulation done, duration: 479
B<< step: 4
B<< best action;B[id]best count: 351
B<< memory release time: 3
B<< = J6
B<< 
W>> play B J6
W<< = 
W<< 
W>> genmove w
W<< MCTS: 20001 simulation done, duration: 934
W<< step: 4
W<< best action;W[eg]best count: 741
W<< memory release time: 7
W<< = E3
W<< 
B>> play W E3
B<< = 
B<< 
B>> genmove b
B<< MCTS: 10001 simulation done, duration: 493
B<< step: 5
B<< best action;B[fc]best count: 371
B<< memory release time: 2
B<< = F7
B<< 
W>> play B F7
W<< = 
W<< 
W>> genmove w
W<< MCTS: 20001 simulation done, duration: 961
W<< step: 5
W<< best action;W[gi]best count: 826
W<< memory release time: 4
W<< = G1
W<< 
B>> play W G1
B<< = 
B<< 
B>> genmove b
B<< MCTS: 10001 simulation done, duration: 475
B<< step: 6
B<< best action;B[ga]best count: 399
B<< memory release time: 2
B<< = G9
B<< 
W>> play B G9
W<< = 
W<< 
W>> genmove w
W<< MCTS: 20001 simulation done, duration: 915
W<< step: 6
W<< best action;W[cb]best count: 675
W<< memory release time: 5
W<< = C8
W<< 
B>> play W C8
B<< = 
B<< 
B>> genmove b
B<< MCTS: 10001 simulation done, duration: 465
B<< step: 7
B<< best action;B[ab]best count: 429
B<< memory release time: 2
B<< = A8
B<< 
W>> play B A8
W<< = 
W<< 
W>> genmove w
