B<< HollowNoGo-Demo: /home/sciencethebird/Desktop/TCG_2021/Project_4/pj-4-judge-v1/./nogo --shell --name=Hollow-Black --black=search=MCTS N=10000 worker=16 exploration=0.5 
B<< 
B>> protocol_version
B<< = 2
B<< 
B>> name
B<< = Hollow-Black
B<< 
B>> version
B<< = 2021
B<< 
B>> list_commands
B<< = play
B<< genmove
B<< clear_board
B<< showboard
B<< boardsize
B<< name
B<< version
B<< protocol_version
B<< list_commands
B<< quit
B<< 
B<< 
W>> protocol_version
W<< HollowNoGo-Demo: ./nogo --shell --name=Hollow --white=search=MCTS N=5000 worker=8 exploration=0.5 --black=search=MCTS N=5000 worker=8 exploration=0.5 
W<< 
W<< = 2
W<< 
W>> name
W<< = Hollow
W<< 
W>> version
W<< = 2021
W<< 
W>> list_commands
W<< = play
W<< genmove
W<< clear_board
W<< showboard
W<< boardsize
W<< name
W<< version
W<< protocol_version
W<< list_commands
W<< quit
W<< 
W<< 
B>> boardsize 9
B<< = 
B<< 
B>> clear_board
B<< = 
B<< 
W>> boardsize 9
W<< = 
W<< 
W>> clear_board
W<< = 
W<< 
============================================
Game 0
============================================
B>> boardsize 9
B<< = 
B<< 
B>> clear_board
B<< = 
B<< 
W>> boardsize 9
W<< = 
W<< 
W>> clear_board
W<< = 
W<< 
B>> genmove b
B<< MCTS: 10001 simulation done, duration: 1190
B<< MCTS: 10001 simulation done, duration: 1191
B<< MCTS: 10001 simulation done, duration: 1199
B<< MCTS: 10001 simulation done, duration: 1200
B<< MCTS: 10001 simulation done, duration: 1210
B<< MCTS: 10001 simulation done, duration: 1214
B<< MCTS: 10001 simulation done, duration: 1219
B<< MCTS: 10001 simulation done, duration: 1226
B<< MCTS: 10001 simulation done, duration: 1229
B<< MCTS: 10001 simulation done, duration: 1241
B<< MCTS: 10001 simulation done, duration: 1247
B<< MCTS: 10001 simulation done, duration: 1252
B<< MCTS: 10001 simulation done, duration: 1257
B<< MCTS: 10001 simulation done, duration: 1284
B<< MCTS: 10001 simulation done, duration: 1288
B<< MCTS: 10001 simulation done, duration: 1306
B<< = A5
B<< 
W>> play B A5
W<< = 
W<< 
W>> genmove w
W<< MCTS: 5001 simulation done, duration: 562
W<< MCTS: 5001 simulation done, duration: 607
W<< MCTS: 5001 simulation done, duration: 617
W<< MCTS: 5001 simulation done, duration: 618
W<< MCTS: 5001 simulation done, duration: 618
W<< MCTS: 5001 simulation done, duration: 618
W<< MCTS: 5001 simulation done, duration: 620
W<< MCTS: 5001 simulation done, duration: 621
W<< action: ;W[ai] , ac: 596
W<< action: ;W[ah] , ac: 510
W<< action: ;W[ag] , ac: 611
W<< action: ;W[af] , ac: 454
W<< action: ;W[ad] , ac: 551
W<< action: ;W[ac] , ac: 438
W<< action: ;W[ab] , ac: 676
W<< action: ;W[aa] , ac: 577
W<< action: ;W[bi] , ac: 506
W<< action: ;W[bh] , ac: 571
W<< action: ;W[bg] , ac: 735
W<< action: ;W[bf] , ac: 486
W<< action: ;W[be] , ac: 507
W<< action: ;W[bd] , ac: 599
W<< action: ;W[bc] , ac: 614
W<< action: ;W[bb] , ac: 426
W<< action: ;W[ba] , ac: 637
W<< action: ;W[ci] , ac: 480
W<< action: ;W[ch] , ac: 425
W<< action: ;W[cg] , ac: 670
W<< action: ;W[cf] , ac: 535
W<< action: ;W[ce] , ac: 647
W<< action: ;W[cd] , ac: 506
W<< action: ;W[cc] , ac: 592
W<< action: ;W[cb] , ac: 503
W<< action: ;W[ca] , ac: 548
W<< action: ;W[di] , ac: 541
W<< action: ;W[dh] , ac: 702
W<< action: ;W[dg] , ac: 532
W<< action: ;W[dc] , ac: 770
W<< action: ;W[db] , ac: 737
W<< action: ;W[da] , ac: 690
W<< action: ;W[ei] , ac: 436
W<< action: ;W[eh] , ac: 430
W<< action: ;W[eg] , ac: 441
W<< action: ;W[ec] , ac: 611
W<< action: ;W[eb] , ac: 459
W<< action: ;W[ea] , ac: 489
W<< action: ;W[fi] , ac: 658
W<< action: ;W[fh] , ac: 465
W<< action: ;W[fg] , ac: 614
W<< action: ;W[fc] , ac: 621
W<< action: ;W[fb] , ac: 603
W<< action: ;W[fa] , ac: 653
W<< action: ;W[gi] , ac: 401
W<< action: ;W[gh] , ac: 514
W<< action: ;W[gg] , ac: 558
W<< action: ;W[gf] , ac: 672
W<< action: ;W[ge] , ac: 555
W<< action: ;W[gd] , ac: 581
W<< action: ;W[gc] , ac: 463
W<< action: ;W[gb] , ac: 622
W<< action: ;W[ga] , ac: 538
W<< action: ;W[hi] , ac: 575
W<< action: ;W[hh] , ac: 632
W<< action: ;W[hg] , ac: 430
W<< action: ;W[hf] , ac: 603
W<< action: ;W[he] , ac: 535
W<< action: ;W[hd] , ac: 497
W<< action: ;W[hc] , ac: 576
W<< action: ;W[hb] , ac: 566
W<< action: ;W[ha] , ac: 483
W<< action: ;W[ii] , ac: 645
W<< action: ;W[ih] , ac: 473
W<< action: ;W[ig] , ac: 623
W<< action: ;W[if] , ac: 533
W<< action: ;W[ie] , ac: 489
W<< action: ;W[id] , ac: 682
W<< action: ;W[ic] , ac: 594
W<< action: ;W[ib] , ac: 765
W<< action: ;W[ia] , ac: 551
W<< = D7
W<< 
B>> play W D7
B<< = 
B<< 
B>> genmove b
B<< MCTS: 10001 simulation done, duration: 1183
B<< MCTS: 10001 simulation done, duration: 1186
B<< MCTS: 10001 simulation done, duration: 1193
B<< MCTS: 10001 simulation done, duration: 1198
B<< MCTS: 10001 simulation done, duration: 1184
B<< MCTS: 10001 simulation done, duration: 1201
B<< MCTS: 10001 simulation done, duration: 1202
B<< MCTS: 10001 simulation done, duration: 1213
B<< MCTS: 10001 simulation done, duration: 1216
B<< MCTS: 10001 simulation done, duration: 1219
B<< MCTS: 10001 simulation done, duration: 1215
B<< MCTS: 10001 simulation done, duration: 1224
B<< MCTS: 10001 simulation done, duration: 1241
B<< MCTS: 10001 simulation done, duration: 1243
B<< MCTS: 10001 simulation done, duration: 1268
B<< MCTS: 10001 simulation done, duration: 1283
B<< = G1
B<< 
W>> play B G1
W<< = 
W<< 
W>> genmove w
W<< MCTS: 5001 simulation done, duration: 559
W<< MCTS: 5001 simulation done, duration: 608
W<< MCTS: 5001 simulation done, duration: 609
W<< MCTS: 5001 simulation done, duration: 609
W<< MCTS: 5001 simulation done, duration: 609
W<< MCTS: 5001 simulation done, duration: 609
W<< MCTS: 5001 simulation done, duration: 610
W<< MCTS: 5001 simulation done, duration: 611
W<< action: ;W[ai] , ac: 460
W<< action: ;W[ah] , ac: 588
W<< action: ;W[ag] , ac: 526
W<< action: ;W[af] , ac: 689
W<< action: ;W[ad] , ac: 576
W<< action: ;W[ac] , ac: 600
W<< action: ;W[ab] , ac: 445
W<< action: ;W[aa] , ac: 783
W<< action: ;W[bi] , ac: 536
W<< action: ;W[bh] , ac: 620
W<< action: ;W[bg] , ac: 514
W<< action: ;W[bf] , ac: 543
W<< action: ;W[be] , ac: 401
W<< action: ;W[bd] , ac: 518
W<< action: ;W[bc] , ac: 670
W<< action: ;W[bb] , ac: 610
W<< action: ;W[ba] , ac: 584
W<< action: ;W[ci] , ac: 665
W<< action: ;W[ch] , ac: 460
W<< action: ;W[cg] , ac: 561
W<< action: ;W[cf] , ac: 696
W<< action: ;W[ce] , ac: 761
W<< action: ;W[cd] , ac: 425
W<< action: ;W[cc] , ac: 579
W<< action: ;W[cb] , ac: 491
W<< action: ;W[ca] , ac: 490
W<< action: ;W[di] , ac: 687
W<< action: ;W[dh] , ac: 452
W<< action: ;W[dg] , ac: 653
W<< action: ;W[db] , ac: 505
W<< action: ;W[da] , ac: 620
W<< action: ;W[ei] , ac: 666
W<< action: ;W[eh] , ac: 515
W<< action: ;W[eg] , ac: 643
W<< action: ;W[ec] , ac: 460
W<< action: ;W[eb] , ac: 477
W<< action: ;W[ea] , ac: 717
W<< action: ;W[fi] , ac: 558
W<< action: ;W[fh] , ac: 530
W<< action: ;W[fg] , ac: 629
W<< action: ;W[fc] , ac: 684
W<< action: ;W[fb] , ac: 484
W<< action: ;W[fa] , ac: 657
W<< action: ;W[gh] , ac: 520
W<< action: ;W[gg] , ac: 570
W<< action: ;W[gf] , ac: 846
W<< action: ;W[ge] , ac: 452
W<< action: ;W[gd] , ac: 552
W<< action: ;W[gc] , ac: 566
W<< action: ;W[gb] , ac: 454
W<< action: ;W[ga] , ac: 636
W<< action: ;W[hi] , ac: 505
W<< action: ;W[hh] , ac: 562
W<< action: ;W[hg] , ac: 524
W<< action: ;W[hf] , ac: 601
W<< action: ;W[he] , ac: 491
W<< action: ;W[hd] , ac: 521
W<< action: ;W[hc] , ac: 566
W<< action: ;W[hb] , ac: 600
W<< action: ;W[ha] , ac: 449
W<< action: ;W[ii] , ac: 697
W<< action: ;W[ih] , ac: 546
W<< action: ;W[ig] , ac: 921
W<< action: ;W[if] , ac: 632
W<< action: ;W[ie] , ac: 502
W<< action: ;W[id] , ac: 808
W<< action: ;W[ic] , ac: 640
W<< action: ;W[ib] , ac: 622
W<< action: ;W[ia] , ac: 497
W<< = J3
W<< 
B>> play W J3
B<< = 
B<< 
B>> genmove b
B<< MCTS: 10001 simulation done, duration: 1182
B<< MCTS: 10001 simulation done, duration: 1184
B<< MCTS: 10001 simulation done, duration: 1191
B<< MCTS: 10001 simulation done, duration: 1206
B<< MCTS: 10001 simulation done, duration: 1209
B<< MCTS: 10001 simulation done, duration: 1225
B<< MCTS: 10001 simulation done, duration: 1217
B<< MCTS: 10001 simulation done, duration: 1237
B<< MCTS: 10001 simulation done, duration: 1244
B<< MCTS: 10001 simulation done, duration: 1255
B<< MCTS: 10001 simulation done, duration: 1257
B<< MCTS: 10001 simulation done, duration: 1260
B<< MCTS: 10001 simulation done, duration: 1275
B<< MCTS: 10001 simulation done, duration: 1275
B<< MCTS: 10001 simulation done, duration: 1296
B<< MCTS: 10001 simulation done, duration: 1365
B<< = A1
B<< 
W>> play B A1
W<< = 
W<< 
W>> genmove w
W<< MCTS: 5001 simulation done, duration: 544
W<< MCTS: 5001 simulation done, duration: 587
W<< MCTS: 5001 simulation done, duration: 599
W<< MCTS: 5001 simulation done, duration: 601
W<< MCTS: 5001 simulation done, duration: 601
W<< MCTS: 5001 simulation done, duration: 601
W<< MCTS: 5001 simulation done, duration: 602
W<< MCTS: 5001 simulation done, duration: 611
W<< action: ;W[ah] , ac: 671
W<< action: ;W[ag] , ac: 497
W<< action: ;W[af] , ac: 475
W<< action: ;W[ad] , ac: 529
W<< action: ;W[ac] , ac: 414
W<< action: ;W[ab] , ac: 736
W<< action: ;W[aa] , ac: 758
W<< action: ;W[bi] , ac: 676
W<< action: ;W[bh] , ac: 432
W<< action: ;W[bg] , ac: 670
W<< action: ;W[bf] , ac: 731
W<< action: ;W[be] , ac: 530
W<< action: ;W[bd] , ac: 504
W<< action: ;W[bc] , ac: 483
W<< action: ;W[bb] , ac: 569
W<< action: ;W[ba] , ac: 733
W<< action: ;W[ci] , ac: 542
W<< action: ;W[ch] , ac: 445
W<< action: ;W[cg] , ac: 641
W<< action: ;W[cf] , ac: 705
W<< action: ;W[ce] , ac: 584
W<< action: ;W[cd] , ac: 466
W<< action: ;W[cc] , ac: 752
W<< action: ;W[cb] , ac: 673
W<< action: ;W[ca] , ac: 694
W<< action: ;W[di] , ac: 680
W<< action: ;W[dh] , ac: 733
W<< action: ;W[dg] , ac: 502
W<< action: ;W[db] , ac: 536
W<< action: ;W[da] , ac: 516
W<< action: ;W[ei] , ac: 468
W<< action: ;W[eh] , ac: 441
W<< action: ;W[eg] , ac: 796
W<< action: ;W[ec] , ac: 500
W<< action: ;W[eb] , ac: 552
W<< action: ;W[ea] , ac: 671
W<< action: ;W[fi] , ac: 670
W<< action: ;W[fh] , ac: 604
W<< action: ;W[fg] , ac: 566
W<< action: ;W[fc] , ac: 726
W<< action: ;W[fb] , ac: 547
W<< action: ;W[fa] , ac: 588
W<< action: ;W[gh] , ac: 470
W<< action: ;W[gg] , ac: 648
W<< action: ;W[gf] , ac: 571
W<< action: ;W[ge] , ac: 458
W<< action: ;W[gd] , ac: 593
W<< action: ;W[gc] , ac: 596
W<< action: ;W[gb] , ac: 547
W<< action: ;W[ga] , ac: 576
W<< action: ;W[hi] , ac: 646
W<< action: ;W[hh] , ac: 647
W<< action: ;W[hg] , ac: 440
W<< action: ;W[hf] , ac: 704
W<< action: ;W[he] , ac: 609
W<< action: ;W[hd] , ac: 578
W<< action: ;W[hc] , ac: 409
W<< action: ;W[hb] , ac: 836
W<< action: ;W[ha] , ac: 463
W<< action: ;W[ii] , ac: 694
W<< action: ;W[ih] , ac: 594
W<< action: ;W[if] , ac: 678
W<< action: ;W[ie] , ac: 699
W<< action: ;W[id] , ac: 691
W<< action: ;W[ic] , ac: 502
W<< action: ;W[ib] , ac: 621
W<< action: ;W[ia] , ac: 732
W<< = H8
W<< 
B>> play W H8
B<< = 
B<< 
B>> genmove b
B<< MCTS: 10001 simulation done, duration: 1178
B<< MCTS: 10001 simulation done, duration: 1179
B<< MCTS: 10001 simulation done, duration: 1180
B<< MCTS: 10001 simulation done, duration: 1180
B<< MCTS: 10001 simulation done, duration: 1183
B<< MCTS: 10001 simulation done, duration: 1185
B<< MCTS: 10001 simulation done, duration: 1188
B<< MCTS: 10001 simulation done, duration: 1187
B<< MCTS: 10001 simulation done, duration: 1188
B<< MCTS: 10001 simulation done, duration: 1175
B<< MCTS: 10001 simulation done, duration: 1190
B<< MCTS: 10001 simulation done, duration: 1190
B<< MCTS: 10001 simulation done, duration: 1192
B<< MCTS: 10001 simulation done, duration: 1193
B<< MCTS: 10001 simulation done, duration: 1196
B<< MCTS: 10001 simulation done, duration: 1201
B<< = C6
B<< 
W>> play B C6
W<< = 
W<< 
W>> genmove w
W<< MCTS: 5001 simulation done, duration: 534
W<< MCTS: 5001 simulation done, duration: 587
W<< MCTS: 5001 simulation done, duration: 588
W<< MCTS: 5001 simulation done, duration: 589
W<< MCTS: 5001 simulation done, duration: 589
W<< MCTS: 5001 simulation done, duration: 589
W<< MCTS: 5001 simulation done, duration: 589
W<< MCTS: 5001 simulation done, duration: 591
W<< action: ;W[ah] , ac: 751
W<< action: ;W[ag] , ac: 524
W<< action: ;W[af] , ac: 661
W<< action: ;W[ad] , ac: 460
W<< action: ;W[ac] , ac: 373
W<< action: ;W[ab] , ac: 819
W<< action: ;W[aa] , ac: 546
W<< action: ;W[bi] , ac: 545
W<< action: ;W[bh] , ac: 632
W<< action: ;W[bg] , ac: 585
W<< action: ;W[bf] , ac: 672
W<< action: ;W[be] , ac: 534
W<< action: ;W[bd] , ac: 634
W<< action: ;W[bc] , ac: 748
W<< action: ;W[bb] , ac: 759
W<< action: ;W[ba] , ac: 589
W<< action: ;W[ci] , ac: 442
W<< action: ;W[ch] , ac: 466
W<< action: ;W[cg] , ac: 522
W<< action: ;W[cf] , ac: 519
W<< action: ;W[ce] , ac: 688
W<< action: ;W[cc] , ac: 499
W<< action: ;W[cb] , ac: 478
W<< action: ;W[ca] , ac: 706
W<< action: ;W[di] , ac: 665
W<< action: ;W[dh] , ac: 730
W<< action: ;W[dg] , ac: 734
W<< action: ;W[db] , ac: 635
W<< action: ;W[da] , ac: 750
W<< action: ;W[ei] , ac: 854
W<< action: ;W[eh] , ac: 543
W<< action: ;W[eg] , ac: 673
W<< action: ;W[ec] , ac: 556
W<< action: ;W[eb] , ac: 869
W<< action: ;W[ea] , ac: 562
W<< action: ;W[fi] , ac: 480
W<< action: ;W[fh] , ac: 601
W<< action: ;W[fg] , ac: 810
W<< action: ;W[fc] , ac: 688
W<< action: ;W[fb] , ac: 511
W<< action: ;W[fa] , ac: 791
W<< action: ;W[gh] , ac: 453
W<< action: ;W[gg] , ac: 441
W<< action: ;W[gf] , ac: 525
W<< action: ;W[ge] , ac: 481
W<< action: ;W[gd] , ac: 523
W<< action: ;W[gc] , ac: 641
W<< action: ;W[gb] , ac: 689
W<< action: ;W[ga] , ac: 689
W<< action: ;W[hi] , ac: 515
W<< action: ;W[hh] , ac: 641
W<< action: ;W[hg] , ac: 734
W<< action: ;W[hf] , ac: 649
W<< action: ;W[he] , ac: 631
W<< action: ;W[hd] , ac: 574
W<< action: ;W[hc] , ac: 457
W<< action: ;W[ha] , ac: 424
W<< action: ;W[ii] , ac: 694
W<< action: ;W[ih] , ac: 665
W<< action: ;W[if] , ac: 551
W<< action: ;W[ie] , ac: 437
W<< action: ;W[id] , ac: 916
W<< action: ;W[ic] , ac: 690
W<< action: ;W[ib] , ac: 573
W<< action: ;W[ia] , ac: 811
W<< = J6
W<< 
B>> play W J6
B<< = 
B<< 
B>> genmove b
B<< MCTS: 10001 simulation done, duration: 1176
B<< MCTS: 10001 simulation done, duration: 1175
B<< MCTS: 10001 simulation done, duration: 1178
B<< MCTS: 10001 simulation done, duration: 1178
B<< MCTS: 10001 simulation done, duration: 1177
B<< MCTS: 10001 simulation done, duration: 1180
B<< MCTS: 10001 simulation done, duration: 1180
B<< MCTS: 10001 simulation done, duration: 1180
B<< MCTS: 10001 simulation done, duration: 1182
B<< MCTS: 10001 simulation done, duration: 1181
B<< MCTS: 10001 simulation done, duration: 1184
B<< MCTS: 10001 simulation done, duration: 1184
B<< MCTS: 10001 simulation done, duration: 1168
B<< MCTS: 10001 simulation done, duration: 1194
B<< MCTS: 10001 simulation done, duration: 1193
B<< MCTS: 10001 simulation done, duration: 1198
B<< = E9
B<< 
W>> play B E9
W<< = 
W<< 
W>> genmove w
W<< MCTS: 5001 simulation done, duration: 545
W<< MCTS: 5001 simulation done, duration: 577
W<< MCTS: 5001 simulation done, duration: 580
W<< MCTS: 5001 simulation done, duration: 580
W<< MCTS: 5001 simulation done, duration: 581
W<< MCTS: 5001 simulation done, duration: 581
W<< MCTS: 5001 simulation done, duration: 582
W<< MCTS: 5001 simulation done, duration: 585
W<< action: ;W[ah] , ac: 570
W<< action: ;W[ag] , ac: 707
W<< action: ;W[af] , ac: 731
W<< action: ;W[ad] , ac: 769
W<< action: ;W[ac] , ac: 698
W<< action: ;W[ab] , ac: 760
W<< action: ;W[aa] , ac: 747
W<< action: ;W[bi] , ac: 654
W<< action: ;W[bh] , ac: 681
W<< action: ;W[bg] , ac: 731
W<< action: ;W[bf] , ac: 472
W<< action: ;W[be] , ac: 572
W<< action: ;W[bd] , ac: 430
W<< action: ;W[bc] , ac: 689
W<< action: ;W[bb] , ac: 579
W<< action: ;W[ba] , ac: 633
W<< action: ;W[ci] , ac: 649
W<< action: ;W[ch] , ac: 706
W<< action: ;W[cg] , ac: 631
W<< action: ;W[cf] , ac: 723
W<< action: ;W[ce] , ac: 727
W<< action: ;W[cc] , ac: 513
W<< action: ;W[cb] , ac: 580
W<< action: ;W[ca] , ac: 716
W<< action: ;W[di] , ac: 862
W<< action: ;W[dh] , ac: 504
W<< action: ;W[dg] , ac: 595
W<< action: ;W[db] , ac: 553
W<< action: ;W[da] , ac: 790
W<< action: ;W[ei] , ac: 459
W<< action: ;W[eh] , ac: 693
W<< action: ;W[eg] , ac: 564
W<< action: ;W[ec] , ac: 676
W<< action: ;W[eb] , ac: 521
W<< action: ;W[fi] , ac: 620
W<< action: ;W[fh] , ac: 404
W<< action: ;W[fg] , ac: 722
W<< action: ;W[fc] , ac: 468
W<< action: ;W[fb] , ac: 663
W<< action: ;W[fa] , ac: 555
W<< action: ;W[gh] , ac: 794
W<< action: ;W[gg] , ac: 708
W<< action: ;W[gf] , ac: 694
W<< action: ;W[ge] , ac: 695
W<< action: ;W[gd] , ac: 719
W<< action: ;W[gc] , ac: 576
W<< action: ;W[gb] , ac: 658
W<< action: ;W[ga] , ac: 519
W<< action: ;W[hi] , ac: 680
W<< action: ;W[hh] , ac: 595
W<< action: ;W[hg] , ac: 496
W<< action: ;W[hf] , ac: 656
W<< action: ;W[he] , ac: 708
W<< action: ;W[hd] , ac: 395
W<< action: ;W[hc] , ac: 562
W<< action: ;W[ha] , ac: 789
W<< action: ;W[ii] , ac: 660
W<< action: ;W[ih] , ac: 671
W<< action: ;W[if] , ac: 504
W<< action: ;W[ie] , ac: 693
W<< action: ;W[ic] , ac: 532
W<< action: ;W[ib] , ac: 535
W<< action: ;W[ia] , ac: 852
W<< = D1
W<< 
B>> play W D1
B<< = 
B<< 
B>> genmove b
B<< MCTS: 10001 simulation done, duration: 1168
B<< MCTS: 10001 simulation done, duration: 1169
B<< MCTS: 10001 simulation done, duration: 1172
B<< MCTS: 10001 simulation done, duration: 1175
B<< MCTS: 10001 simulation done, duration: 1176
B<< MCTS: 10001 simulation done, duration: 1171
B<< MCTS: 10001 simulation done, duration: 1181
B<< MCTS: 10001 simulation done, duration: 1189
B<< MCTS: 10001 simulation done, duration: 1190
B<< MCTS: 10001 simulation done, duration: 1194
B<< MCTS: 10001 simulation done, duration: 1194
B<< MCTS: 10001 simulation done, duration: 1192
B<< MCTS: 10001 simulation done, duration: 1210
B<< MCTS: 10001 simulation done, duration: 1213
B<< MCTS: 10001 simulation done, duration: 1247
B<< MCTS: 10001 simulation done, duration: 1295
B<< = J2
B<< 
W>> play B J2
W<< = 
W<< 
W>> genmove w
W<< MCTS: 5001 simulation done, duration: 518
W<< MCTS: 5001 simulation done, duration: 570
W<< MCTS: 5001 simulation done, duration: 570
W<< MCTS: 5001 simulation done, duration: 570
W<< MCTS: 5001 simulation done, duration: 571
W<< MCTS: 5001 simulation done, duration: 571
W<< MCTS: 5001 simulation done, duration: 571
W<< MCTS: 5001 simulation done, duration: 571
W<< action: ;W[ah] , ac: 577
W<< action: ;W[ag] , ac: 626
W<< action: ;W[af] , ac: 731
W<< action: ;W[ad] , ac: 508
W<< action: ;W[ac] , ac: 455
W<< action: ;W[ab] , ac: 641
W<< action: ;W[aa] , ac: 817
W<< action: ;W[bi] , ac: 981
W<< action: ;W[bh] , ac: 726
W<< action: ;W[bg] , ac: 678
W<< action: ;W[bf] , ac: 517
W<< action: ;W[be] , ac: 777
W<< action: ;W[bd] , ac: 879
W<< action: ;W[bc] , ac: 734
W<< action: ;W[bb] , ac: 742
W<< action: ;W[ba] , ac: 668
W<< action: ;W[ci] , ac: 602
W<< action: ;W[ch] , ac: 823
W<< action: ;W[cg] , ac: 596
W<< action: ;W[cf] , ac: 684
W<< action: ;W[ce] , ac: 759
W<< action: ;W[cc] , ac: 637
W<< action: ;W[cb] , ac: 648
W<< action: ;W[ca] , ac: 580
W<< action: ;W[dh] , ac: 645
W<< action: ;W[dg] , ac: 676
W<< action: ;W[db] , ac: 464
W<< action: ;W[da] , ac: 795
W<< action: ;W[ei] , ac: 467
W<< action: ;W[eh] , ac: 537
W<< action: ;W[eg] , ac: 678
W<< action: ;W[ec] , ac: 534
W<< action: ;W[eb] , ac: 794
W<< action: ;W[fi] , ac: 431
W<< action: ;W[fh] , ac: 765
W<< action: ;W[fg] , ac: 477
W<< action: ;W[fc] , ac: 606
W<< action: ;W[fb] , ac: 813
W<< action: ;W[fa] , ac: 651
W<< action: ;W[gh] , ac: 672
W<< action: ;W[gg] , ac: 846
W<< action: ;W[gf] , ac: 629
W<< action: ;W[ge] , ac: 463
W<< action: ;W[gd] , ac: 789
W<< action: ;W[gc] , ac: 722
W<< action: ;W[gb] , ac: 567
W<< action: ;W[ga] , ac: 683
W<< action: ;W[hi] , ac: 685
W<< action: ;W[hh] , ac: 522
W<< action: ;W[hg] , ac: 608
W<< action: ;W[hf] , ac: 794
W<< action: ;W[he] , ac: 624
W<< action: ;W[hd] , ac: 660
W<< action: ;W[hc] , ac: 499
W<< action: ;W[ha] , ac: 679
W<< action: ;W[ii] , ac: 734
W<< action: ;W[if] , ac: 715
W<< action: ;W[ie] , ac: 652
W<< action: ;W[ic] , ac: 489
W<< action: ;W[ib] , ac: 731
W<< action: ;W[ia] , ac: 526
W<< = B1
W<< 
B>> play W B1
B<< = 
B<< 
B>> genmove b
B<< MCTS: 10001 simulation done, duration: 1169
B<< MCTS: 10001 simulation done, duration: 1170
B<< MCTS: 10001 simulation done, duration: 1171
B<< MCTS: 10001 simulation done, duration: 1175
B<< MCTS: 10001 simulation done, duration: 1171
B<< MCTS: 10001 simulation done, duration: 1175
B<< MCTS: 10001 simulation done, duration: 1178
B<< MCTS: 10001 simulation done, duration: 1179
B<< MCTS: 10001 simulation done, duration: 1182
B<< MCTS: 10001 simulation done, duration: 1182
B<< MCTS: 10001 simulation done, duration: 1171
B<< MCTS: 10001 simulation done, duration: 1183
B<< MCTS: 10001 simulation done, duration: 1186
B<< MCTS: 10001 simulation done, duration: 1191
B<< MCTS: 10001 simulation done, duration: 1195
B<< MCTS: 10001 simulation done, duration: 1213
B<< = C4
B<< 
W>> play B C4
W<< = 
W<< 
W>> genmove w
W<< MCTS: 5001 simulation done, duration: 568
W<< MCTS: 5001 simulation done, duration: 569
W<< MCTS: 5001 simulation done, duration: 569
W<< MCTS: 5001 simulation done, duration: 569
W<< MCTS: 5001 simulation done, duration: 569
W<< MCTS: 5001 simulation done, duration: 570
W<< MCTS: 5001 simulation done, duration: 571
W<< MCTS: 5001 simulation done, duration: 571
W<< action: ;W[ag] , ac: 1089
W<< action: ;W[af] , ac: 678
W<< action: ;W[ad] , ac: 627
W<< action: ;W[ac] , ac: 782
W<< action: ;W[ab] , ac: 716
W<< action: ;W[aa] , ac: 449
W<< action: ;W[bh] , ac: 494
W<< action: ;W[bg] , ac: 557
W<< action: ;W[bf] , ac: 572
W<< action: ;W[be] , ac: 742
W<< action: ;W[bd] , ac: 546
W<< action: ;W[bc] , ac: 603
W<< action: ;W[bb] , ac: 805
W<< action: ;W[ba] , ac: 759
W<< action: ;W[ci] , ac: 576
W<< action: ;W[ch] , ac: 1008
W<< action: ;W[cg] , ac: 573
W<< action: ;W[ce] , ac: 662
W<< action: ;W[cc] , ac: 654
W<< action: ;W[cb] , ac: 764
W<< action: ;W[ca] , ac: 924
W<< action: ;W[dh] , ac: 622
W<< action: ;W[dg] , ac: 628
W<< action: ;W[db] , ac: 669
W<< action: ;W[da] , ac: 674
W<< action: ;W[ei] , ac: 759
W<< action: ;W[eh] , ac: 655
W<< action: ;W[eg] , ac: 513
W<< action: ;W[ec] , ac: 686
W<< action: ;W[eb] , ac: 641
W<< action: ;W[fi] , ac: 753
W<< action: ;W[fh] , ac: 839
W<< action: ;W[fg] , ac: 750
W<< action: ;W[fc] , ac: 927
W<< action: ;W[fb] , ac: 632
W<< action: ;W[fa] , ac: 661
W<< action: ;W[gh] , ac: 727
W<< action: ;W[gg] , ac: 873
W<< action: ;W[gf] , ac: 941
W<< action: ;W[ge] , ac: 721
W<< action: ;W[gd] , ac: 625
W<< action: ;W[gc] , ac: 730
W<< action: ;W[gb] , ac: 641
W<< action: ;W[ga] , ac: 661
W<< action: ;W[hi] , ac: 625
W<< action: ;W[hh] , ac: 569
W<< action: ;W[hg] , ac: 555
W<< action: ;W[hf] , ac: 691
W<< action: ;W[he] , ac: 737
W<< action: ;W[hd] , ac: 567
W<< action: ;W[hc] , ac: 687
W<< action: ;W[ha] , ac: 650
W<< action: ;W[ii] , ac: 1011
W<< action: ;W[if] , ac: 591
W<< action: ;W[ie] , ac: 680
W<< action: ;W[ic] , ac: 449
W<< action: ;W[ib] , ac: 564
W<< action: ;W[ia] , ac: 724
W<< = A3
W<< 
B>> play W A3
B<< = 
B<< 
B>> genmove b
B<< MCTS: 10001 simulation done, duration: 1162
B<< MCTS: 10001 simulation done, duration: 1167
B<< MCTS: 10001 simulation done, duration: 1167
B<< MCTS: 10001 simulation done, duration: 1171
B<< MCTS: 10001 simulation done, duration: 1173
B<< MCTS: 10001 simulation done, duration: 1170
B<< MCTS: 10001 simulation done, duration: 1174
B<< MCTS: 10001 simulation done, duration: 1175
B<< MCTS: 10001 simulation done, duration: 1175
B<< MCTS: 10001 simulation done, duration: 1175
B<< MCTS: 10001 simulation done, duration: 1166
B<< MCTS: 10001 simulation done, duration: 1179
B<< MCTS: 10001 simulation done, duration: 1181
B<< MCTS: 10001 simulation done, duration: 1182
B<< MCTS: 10001 simulation done, duration: 1188
B<< MCTS: 10001 simulation done, duration: 1211
B<< = H9
B<< 
W>> play B H9
W<< = 
W<< 
W>> genmove w
W<< MCTS: 5001 simulation done, duration: 517
W<< MCTS: 5001 simulation done, duration: 553
W<< MCTS: 5001 simulation done, duration: 554
W<< MCTS: 5001 simulation done, duration: 554
W<< MCTS: 5001 simulation done, duration: 556
W<< MCTS: 5001 simulation done, duration: 556
W<< MCTS: 5001 simulation done, duration: 567
W<< MCTS: 5001 simulation done, duration: 573
W<< action: ;W[af] , ac: 529
W<< action: ;W[ad] , ac: 888
W<< action: ;W[ac] , ac: 972
W<< action: ;W[ab] , ac: 970
W<< action: ;W[aa] , ac: 993
W<< action: ;W[bh] , ac: 632
W<< action: ;W[bg] , ac: 569
W<< action: ;W[bf] , ac: 784
W<< action: ;W[be] , ac: 662
W<< action: ;W[bd] , ac: 623
W<< action: ;W[bc] , ac: 609
W<< action: ;W[bb] , ac: 591
W<< action: ;W[ba] , ac: 665
W<< action: ;W[ci] , ac: 531
W<< action: ;W[ch] , ac: 839
W<< action: ;W[cg] , ac: 866
W<< action: ;W[ce] , ac: 505
W<< action: ;W[cc] , ac: 542
W<< action: ;W[cb] , ac: 624
W<< action: ;W[ca] , ac: 802
W<< action: ;W[dh] , ac: 550
W<< action: ;W[dg] , ac: 644
W<< action: ;W[db] , ac: 582
W<< action: ;W[da] , ac: 799
W<< action: ;W[ei] , ac: 633
W<< action: ;W[eh] , ac: 831
W<< action: ;W[eg] , ac: 532
W<< action: ;W[ec] , ac: 511
W<< action: ;W[eb] , ac: 700
W<< action: ;W[fi] , ac: 863
W<< action: ;W[fh] , ac: 745
W<< action: ;W[fg] , ac: 747
W<< action: ;W[fc] , ac: 972
W<< action: ;W[fb] , ac: 644
W<< action: ;W[fa] , ac: 656
W<< action: ;W[gh] , ac: 748
W<< action: ;W[gg] , ac: 732
W<< action: ;W[gf] , ac: 829
W<< action: ;W[ge] , ac: 648
W<< action: ;W[gd] , ac: 808
W<< action: ;W[gc] , ac: 1044
W<< action: ;W[gb] , ac: 798
W<< action: ;W[ga] , ac: 876
W<< action: ;W[hi] , ac: 896
W<< action: ;W[hh] , ac: 431
W<< action: ;W[hg] , ac: 665
W<< action: ;W[hf] , ac: 857
W<< action: ;W[he] , ac: 560
W<< action: ;W[hd] , ac: 443
W<< action: ;W[hc] , ac: 742
W<< action: ;W[ii] , ac: 856
W<< action: ;W[if] , ac: 642
W<< action: ;W[ie] , ac: 665
W<< action: ;W[ic] , ac: 704
W<< action: ;W[ib] , ac: 575
W<< action: ;W[ia] , ac: 884
W<< = G7
W<< 
B>> play W G7
B<< = 
B<< 
B>> genmove b
B<< MCTS: 10001 simulation done, duration: 1161
B<< MCTS: 10001 simulation done, duration: 1163
B<< MCTS: 10001 simulation done, duration: 1164
B<< MCTS: 10001 simulation done, duration: 1164
B<< MCTS: 10001 simulation done, duration: 1163
B<< MCTS: 10001 simulation done, duration: 1165
B<< MCTS: 10001 simulation done, duration: 1166
B<< MCTS: 10001 simulation done, duration: 1168
B<< MCTS: 10001 simulation done, duration: 1169
B<< MCTS: 10001 simulation done, duration: 1172
B<< MCTS: 10001 simulation done, duration: 1175
B<< MCTS: 10001 simulation done, duration: 1179
B<< MCTS: 10001 simulation done, duration: 1170
B<< MCTS: 10001 simulation done, duration: 1182
B<< MCTS: 10001 simulation done, duration: 1185
B<< MCTS: 10001 simulation done, duration: 1184
B<< = C1
B<< 
W>> play B C1
W<< = 
W<< 
W>> genmove w
W<< MCTS: 5001 simulation done, duration: 517
W<< MCTS: 5001 simulation done, duration: 550
W<< MCTS: 5001 simulation done, duration: 550
W<< MCTS: 5001 simulation done, duration: 551
W<< MCTS: 5001 simulation done, duration: 551
W<< MCTS: 5001 simulation done, duration: 552
W<< MCTS: 5001 simulation done, duration: 552
W<< MCTS: 5001 simulation done, duration: 563
W<< action: ;W[af] , ac: 506
W<< action: ;W[ad] , ac: 696
W<< action: ;W[ac] , ac: 820
W<< action: ;W[ab] , ac: 616
W<< action: ;W[aa] , ac: 995
W<< action: ;W[bh] , ac: 822
W<< action: ;W[bg] , ac: 422
W<< action: ;W[bf] , ac: 878
W<< action: ;W[be] , ac: 818
W<< action: ;W[bd] , ac: 833
W<< action: ;W[bc] , ac: 606
W<< action: ;W[bb] , ac: 798
W<< action: ;W[ba] , ac: 896
W<< action: ;W[cg] , ac: 801
W<< action: ;W[ce] , ac: 910
W<< action: ;W[cc] , ac: 725
W<< action: ;W[cb] , ac: 535
W<< action: ;W[ca] , ac: 1206
W<< action: ;W[dh] , ac: 378
W<< action: ;W[dg] , ac: 694
W<< action: ;W[db] , ac: 852
W<< action: ;W[da] , ac: 721
W<< action: ;W[ei] , ac: 803
W<< action: ;W[eh] , ac: 762
W<< action: ;W[eg] , ac: 647
W<< action: ;W[ec] , ac: 671
W<< action: ;W[eb] , ac: 783
W<< action: ;W[fi] , ac: 749
W<< action: ;W[fh] , ac: 745
W<< action: ;W[fg] , ac: 854
W<< action: ;W[fc] , ac: 795
W<< action: ;W[fb] , ac: 684
W<< action: ;W[fa] , ac: 650
W<< action: ;W[gh] , ac: 765
W<< action: ;W[gg] , ac: 724
W<< action: ;W[gf] , ac: 863
W<< action: ;W[ge] , ac: 634
W<< action: ;W[gd] , ac: 782
W<< action: ;W[gb] , ac: 537
W<< action: ;W[ga] , ac: 729
W<< action: ;W[hi] , ac: 797
W<< action: ;W[hh] , ac: 707
W<< action: ;W[hg] , ac: 649
W<< action: ;W[hf] , ac: 909
W<< action: ;W[he] , ac: 932
W<< action: ;W[hd] , ac: 752
W<< action: ;W[hc] , ac: 743
W<< action: ;W[ii] , ac: 811
W<< action: ;W[if] , ac: 794
W<< action: ;W[ie] , ac: 780
W<< action: ;W[ic] , ac: 699
W<< action: ;W[ib] , ac: 666
W<< action: ;W[ia] , ac: 1064
W<< = C9
W<< 
B>> play W C9
B<< = 
B<< 
B>> genmove b
B<< MCTS: 10001 simulation done, duration: 1154
B<< MCTS: 10001 simulation done, duration: 1155
B<< MCTS: 10001 simulation done, duration: 1157
B<< MCTS: 10001 simulation done, duration: 1158
B<< MCTS: 10001 simulation done, duration: 1158
B<< MCTS: 10001 simulation done, duration: 1159
B<< MCTS: 10001 simulation done, duration: 1164
B<< MCTS: 10001 simulation done, duration: 1163
B<< MCTS: 10001 simulation done, duration: 1165
B<< MCTS: 10001 simulation done, duration: 1166
B<< MCTS: 10001 simulation done, duration: 1161
B<< MCTS: 10001 simulation done, duration: 1168
B<< MCTS: 10001 simulation done, duration: 1170
B<< MCTS: 10001 simulation done, duration: 1177
B<< MCTS: 10001 simulation done, duration: 1184
B<< MCTS: 10001 simulation done, duration: 1181
B<< = F7
B<< 
W>> play B F7
W<< = 
W<< 
W>> genmove w
W<< MCTS: 5001 simulation done, duration: 473
W<< MCTS: 5001 simulation done, duration: 515
W<< MCTS: 5001 simulation done, duration: 525
W<< MCTS: 5001 simulation done, duration: 526
W<< MCTS: 5001 simulation done, duration: 527
W<< MCTS: 5001 simulation done, duration: 528
W<< MCTS: 5001 simulation done, duration: 528
W<< MCTS: 5001 simulation done, duration: 529
W<< action: ;W[af] , ac: 745
W<< action: ;W[ad] , ac: 808
W<< action: ;W[ac] , ac: 1102
W<< action: ;W[ab] , ac: 1236
W<< action: ;W[aa] , ac: 804
W<< action: ;W[bh] , ac: 842
W<< action: ;W[bg] , ac: 599
W<< action: ;W[bf] , ac: 547
W<< action: ;W[be] , ac: 619
W<< action: ;W[bd] , ac: 561
W<< action: ;W[bc] , ac: 966
W<< action: ;W[bb] , ac: 659
W<< action: ;W[ba] , ac: 995
W<< action: ;W[cg] , ac: 527
W<< action: ;W[ce] , ac: 831
W<< action: ;W[cc] , ac: 592
W<< action: ;W[cb] , ac: 857
W<< action: ;W[dh] , ac: 675
W<< action: ;W[dg] , ac: 719
W<< action: ;W[db] , ac: 626
W<< action: ;W[da] , ac: 1063
W<< action: ;W[ei] , ac: 582
W<< action: ;W[eh] , ac: 792
W<< action: ;W[eg] , ac: 780
W<< action: ;W[ec] , ac: 808
W<< action: ;W[eb] , ac: 632
W<< action: ;W[fi] , ac: 851
W<< action: ;W[fh] , ac: 781
W<< action: ;W[fg] , ac: 694
W<< action: ;W[fb] , ac: 808
W<< action: ;W[fa] , ac: 824
W<< action: ;W[gh] , ac: 626
W<< action: ;W[gg] , ac: 764
W<< action: ;W[gf] , ac: 873
W<< action: ;W[ge] , ac: 957
W<< action: ;W[gd] , ac: 602
W<< action: ;W[gb] , ac: 572
W<< action: ;W[ga] , ac: 950
W<< action: ;W[hi] , ac: 791
W<< action: ;W[hh] , ac: 713
W<< action: ;W[hg] , ac: 658
W<< action: ;W[hf] , ac: 941
W<< action: ;W[he] , ac: 760
W<< action: ;W[hd] , ac: 833
W<< action: ;W[hc] , ac: 840
W<< action: ;W[ii] , ac: 800
W<< action: ;W[if] , ac: 879
W<< action: ;W[ie] , ac: 809
W<< action: ;W[ic] , ac: 691
W<< action: ;W[ib] , ac: 1120
W<< action: ;W[ia] , ac: 904
W<< = A8
W<< 
B>> play W A8
B<< = 
B<< 
B>> genmove b
B<< MCTS: 10001 simulation done, duration: 1121
B<< MCTS: 10001 simulation done, duration: 1120
B<< MCTS: 10001 simulation done, duration: 1121
B<< MCTS: 10001 simulation done, duration: 1123
B<< MCTS: 10001 simulation done, duration: 1123
B<< MCTS: 10001 simulation done, duration: 1123
B<< MCTS: 10001 simulation done, duration: 1125
B<< MCTS: 10001 simulation done, duration: 1125
B<< MCTS: 10001 simulation done, duration: 1126
B<< MCTS: 10001 simulation done, duration: 1127
B<< MCTS: 10001 simulation done, duration: 1127
B<< MCTS: 10001 simulation done, duration: 1131
B<< MCTS: 10001 simulation done, duration: 1141
B<< MCTS: 10001 simulation done, duration: 1141
B<< MCTS: 10001 simulation done, duration: 1141
B<< MCTS: 10001 simulation done, duration: 1167
B<< = G6
B<< 
W>> play B G6
W<< = 
W<< 
W>> genmove w
W<< MCTS: 5001 simulation done, duration: 478
W<< MCTS: 5001 simulation done, duration: 507
W<< MCTS: 5001 simulation done, duration: 508
W<< MCTS: 5001 simulation done, duration: 508
W<< MCTS: 5001 simulation done, duration: 509
W<< MCTS: 5001 simulation done, duration: 511
W<< MCTS: 5001 simulation done, duration: 511
W<< MCTS: 5001 simulation done, duration: 512
W<< action: ;W[af] , ac: 701
W<< action: ;W[ad] , ac: 532
W<< action: ;W[ac] , ac: 732
W<< action: ;W[aa] , ac: 790
W<< action: ;W[bh] , ac: 978
W<< action: ;W[bg] , ac: 480
W<< action: ;W[bf] , ac: 741
W<< action: ;W[be] , ac: 787
W<< action: ;W[bd] , ac: 794
W<< action: ;W[bc] , ac: 833
W<< action: ;W[bb] , ac: 837
W<< action: ;W[ba] , ac: 853
W<< action: ;W[cg] , ac: 730
W<< action: ;W[ce] , ac: 849
W<< action: ;W[cc] , ac: 610
W<< action: ;W[cb] , ac: 851
W<< action: ;W[dh] , ac: 775
W<< action: ;W[dg] , ac: 1077
W<< action: ;W[db] , ac: 722
W<< action: ;W[da] , ac: 908
W<< action: ;W[ei] , ac: 604
W<< action: ;W[eh] , ac: 795
W<< action: ;W[eg] , ac: 720
W<< action: ;W[ec] , ac: 829
W<< action: ;W[eb] , ac: 733
W<< action: ;W[fi] , ac: 686
W<< action: ;W[fh] , ac: 905
W<< action: ;W[fg] , ac: 1001
W<< action: ;W[fb] , ac: 797
W<< action: ;W[fa] , ac: 873
W<< action: ;W[gh] , ac: 840
W<< action: ;W[gg] , ac: 1065
W<< action: ;W[gf] , ac: 631
W<< action: ;W[ge] , ac: 868
W<< action: ;W[gb] , ac: 714
W<< action: ;W[ga] , ac: 934
W<< action: ;W[hi] , ac: 881
W<< action: ;W[hh] , ac: 823
W<< action: ;W[hg] , ac: 735
W<< action: ;W[hf] , ac: 666
W<< action: ;W[he] , ac: 777
W<< action: ;W[hd] , ac: 766
W<< action: ;W[hc] , ac: 708
W<< action: ;W[ii] , ac: 1181
W<< action: ;W[if] , ac: 666
W<< action: ;W[ie] , ac: 962
W<< action: ;W[ic] , ac: 868
W<< action: ;W[ib] , ac: 1114
W<< action: ;W[ia] , ac: 1286
W<< = J9
W<< 
B>> play W J9
B<< = 
B<< 
B>> genmove b
B<< MCTS: 10001 simulation done, duration: 1102
B<< MCTS: 10001 simulation done, duration: 1108
B<< MCTS: 10001 simulation done, duration: 1105
B<< MCTS: 10001 simulation done, duration: 1109
B<< MCTS: 10001 simulation done, duration: 1111
B<< MCTS: 10001 simulation done, duration: 1113
B<< MCTS: 10001 simulation done, duration: 1112
B<< MCTS: 10001 simulation done, duration: 1114
B<< MCTS: 10001 simulation done, duration: 1116
B<< MCTS: 10001 simulation done, duration: 1118
B<< MCTS: 10001 simulation done, duration: 1120
B<< MCTS: 10001 simulation done, duration: 1122
B<< MCTS: 10001 simulation done, duration: 1123
B<< MCTS: 10001 simulation done, duration: 1124
B<< MCTS: 10001 simulation done, duration: 1145
B<< MCTS: 10001 simulation done, duration: 1149
B<< = J7
B<< 
W>> play B J7
W<< = 
W<< 
W>> genmove w
W<< MCTS: 5001 simulation done, duration: 456
W<< MCTS: 5001 simulation done, duration: 494
W<< MCTS: 5001 simulation done, duration: 494
W<< MCTS: 5001 simulation done, duration: 495
W<< MCTS: 5001 simulation done, duration: 495
W<< MCTS: 5001 simulation done, duration: 495
W<< MCTS: 5001 simulation done, duration: 495
W<< MCTS: 5001 simulation done, duration: 495
W<< action: ;W[af] , ac: 1018
W<< action: ;W[ad] , ac: 842
W<< action: ;W[ac] , ac: 839
W<< action: ;W[aa] , ac: 648
W<< action: ;W[bh] , ac: 494
W<< action: ;W[bg] , ac: 606
W<< action: ;W[bf] , ac: 861
W<< action: ;W[be] , ac: 779
W<< action: ;W[bd] , ac: 729
W<< action: ;W[bc] , ac: 816
W<< action: ;W[bb] , ac: 1299
W<< action: ;W[ba] , ac: 1193
W<< action: ;W[cg] , ac: 904
W<< action: ;W[ce] , ac: 1106
W<< action: ;W[cc] , ac: 645
W<< action: ;W[cb] , ac: 774
W<< action: ;W[dh] , ac: 842
W<< action: ;W[dg] , ac: 989
W<< action: ;W[db] , ac: 931
W<< action: ;W[da] , ac: 857
W<< action: ;W[ei] , ac: 651
W<< action: ;W[eh] , ac: 720
W<< action: ;W[eg] , ac: 1173
W<< action: ;W[ec] , ac: 617
W<< action: ;W[eb] , ac: 1014
W<< action: ;W[fi] , ac: 819
W<< action: ;W[fh] , ac: 755
W<< action: ;W[fg] , ac: 1478
W<< action: ;W[fb] , ac: 826
W<< action: ;W[fa] , ac: 1102
W<< action: ;W[gh] , ac: 1023
W<< action: ;W[gg] , ac: 991
W<< action: ;W[gf] , ac: 1100
W<< action: ;W[ge] , ac: 1094
W<< action: ;W[gb] , ac: 846
W<< action: ;W[hi] , ac: 679
W<< action: ;W[hh] , ac: 803
W<< action: ;W[hg] , ac: 562
W<< action: ;W[hf] , ac: 737
W<< action: ;W[he] , ac: 1075
W<< action: ;W[hd] , ac: 588
W<< action: ;W[hc] , ac: 762
W<< action: ;W[ii] , ac: 953
W<< action: ;W[if] , ac: 953
W<< action: ;W[ie] , ac: 811
W<< action: ;W[ib] , ac: 704
W<< = F3
W<< 
B>> play W F3
B<< = 
B<< 
B>> genmove b
B<< MCTS: 10001 simulation done, duration: 1069
B<< MCTS: 10001 simulation done, duration: 1074
B<< MCTS: 10001 simulation done, duration: 1077
B<< MCTS: 10001 simulation done, duration: 1078
B<< MCTS: 10001 simulation done, duration: 1078
B<< MCTS: 10001 simulation done, duration: 1080
B<< MCTS: 10001 simulation done, duration: 1082
B<< MCTS: 10001 simulation done, duration: 1084
B<< MCTS: 10001 simulation done, duration: 1071
B<< MCTS: 10001 simulation done, duration: 1085
B<< MCTS: 10001 simulation done, duration: 1086
B<< MCTS: 10001 simulation done, duration: 1086
B<< MCTS: 10001 simulation done, duration: 1091
B<< MCTS: 10001 simulation done, duration: 1084
B<< MCTS: 10001 simulation done, duration: 1092
B<< MCTS: 10001 simulation done, duration: 1111
B<< = A9
B<< 
W>> play B A9
W<< = 
W<< 
W>> genmove w
W<< MCTS: 5001 simulation done, duration: 448
W<< MCTS: 5001 simulation done, duration: 482
W<< MCTS: 5001 simulation done, duration: 483
W<< MCTS: 5001 simulation done, duration: 483
W<< MCTS: 5001 simulation done, duration: 483
W<< MCTS: 5001 simulation done, duration: 484
W<< MCTS: 5001 simulation done, duration: 484
W<< MCTS: 5001 simulation done, duration: 485
W<< action: ;W[af] , ac: 983
W<< action: ;W[ad] , ac: 1085
W<< action: ;W[ac] , ac: 971
W<< action: ;W[bh] , ac: 1074
W<< action: ;W[bg] , ac: 662
W<< action: ;W[bf] , ac: 668
W<< action: ;W[be] , ac: 753
W<< action: ;W[bd] , ac: 766
W<< action: ;W[bc] , ac: 1035
W<< action: ;W[bb] , ac: 1030
W<< action: ;W[cg] , ac: 876
W<< action: ;W[ce] , ac: 1038
W<< action: ;W[cc] , ac: 747
W<< action: ;W[cb] , ac: 972
W<< action: ;W[dh] , ac: 677
W<< action: ;W[dg] , ac: 1002
W<< action: ;W[db] , ac: 1020
W<< action: ;W[da] , ac: 996
W<< action: ;W[ei] , ac: 572
W<< action: ;W[eh] , ac: 1010
W<< action: ;W[eg] , ac: 1086
W<< action: ;W[ec] , ac: 842
W<< action: ;W[eb] , ac: 961
W<< action: ;W[fi] , ac: 1476
W<< action: ;W[fh] , ac: 902
W<< action: ;W[fb] , ac: 1030
W<< action: ;W[fa] , ac: 926
W<< action: ;W[gh] , ac: 962
W<< action: ;W[gg] , ac: 799
W<< action: ;W[gf] , ac: 1093
W<< action: ;W[ge] , ac: 1130
W<< action: ;W[gb] , ac: 831
W<< action: ;W[hi] , ac: 882
W<< action: ;W[hh] , ac: 607
W<< action: ;W[hg] , ac: 888
W<< action: ;W[hf] , ac: 1152
W<< action: ;W[he] , ac: 1075
W<< action: ;W[hd] , ac: 711
W<< action: ;W[hc] , ac: 784
W<< action: ;W[ii] , ac: 1487
W<< action: ;W[if] , ac: 1122
W<< action: ;W[ie] , ac: 643
W<< action: ;W[ib] , ac: 682
W<< = J1
W<< 
B>> play W J1
B<< = 
B<< 
B>> genmove b
B<< MCTS: 10001 simulation done, duration: 1074
B<< MCTS: 10001 simulation done, duration: 1072
B<< MCTS: 10001 simulation done, duration: 1079
B<< MCTS: 10001 simulation done, duration: 1079
B<< MCTS: 10001 simulation done, duration: 1079
B<< MCTS: 10001 simulation done, duration: 1080
B<< MCTS: 10001 simulation done, duration: 1078
B<< MCTS: 10001 simulation done, duration: 1082
B<< MCTS: 10001 simulation done, duration: 1083
B<< MCTS: 10001 simulation done, duration: 1083
B<< MCTS: 10001 simulation done, duration: 1076
B<< MCTS: 10001 simulation done, duration: 1084
B<< MCTS: 10001 simulation done, duration: 1085
B<< MCTS: 10001 simulation done, duration: 1088
B<< MCTS: 10001 simulation done, duration: 1089
B<< MCTS: 10001 simulation done, duration: 1099
B<< = J5
B<< 
W>> play B J5
W<< = 
W<< 
W>> genmove w
W<< MCTS: 5001 simulation done, duration: 436
W<< MCTS: 5001 simulation done, duration: 472
W<< MCTS: 5001 simulation done, duration: 472
W<< MCTS: 5001 simulation done, duration: 473
W<< MCTS: 5001 simulation done, duration: 473
W<< MCTS: 5001 simulation done, duration: 474
W<< MCTS: 5001 simulation done, duration: 475
W<< MCTS: 5001 simulation done, duration: 476
W<< action: ;W[af] , ac: 1157
W<< action: ;W[ad] , ac: 1179
W<< action: ;W[ac] , ac: 740
W<< action: ;W[bh] , ac: 843
W<< action: ;W[bg] , ac: 505
W<< action: ;W[bf] , ac: 696
W<< action: ;W[be] , ac: 930
W<< action: ;W[bd] , ac: 1071
W<< action: ;W[bc] , ac: 1085
W<< action: ;W[bb] , ac: 1479
W<< action: ;W[cg] , ac: 1317
W<< action: ;W[ce] , ac: 1033
W<< action: ;W[cc] , ac: 810
W<< action: ;W[cb] , ac: 998
W<< action: ;W[dh] , ac: 863
W<< action: ;W[dg] , ac: 1154
W<< action: ;W[db] , ac: 1181
W<< action: ;W[da] , ac: 1068
W<< action: ;W[ei] , ac: 1057
W<< action: ;W[eh] , ac: 1322
W<< action: ;W[eg] , ac: 963
W<< action: ;W[ec] , ac: 1290
W<< action: ;W[eb] , ac: 975
W<< action: ;W[fi] , ac: 753
W<< action: ;W[fh] , ac: 1164
W<< action: ;W[fb] , ac: 778
W<< action: ;W[fa] , ac: 1272
W<< action: ;W[gh] , ac: 1219
W<< action: ;W[gg] , ac: 850
W<< action: ;W[gf] , ac: 1820
W<< action: ;W[ge] , ac: 1314
W<< action: ;W[gb] , ac: 960
W<< action: ;W[hi] , ac: 786
W<< action: ;W[hg] , ac: 890
W<< action: ;W[hf] , ac: 1171
W<< action: ;W[he] , ac: 666
W<< action: ;W[hd] , ac: 742
W<< action: ;W[hc] , ac: 622
W<< action: ;W[if] , ac: 690
W<< action: ;W[ib] , ac: 595
W<< = G4
W<< 
B>> play W G4
B<< = 
B<< 
B>> genmove b
B<< MCTS: 10001 simulation done, duration: 1049
B<< MCTS: 10001 simulation done, duration: 1050
B<< MCTS: 10001 simulation done, duration: 1052
B<< MCTS: 10001 simulation done, duration: 1053
B<< MCTS: 10001 simulation done, duration: 1054
B<< MCTS: 10001 simulation done, duration: 1053
B<< MCTS: 10001 simulation done, duration: 1055
B<< MCTS: 10001 simulation done, duration: 1050
B<< MCTS: 10001 simulation done, duration: 1061
B<< MCTS: 10001 simulation done, duration: 1061
B<< MCTS: 10001 simulation done, duration: 1053
B<< MCTS: 10001 simulation done, duration: 1063
B<< MCTS: 10001 simulation done, duration: 1066
B<< MCTS: 10001 simulation done, duration: 1071
B<< MCTS: 10001 simulation done, duration: 1071
B<< MCTS: 10001 simulation done, duration: 1071
B<< = B5
B<< 
W>> play B B5
W<< = 
W<< 
W>> genmove w
W<< MCTS: 5001 simulation done, duration: 441
W<< MCTS: 5001 simulation done, duration: 468
W<< MCTS: 5001 simulation done, duration: 470
W<< MCTS: 5001 simulation done, duration: 473
W<< MCTS: 5001 simulation done, duration: 473
W<< MCTS: 5001 simulation done, duration: 474
W<< MCTS: 5001 simulation done, duration: 476
W<< MCTS: 5001 simulation done, duration: 481
W<< action: ;W[af] , ac: 1413
W<< action: ;W[ad] , ac: 1657
W<< action: ;W[ac] , ac: 1024
W<< action: ;W[bh] , ac: 1146
W<< action: ;W[bg] , ac: 815
W<< action: ;W[bf] , ac: 971
W<< action: ;W[bd] , ac: 1387
W<< action: ;W[bc] , ac: 1316
W<< action: ;W[bb] , ac: 1072
W<< action: ;W[cg] , ac: 1445
W<< action: ;W[cc] , ac: 1175
W<< action: ;W[cb] , ac: 1225
W<< action: ;W[dh] , ac: 1256
W<< action: ;W[dg] , ac: 1079
W<< action: ;W[db] , ac: 893
W<< action: ;W[da] , ac: 1088
W<< action: ;W[ei] , ac: 964
W<< action: ;W[eh] , ac: 1119
W<< action: ;W[eg] , ac: 1068
W<< action: ;W[ec] , ac: 969
W<< action: ;W[eb] , ac: 967
W<< action: ;W[fi] , ac: 1195
W<< action: ;W[fh] , ac: 791
W<< action: ;W[fb] , ac: 1271
W<< action: ;W[fa] , ac: 1306
W<< action: ;W[gh] , ac: 1042
W<< action: ;W[gg] , ac: 586
W<< action: ;W[ge] , ac: 1289
W<< action: ;W[gb] , ac: 946
W<< action: ;W[hi] , ac: 1461
W<< action: ;W[hg] , ac: 1027
W<< action: ;W[hf] , ac: 1059
W<< action: ;W[he] , ac: 750
W<< action: ;W[hd] , ac: 818
W<< action: ;W[hc] , ac: 820
W<< action: ;W[if] , ac: 935
W<< action: ;W[ib] , ac: 663
W<< = A6
W<< 
B>> play W A6
B<< = 
B<< 
B>> genmove b
B<< MCTS: 10001 simulation done, duration: 1026
B<< MCTS: 10001 simulation done, duration: 1029
B<< MCTS: 10001 simulation done, duration: 1030
B<< MCTS: 10001 simulation done, duration: 1030
B<< MCTS: 10001 simulation done, duration: 1031
B<< MCTS: 10001 simulation done, duration: 1034
B<< MCTS: 10001 simulation done, duration: 1033
B<< MCTS: 10001 simulation done, duration: 1032
B<< MCTS: 10001 simulation done, duration: 1034
B<< MCTS: 10001 simulation done, duration: 1034
B<< MCTS: 10001 simulation done, duration: 1026
B<< MCTS: 10001 simulation done, duration: 1038
B<< MCTS: 10001 simulation done, duration: 1041
B<< MCTS: 10001 simulation done, duration: 1040
B<< MCTS: 10001 simulation done, duration: 1044
B<< MCTS: 10001 simulation done, duration: 1053
B<< = A7
B<< 
W>> play B A7
W<< = 
W<< 
W>> genmove w
W<< MCTS: 5001 simulation done, duration: 420
W<< MCTS: 5001 simulation done, duration: 450
W<< MCTS: 5001 simulation done, duration: 450
W<< MCTS: 5001 simulation done, duration: 451
W<< MCTS: 5001 simulation done, duration: 452
W<< MCTS: 5001 simulation done, duration: 453
W<< MCTS: 5001 simulation done, duration: 453
W<< MCTS: 5001 simulation done, duration: 453
W<< action: ;W[af] , ac: 1321
W<< action: ;W[bh] , ac: 1308
W<< action: ;W[bg] , ac: 717
W<< action: ;W[bf] , ac: 2359
W<< action: ;W[bd] , ac: 1182
W<< action: ;W[bb] , ac: 961
W<< action: ;W[cg] , ac: 1123
W<< action: ;W[cc] , ac: 1137
W<< action: ;W[cb] , ac: 1289
W<< action: ;W[dh] , ac: 779
W<< action: ;W[dg] , ac: 1711
W<< action: ;W[db] , ac: 847
W<< action: ;W[da] , ac: 1187
W<< action: ;W[ei] , ac: 1038
W<< action: ;W[eh] , ac: 1290
W<< action: ;W[eg] , ac: 1282
W<< action: ;W[ec] , ac: 1142
W<< action: ;W[eb] , ac: 1080
W<< action: ;W[fi] , ac: 1316
W<< action: ;W[fh] , ac: 1379
W<< action: ;W[fb] , ac: 1404
W<< action: ;W[fa] , ac: 1425
W<< action: ;W[gh] , ac: 813
W<< action: ;W[gg] , ac: 762
W<< action: ;W[ge] , ac: 1172
W<< action: ;W[gb] , ac: 1448
W<< action: ;W[hi] , ac: 1115
W<< action: ;W[hg] , ac: 897
W<< action: ;W[hf] , ac: 1094
W<< action: ;W[he] , ac: 1059
W<< action: ;W[hd] , ac: 936
W<< action: ;W[hc] , ac: 1205
W<< action: ;W[if] , ac: 1410
W<< action: ;W[ib] , ac: 820
W<< = B4
W<< 
B>> play W B4
B<< = 
B<< 
B>> genmove b
B<< MCTS: 10001 simulation done, duration: 994
B<< MCTS: 10001 simulation done, duration: 997
B<< MCTS: 10001 simulation done, duration: 998
B<< MCTS: 10001 simulation done, duration: 998
B<< MCTS: 10001 simulation done, duration: 999
B<< MCTS: 10001 simulation done, duration: 1001
B<< MCTS: 10001 simulation done, duration: 1001
B<< MCTS: 10001 simulation done, duration: 1002
B<< MCTS: 10001 simulation done, duration: 1001
B<< MCTS: 10001 simulation done, duration: 1003
B<< MCTS: 10001 simulation done, duration: 996
B<< MCTS: 10001 simulation done, duration: 1004
B<< MCTS: 10001 simulation done, duration: 1005
B<< MCTS: 10001 simulation done, duration: 1004
B<< MCTS: 10001 simulation done, duration: 1011
B<< MCTS: 10001 simulation done, duration: 1011
B<< = E3
B<< 
W>> play B E3
W<< = 
W<< 
W>> genmove w
W<< MCTS: 5001 simulation done, duration: 392
W<< MCTS: 5001 simulation done, duration: 422
W<< MCTS: 5001 simulation done, duration: 422
W<< MCTS: 5001 simulation done, duration: 423
W<< MCTS: 5001 simulation done, duration: 423
W<< MCTS: 5001 simulation done, duration: 424
W<< MCTS: 5001 simulation done, duration: 425
W<< MCTS: 5001 simulation done, duration: 426
W<< action: ;W[af] , ac: 1765
W<< action: ;W[bh] , ac: 1460
W<< action: ;W[bg] , ac: 1001
W<< action: ;W[bd] , ac: 1374
W<< action: ;W[bb] , ac: 1202
W<< action: ;W[cg] , ac: 1515
W<< action: ;W[cc] , ac: 1631
W<< action: ;W[cb] , ac: 1414
W<< action: ;W[dh] , ac: 1394
W<< action: ;W[dg] , ac: 1917
W<< action: ;W[db] , ac: 1119
W<< action: ;W[da] , ac: 1608
W<< action: ;W[ei] , ac: 1205
W<< action: ;W[eh] , ac: 850
W<< action: ;W[ec] , ac: 1505
W<< action: ;W[eb] , ac: 810
W<< action: ;W[fi] , ac: 1335
W<< action: ;W[fh] , ac: 1142
W<< action: ;W[fb] , ac: 1198
W<< action: ;W[fa] , ac: 1593
W<< action: ;W[gh] , ac: 1376
W<< action: ;W[gg] , ac: 818
W<< action: ;W[ge] , ac: 1346
W<< action: ;W[gb] , ac: 897
W<< action: ;W[hi] , ac: 1222
W<< action: ;W[hg] , ac: 1131
W<< action: ;W[hf] , ac: 1132
W<< action: ;W[he] , ac: 964
W<< action: ;W[hd] , ac: 1180
W<< action: ;W[hc] , ac: 862
W<< action: ;W[if] , ac: 1213
W<< action: ;W[ib] , ac: 829
W<< = D3
W<< 
B>> play W D3
B<< = 
B<< 
B>> genmove b
B<< MCTS: 10001 simulation done, duration: 958
B<< MCTS: 10001 simulation done, duration: 960
B<< MCTS: 10001 simulation done, duration: 962
B<< MCTS: 10001 simulation done, duration: 955
B<< MCTS: 10001 simulation done, duration: 965
B<< MCTS: 10001 simulation done, duration: 966
B<< MCTS: 10001 simulation done, duration: 966
B<< MCTS: 10001 simulation done, duration: 967
B<< MCTS: 10001 simulation done, duration: 968
B<< MCTS: 10001 simulation done, duration: 970
B<< MCTS: 10001 simulation done, duration: 980
B<< MCTS: 10001 simulation done, duration: 991
B<< MCTS: 10001 simulation done, duration: 992
B<< MCTS: 10001 simulation done, duration: 1001
B<< MCTS: 10001 simulation done, duration: 998
B<< MCTS: 10001 simulation done, duration: 1003
B<< = C8
B<< 
W>> play B C8
W<< = 
W<< 
W>> genmove w
W<< MCTS: 5001 simulation done, duration: 402
W<< MCTS: 5001 simulation done, duration: 402
W<< MCTS: 5001 simulation done, duration: 402
W<< MCTS: 5001 simulation done, duration: 402
W<< MCTS: 5001 simulation done, duration: 404
W<< MCTS: 5001 simulation done, duration: 404
W<< MCTS: 5001 simulation done, duration: 405
W<< MCTS: 5001 simulation done, duration: 429
W<< action: ;W[af] , ac: 1638
W<< action: ;W[bh] , ac: 2034
W<< action: ;W[bg] , ac: 937
W<< action: ;W[bd] , ac: 2132
W<< action: ;W[bb] , ac: 682
W<< action: ;W[cg] , ac: 1159
W<< action: ;W[cc] , ac: 1427
W<< action: ;W[dh] , ac: 746
W<< action: ;W[db] , ac: 1503
W<< action: ;W[da] , ac: 1778
W<< action: ;W[ei] , ac: 1458
W<< action: ;W[ec] , ac: 1289
W<< action: ;W[eb] , ac: 1445
W<< action: ;W[fi] , ac: 1353
W<< action: ;W[fh] , ac: 1407
W<< action: ;W[fb] , ac: 1675
W<< action: ;W[fa] , ac: 2476
W<< action: ;W[gh] , ac: 956
W<< action: ;W[gg] , ac: 1010
W<< action: ;W[ge] , ac: 2113
W<< action: ;W[gb] , ac: 1598
W<< action: ;W[hi] , ac: 1370
W<< action: ;W[hg] , ac: 1156
W<< action: ;W[hf] , ac: 1445
W<< action: ;W[he] , ac: 1312
W<< action: ;W[hd] , ac: 919
W<< action: ;W[hc] , ac: 948
W<< action: ;W[if] , ac: 1261
W<< action: ;W[ib] , ac: 781
W<< = F9
W<< 
B>> play W F9
B<< = 
B<< 
B>> genmove b
B<< MCTS: 10001 simulation done, duration: 905
B<< MCTS: 10001 simulation done, duration: 904
B<< MCTS: 10001 simulation done, duration: 907
B<< MCTS: 10001 simulation done, duration: 907
B<< MCTS: 10001 simulation done, duration: 908
B<< MCTS: 10001 simulation done, duration: 909
B<< MCTS: 10001 simulation done, duration: 909
B<< MCTS: 10001 simulation done, duration: 909
B<< MCTS: 10001 simulation done, duration: 910
B<< MCTS: 10001 simulation done, duration: 912
B<< MCTS: 10001 simulation done, duration: 912
B<< MCTS: 10001 simulation done, duration: 913
B<< MCTS: 10001 simulation done, duration: 915
B<< MCTS: 10001 simulation done, duration: 917
B<< MCTS: 10001 simulation done, duration: 905
B<< MCTS: 10001 simulation done, duration: 929
B<< = E1
B<< 
W>> play B E1
W<< = 
W<< 
W>> genmove w
W<< MCTS: 5001 simulation done, duration: 362
W<< MCTS: 5001 simulation done, duration: 377
W<< MCTS: 5001 simulation done, duration: 379
W<< MCTS: 5001 simulation done, duration: 379
W<< MCTS: 5001 simulation done, duration: 380
W<< MCTS: 5001 simulation done, duration: 380
W<< MCTS: 5001 simulation done, duration: 380
W<< MCTS: 5001 simulation done, duration: 381
W<< action: ;W[af] , ac: 1642
W<< action: ;W[bh] , ac: 1852
W<< action: ;W[bg] , ac: 922
W<< action: ;W[bd] , ac: 1250
W<< action: ;W[bb] , ac: 797
W<< action: ;W[cg] , ac: 1758
W<< action: ;W[cc] , ac: 1226
W<< action: ;W[dh] , ac: 896
W<< action: ;W[db] , ac: 996
W<< action: ;W[da] , ac: 1431
W<< action: ;W[ec] , ac: 1521
W<< action: ;W[eb] , ac: 1678
W<< action: ;W[fi] , ac: 3523
W<< action: ;W[fh] , ac: 1568
W<< action: ;W[fb] , ac: 1299
W<< action: ;W[gh] , ac: 1581
W<< action: ;W[gg] , ac: 880
W<< action: ;W[ge] , ac: 1851
W<< action: ;W[gb] , ac: 2482
W<< action: ;W[hi] , ac: 1508
W<< action: ;W[hg] , ac: 1303
W<< action: ;W[hf] , ac: 1779
W<< action: ;W[he] , ac: 1614
W<< action: ;W[hd] , ac: 1019
W<< action: ;W[hc] , ac: 968
W<< action: ;W[if] , ac: 2001
W<< action: ;W[ib] , ac: 663
W<< = F1
W<< 
B>> play W F1
B<< = 
B<< 
B>> genmove b
B<< MCTS: 10001 simulation done, duration: 857
B<< MCTS: 10001 simulation done, duration: 858
B<< MCTS: 10001 simulation done, duration: 858
B<< MCTS: 10001 simulation done, duration: 861
B<< MCTS: 10001 simulation done, duration: 851
B<< MCTS: 10001 simulation done, duration: 863
B<< MCTS: 10001 simulation done, duration: 864
B<< MCTS: 10001 simulation done, duration: 864
B<< MCTS: 10001 simulation done, duration: 866
B<< MCTS: 10001 simulation done, duration: 867
B<< MCTS: 10001 simulation done, duration: 867
B<< MCTS: 10001 simulation done, duration: 868
B<< MCTS: 10001 simulation done, duration: 869
B<< MCTS: 10001 simulation done, duration: 869
B<< MCTS: 10001 simulation done, duration: 870
B<< MCTS: 10001 simulation done, duration: 881
B<< = B7
B<< 
W>> play B B7
W<< = 
W<< 
W>> genmove w
W<< MCTS: 5001 simulation done, duration: 352
W<< MCTS: 5001 simulation done, duration: 353
W<< MCTS: 5001 simulation done, duration: 355
W<< MCTS: 5001 simulation done, duration: 355
W<< MCTS: 5001 simulation done, duration: 356
W<< MCTS: 5001 simulation done, duration: 356
W<< MCTS: 5001 simulation done, duration: 357
W<< MCTS: 5001 simulation done, duration: 357
W<< action: ;W[af] , ac: 2053
W<< action: ;W[bh] , ac: 1769
W<< action: ;W[bg] , ac: 850
W<< action: ;W[bb] , ac: 834
W<< action: ;W[cg] , ac: 1966
W<< action: ;W[cc] , ac: 2331
W<< action: ;W[dh] , ac: 1044
W<< action: ;W[db] , ac: 1308
W<< action: ;W[da] , ac: 1783
W<< action: ;W[ec] , ac: 1998
W<< action: ;W[eb] , ac: 1122
W<< action: ;W[fh] , ac: 1135
W<< action: ;W[fb] , ac: 1464
W<< action: ;W[gh] , ac: 1417
W<< action: ;W[gg] , ac: 1570
W<< action: ;W[ge] , ac: 2513
W<< action: ;W[gb] , ac: 2617
W<< action: ;W[hi] , ac: 1522
W<< action: ;W[hg] , ac: 1303
W<< action: ;W[hf] , ac: 2281
W<< action: ;W[he] , ac: 2188
W<< action: ;W[hd] , ac: 855
W<< action: ;W[hc] , ac: 1117
W<< action: ;W[if] , ac: 2226
W<< action: ;W[ib] , ac: 742
W<< = G8
W<< 
B>> play W G8
B<< = 
B<< 
B>> genmove b
B<< MCTS: 10001 simulation done, duration: 821
B<< MCTS: 10001 simulation done, duration: 823
B<< MCTS: 10001 simulation done, duration: 824
B<< MCTS: 10001 simulation done, duration: 825
B<< MCTS: 10001 simulation done, duration: 826
B<< MCTS: 10001 simulation done, duration: 825
B<< MCTS: 10001 simulation done, duration: 827
B<< MCTS: 10001 simulation done, duration: 828
B<< MCTS: 10001 simulation done, duration: 829
B<< MCTS: 10001 simulation done, duration: 830
B<< MCTS: 10001 simulation done, duration: 831
B<< MCTS: 10001 simulation done, duration: 832
B<< MCTS: 10001 simulation done, duration: 837
B<< MCTS: 10001 simulation done, duration: 837
B<< MCTS: 10001 simulation done, duration: 840
B<< MCTS: 10001 simulation done, duration: 835
B<< = G3
B<< 
W>> play B G3
W<< = 
W<< 
W>> genmove w
W<< MCTS: 5001 simulation done, duration: 327
W<< MCTS: 5001 simulation done, duration: 328
W<< MCTS: 5001 simulation done, duration: 329
W<< MCTS: 5001 simulation done, duration: 330
W<< MCTS: 5001 simulation done, duration: 331
W<< MCTS: 5001 simulation done, duration: 331
W<< MCTS: 5001 simulation done, duration: 331
W<< MCTS: 5001 simulation done, duration: 332
W<< action: ;W[af] , ac: 2257
W<< action: ;W[bh] , ac: 2445
W<< action: ;W[bg] , ac: 957
W<< action: ;W[bb] , ac: 968
W<< action: ;W[cg] , ac: 2411
W<< action: ;W[cc] , ac: 3132
W<< action: ;W[dh] , ac: 616
W<< action: ;W[db] , ac: 1936
W<< action: ;W[da] , ac: 2185
W<< action: ;W[ec] , ac: 2389
W<< action: ;W[eb] , ac: 1900
W<< action: ;W[fh] , ac: 1749
W<< action: ;W[fb] , ac: 1738
W<< action: ;W[gh] , ac: 704
W<< action: ;W[ge] , ac: 1947
W<< action: ;W[hi] , ac: 2625
W<< action: ;W[hg] , ac: 1793
W<< action: ;W[hf] , ac: 1303
W<< action: ;W[he] , ac: 1180
W<< action: ;W[hd] , ac: 852
W<< action: ;W[hc] , ac: 2109
W<< action: ;W[if] , ac: 2212
W<< action: ;W[ib] , ac: 600
W<< = C7
W<< 
B>> play W C7
B<< = 
B<< 
B>> genmove b
B<< MCTS: 10001 simulation done, duration: 739
B<< MCTS: 10001 simulation done, duration: 741
B<< MCTS: 10001 simulation done, duration: 743
B<< MCTS: 10001 simulation done, duration: 743
B<< MCTS: 10001 simulation done, duration: 737
B<< MCTS: 10001 simulation done, duration: 745
B<< MCTS: 10001 simulation done, duration: 747
B<< MCTS: 10001 simulation done, duration: 747
B<< MCTS: 10001 simulation done, duration: 749
B<< MCTS: 10001 simulation done, duration: 749
B<< MCTS: 10001 simulation done, duration: 734
B<< MCTS: 10001 simulation done, duration: 755
B<< MCTS: 10001 simulation done, duration: 757
B<< MCTS: 10001 simulation done, duration: 760
B<< MCTS: 10001 simulation done, duration: 764
B<< MCTS: 10001 simulation done, duration: 766
B<< = B3
B<< 
W>> play B B3
W<< = 
W<< 
W>> genmove w
W<< MCTS: 5001 simulation done, duration: 293
W<< MCTS: 5001 simulation done, duration: 293
W<< MCTS: 5001 simulation done, duration: 294
W<< MCTS: 5001 simulation done, duration: 294
W<< MCTS: 5001 simulation done, duration: 294
W<< MCTS: 5001 simulation done, duration: 295
W<< MCTS: 5001 simulation done, duration: 295
W<< MCTS: 5001 simulation done, duration: 296
W<< action: ;W[af] , ac: 2928
W<< action: ;W[bh] , ac: 2334
W<< action: ;W[bb] , ac: 996
W<< action: ;W[cg] , ac: 1792
W<< action: ;W[dh] , ac: 1138
W<< action: ;W[db] , ac: 1512
W<< action: ;W[da] , ac: 1998
W<< action: ;W[ec] , ac: 1640
W<< action: ;W[eb] , ac: 2843
W<< action: ;W[fh] , ac: 1197
W<< action: ;W[fb] , ac: 2241
W<< action: ;W[gh] , ac: 843
W<< action: ;W[ge] , ac: 2275
W<< action: ;W[hi] , ac: 3928
W<< action: ;W[hg] , ac: 2012
W<< action: ;W[hf] , ac: 1873
W<< action: ;W[he] , ac: 1372
W<< action: ;W[hd] , ac: 1052
W<< action: ;W[hc] , ac: 2364
W<< action: ;W[if] , ac: 2946
W<< action: ;W[ib] , ac: 724
W<< = H1
W<< 
B>> play W H1
B<< = 
B<< 
B>> genmove b
B<< MCTS: 10001 simulation done, duration: 668
B<< MCTS: 10001 simulation done, duration: 667
B<< MCTS: 10001 simulation done, duration: 669
B<< MCTS: 10001 simulation done, duration: 669
B<< MCTS: 10001 simulation done, duration: 670
B<< MCTS: 10001 simulation done, duration: 671
B<< MCTS: 10001 simulation done, duration: 672
B<< MCTS: 10001 simulation done, duration: 673
B<< MCTS: 10001 simulation done, duration: 672
B<< MCTS: 10001 simulation done, duration: 674
B<< MCTS: 10001 simulation done, duration: 674
B<< MCTS: 10001 simulation done, duration: 674
B<< MCTS: 10001 simulation done, duration: 675
B<< MCTS: 10001 simulation done, duration: 676
B<< MCTS: 10001 simulation done, duration: 678
B<< MCTS: 10001 simulation done, duration: 680
B<< = A2
B<< 
W>> play B A2
W<< = 
W<< 
W>> genmove w
W<< MCTS: 5001 simulation done, duration: 233
W<< MCTS: 5001 simulation done, duration: 268
W<< MCTS: 5001 simulation done, duration: 268
W<< MCTS: 5001 simulation done, duration: 268
W<< MCTS: 5001 simulation done, duration: 269
W<< MCTS: 5001 simulation done, duration: 269
W<< MCTS: 5001 simulation done, duration: 269
W<< MCTS: 5001 simulation done, duration: 271
W<< action: ;W[bb] , ac: 1177
W<< action: ;W[cg] , ac: 7878
W<< action: ;W[dh] , ac: 1275
W<< action: ;W[db] , ac: 1447
W<< action: ;W[da] , ac: 2218
W<< action: ;W[ec] , ac: 2051
W<< action: ;W[eb] , ac: 3049
W<< action: ;W[fh] , ac: 1490
W<< action: ;W[fb] , ac: 2486
W<< action: ;W[ge] , ac: 3062
W<< action: ;W[hg] , ac: 1409
W<< action: ;W[hf] , ac: 2233
W<< action: ;W[he] , ac: 1746
W<< action: ;W[hd] , ac: 1392
W<< action: ;W[hc] , ac: 3035
W<< action: ;W[if] , ac: 3292
W<< action: ;W[ib] , ac: 768
W<< = C3
W<< 
B>> play W C3
B<< = 
B<< 
B>> genmove b
B<< MCTS: 10001 simulation done, duration: 606
B<< MCTS: 10001 simulation done, duration: 612
B<< MCTS: 10001 simulation done, duration: 616
B<< MCTS: 10001 simulation done, duration: 616
B<< MCTS: 10001 simulation done, duration: 617
B<< MCTS: 10001 simulation done, duration: 618
B<< MCTS: 10001 simulation done, duration: 618
B<< MCTS: 10001 simulation done, duration: 618
B<< MCTS: 10001 simulation done, duration: 617
B<< MCTS: 10001 simulation done, duration: 604
B<< MCTS: 10001 simulation done, duration: 621
B<< MCTS: 10001 simulation done, duration: 623
B<< MCTS: 10001 simulation done, duration: 624
B<< MCTS: 10001 simulation done, duration: 624
B<< MCTS: 10001 simulation done, duration: 626
B<< MCTS: 10001 simulation done, duration: 630
B<< = E2
B<< 
W>> play B E2
W<< = 
W<< 
W>> genmove w
W<< MCTS: 5001 simulation done, duration: 229
W<< MCTS: 5001 simulation done, duration: 229
W<< MCTS: 5001 simulation done, duration: 230
W<< MCTS: 5001 simulation done, duration: 230
W<< MCTS: 5001 simulation done, duration: 231
W<< MCTS: 5001 simulation done, duration: 231
W<< MCTS: 5001 simulation done, duration: 232
W<< MCTS: 5001 simulation done, duration: 232
W<< action: ;W[bb] , ac: 1012
W<< action: ;W[dh] , ac: 1251
W<< action: ;W[db] , ac: 1353
W<< action: ;W[da] , ac: 1142
W<< action: ;W[ec] , ac: 2004
W<< action: ;W[eb] , ac: 14618
W<< action: ;W[fh] , ac: 1324
W<< action: ;W[fb] , ac: 2217
W<< action: ;W[ge] , ac: 2488
W<< action: ;W[hg] , ac: 1506
W<< action: ;W[hf] , ac: 1409
W<< action: ;W[he] , ac: 2051
W<< action: ;W[hd] , ac: 1419
W<< action: ;W[hc] , ac: 3018
W<< action: ;W[if] , ac: 2510
W<< action: ;W[ib] , ac: 686
W<< = E8
W<< 
B>> play W E8
B<< = 
B<< 
B>> genmove b
B<< MCTS: 10001 simulation done, duration: 503
B<< MCTS: 10001 simulation done, duration: 507
B<< MCTS: 10001 simulation done, duration: 511
B<< MCTS: 10001 simulation done, duration: 512
B<< MCTS: 10001 simulation done, duration: 516
B<< MCTS: 10001 simulation done, duration: 503
B<< MCTS: 10001 simulation done, duration: 516
B<< MCTS: 10001 simulation done, duration: 517
B<< MCTS: 10001 simulation done, duration: 515
B<< MCTS: 10001 simulation done, duration: 517
B<< MCTS: 10001 simulation done, duration: 518
B<< MCTS: 10001 simulation done, duration: 517
B<< MCTS: 10001 simulation done, duration: 519
B<< MCTS: 10001 simulation done, duration: 519
B<< MCTS: 10001 simulation done, duration: 527
B<< MCTS: 10001 simulation done, duration: 544
B<< = F8
B<< 
W>> play B F8
W<< = 
W<< 
W>> genmove w
W<< MCTS: 5001 simulation done, duration: 191
W<< MCTS: 5001 simulation done, duration: 192
W<< MCTS: 5001 simulation done, duration: 192
W<< MCTS: 5001 simulation done, duration: 192
W<< MCTS: 5001 simulation done, duration: 193
W<< MCTS: 5001 simulation done, duration: 194
W<< MCTS: 5001 simulation done, duration: 195
W<< MCTS: 5001 simulation done, duration: 195
W<< action: ;W[bb] , ac: 3076
W<< action: ;W[dh] , ac: 1459
W<< action: ;W[db] , ac: 1800
W<< action: ;W[fh] , ac: 1438
W<< action: ;W[ge] , ac: 1423
W<< action: ;W[hg] , ac: 2222
W<< action: ;W[hf] , ac: 4372
W<< action: ;W[he] , ac: 649
W<< action: ;W[hd] , ac: 1933
W<< action: ;W[hc] , ac: 3805
W<< action: ;W[if] , ac: 16435
W<< action: ;W[ib] , ac: 1396
W<< = J4
W<< 
B>> play W J4
B<< = 
B<< 
B>> genmove b
B<< MCTS: 10001 simulation done, duration: 449
B<< MCTS: 10001 simulation done, duration: 449
B<< MCTS: 10001 simulation done, duration: 450
B<< MCTS: 10001 simulation done, duration: 450
B<< MCTS: 10001 simulation done, duration: 438
B<< MCTS: 10001 simulation done, duration: 451
B<< MCTS: 10001 simulation done, duration: 454
B<< MCTS: 10001 simulation done, duration: 454
B<< MCTS: 10001 simulation done, duration: 455
B<< MCTS: 10001 simulation done, duration: 454
B<< MCTS: 10001 simulation done, duration: 455
B<< MCTS: 10001 simulation done, duration: 458
B<< MCTS: 10001 simulation done, duration: 459
B<< MCTS: 10001 simulation done, duration: 459
B<< MCTS: 10001 simulation done, duration: 462
B<< MCTS: 10001 simulation done, duration: 460
B<< = H3
B<< 
W>> play B H3
W<< = 
W<< 
W>> genmove w
W<< MCTS: 5001 simulation done, duration: 132
W<< MCTS: 5001 simulation done, duration: 134
W<< MCTS: 5001 simulation done, duration: 137
W<< MCTS: 5001 simulation done, duration: 138
W<< MCTS: 5001 simulation done, duration: 141
W<< MCTS: 5001 simulation done, duration: 142
W<< MCTS: 5001 simulation done, duration: 142
W<< MCTS: 5001 simulation done, duration: 144
W<< action: ;W[bb] , ac: 1771
W<< action: ;W[dh] , ac: 836
W<< action: ;W[db] , ac: 1040
W<< action: ;W[fh] , ac: 1148
W<< action: ;W[ge] , ac: 446
W<< action: ;W[hf] , ac: 20728
W<< action: ;W[hd] , ac: 590
W<< action: ;W[hc] , ac: 12537
W<< action: ;W[ib] , ac: 912
W<< = H4
W<< 
B>> play W H4
B<< = 
B<< 
B>> genmove b
B<< MCTS: 10001 simulation done, duration: 323
B<< MCTS: 10001 simulation done, duration: 332
B<< MCTS: 10001 simulation done, duration: 328
B<< MCTS: 10001 simulation done, duration: 333
B<< MCTS: 10001 simulation done, duration: 334
B<< MCTS: 10001 simulation done, duration: 340
B<< MCTS: 10001 simulation done, duration: 336
B<< MCTS: 10001 simulation done, duration: 343
B<< MCTS: 10001 simulation done, duration: 344
B<< MCTS: 10001 simulation done, duration: 346
B<< MCTS: 10001 simulation done, duration: 341
B<< MCTS: 10001 simulation done, duration: 351
B<< MCTS: 10001 simulation done, duration: 352
B<< MCTS: 10001 simulation done, duration: 353
B<< MCTS: 10001 simulation done, duration: 339
B<< MCTS: 10001 simulation done, duration: 356
B<< = C5
B<< 
W>> play B C5
W<< = 
W<< 
W>> genmove w
W<< MCTS: 5001 simulation done, duration: 87
W<< MCTS: 5001 simulation done, duration: 92
W<< MCTS: 5001 simulation done, duration: 93
W<< MCTS: 5001 simulation done, duration: 94
W<< MCTS: 5001 simulation done, duration: 95
W<< MCTS: 5001 simulation done, duration: 96
W<< MCTS: 5001 simulation done, duration: 96
W<< MCTS: 5001 simulation done, duration: 97
W<< action: ;W[bb] , ac: 33182
W<< action: ;W[dh] , ac: 401
W<< action: ;W[db] , ac: 5042
W<< action: ;W[fh] , ac: 501
W<< action: ;W[ge] , ac: 188
W<< action: ;W[hd] , ac: 155
W<< action: ;W[hc] , ac: 297
W<< action: ;W[ib] , ac: 242
W<< = B8
W<< 
B>> play W B8
B<< = 
B<< 
B>> genmove b
B<< MCTS: 10001 simulation done, duration: 281
B<< MCTS: 10001 simulation done, duration: 280
B<< MCTS: 10001 simulation done, duration: 283
B<< MCTS: 10001 simulation done, duration: 282
B<< MCTS: 10001 simulation done, duration: 282
B<< MCTS: 10001 simulation done, duration: 286
B<< MCTS: 10001 simulation done, duration: 288
B<< MCTS: 10001 simulation done, duration: 289
B<< MCTS: 10001 simulation done, duration: 289
B<< MCTS: 10001 simulation done, duration: 273
B<< MCTS: 10001 simulation done, duration: 290
B<< MCTS: 10001 simulation done, duration: 288
B<< MCTS: 10001 simulation done, duration: 292
B<< MCTS: 10001 simulation done, duration: 294
B<< MCTS: 10001 simulation done, duration: 303
B<< MCTS: 10001 simulation done, duration: 304
B<< = D8
B<< 
W>> play B D8
W<< = 
W<< 
W>> genmove w
W<< MCTS: 5001 simulation done, duration: 84
W<< MCTS: 5001 simulation done, duration: 86
W<< MCTS: 5001 simulation done, duration: 87
W<< MCTS: 5001 simulation done, duration: 87
W<< MCTS: 5001 simulation done, duration: 87
W<< MCTS: 5001 simulation done, duration: 87
W<< MCTS: 5001 simulation done, duration: 87
W<< MCTS: 5001 simulation done, duration: 88
W<< action: ;W[dh] , ac: 8325
W<< action: ;W[fh] , ac: 7218
W<< action: ;W[ge] , ac: 11698
W<< action: ;W[hd] , ac: 91
W<< action: ;W[hc] , ac: 11564
W<< action: ;W[ib] , ac: 1112
W<< = G5
W<< 
B>> play W G5
B<< = 
B<< 
B>> genmove b
B<< MCTS: 10001 simulation done, duration: 257
B<< MCTS: 10001 simulation done, duration: 263
B<< MCTS: 10001 simulation done, duration: 267
B<< MCTS: 10001 simulation done, duration: 267
B<< MCTS: 10001 simulation done, duration: 270
B<< MCTS: 10001 simulation done, duration: 271
B<< MCTS: 10001 simulation done, duration: 271
B<< MCTS: 10001 simulation done, duration: 274
B<< MCTS: 10001 simulation done, duration: 272
B<< MCTS: 10001 simulation done, duration: 276
B<< MCTS: 10001 simulation done, duration: 278
B<< MCTS: 10001 simulation done, duration: 278
B<< MCTS: 10001 simulation done, duration: 282
B<< MCTS: 10001 simulation done, duration: 283
B<< MCTS: 10001 simulation done, duration: 281
B<< MCTS: 10001 simulation done, duration: 298
B<< = G2
B<< 
W>> play B G2
W<< = 
W<< 
W>> genmove w
W<< MCTS: 5001 simulation done, duration: 79
W<< MCTS: 5001 simulation done, duration: 88
W<< MCTS: 5001 simulation done, duration: 91
W<< MCTS: 5001 simulation done, duration: 91
W<< MCTS: 5001 simulation done, duration: 92
W<< MCTS: 5001 simulation done, duration: 91
W<< MCTS: 5001 simulation done, duration: 91
W<< MCTS: 5001 simulation done, duration: 92
W<< action: ;W[dh] , ac: 39908
W<< action: ;W[hc] , ac: 40
W<< action: ;W[ib] , ac: 60
W<< = D2
W<< 
B>> play W D2
B<< = 
B<< 
B>> genmove b
B<< MCTS: 10001 simulation done, duration: 262
B<< MCTS: 10001 simulation done, duration: 266
B<< MCTS: 10001 simulation done, duration: 266
B<< MCTS: 10001 simulation done, duration: 269
B<< MCTS: 10001 simulation done, duration: 272
B<< MCTS: 10001 simulation done, duration: 273
B<< MCTS: 10001 simulation done, duration: 276
B<< MCTS: 10001 simulation done, duration: 268
B<< MCTS: 10001 simulation done, duration: 276
B<< MCTS: 10001 simulation done, duration: 277
B<< MCTS: 10001 simulation done, duration: 277
B<< MCTS: 10001 simulation done, duration: 279
B<< MCTS: 10001 simulation done, duration: 281
B<< MCTS: 10001 simulation done, duration: 282
B<< MCTS: 10001 simulation done, duration: 285
B<< MCTS: 10001 simulation done, duration: 286
B<< = H7
B<< 
W>> play B H7
W<< = 
W<< 
W>> genmove w
W<< MCTS: 5001 simulation done, duration: 80
W<< MCTS: 5001 simulation done, duration: 82
W<< MCTS: 5001 simulation done, duration: 83
W<< MCTS: 5001 simulation done, duration: 83
W<< MCTS: 5001 simulation done, duration: 83
W<< MCTS: 5001 simulation done, duration: 83
W<< MCTS: 5001 simulation done, duration: 84
W<< MCTS: 5001 simulation done, duration: 84
W<< action: ;W[ib] , ac: 40008
W<< = J8
W<< 
B>> play W J8
B<< = 
B<< 
B>> genmove b
B<< MCTS: 10001 simulation done, duration: 266
B<< MCTS: 10001 simulation done, duration: 270
B<< MCTS: 10001 simulation done, duration: 278
B<< MCTS: 10001 simulation done, duration: 278
B<< MCTS: 10001 simulation done, duration: 274
B<< MCTS: 10001 simulation done, duration: 282
B<< MCTS: 10001 simulation done, duration: 284
B<< MCTS: 10001 simulation done, duration: 279
B<< MCTS: 10001 simulation done, duration: 287
B<< MCTS: 10001 simulation done, duration: 287
B<< MCTS: 10001 simulation done, duration: 288
B<< MCTS: 10001 simulation done, duration: 290
B<< MCTS: 10001 simulation done, duration: 291
B<< MCTS: 10001 simulation done, duration: 294
B<< MCTS: 10001 simulation done, duration: 294
B<< MCTS: 10001 simulation done, duration: 296
B<< = resign
B<< 
B>> quit
W>> quit
