B<< HollowNoGo-Demo: /home/sciencethebird/Desktop/TCG_2021/Project_4/pj-4-judge-v1/./nogo --shell --name=Hollow-Black --black=search=MCTS N=10000 worker=32 exploration=0.5 
B>> protocol_version
B<< 
B<< = 2
B<< 
B>> name
B<< = Hollow-Black
B<< 
B>> version
B<< = 2021
B<< 
B>> list_commands
B<< = play
B<< genmove
B<< clear_board
B<< showboard
B<< boardsize
B<< name
B<< version
B<< protocol_version
B<< list_commands
B<< quit
B<< 
B<< 
W>> protocol_version
W<< HollowNoGo-Demo: ./nogo --shell --name=Hollow --white=search=MCTS N=10000 worker=16 exploration=0.5 --black=search=MCTS N=10000 worker=16 exploration=0.5 
W<< 
W<< = 2
W<< 
W>> name
W<< = Hollow
W<< 
W>> version
W<< = 2021
W<< 
W>> list_commands
W<< = play
W<< genmove
W<< clear_board
W<< showboard
W<< boardsize
W<< name
W<< version
W<< protocol_version
W<< list_commands
W<< quit
W<< 
W<< 
B>> boardsize 9
B<< = 
B<< 
B>> clear_board
B<< = 
B<< 
W>> boardsize 9
W<< = 
W<< 
W>> clear_board
W<< = 
W<< 
============================================
Game 0
============================================
B>> boardsize 9
B<< = 
B<< 
B>> clear_board
B<< = 
B<< 
W>> boardsize 9
W<< = 
W<< 
W>> clear_board
W<< = 
W<< 
B>> genmove b
B<< MCTS: 10001 simulation done, duration: 1329
B<< MCTS: 10001 simulation done, duration: 1373
B<< MCTS: 10001 simulation done, duration: 1400
B<< MCTS: 10001 simulation done, duration: 1441
B<< MCTS: 10001 simulation done, duration: 1500
B<< MCTS: 10001 simulation done, duration: 1509
B<< MCTS: 10001 simulation done, duration: 1502
B<< MCTS: 10001 simulation done, duration: 1511
B<< MCTS: 10001 simulation done, duration: 1520
B<< MCTS: 10001 simulation done, duration: 1527
B<< MCTS: 10001 simulation done, duration: 1552
B<< MCTS: 10001 simulation done, duration: 1546
B<< MCTS: 10001 simulation done, duration: 1555
B<< MCTS: 10001 simulation done, duration: 1556
B<< MCTS: 10001 simulation done, duration: 1552
B<< MCTS: 10001 simulation done, duration: 1572
B<< MCTS: 10001 simulation done, duration: 1605
B<< MCTS: 10001 simulation done, duration: 1613
B<< MCTS: 10001 simulation done, duration: 1625
B<< MCTS: 10001 simulation done, duration: 1635
B<< MCTS: 10001 simulation done, duration: 1631
B<< MCTS: 10001 simulation done, duration: 1635
B<< MCTS: 10001 simulation done, duration: 1642
B<< MCTS: 10001 simulation done, duration: 1647
B<< MCTS: 10001 simulation done, duration: 1673
B<< MCTS: 10001 simulation done, duration: 1674
B<< MCTS: 10001 simulation done, duration: 1675
B<< MCTS: 10001 simulation done, duration: 1680
B<< MCTS: 10001 simulation done, duration: 1672
B<< MCTS: 10001 simulation done, duration: 1686
B<< MCTS: 10001 simulation done, duration: 1714
B<< MCTS: 10001 simulation done, duration: 1731
B<< = A5
B<< 
W>> play B A5
W<< = 
W<< 
W>> genmove w
W<< MCTS: 10001 simulation done, duration: 1015
W<< MCTS: 10001 simulation done, duration: 1019
W<< MCTS: 10001 simulation done, duration: 1018
W<< MCTS: 10001 simulation done, duration: 1020
W<< MCTS: 10001 simulation done, duration: 1021
W<< MCTS: 10001 simulation done, duration: 1022
W<< MCTS: 10001 simulation done, duration: 1023
W<< MCTS: 10001 simulation done, duration: 1053
W<< MCTS: 10001 simulation done, duration: 1061
W<< MCTS: 10001 simulation done, duration: 1072
W<< MCTS: 10001 simulation done, duration: 1072
W<< MCTS: 10001 simulation done, duration: 1074
W<< MCTS: 10001 simulation done, duration: 1077
W<< MCTS: 10001 simulation done, duration: 1143
W<< MCTS: 10001 simulation done, duration: 1288
W<< MCTS: 10001 simulation done, duration: 1288
W<< = J9
W<< 
B>> play W J9
B<< = 
B<< 
B>> genmove b
B<< MCTS: 10001 simulation done, duration: 1090
B<< MCTS: 10001 simulation done, duration: 1137
B<< MCTS: 10001 simulation done, duration: 1231
B<< MCTS: 10001 simulation done, duration: 1244
B<< MCTS: 10001 simulation done, duration: 1247
B<< MCTS: 10001 simulation done, duration: 1255
B<< MCTS: 10001 simulation done, duration: 1307
B<< MCTS: 10001 simulation done, duration: 1367
B<< MCTS: 10001 simulation done, duration: 1380
B<< MCTS: 10001 simulation done, duration: 1408
B<< MCTS: 10001 simulation done, duration: 1432
B<< MCTS: 10001 simulation done, duration: 1440
B<< MCTS: 10001 simulation done, duration: 1445
B<< MCTS: 10001 simulation done, duration: 1458
B<< MCTS: 10001 simulation done, duration: 1513
B<< MCTS: 10001 simulation done, duration: 1506
B<< MCTS: 10001 simulation done, duration: 1508
B<< MCTS: 10001 simulation done, duration: 1551
B<< MCTS: 10001 simulation done, duration: 1567
B<< MCTS: 10001 simulation done, duration: 1565
B<< MCTS: 10001 simulation done, duration: 1569
B<< MCTS: 10001 simulation done, duration: 1583
B<< MCTS: 10001 simulation done, duration: 1588
B<< MCTS: 10001 simulation done, duration: 1592
B<< MCTS: 10001 simulation done, duration: 1602
B<< MCTS: 10001 simulation done, duration: 1588
B<< MCTS: 10001 simulation done, duration: 1601
B<< MCTS: 10001 simulation done, duration: 1600
B<< MCTS: 10001 simulation done, duration: 1605
B<< MCTS: 10001 simulation done, duration: 1623
B<< MCTS: 10001 simulation done, duration: 1629
B<< MCTS: 10001 simulation done, duration: 1619
B<< = C4
B<< 
W>> play B C4
W<< = 
W<< 
W>> genmove w
W<< MCTS: 10001 simulation done, duration: 917
W<< MCTS: 10001 simulation done, duration: 1004
W<< MCTS: 10001 simulation done, duration: 1013
W<< MCTS: 10001 simulation done, duration: 1014
W<< MCTS: 10001 simulation done, duration: 1014
W<< MCTS: 10001 simulation done, duration: 1014
W<< MCTS: 10001 simulation done, duration: 1019
W<< MCTS: 10001 simulation done, duration: 1049
W<< MCTS: 10001 simulation done, duration: 1050
W<< MCTS: 10001 simulation done, duration: 1055
W<< MCTS: 10001 simulation done, duration: 1056
W<< MCTS: 10001 simulation done, duration: 1081
W<< MCTS: 10001 simulation done, duration: 1143
W<< MCTS: 10001 simulation done, duration: 1145
W<< MCTS: 10001 simulation done, duration: 1245
W<< MCTS: 10001 simulation done, duration: 1247
W<< = J1
W<< 
B>> play W J1
B<< = 
B<< 
B>> genmove b
B<< MCTS: 10001 simulation done, duration: 864
B<< MCTS: 10001 simulation done, duration: 1015
B<< MCTS: 10001 simulation done, duration: 1055
B<< MCTS: 10001 simulation done, duration: 1104
B<< MCTS: 10001 simulation done, duration: 1126
B<< MCTS: 10001 simulation done, duration: 1160
B<< MCTS: 10001 simulation done, duration: 1176
B<< MCTS: 10001 simulation done, duration: 1187
B<< MCTS: 10001 simulation done, duration: 1188
B<< MCTS: 10001 simulation done, duration: 1185
B<< MCTS: 10001 simulation done, duration: 1265
B<< MCTS: 10001 simulation done, duration: 1346
B<< MCTS: 10001 simulation done, duration: 1479
B<< MCTS: 10001 simulation done, duration: 1479
B<< MCTS: 10001 simulation done, duration: 1484
B<< MCTS: 10001 simulation done, duration: 1489
B<< MCTS: 10001 simulation done, duration: 1495
B<< MCTS: 10001 simulation done, duration: 1518
B<< MCTS: 10001 simulation done, duration: 1529
B<< MCTS: 10001 simulation done, duration: 1534
B<< MCTS: 10001 simulation done, duration: 1552
B<< MCTS: 10001 simulation done, duration: 1558
B<< MCTS: 10001 simulation done, duration: 1566
B<< MCTS: 10001 simulation done, duration: 1572
B<< MCTS: 10001 simulation done, duration: 1580
B<< MCTS: 10001 simulation done, duration: 1598
B<< MCTS: 10001 simulation done, duration: 1622
B<< MCTS: 10001 simulation done, duration: 1632
B<< MCTS: 10001 simulation done, duration: 1647
B<< MCTS: 10001 simulation done, duration: 1635
B<< MCTS: 10001 simulation done, duration: 1644
B<< MCTS: 10001 simulation done, duration: 1683
B<< = A1
B<< 
W>> play B A1
W<< = 
W<< 
W>> genmove w
W<< MCTS: 10001 simulation done, duration: 997
W<< MCTS: 10001 simulation done, duration: 1012
W<< MCTS: 10001 simulation done, duration: 1017
W<< MCTS: 10001 simulation done, duration: 1018
W<< MCTS: 10001 simulation done, duration: 1019
W<< MCTS: 10001 simulation done, duration: 1020
W<< MCTS: 10001 simulation done, duration: 1020
W<< MCTS: 10001 simulation done, duration: 1065
W<< MCTS: 10001 simulation done, duration: 1067
W<< MCTS: 10001 simulation done, duration: 1067
W<< MCTS: 10001 simulation done, duration: 1071
W<< MCTS: 10001 simulation done, duration: 1073
W<< MCTS: 10001 simulation done, duration: 1080
W<< MCTS: 10001 simulation done, duration: 1102
W<< MCTS: 10001 simulation done, duration: 1171
W<< MCTS: 10001 simulation done, duration: 1210
W<< = J7
W<< 
B>> play W J7
B<< = 
B<< 
B>> genmove b
B<< MCTS: 10001 simulation done, duration: 1012
B<< MCTS: 10001 simulation done, duration: 1077
B<< MCTS: 10001 simulation done, duration: 1078
B<< MCTS: 10001 simulation done, duration: 1132
B<< MCTS: 10001 simulation done, duration: 1166
B<< MCTS: 10001 simulation done, duration: 1170
B<< MCTS: 10001 simulation done, duration: 1167
B<< MCTS: 10001 simulation done, duration: 1204
B<< MCTS: 10001 simulation done, duration: 1247
B<< MCTS: 10001 simulation done, duration: 1349
B<< MCTS: 10001 simulation done, duration: 1340
B<< MCTS: 10001 simulation done, duration: 1366
B<< MCTS: 10001 simulation done, duration: 1376
B<< MCTS: 10001 simulation done, duration: 1356
B<< MCTS: 10001 simulation done, duration: 1414
B<< MCTS: 10001 simulation done, duration: 1428
B<< MCTS: 10001 simulation done, duration: 1433
B<< MCTS: 10001 simulation done, duration: 1438
B<< MCTS: 10001 simulation done, duration: 1459
B<< MCTS: 10001 simulation done, duration: 1485
B<< MCTS: 10001 simulation done, duration: 1487
B<< MCTS: 10001 simulation done, duration: 1504
B<< MCTS: 10001 simulation done, duration: 1526
B<< MCTS: 10001 simulation done, duration: 1535
B<< MCTS: 10001 simulation done, duration: 1549
B<< MCTS: 10001 simulation done, duration: 1567
B<< MCTS: 10001 simulation done, duration: 1540
B<< MCTS: 10001 simulation done, duration: 1577
B<< MCTS: 10001 simulation done, duration: 1572
B<< MCTS: 10001 simulation done, duration: 1624
B<< MCTS: 10001 simulation done, duration: 1619
B<< MCTS: 10001 simulation done, duration: 1639
B<< = C9
B<< 
W>> play B C9
W<< = 
W<< 
W>> genmove w
W<< MCTS: 10001 simulation done, duration: 968
W<< MCTS: 10001 simulation done, duration: 980
W<< MCTS: 10001 simulation done, duration: 1004
W<< MCTS: 10001 simulation done, duration: 1011
W<< MCTS: 10001 simulation done, duration: 1012
W<< MCTS: 10001 simulation done, duration: 1017
W<< MCTS: 10001 simulation done, duration: 1019
W<< MCTS: 10001 simulation done, duration: 1059
W<< MCTS: 10001 simulation done, duration: 1060
W<< MCTS: 10001 simulation done, duration: 1063
W<< MCTS: 10001 simulation done, duration: 1063
W<< MCTS: 10001 simulation done, duration: 1077
W<< MCTS: 10001 simulation done, duration: 1151
W<< MCTS: 10001 simulation done, duration: 1154
W<< MCTS: 10001 simulation done, duration: 1245
W<< MCTS: 10001 simulation done, duration: 1246
W<< = A9
W<< 
B>> play W A9
B<< = 
B<< 
B>> genmove b
B<< MCTS: 10001 simulation done, duration: 1031
B<< MCTS: 10001 simulation done, duration: 1171
B<< MCTS: 10001 simulation done, duration: 1168
B<< MCTS: 10001 simulation done, duration: 1249
B<< MCTS: 10001 simulation done, duration: 1299
B<< MCTS: 10001 simulation done, duration: 1342
B<< MCTS: 10001 simulation done, duration: 1360
B<< MCTS: 10001 simulation done, duration: 1348
B<< MCTS: 10001 simulation done, duration: 1375
B<< MCTS: 10001 simulation done, duration: 1390
B<< MCTS: 10001 simulation done, duration: 1392
B<< MCTS: 10001 simulation done, duration: 1403
B<< MCTS: 10001 simulation done, duration: 1412
B<< MCTS: 10001 simulation done, duration: 1404
B<< MCTS: 10001 simulation done, duration: 1401
B<< MCTS: 10001 simulation done, duration: 1448
B<< MCTS: 10001 simulation done, duration: 1447
B<< MCTS: 10001 simulation done, duration: 1452
B<< MCTS: 10001 simulation done, duration: 1500
B<< MCTS: 10001 simulation done, duration: 1509
B<< MCTS: 10001 simulation done, duration: 1530
B<< MCTS: 10001 simulation done, duration: 1521
B<< MCTS: 10001 simulation done, duration: 1525
B<< MCTS: 10001 simulation done, duration: 1528
B<< MCTS: 10001 simulation done, duration: 1542
B<< MCTS: 10001 simulation done, duration: 1534
B<< MCTS: 10001 simulation done, duration: 1565
B<< MCTS: 10001 simulation done, duration: 1565
B<< MCTS: 10001 simulation done, duration: 1570
B<< MCTS: 10001 simulation done, duration: 1578
B<< MCTS: 10001 simulation done, duration: 1579
B<< MCTS: 10001 simulation done, duration: 1591
B<< = D1
B<< 
W>> play B D1
W<< = 
W<< 
W>> genmove w
W<< MCTS: 10001 simulation done, duration: 1008
W<< MCTS: 10001 simulation done, duration: 1011
W<< MCTS: 10001 simulation done, duration: 1013
W<< MCTS: 10001 simulation done, duration: 1014
W<< MCTS: 10001 simulation done, duration: 1015
W<< MCTS: 10001 simulation done, duration: 1015
W<< MCTS: 10001 simulation done, duration: 1044
W<< MCTS: 10001 simulation done, duration: 1056
W<< MCTS: 10001 simulation done, duration: 1057
W<< MCTS: 10001 simulation done, duration: 1058
W<< MCTS: 10001 simulation done, duration: 1065
W<< MCTS: 10001 simulation done, duration: 1119
W<< MCTS: 10001 simulation done, duration: 1164
W<< MCTS: 10001 simulation done, duration: 1189
W<< MCTS: 10001 simulation done, duration: 1282
W<< MCTS: 10001 simulation done, duration: 1290
W<< = G1
W<< 
B>> play W G1
B<< = 
B<< 
B>> genmove b
B<< MCTS: 10001 simulation done, duration: 1085
B<< MCTS: 10001 simulation done, duration: 1080
B<< MCTS: 10001 simulation done, duration: 1226
B<< MCTS: 10001 simulation done, duration: 1231
B<< MCTS: 10001 simulation done, duration: 1215
B<< MCTS: 10001 simulation done, duration: 1248
B<< MCTS: 10001 simulation done, duration: 1257
B<< MCTS: 10001 simulation done, duration: 1259
B<< MCTS: 10001 simulation done, duration: 1246
B<< MCTS: 10001 simulation done, duration: 1263
B<< MCTS: 10001 simulation done, duration: 1281
B<< MCTS: 10001 simulation done, duration: 1312
B<< MCTS: 10001 simulation done, duration: 1333
B<< MCTS: 10001 simulation done, duration: 1401
B<< MCTS: 10001 simulation done, duration: 1396
B<< MCTS: 10001 simulation done, duration: 1447
B<< MCTS: 10001 simulation done, duration: 1450
B<< MCTS: 10001 simulation done, duration: 1463
B<< MCTS: 10001 simulation done, duration: 1468
B<< MCTS: 10001 simulation done, duration: 1474
B<< MCTS: 10001 simulation done, duration: 1462
B<< MCTS: 10001 simulation done, duration: 1470
B<< MCTS: 10001 simulation done, duration: 1504
B<< MCTS: 10001 simulation done, duration: 1513
B<< MCTS: 10001 simulation done, duration: 1542
B<< MCTS: 10001 simulation done, duration: 1524
B<< MCTS: 10001 simulation done, duration: 1539
B<< MCTS: 10001 simulation done, duration: 1543
B<< MCTS: 10001 simulation done, duration: 1562
B<< MCTS: 10001 simulation done, duration: 1552
B<< MCTS: 10001 simulation done, duration: 1598
B<< MCTS: 10001 simulation done, duration: 1580
B<< = H9
B<< 
W>> play B H9
W<< = 
W<< 
W>> genmove w
W<< MCTS: 10001 simulation done, duration: 1010
W<< MCTS: 10001 simulation done, duration: 1013
W<< MCTS: 10001 simulation done, duration: 1018
W<< MCTS: 10001 simulation done, duration: 1021
W<< MCTS: 10001 simulation done, duration: 1043
W<< MCTS: 10001 simulation done, duration: 1058
W<< MCTS: 10001 simulation done, duration: 1059
W<< MCTS: 10001 simulation done, duration: 1062
W<< MCTS: 10001 simulation done, duration: 1072
W<< MCTS: 10001 simulation done, duration: 1073
W<< MCTS: 10001 simulation done, duration: 1074
W<< MCTS: 10001 simulation done, duration: 1101
W<< MCTS: 10001 simulation done, duration: 1104
W<< MCTS: 10001 simulation done, duration: 1135
W<< MCTS: 10001 simulation done, duration: 1157
W<< MCTS: 10001 simulation done, duration: 1211
W<< = A2
W<< 
B>> play W A2
B<< = 
B<< 
B>> genmove b
B<< MCTS: 10001 simulation done, duration: 750
B<< MCTS: 10001 simulation done, duration: 791
B<< MCTS: 10001 simulation done, duration: 792
B<< MCTS: 10001 simulation done, duration: 811
B<< MCTS: 10001 simulation done, duration: 834
B<< MCTS: 10001 simulation done, duration: 828
B<< MCTS: 10001 simulation done, duration: 849
B<< MCTS: 10001 simulation done, duration: 881
B<< MCTS: 10001 simulation done, duration: 1016
B<< MCTS: 10001 simulation done, duration: 1200
B<< MCTS: 10001 simulation done, duration: 1229
B<< MCTS: 10001 simulation done, duration: 1277
B<< MCTS: 10001 simulation done, duration: 1318
B<< MCTS: 10001 simulation done, duration: 1311
B<< MCTS: 10001 simulation done, duration: 1319
B<< MCTS: 10001 simulation done, duration: 1334
B<< MCTS: 10001 simulation done, duration: 1331
B<< MCTS: 10001 simulation done, duration: 1344
B<< MCTS: 10001 simulation done, duration: 1380
B<< MCTS: 10001 simulation done, duration: 1374
B<< MCTS: 10001 simulation done, duration: 1406
B<< MCTS: 10001 simulation done, duration: 1436
B<< MCTS: 10001 simulation done, duration: 1488
B<< MCTS: 10001 simulation done, duration: 1508
B<< MCTS: 10001 simulation done, duration: 1514
B<< MCTS: 10001 simulation done, duration: 1512
B<< MCTS: 10001 simulation done, duration: 1512
B<< MCTS: 10001 simulation done, duration: 1523
B<< MCTS: 10001 simulation done, duration: 1538
B<< MCTS: 10001 simulation done, duration: 1551
B<< MCTS: 10001 simulation done, duration: 1523
B<< MCTS: 10001 simulation done, duration: 1556
B<< = J6
B<< 
W>> play B J6
W<< = 
W<< 
W>> genmove w
W<< MCTS: 10001 simulation done, duration: 954
W<< MCTS: 10001 simulation done, duration: 1001
W<< MCTS: 10001 simulation done, duration: 1001
W<< MCTS: 10001 simulation done, duration: 1002
W<< MCTS: 10001 simulation done, duration: 1002
W<< MCTS: 10001 simulation done, duration: 1033
W<< MCTS: 10001 simulation done, duration: 1037
W<< MCTS: 10001 simulation done, duration: 1037
W<< MCTS: 10001 simulation done, duration: 1042
W<< MCTS: 10001 simulation done, duration: 1044
W<< MCTS: 10001 simulation done, duration: 1057
W<< MCTS: 10001 simulation done, duration: 1059
W<< MCTS: 10001 simulation done, duration: 1105
W<< MCTS: 10001 simulation done, duration: 1161
W<< MCTS: 10001 simulation done, duration: 1250
W<< MCTS: 10001 simulation done, duration: 1251
W<< = J4
W<< 
B>> play W J4
B<< = 
B<< 
B>> genmove b
B<< MCTS: 10001 simulation done, duration: 940
B<< MCTS: 10001 simulation done, duration: 971
B<< MCTS: 10001 simulation done, duration: 1252
B<< MCTS: 10001 simulation done, duration: 1314
B<< MCTS: 10001 simulation done, duration: 1345
B<< MCTS: 10001 simulation done, duration: 1377
B<< MCTS: 10001 simulation done, duration: 1416
B<< MCTS: 10001 simulation done, duration: 1427
B<< MCTS: 10001 simulation done, duration: 1429
B<< MCTS: 10001 simulation done, duration: 1397
B<< MCTS: 10001 simulation done, duration: 1431
B<< MCTS: 10001 simulation done, duration: 1458
B<< MCTS: 10001 simulation done, duration: 1454
B<< MCTS: 10001 simulation done, duration: 1469
B<< MCTS: 10001 simulation done, duration: 1468
B<< MCTS: 10001 simulation done, duration: 1478
B<< MCTS: 10001 simulation done, duration: 1483
B<< MCTS: 10001 simulation done, duration: 1475
B<< MCTS: 10001 simulation done, duration: 1486
B<< MCTS: 10001 simulation done, duration: 1474
B<< MCTS: 10001 simulation done, duration: 1476
B<< MCTS: 10001 simulation done, duration: 1475
B<< MCTS: 10001 simulation done, duration: 1486
B<< MCTS: 10001 simulation done, duration: 1493
B<< MCTS: 10001 simulation done, duration: 1505
B<< MCTS: 10001 simulation done, duration: 1487
B<< MCTS: 10001 simulation done, duration: 1514
B<< MCTS: 10001 simulation done, duration: 1513
B<< MCTS: 10001 simulation done, duration: 1509
B<< MCTS: 10001 simulation done, duration: 1520
B<< MCTS: 10001 simulation done, duration: 1529
B<< MCTS: 10001 simulation done, duration: 1519
B<< = A7
B<< 
W>> play B A7
W<< = 
W<< 
W>> genmove w
W<< MCTS: 10001 simulation done, duration: 992
W<< MCTS: 10001 simulation done, duration: 992
W<< MCTS: 10001 simulation done, duration: 995
W<< MCTS: 10001 simulation done, duration: 995
W<< MCTS: 10001 simulation done, duration: 996
W<< MCTS: 10001 simulation done, duration: 1001
W<< MCTS: 10001 simulation done, duration: 1009
W<< MCTS: 10001 simulation done, duration: 1027
W<< MCTS: 10001 simulation done, duration: 1045
W<< MCTS: 10001 simulation done, duration: 1046
W<< MCTS: 10001 simulation done, duration: 1051
W<< MCTS: 10001 simulation done, duration: 1051
W<< MCTS: 10001 simulation done, duration: 1053
W<< MCTS: 10001 simulation done, duration: 1120
W<< MCTS: 10001 simulation done, duration: 1267
W<< MCTS: 10001 simulation done, duration: 1270
W<< = D9
W<< 
B>> play W D9
B<< = 
B<< 
B>> genmove b
B<< MCTS: 10001 simulation done, duration: 867
B<< MCTS: 10001 simulation done, duration: 877
B<< MCTS: 10001 simulation done, duration: 1045
B<< MCTS: 10001 simulation done, duration: 1048
B<< MCTS: 10001 simulation done, duration: 1135
B<< MCTS: 10001 simulation done, duration: 1127
B<< MCTS: 10001 simulation done, duration: 1162
B<< MCTS: 10001 simulation done, duration: 1192
B<< MCTS: 10001 simulation done, duration: 1235
B<< MCTS: 10001 simulation done, duration: 1274
B<< MCTS: 10001 simulation done, duration: 1280
B<< MCTS: 10001 simulation done, duration: 1281
B<< MCTS: 10001 simulation done, duration: 1326
B<< MCTS: 10001 simulation done, duration: 1308
B<< MCTS: 10001 simulation done, duration: 1339
B<< MCTS: 10001 simulation done, duration: 1359
B<< MCTS: 10001 simulation done, duration: 1384
B<< MCTS: 10001 simulation done, duration: 1380
B<< MCTS: 10001 simulation done, duration: 1391
B<< MCTS: 10001 simulation done, duration: 1382
B<< MCTS: 10001 simulation done, duration: 1415
B<< MCTS: 10001 simulation done, duration: 1401
B<< MCTS: 10001 simulation done, duration: 1424
B<< MCTS: 10001 simulation done, duration: 1416
B<< MCTS: 10001 simulation done, duration: 1440
B<< MCTS: 10001 simulation done, duration: 1432
B<< MCTS: 10001 simulation done, duration: 1449
B<< MCTS: 10001 simulation done, duration: 1456
B<< MCTS: 10001 simulation done, duration: 1457
B<< MCTS: 10001 simulation done, duration: 1463
B<< MCTS: 10001 simulation done, duration: 1470
B<< MCTS: 10001 simulation done, duration: 1476
B<< = B6
B<< 
W>> play B B6
W<< = 
W<< 
W>> genmove w
W<< MCTS: 10001 simulation done, duration: 920
W<< MCTS: 10001 simulation done, duration: 995
W<< MCTS: 10001 simulation done, duration: 1004
W<< MCTS: 10001 simulation done, duration: 1004
W<< MCTS: 10001 simulation done, duration: 1004
W<< MCTS: 10001 simulation done, duration: 1007
W<< MCTS: 10001 simulation done, duration: 1008
W<< MCTS: 10001 simulation done, duration: 1008
W<< MCTS: 10001 simulation done, duration: 1007
W<< MCTS: 10001 simulation done, duration: 1009
W<< MCTS: 10001 simulation done, duration: 1056
W<< MCTS: 10001 simulation done, duration: 1059
W<< MCTS: 10001 simulation done, duration: 1161
W<< MCTS: 10001 simulation done, duration: 1214
W<< MCTS: 10001 simulation done, duration: 1227
W<< MCTS: 10001 simulation done, duration: 1227
W<< = H2
W<< 
B>> play W H2
B<< = 
B<< 
B>> genmove b
B<< MCTS: 10001 simulation done, duration: 824
B<< MCTS: 10001 simulation done, duration: 839
B<< MCTS: 10001 simulation done, duration: 929
B<< MCTS: 10001 simulation done, duration: 1063
B<< MCTS: 10001 simulation done, duration: 1113
B<< MCTS: 10001 simulation done, duration: 1150
B<< MCTS: 10001 simulation done, duration: 1245
B<< MCTS: 10001 simulation done, duration: 1245
B<< MCTS: 10001 simulation done, duration: 1268
B<< MCTS: 10001 simulation done, duration: 1270
B<< MCTS: 10001 simulation done, duration: 1256
B<< MCTS: 10001 simulation done, duration: 1283
B<< MCTS: 10001 simulation done, duration: 1297
B<< MCTS: 10001 simulation done, duration: 1338
B<< MCTS: 10001 simulation done, duration: 1340
B<< MCTS: 10001 simulation done, duration: 1320
B<< MCTS: 10001 simulation done, duration: 1338
B<< MCTS: 10001 simulation done, duration: 1356
B<< MCTS: 10001 simulation done, duration: 1474
B<< MCTS: 10001 simulation done, duration: 1461
B<< MCTS: 10001 simulation done, duration: 1484
B<< MCTS: 10001 simulation done, duration: 1473
B<< MCTS: 10001 simulation done, duration: 1476
B<< MCTS: 10001 simulation done, duration: 1494
B<< MCTS: 10001 simulation done, duration: 1509
B<< MCTS: 10001 simulation done, duration: 1495
B<< MCTS: 10001 simulation done, duration: 1504
B<< MCTS: 10001 simulation done, duration: 1514
B<< MCTS: 10001 simulation done, duration: 1529
B<< MCTS: 10001 simulation done, duration: 1526
B<< MCTS: 10001 simulation done, duration: 1538
B<< MCTS: 10001 simulation done, duration: 1545
B<< = C7
B<< 
W>> play B C7
W<< = 
W<< 
W>> genmove w
W<< MCTS: 10001 simulation done, duration: 1037
W<< MCTS: 10001 simulation done, duration: 1039
W<< MCTS: 10001 simulation done, duration: 1040
W<< MCTS: 10001 simulation done, duration: 1041
W<< MCTS: 10001 simulation done, duration: 1044
W<< MCTS: 10001 simulation done, duration: 1044
W<< MCTS: 10001 simulation done, duration: 1053
W<< MCTS: 10001 simulation done, duration: 1062
W<< MCTS: 10001 simulation done, duration: 1076
W<< MCTS: 10001 simulation done, duration: 1082
W<< MCTS: 10001 simulation done, duration: 1089
W<< MCTS: 10001 simulation done, duration: 1094
W<< MCTS: 10001 simulation done, duration: 1099
W<< MCTS: 10001 simulation done, duration: 1126
W<< MCTS: 10001 simulation done, duration: 1163
W<< MCTS: 10001 simulation done, duration: 1213
W<< = B7
W<< 
B>> play W B7
B<< = 
B<< 
B>> genmove b
B<< MCTS: 10001 simulation done, duration: 966
B<< MCTS: 10001 simulation done, duration: 1078
B<< MCTS: 10001 simulation done, duration: 1142
B<< MCTS: 10001 simulation done, duration: 1199
B<< MCTS: 10001 simulation done, duration: 1229
B<< MCTS: 10001 simulation done, duration: 1272
B<< MCTS: 10001 simulation done, duration: 1280
B<< MCTS: 10001 simulation done, duration: 1289
B<< MCTS: 10001 simulation done, duration: 1289
B<< MCTS: 10001 simulation done, duration: 1293
B<< MCTS: 10001 simulation done, duration: 1297
B<< MCTS: 10001 simulation done, duration: 1284
B<< MCTS: 10001 simulation done, duration: 1311
B<< MCTS: 10001 simulation done, duration: 1339
B<< MCTS: 10001 simulation done, duration: 1331
B<< MCTS: 10001 simulation done, duration: 1353
B<< MCTS: 10001 simulation done, duration: 1365
B<< MCTS: 10001 simulation done, duration: 1349
B<< MCTS: 10001 simulation done, duration: 1368
B<< MCTS: 10001 simulation done, duration: 1363
B<< MCTS: 10001 simulation done, duration: 1368
B<< MCTS: 10001 simulation done, duration: 1378
B<< MCTS: 10001 simulation done, duration: 1380
B<< MCTS: 10001 simulation done, duration: 1401
B<< MCTS: 10001 simulation done, duration: 1393
B<< MCTS: 10001 simulation done, duration: 1388
B<< MCTS: 10001 simulation done, duration: 1403
B<< MCTS: 10001 simulation done, duration: 1405
B<< MCTS: 10001 simulation done, duration: 1411
B<< MCTS: 10001 simulation done, duration: 1422
B<< MCTS: 10001 simulation done, duration: 1420
B<< MCTS: 10001 simulation done, duration: 1431
B<< = C5
B<< 
W>> play B C5
W<< = 
W<< 
W>> genmove w
W<< MCTS: 10001 simulation done, duration: 981
W<< MCTS: 10001 simulation done, duration: 1015
W<< MCTS: 10001 simulation done, duration: 1021
W<< MCTS: 10001 simulation done, duration: 1024
W<< MCTS: 10001 simulation done, duration: 1024
W<< MCTS: 10001 simulation done, duration: 1026
W<< MCTS: 10001 simulation done, duration: 1026
W<< MCTS: 10001 simulation done, duration: 1028
W<< MCTS: 10001 simulation done, duration: 1056
W<< MCTS: 10001 simulation done, duration: 1077
W<< MCTS: 10001 simulation done, duration: 1084
W<< MCTS: 10001 simulation done, duration: 1099
W<< MCTS: 10001 simulation done, duration: 1099
W<< MCTS: 10001 simulation done, duration: 1143
W<< MCTS: 10001 simulation done, duration: 1262
W<< MCTS: 10001 simulation done, duration: 1279
W<< = B5
W<< 
B>> play W B5
B<< = 
B<< 
B>> genmove b
B<< MCTS: 10001 simulation done, duration: 989
B<< MCTS: 10001 simulation done, duration: 1001
B<< MCTS: 10001 simulation done, duration: 1054
B<< MCTS: 10001 simulation done, duration: 1089
B<< MCTS: 10001 simulation done, duration: 1109
B<< MCTS: 10001 simulation done, duration: 1127
B<< MCTS: 10001 simulation done, duration: 1150
B<< MCTS: 10001 simulation done, duration: 1176
B<< MCTS: 10001 simulation done, duration: 1194
B<< MCTS: 10001 simulation done, duration: 1199
B<< MCTS: 10001 simulation done, duration: 1207
B<< MCTS: 10001 simulation done, duration: 1222
B<< MCTS: 10001 simulation done, duration: 1237
B<< MCTS: 10001 simulation done, duration: 1239
B<< MCTS: 10001 simulation done, duration: 1246
B<< MCTS: 10001 simulation done, duration: 1260
B<< MCTS: 10001 simulation done, duration: 1273
B<< MCTS: 10001 simulation done, duration: 1267
B<< MCTS: 10001 simulation done, duration: 1291
B<< MCTS: 10001 simulation done, duration: 1309
B<< MCTS: 10001 simulation done, duration: 1335
B<< MCTS: 10001 simulation done, duration: 1359
B<< MCTS: 10001 simulation done, duration: 1353
B<< MCTS: 10001 simulation done, duration: 1370
B<< MCTS: 10001 simulation done, duration: 1349
B<< MCTS: 10001 simulation done, duration: 1370
B<< MCTS: 10001 simulation done, duration: 1383
B<< MCTS: 10001 simulation done, duration: 1389
B<< MCTS: 10001 simulation done, duration: 1401
B<< MCTS: 10001 simulation done, duration: 1405
B<< MCTS: 10001 simulation done, duration: 1424
B<< MCTS: 10001 simulation done, duration: 1409
B<< = J2
B<< 
W>> play B J2
W<< = 
W<< 
W>> genmove w
W<< MCTS: 10001 simulation done, duration: 922
W<< MCTS: 10001 simulation done, duration: 969
W<< MCTS: 10001 simulation done, duration: 973
W<< MCTS: 10001 simulation done, duration: 973
W<< MCTS: 10001 simulation done, duration: 973
W<< MCTS: 10001 simulation done, duration: 976
W<< MCTS: 10001 simulation done, duration: 979
W<< MCTS: 10001 simulation done, duration: 1008
W<< MCTS: 10001 simulation done, duration: 1018
W<< MCTS: 10001 simulation done, duration: 1023
W<< MCTS: 10001 simulation done, duration: 1027
W<< MCTS: 10001 simulation done, duration: 1041
W<< MCTS: 10001 simulation done, duration: 1042
W<< MCTS: 10001 simulation done, duration: 1070
W<< MCTS: 10001 simulation done, duration: 1074
W<< MCTS: 10001 simulation done, duration: 1075
W<< = F7
W<< 
B>> play W F7
B<< = 
B<< 
B>> genmove b
B<< MCTS: 10001 simulation done, duration: 765
B<< MCTS: 10001 simulation done, duration: 876
B<< MCTS: 10001 simulation done, duration: 879
B<< MCTS: 10001 simulation done, duration: 923
B<< MCTS: 10001 simulation done, duration: 954
B<< MCTS: 10001 simulation done, duration: 982
B<< MCTS: 10001 simulation done, duration: 1001
B<< MCTS: 10001 simulation done, duration: 1007
B<< MCTS: 10001 simulation done, duration: 1067
B<< MCTS: 10001 simulation done, duration: 1107
B<< MCTS: 10001 simulation done, duration: 1112
B<< MCTS: 10001 simulation done, duration: 1134
B<< MCTS: 10001 simulation done, duration: 1135
B<< MCTS: 10001 simulation done, duration: 1206
B<< MCTS: 10001 simulation done, duration: 1242
B<< MCTS: 10001 simulation done, duration: 1249
B<< MCTS: 10001 simulation done, duration: 1238
B<< MCTS: 10001 simulation done, duration: 1265
B<< MCTS: 10001 simulation done, duration: 1259
B<< MCTS: 10001 simulation done, duration: 1257
B<< MCTS: 10001 simulation done, duration: 1272
B<< MCTS: 10001 simulation done, duration: 1270
B<< MCTS: 10001 simulation done, duration: 1251
B<< MCTS: 10001 simulation done, duration: 1290
B<< MCTS: 10001 simulation done, duration: 1294
B<< MCTS: 10001 simulation done, duration: 1311
B<< MCTS: 10001 simulation done, duration: 1306
B<< MCTS: 10001 simulation done, duration: 1330
B<< MCTS: 10001 simulation done, duration: 1329
B<< MCTS: 10001 simulation done, duration: 1347
B<< MCTS: 10001 simulation done, duration: 1350
B<< MCTS: 10001 simulation done, duration: 1358
B<< = B3
B<< 
W>> play B B3
W<< = 
W<< 
W>> genmove w
W<< MCTS: 10001 simulation done, duration: 949
W<< MCTS: 10001 simulation done, duration: 951
W<< MCTS: 10001 simulation done, duration: 955
W<< MCTS: 10001 simulation done, duration: 960
W<< MCTS: 10001 simulation done, duration: 959
W<< MCTS: 10001 simulation done, duration: 963
W<< MCTS: 10001 simulation done, duration: 994
W<< MCTS: 10001 simulation done, duration: 996
W<< MCTS: 10001 simulation done, duration: 997
W<< MCTS: 10001 simulation done, duration: 1001
W<< MCTS: 10001 simulation done, duration: 1005
W<< MCTS: 10001 simulation done, duration: 1038
W<< MCTS: 10001 simulation done, duration: 1039
W<< MCTS: 10001 simulation done, duration: 1046
W<< MCTS: 10001 simulation done, duration: 1185
W<< MCTS: 10001 simulation done, duration: 1186
W<< = F3
W<< 
B>> play W F3
B<< = 
B<< 
B>> genmove b
B<< MCTS: 10001 simulation done, duration: 891
B<< MCTS: 10001 simulation done, duration: 968
B<< MCTS: 10001 simulation done, duration: 980
B<< MCTS: 10001 simulation done, duration: 1152
B<< MCTS: 10001 simulation done, duration: 1159
B<< MCTS: 10001 simulation done, duration: 1169
B<< MCTS: 10001 simulation done, duration: 1182
B<< MCTS: 10001 simulation done, duration: 1195
B<< MCTS: 10001 simulation done, duration: 1170
B<< MCTS: 10001 simulation done, duration: 1198
B<< MCTS: 10001 simulation done, duration: 1193
B<< MCTS: 10001 simulation done, duration: 1216
B<< MCTS: 10001 simulation done, duration: 1221
B<< MCTS: 10001 simulation done, duration: 1216
B<< MCTS: 10001 simulation done, duration: 1220
B<< MCTS: 10001 simulation done, duration: 1246
B<< MCTS: 10001 simulation done, duration: 1244
B<< MCTS: 10001 simulation done, duration: 1267
B<< MCTS: 10001 simulation done, duration: 1254
B<< MCTS: 10001 simulation done, duration: 1258
B<< MCTS: 10001 simulation done, duration: 1258
B<< MCTS: 10001 simulation done, duration: 1287
B<< MCTS: 10001 simulation done, duration: 1283
B<< MCTS: 10001 simulation done, duration: 1298
B<< MCTS: 10001 simulation done, duration: 1290
B<< MCTS: 10001 simulation done, duration: 1306
B<< MCTS: 10001 simulation done, duration: 1285
B<< MCTS: 10001 simulation done, duration: 1285
B<< MCTS: 10001 simulation done, duration: 1308
B<< MCTS: 10001 simulation done, duration: 1285
B<< MCTS: 10001 simulation done, duration: 1299
B<< MCTS: 10001 simulation done, duration: 1335
B<< = C2
B<< 
W>> play B C2
W<< = 
W<< 
W>> genmove w
W<< MCTS: 10001 simulation done, duration: 935
W<< MCTS: 10001 simulation done, duration: 952
W<< MCTS: 10001 simulation done, duration: 955
W<< MCTS: 10001 simulation done, duration: 955
W<< MCTS: 10001 simulation done, duration: 959
W<< MCTS: 10001 simulation done, duration: 959
W<< MCTS: 10001 simulation done, duration: 995
W<< MCTS: 10001 simulation done, duration: 999
W<< MCTS: 10001 simulation done, duration: 1025
W<< MCTS: 10001 simulation done, duration: 1034
W<< MCTS: 10001 simulation done, duration: 1036
W<< MCTS: 10001 simulation done, duration: 1040
W<< MCTS: 10001 simulation done, duration: 1074
W<< MCTS: 10001 simulation done, duration: 1142
W<< MCTS: 10001 simulation done, duration: 1253
W<< MCTS: 10001 simulation done, duration: 1263
W<< = C1
W<< 
B>> play W C1
B<< = 
B<< 
B>> genmove b
B<< MCTS: 10001 simulation done, duration: 704
B<< MCTS: 10001 simulation done, duration: 731
B<< MCTS: 10001 simulation done, duration: 825
B<< MCTS: 10001 simulation done, duration: 830
B<< MCTS: 10001 simulation done, duration: 906
B<< MCTS: 10001 simulation done, duration: 987
B<< MCTS: 10001 simulation done, duration: 1097
B<< MCTS: 10001 simulation done, duration: 1114
B<< MCTS: 10001 simulation done, duration: 1126
B<< MCTS: 10001 simulation done, duration: 1130
B<< MCTS: 10001 simulation done, duration: 1117
B<< MCTS: 10001 simulation done, duration: 1143
B<< MCTS: 10001 simulation done, duration: 1183
B<< MCTS: 10001 simulation done, duration: 1174
B<< MCTS: 10001 simulation done, duration: 1194
B<< MCTS: 10001 simulation done, duration: 1202
B<< MCTS: 10001 simulation done, duration: 1221
B<< MCTS: 10001 simulation done, duration: 1226
B<< MCTS: 10001 simulation done, duration: 1218
B<< MCTS: 10001 simulation done, duration: 1230
B<< MCTS: 10001 simulation done, duration: 1252
B<< MCTS: 10001 simulation done, duration: 1226
B<< MCTS: 10001 simulation done, duration: 1258
B<< MCTS: 10001 simulation done, duration: 1236
B<< MCTS: 10001 simulation done, duration: 1234
B<< MCTS: 10001 simulation done, duration: 1258
B<< MCTS: 10001 simulation done, duration: 1242
B<< MCTS: 10001 simulation done, duration: 1258
B<< MCTS: 10001 simulation done, duration: 1274
B<< MCTS: 10001 simulation done, duration: 1273
B<< MCTS: 10001 simulation done, duration: 1285
B<< MCTS: 10001 simulation done, duration: 1290
B<< = D3
B<< 
W>> play B D3
W<< = 
W<< 
W>> genmove w
W<< MCTS: 10001 simulation done, duration: 884
W<< MCTS: 10001 simulation done, duration: 956
W<< MCTS: 10001 simulation done, duration: 959
W<< MCTS: 10001 simulation done, duration: 964
W<< MCTS: 10001 simulation done, duration: 965
W<< MCTS: 10001 simulation done, duration: 969
W<< MCTS: 10001 simulation done, duration: 999
W<< MCTS: 10001 simulation done, duration: 1001
W<< MCTS: 10001 simulation done, duration: 1001
W<< MCTS: 10001 simulation done, duration: 1008
W<< MCTS: 10001 simulation done, duration: 1011
W<< MCTS: 10001 simulation done, duration: 1015
W<< MCTS: 10001 simulation done, duration: 1029
W<< MCTS: 10001 simulation done, duration: 1072
W<< MCTS: 10001 simulation done, duration: 1164
W<< MCTS: 10001 simulation done, duration: 1181
W<< = D7
W<< 
B>> play W D7
B<< = 
B<< 
B>> genmove b
B<< MCTS: 10001 simulation done, duration: 752
B<< MCTS: 10001 simulation done, duration: 781
B<< MCTS: 10001 simulation done, duration: 841
B<< MCTS: 10001 simulation done, duration: 844
B<< MCTS: 10001 simulation done, duration: 906
B<< MCTS: 10001 simulation done, duration: 894
B<< MCTS: 10001 simulation done, duration: 926
B<< MCTS: 10001 simulation done, duration: 945
B<< MCTS: 10001 simulation done, duration: 980
B<< MCTS: 10001 simulation done, duration: 978
B<< MCTS: 10001 simulation done, duration: 984
B<< MCTS: 10001 simulation done, duration: 985
B<< MCTS: 10001 simulation done, duration: 1008
B<< MCTS: 10001 simulation done, duration: 1019
B<< MCTS: 10001 simulation done, duration: 1172
B<< MCTS: 10001 simulation done, duration: 1182
B<< MCTS: 10001 simulation done, duration: 1183
B<< MCTS: 10001 simulation done, duration: 1182
B<< MCTS: 10001 simulation done, duration: 1219
B<< MCTS: 10001 simulation done, duration: 1221
B<< MCTS: 10001 simulation done, duration: 1209
B<< MCTS: 10001 simulation done, duration: 1224
B<< MCTS: 10001 simulation done, duration: 1217
B<< MCTS: 10001 simulation done, duration: 1237
B<< MCTS: 10001 simulation done, duration: 1248
B<< MCTS: 10001 simulation done, duration: 1250
B<< MCTS: 10001 simulation done, duration: 1253
B<< MCTS: 10001 simulation done, duration: 1239
B<< MCTS: 10001 simulation done, duration: 1253
B<< MCTS: 10001 simulation done, duration: 1244
B<< MCTS: 10001 simulation done, duration: 1265
B<< MCTS: 10001 simulation done, duration: 1280
B<< = A4
B<< 
W>> play B A4
W<< = 
W<< 
W>> genmove w
W<< MCTS: 10001 simulation done, duration: 864
W<< MCTS: 10001 simulation done, duration: 941
W<< MCTS: 10001 simulation done, duration: 943
W<< MCTS: 10001 simulation done, duration: 945
W<< MCTS: 10001 simulation done, duration: 946
W<< MCTS: 10001 simulation done, duration: 948
W<< MCTS: 10001 simulation done, duration: 957
W<< MCTS: 10001 simulation done, duration: 1000
W<< MCTS: 10001 simulation done, duration: 1001
W<< MCTS: 10001 simulation done, duration: 1006
W<< MCTS: 10001 simulation done, duration: 1069
W<< MCTS: 10001 simulation done, duration: 1071
W<< MCTS: 10001 simulation done, duration: 1109
W<< MCTS: 10001 simulation done, duration: 1115
W<< MCTS: 10001 simulation done, duration: 1179
W<< MCTS: 10001 simulation done, duration: 1179
W<< = E8
W<< 
B>> play W E8
B<< = 
B<< 
B>> genmove b
B<< MCTS: 10001 simulation done, duration: 820
B<< MCTS: 10001 simulation done, duration: 936
B<< MCTS: 10001 simulation done, duration: 945
B<< MCTS: 10001 simulation done, duration: 1024
B<< MCTS: 10001 simulation done, duration: 1025
B<< MCTS: 10001 simulation done, duration: 1022
B<< MCTS: 10001 simulation done, duration: 1058
B<< MCTS: 10001 simulation done, duration: 1042
B<< MCTS: 10001 simulation done, duration: 1061
B<< MCTS: 10001 simulation done, duration: 1085
B<< MCTS: 10001 simulation done, duration: 1121
B<< MCTS: 10001 simulation done, duration: 1120
B<< MCTS: 10001 simulation done, duration: 1149
B<< MCTS: 10001 simulation done, duration: 1169
B<< MCTS: 10001 simulation done, duration: 1174
B<< MCTS: 10001 simulation done, duration: 1184
B<< MCTS: 10001 simulation done, duration: 1180
B<< MCTS: 10001 simulation done, duration: 1175
B<< MCTS: 10001 simulation done, duration: 1175
B<< MCTS: 10001 simulation done, duration: 1176
B<< MCTS: 10001 simulation done, duration: 1201
B<< MCTS: 10001 simulation done, duration: 1211
B<< MCTS: 10001 simulation done, duration: 1198
B<< MCTS: 10001 simulation done, duration: 1221
B<< MCTS: 10001 simulation done, duration: 1207
B<< MCTS: 10001 simulation done, duration: 1211
B<< MCTS: 10001 simulation done, duration: 1219
B<< MCTS: 10001 simulation done, duration: 1233
B<< MCTS: 10001 simulation done, duration: 1242
B<< MCTS: 10001 simulation done, duration: 1233
B<< MCTS: 10001 simulation done, duration: 1269
B<< MCTS: 10001 simulation done, duration: 1246
B<< = B2
B<< 
W>> play B B2
W<< = 
W<< 
W>> genmove w
W<< MCTS: 10001 simulation done, duration: 966
W<< MCTS: 10001 simulation done, duration: 969
W<< MCTS: 10001 simulation done, duration: 972
W<< MCTS: 10001 simulation done, duration: 972
W<< MCTS: 10001 simulation done, duration: 974
W<< MCTS: 10001 simulation done, duration: 974
W<< MCTS: 10001 simulation done, duration: 976
W<< MCTS: 10001 simulation done, duration: 988
W<< MCTS: 10001 simulation done, duration: 1008
W<< MCTS: 10001 simulation done, duration: 1023
W<< MCTS: 10001 simulation done, duration: 1028
W<< MCTS: 10001 simulation done, duration: 1031
W<< MCTS: 10001 simulation done, duration: 1033
W<< MCTS: 10001 simulation done, duration: 1071
W<< MCTS: 10001 simulation done, duration: 1214
W<< MCTS: 10001 simulation done, duration: 1227
W<< = C8
W<< 
B>> play W C8
B<< = 
B<< 
B>> genmove b
B<< MCTS: 10001 simulation done, duration: 599
B<< MCTS: 10001 simulation done, duration: 604
B<< MCTS: 10001 simulation done, duration: 605
B<< MCTS: 10001 simulation done, duration: 607
B<< MCTS: 10001 simulation done, duration: 605
B<< MCTS: 10001 simulation done, duration: 613
B<< MCTS: 10001 simulation done, duration: 766
B<< MCTS: 10001 simulation done, duration: 795
B<< MCTS: 10001 simulation done, duration: 826
B<< MCTS: 10001 simulation done, duration: 1017
B<< MCTS: 10001 simulation done, duration: 1024
B<< MCTS: 10001 simulation done, duration: 1020
B<< MCTS: 10001 simulation done, duration: 1026
B<< MCTS: 10001 simulation done, duration: 1019
B<< MCTS: 10001 simulation done, duration: 1035
B<< MCTS: 10001 simulation done, duration: 1041
B<< MCTS: 10001 simulation done, duration: 1026
B<< MCTS: 10001 simulation done, duration: 1027
B<< MCTS: 10001 simulation done, duration: 1077
B<< MCTS: 10001 simulation done, duration: 1083
B<< MCTS: 10001 simulation done, duration: 1108
B<< MCTS: 10001 simulation done, duration: 1185
B<< MCTS: 10001 simulation done, duration: 1173
B<< MCTS: 10001 simulation done, duration: 1199
B<< MCTS: 10001 simulation done, duration: 1200
B<< MCTS: 10001 simulation done, duration: 1222
B<< MCTS: 10001 simulation done, duration: 1231
B<< MCTS: 10001 simulation done, duration: 1220
B<< MCTS: 10001 simulation done, duration: 1240
B<< MCTS: 10001 simulation done, duration: 1239
B<< MCTS: 10001 simulation done, duration: 1228
B<< MCTS: 10001 simulation done, duration: 1241
B<< = E2
B<< 
W>> play B E2
W<< = 
W<< 
W>> genmove w
W<< MCTS: 10001 simulation done, duration: 904
W<< MCTS: 10001 simulation done, duration: 987
W<< MCTS: 10001 simulation done, duration: 1000
W<< MCTS: 10001 simulation done, duration: 1003
W<< MCTS: 10001 simulation done, duration: 1026
W<< MCTS: 10001 simulation done, duration: 1035
W<< MCTS: 10001 simulation done, duration: 1041
W<< MCTS: 10001 simulation done, duration: 1044
W<< MCTS: 10001 simulation done, duration: 1047
W<< MCTS: 10001 simulation done, duration: 1050
W<< MCTS: 10001 simulation done, duration: 1051
W<< MCTS: 10001 simulation done, duration: 1051
W<< MCTS: 10001 simulation done, duration: 1054
W<< MCTS: 10001 simulation done, duration: 1122
W<< MCTS: 10001 simulation done, duration: 1213
W<< MCTS: 10001 simulation done, duration: 1220
W<< = E1
W<< 
B>> play W E1
B<< = 
B<< 
B>> genmove b
B<< MCTS: 10001 simulation done, duration: 595
B<< MCTS: 10001 simulation done, duration: 761
B<< MCTS: 10001 simulation done, duration: 834
B<< MCTS: 10001 simulation done, duration: 830
B<< MCTS: 10001 simulation done, duration: 838
B<< MCTS: 10001 simulation done, duration: 901
B<< MCTS: 10001 simulation done, duration: 924
B<< MCTS: 10001 simulation done, duration: 927
B<< MCTS: 10001 simulation done, duration: 931
B<< MCTS: 10001 simulation done, duration: 972
B<< MCTS: 10001 simulation done, duration: 999
B<< MCTS: 10001 simulation done, duration: 1022
B<< MCTS: 10001 simulation done, duration: 1022
B<< MCTS: 10001 simulation done, duration: 1083
B<< MCTS: 10001 simulation done, duration: 1084
B<< MCTS: 10001 simulation done, duration: 1104
B<< MCTS: 10001 simulation done, duration: 1108
B<< MCTS: 10001 simulation done, duration: 1103
B<< MCTS: 10001 simulation done, duration: 1107
B<< MCTS: 10001 simulation done, duration: 1149
B<< MCTS: 10001 simulation done, duration: 1172
B<< MCTS: 10001 simulation done, duration: 1183
B<< MCTS: 10001 simulation done, duration: 1196
B<< MCTS: 10001 simulation done, duration: 1177
B<< MCTS: 10001 simulation done, duration: 1181
B<< MCTS: 10001 simulation done, duration: 1210
B<< MCTS: 10001 simulation done, duration: 1199
B<< MCTS: 10001 simulation done, duration: 1197
B<< MCTS: 10001 simulation done, duration: 1197
B<< MCTS: 10001 simulation done, duration: 1228
B<< MCTS: 10001 simulation done, duration: 1245
B<< MCTS: 10001 simulation done, duration: 1252
B<< = E9
B<< 
W>> play B E9
W<< = 
W<< 
W>> genmove w
W<< MCTS: 10001 simulation done, duration: 838
W<< MCTS: 10001 simulation done, duration: 921
W<< MCTS: 10001 simulation done, duration: 926
W<< MCTS: 10001 simulation done, duration: 927
W<< MCTS: 10001 simulation done, duration: 928
W<< MCTS: 10001 simulation done, duration: 929
W<< MCTS: 10001 simulation done, duration: 956
W<< MCTS: 10001 simulation done, duration: 957
W<< MCTS: 10001 simulation done, duration: 969
W<< MCTS: 10001 simulation done, duration: 972
W<< MCTS: 10001 simulation done, duration: 976
W<< MCTS: 10001 simulation done, duration: 983
W<< MCTS: 10001 simulation done, duration: 1042
W<< MCTS: 10001 simulation done, duration: 1048
W<< MCTS: 10001 simulation done, duration: 1082
W<< MCTS: 10001 simulation done, duration: 1125
W<< = H3
W<< 
B>> play W H3
B<< = 
B<< 
B>> genmove b
B<< MCTS: 10001 simulation done, duration: 787
B<< MCTS: 10001 simulation done, duration: 829
B<< MCTS: 10001 simulation done, duration: 825
B<< MCTS: 10001 simulation done, duration: 910
B<< MCTS: 10001 simulation done, duration: 915
B<< MCTS: 10001 simulation done, duration: 919
B<< MCTS: 10001 simulation done, duration: 931
B<< MCTS: 10001 simulation done, duration: 934
B<< MCTS: 10001 simulation done, duration: 955
B<< MCTS: 10001 simulation done, duration: 1018
B<< MCTS: 10001 simulation done, duration: 1022
B<< MCTS: 10001 simulation done, duration: 1044
B<< MCTS: 10001 simulation done, duration: 1037
B<< MCTS: 10001 simulation done, duration: 1047
B<< MCTS: 10001 simulation done, duration: 1114
B<< MCTS: 10001 simulation done, duration: 1121
B<< MCTS: 10001 simulation done, duration: 1127
B<< MCTS: 10001 simulation done, duration: 1135
B<< MCTS: 10001 simulation done, duration: 1142
B<< MCTS: 10001 simulation done, duration: 1146
B<< MCTS: 10001 simulation done, duration: 1136
B<< MCTS: 10001 simulation done, duration: 1149
B<< MCTS: 10001 simulation done, duration: 1156
B<< MCTS: 10001 simulation done, duration: 1150
B<< MCTS: 10001 simulation done, duration: 1162
B<< MCTS: 10001 simulation done, duration: 1146
B<< MCTS: 10001 simulation done, duration: 1160
B<< MCTS: 10001 simulation done, duration: 1159
B<< MCTS: 10001 simulation done, duration: 1199
B<< MCTS: 10001 simulation done, duration: 1202
B<< MCTS: 10001 simulation done, duration: 1184
B<< MCTS: 10001 simulation done, duration: 1185
B<< = G2
B<< 
W>> play B G2
W<< = 
W<< 
W>> genmove w
W<< MCTS: 10001 simulation done, duration: 862
W<< MCTS: 10001 simulation done, duration: 897
W<< MCTS: 10001 simulation done, duration: 909
W<< MCTS: 10001 simulation done, duration: 910
W<< MCTS: 10001 simulation done, duration: 912
W<< MCTS: 10001 simulation done, duration: 932
W<< MCTS: 10001 simulation done, duration: 935
W<< MCTS: 10001 simulation done, duration: 939
W<< MCTS: 10001 simulation done, duration: 944
W<< MCTS: 10001 simulation done, duration: 947
W<< MCTS: 10001 simulation done, duration: 952
W<< MCTS: 10001 simulation done, duration: 956
W<< MCTS: 10001 simulation done, duration: 958
W<< MCTS: 10001 simulation done, duration: 994
W<< MCTS: 10001 simulation done, duration: 1126
W<< MCTS: 10001 simulation done, duration: 1127
W<< = G4
W<< 
B>> play W G4
B<< = 
B<< 
B>> genmove b
B<< MCTS: 10001 simulation done, duration: 558
B<< MCTS: 10001 simulation done, duration: 574
B<< MCTS: 10001 simulation done, duration: 588
B<< MCTS: 10001 simulation done, duration: 602
B<< MCTS: 10001 simulation done, duration: 728
B<< MCTS: 10001 simulation done, duration: 751
B<< MCTS: 10001 simulation done, duration: 801
B<< MCTS: 10001 simulation done, duration: 809
B<< MCTS: 10001 simulation done, duration: 897
B<< MCTS: 10001 simulation done, duration: 921
B<< MCTS: 10001 simulation done, duration: 915
B<< MCTS: 10001 simulation done, duration: 918
B<< MCTS: 10001 simulation done, duration: 943
B<< MCTS: 10001 simulation done, duration: 984
B<< MCTS: 10001 simulation done, duration: 981
B<< MCTS: 10001 simulation done, duration: 1075
B<< MCTS: 10001 simulation done, duration: 1082
B<< MCTS: 10001 simulation done, duration: 1059
B<< MCTS: 10001 simulation done, duration: 1071
B<< MCTS: 10001 simulation done, duration: 1064
B<< MCTS: 10001 simulation done, duration: 1096
B<< MCTS: 10001 simulation done, duration: 1094
B<< MCTS: 10001 simulation done, duration: 1110
B<< MCTS: 10001 simulation done, duration: 1107
B<< MCTS: 10001 simulation done, duration: 1108
B<< MCTS: 10001 simulation done, duration: 1102
B<< MCTS: 10001 simulation done, duration: 1122
B<< MCTS: 10001 simulation done, duration: 1110
B<< MCTS: 10001 simulation done, duration: 1135
B<< MCTS: 10001 simulation done, duration: 1128
B<< MCTS: 10001 simulation done, duration: 1138
B<< MCTS: 10001 simulation done, duration: 1150
B<< = H4
B<< 
W>> play B H4
W<< = 
W<< 
W>> genmove w
W<< MCTS: 10001 simulation done, duration: 775
W<< MCTS: 10001 simulation done, duration: 829
W<< MCTS: 10001 simulation done, duration: 836
W<< MCTS: 10001 simulation done, duration: 838
W<< MCTS: 10001 simulation done, duration: 844
W<< MCTS: 10001 simulation done, duration: 852
W<< MCTS: 10001 simulation done, duration: 883
W<< MCTS: 10001 simulation done, duration: 884
W<< MCTS: 10001 simulation done, duration: 892
W<< MCTS: 10001 simulation done, duration: 896
W<< MCTS: 10001 simulation done, duration: 900
W<< MCTS: 10001 simulation done, duration: 907
W<< MCTS: 10001 simulation done, duration: 974
W<< MCTS: 10001 simulation done, duration: 1006
W<< MCTS: 10001 simulation done, duration: 1108
W<< MCTS: 10001 simulation done, duration: 1109
W<< = F2
W<< 
B>> play W F2
B<< = 
B<< 
B>> genmove b
B<< MCTS: 10001 simulation done, duration: 630
B<< MCTS: 10001 simulation done, duration: 671
B<< MCTS: 10001 simulation done, duration: 726
B<< MCTS: 10001 simulation done, duration: 818
B<< MCTS: 10001 simulation done, duration: 828
B<< MCTS: 10001 simulation done, duration: 843
B<< MCTS: 10001 simulation done, duration: 865
B<< MCTS: 10001 simulation done, duration: 878
B<< MCTS: 10001 simulation done, duration: 887
B<< MCTS: 10001 simulation done, duration: 880
B<< MCTS: 10001 simulation done, duration: 927
B<< MCTS: 10001 simulation done, duration: 922
B<< MCTS: 10001 simulation done, duration: 943
B<< MCTS: 10001 simulation done, duration: 972
B<< MCTS: 10001 simulation done, duration: 986
B<< MCTS: 10001 simulation done, duration: 989
B<< MCTS: 10001 simulation done, duration: 989
B<< MCTS: 10001 simulation done, duration: 995
B<< MCTS: 10001 simulation done, duration: 1010
B<< MCTS: 10001 simulation done, duration: 1014
B<< MCTS: 10001 simulation done, duration: 1016
B<< MCTS: 10001 simulation done, duration: 1027
B<< MCTS: 10001 simulation done, duration: 1031
B<< MCTS: 10001 simulation done, duration: 1019
B<< MCTS: 10001 simulation done, duration: 1045
B<< MCTS: 10001 simulation done, duration: 1047
B<< MCTS: 10001 simulation done, duration: 1031
B<< MCTS: 10001 simulation done, duration: 1042
B<< MCTS: 10001 simulation done, duration: 1056
B<< MCTS: 10001 simulation done, duration: 1038
B<< MCTS: 10001 simulation done, duration: 1037
B<< MCTS: 10001 simulation done, duration: 1072
B<< = H7
B<< 
W>> play B H7
W<< = 
W<< 
W>> genmove w
W<< MCTS: 10001 simulation done, duration: 702
W<< MCTS: 10001 simulation done, duration: 739
W<< MCTS: 10001 simulation done, duration: 754
W<< MCTS: 10001 simulation done, duration: 756
W<< MCTS: 10001 simulation done, duration: 757
W<< MCTS: 10001 simulation done, duration: 765
W<< MCTS: 10001 simulation done, duration: 791
W<< MCTS: 10001 simulation done, duration: 792
W<< MCTS: 10001 simulation done, duration: 807
W<< MCTS: 10001 simulation done, duration: 810
W<< MCTS: 10001 simulation done, duration: 811
W<< MCTS: 10001 simulation done, duration: 814
W<< MCTS: 10001 simulation done, duration: 897
W<< MCTS: 10001 simulation done, duration: 900
W<< MCTS: 10001 simulation done, duration: 981
W<< MCTS: 10001 simulation done, duration: 986
W<< = G9
W<< 
B>> play W G9
B<< = 
B<< 
B>> genmove b
B<< MCTS: 10001 simulation done, duration: 492
B<< MCTS: 10001 simulation done, duration: 545
B<< MCTS: 10001 simulation done, duration: 808
B<< MCTS: 10001 simulation done, duration: 816
B<< MCTS: 10001 simulation done, duration: 819
B<< MCTS: 10001 simulation done, duration: 832
B<< MCTS: 10001 simulation done, duration: 844
B<< MCTS: 10001 simulation done, duration: 848
B<< MCTS: 10001 simulation done, duration: 847
B<< MCTS: 10001 simulation done, duration: 871
B<< MCTS: 10001 simulation done, duration: 861
B<< MCTS: 10001 simulation done, duration: 880
B<< MCTS: 10001 simulation done, duration: 872
B<< MCTS: 10001 simulation done, duration: 881
B<< MCTS: 10001 simulation done, duration: 893
B<< MCTS: 10001 simulation done, duration: 919
B<< MCTS: 10001 simulation done, duration: 908
B<< MCTS: 10001 simulation done, duration: 968
B<< MCTS: 10001 simulation done, duration: 971
B<< MCTS: 10001 simulation done, duration: 978
B<< MCTS: 10001 simulation done, duration: 968
B<< MCTS: 10001 simulation done, duration: 970
B<< MCTS: 10001 simulation done, duration: 962
B<< MCTS: 10001 simulation done, duration: 968
B<< MCTS: 10001 simulation done, duration: 977
B<< MCTS: 10001 simulation done, duration: 995
B<< MCTS: 10001 simulation done, duration: 1000
B<< MCTS: 10001 simulation done, duration: 988
B<< MCTS: 10001 simulation done, duration: 1016
B<< MCTS: 10001 simulation done, duration: 1007
B<< MCTS: 10001 simulation done, duration: 1020
B<< MCTS: 10001 simulation done, duration: 1017
B<< = G6
B<< 
W>> play B G6
W<< = 
W<< 
W>> genmove w
W<< MCTS: 10001 simulation done, duration: 708
W<< MCTS: 10001 simulation done, duration: 720
W<< MCTS: 10001 simulation done, duration: 723
W<< MCTS: 10001 simulation done, duration: 723
W<< MCTS: 10001 simulation done, duration: 746
W<< MCTS: 10001 simulation done, duration: 758
W<< MCTS: 10001 simulation done, duration: 758
W<< MCTS: 10001 simulation done, duration: 769
W<< MCTS: 10001 simulation done, duration: 769
W<< MCTS: 10001 simulation done, duration: 778
W<< MCTS: 10001 simulation done, duration: 777
W<< MCTS: 10001 simulation done, duration: 781
W<< MCTS: 10001 simulation done, duration: 789
W<< MCTS: 10001 simulation done, duration: 806
W<< MCTS: 10001 simulation done, duration: 937
W<< MCTS: 10001 simulation done, duration: 938
W<< = F8
W<< 
B>> play W F8
B<< = 
B<< 
B>> genmove b
B<< MCTS: 10001 simulation done, duration: 670
B<< MCTS: 10001 simulation done, duration: 682
B<< MCTS: 10001 simulation done, duration: 740
B<< MCTS: 10001 simulation done, duration: 767
B<< MCTS: 10001 simulation done, duration: 766
B<< MCTS: 10001 simulation done, duration: 853
B<< MCTS: 10001 simulation done, duration: 894
B<< MCTS: 10001 simulation done, duration: 874
B<< MCTS: 10001 simulation done, duration: 944
B<< MCTS: 10001 simulation done, duration: 957
B<< MCTS: 10001 simulation done, duration: 954
B<< MCTS: 10001 simulation done, duration: 942
B<< MCTS: 10001 simulation done, duration: 971
B<< MCTS: 10001 simulation done, duration: 988
B<< MCTS: 10001 simulation done, duration: 981
B<< MCTS: 10001 simulation done, duration: 995
B<< MCTS: 10001 simulation done, duration: 992
B<< MCTS: 10001 simulation done, duration: 998
B<< MCTS: 10001 simulation done, duration: 998
B<< MCTS: 10001 simulation done, duration: 1006
B<< MCTS: 10001 simulation done, duration: 1008
B<< MCTS: 10001 simulation done, duration: 966
B<< MCTS: 10001 simulation done, duration: 1027
B<< MCTS: 10001 simulation done, duration: 1031
B<< MCTS: 10001 simulation done, duration: 1031
B<< MCTS: 10001 simulation done, duration: 1038
B<< MCTS: 10001 simulation done, duration: 1028
B<< MCTS: 10001 simulation done, duration: 1043
B<< MCTS: 10001 simulation done, duration: 1042
B<< MCTS: 10001 simulation done, duration: 1006
B<< MCTS: 10001 simulation done, duration: 1057
B<< MCTS: 10001 simulation done, duration: 1073
B<< = H8
B<< 
W>> play B H8
W<< = 
W<< 
W>> genmove w
W<< MCTS: 10001 simulation done, duration: 625
W<< MCTS: 10001 simulation done, duration: 674
W<< MCTS: 10001 simulation done, duration: 679
W<< MCTS: 10001 simulation done, duration: 682
W<< MCTS: 10001 simulation done, duration: 688
W<< MCTS: 10001 simulation done, duration: 692
W<< MCTS: 10001 simulation done, duration: 711
W<< MCTS: 10001 simulation done, duration: 713
W<< MCTS: 10001 simulation done, duration: 720
W<< MCTS: 10001 simulation done, duration: 725
W<< MCTS: 10001 simulation done, duration: 728
W<< MCTS: 10001 simulation done, duration: 728
W<< MCTS: 10001 simulation done, duration: 732
W<< MCTS: 10001 simulation done, duration: 779
W<< MCTS: 10001 simulation done, duration: 783
W<< MCTS: 10001 simulation done, duration: 785
W<< = G8
W<< 
B>> play W G8
B<< = 
B<< 
B>> genmove b
B<< MCTS: 10001 simulation done, duration: 700
B<< MCTS: 10001 simulation done, duration: 804
B<< MCTS: 10001 simulation done, duration: 841
B<< MCTS: 10001 simulation done, duration: 892
B<< MCTS: 10001 simulation done, duration: 893
B<< MCTS: 10001 simulation done, duration: 899
B<< MCTS: 10001 simulation done, duration: 901
B<< MCTS: 10001 simulation done, duration: 903
B<< MCTS: 10001 simulation done, duration: 889
B<< MCTS: 10001 simulation done, duration: 892
B<< MCTS: 10001 simulation done, duration: 908
B<< MCTS: 10001 simulation done, duration: 897
B<< MCTS: 10001 simulation done, duration: 899
B<< MCTS: 10001 simulation done, duration: 917
B<< MCTS: 10001 simulation done, duration: 918
B<< MCTS: 10001 simulation done, duration: 907
B<< MCTS: 10001 simulation done, duration: 907
B<< MCTS: 10001 simulation done, duration: 928
B<< MCTS: 10001 simulation done, duration: 913
B<< MCTS: 10001 simulation done, duration: 932
B<< MCTS: 10001 simulation done, duration: 917
B<< MCTS: 10001 simulation done, duration: 913
B<< MCTS: 10001 simulation done, duration: 936
B<< MCTS: 10001 simulation done, duration: 924
B<< MCTS: 10001 simulation done, duration: 940
B<< MCTS: 10001 simulation done, duration: 928
B<< MCTS: 10001 simulation done, duration: 933
B<< MCTS: 10001 simulation done, duration: 942
B<< MCTS: 10001 simulation done, duration: 945
B<< MCTS: 10001 simulation done, duration: 961
B<< MCTS: 10001 simulation done, duration: 976
B<< MCTS: 10001 simulation done, duration: 993
B<< = E3
B<< 
W>> play B E3
W<< = 
W<< 
W>> genmove w
W<< MCTS: 10001 simulation done, duration: 596
W<< MCTS: 10001 simulation done, duration: 597
W<< MCTS: 10001 simulation done, duration: 598
W<< MCTS: 10001 simulation done, duration: 599
W<< MCTS: 10001 simulation done, duration: 601
W<< MCTS: 10001 simulation done, duration: 601
W<< MCTS: 10001 simulation done, duration: 640
W<< MCTS: 10001 simulation done, duration: 649
W<< MCTS: 10001 simulation done, duration: 650
W<< MCTS: 10001 simulation done, duration: 651
W<< MCTS: 10001 simulation done, duration: 651
W<< MCTS: 10001 simulation done, duration: 651
W<< MCTS: 10001 simulation done, duration: 654
W<< MCTS: 10001 simulation done, duration: 691
W<< MCTS: 10001 simulation done, duration: 815
W<< MCTS: 10001 simulation done, duration: 818
W<< = G5
W<< 
B>> play W G5
B<< = 
B<< 
B>> genmove b
B<< MCTS: 10001 simulation done, duration: 562
B<< MCTS: 10001 simulation done, duration: 610
B<< MCTS: 10001 simulation done, duration: 648
B<< MCTS: 10001 simulation done, duration: 672
B<< MCTS: 10001 simulation done, duration: 678
B<< MCTS: 10001 simulation done, duration: 685
B<< MCTS: 10001 simulation done, duration: 703
B<< MCTS: 10001 simulation done, duration: 714
B<< MCTS: 10001 simulation done, duration: 721
B<< MCTS: 10001 simulation done, duration: 734
B<< MCTS: 10001 simulation done, duration: 756
B<< MCTS: 10001 simulation done, duration: 771
B<< MCTS: 10001 simulation done, duration: 775
B<< MCTS: 10001 simulation done, duration: 830
B<< MCTS: 10001 simulation done, duration: 857
B<< MCTS: 10001 simulation done, duration: 848
B<< MCTS: 10001 simulation done, duration: 858
B<< MCTS: 10001 simulation done, duration: 844
B<< MCTS: 10001 simulation done, duration: 870
B<< MCTS: 10001 simulation done, duration: 851
B<< MCTS: 10001 simulation done, duration: 888
B<< MCTS: 10001 simulation done, duration: 880
B<< MCTS: 10001 simulation done, duration: 888
B<< MCTS: 10001 simulation done, duration: 906
B<< MCTS: 10001 simulation done, duration: 911
B<< MCTS: 10001 simulation done, duration: 916
B<< MCTS: 10001 simulation done, duration: 891
B<< MCTS: 10001 simulation done, duration: 901
B<< MCTS: 10001 simulation done, duration: 925
B<< MCTS: 10001 simulation done, duration: 918
B<< MCTS: 10001 simulation done, duration: 933
B<< MCTS: 10001 simulation done, duration: 942
B<< = J5
B<< 
W>> play B J5
W<< = 
W<< 
W>> genmove w
W<< MCTS: 10001 simulation done, duration: 494
W<< MCTS: 10001 simulation done, duration: 528
W<< MCTS: 10001 simulation done, duration: 536
W<< MCTS: 10001 simulation done, duration: 537
W<< MCTS: 10001 simulation done, duration: 540
W<< MCTS: 10001 simulation done, duration: 542
W<< MCTS: 10001 simulation done, duration: 573
W<< MCTS: 10001 simulation done, duration: 574
W<< MCTS: 10001 simulation done, duration: 574
W<< MCTS: 10001 simulation done, duration: 575
W<< MCTS: 10001 simulation done, duration: 587
W<< MCTS: 10001 simulation done, duration: 588
W<< MCTS: 10001 simulation done, duration: 644
W<< MCTS: 10001 simulation done, duration: 645
W<< MCTS: 10001 simulation done, duration: 730
W<< MCTS: 10001 simulation done, duration: 730
W<< = E7
W<< 
B>> play W E7
B<< = 
B<< 
B>> genmove b
B<< MCTS: 10001 simulation done, duration: 433
B<< MCTS: 10001 simulation done, duration: 439
B<< MCTS: 10001 simulation done, duration: 568
B<< MCTS: 10001 simulation done, duration: 710
B<< MCTS: 10001 simulation done, duration: 724
B<< MCTS: 10001 simulation done, duration: 727
B<< MCTS: 10001 simulation done, duration: 729
B<< MCTS: 10001 simulation done, duration: 734
B<< MCTS: 10001 simulation done, duration: 748
B<< MCTS: 10001 simulation done, duration: 753
B<< MCTS: 10001 simulation done, duration: 764
B<< MCTS: 10001 simulation done, duration: 784
B<< MCTS: 10001 simulation done, duration: 795
B<< MCTS: 10001 simulation done, duration: 837
B<< MCTS: 10001 simulation done, duration: 864
B<< MCTS: 10001 simulation done, duration: 833
B<< MCTS: 10001 simulation done, duration: 879
B<< MCTS: 10001 simulation done, duration: 852
B<< MCTS: 10001 simulation done, duration: 889
B<< MCTS: 10001 simulation done, duration: 855
B<< MCTS: 10001 simulation done, duration: 894
B<< MCTS: 10001 simulation done, duration: 898
B<< MCTS: 10001 simulation done, duration: 899
B<< MCTS: 10001 simulation done, duration: 899
B<< MCTS: 10001 simulation done, duration: 878
B<< MCTS: 10001 simulation done, duration: 880
B<< MCTS: 10001 simulation done, duration: 908
B<< MCTS: 10001 simulation done, duration: 883
B<< MCTS: 10001 simulation done, duration: 884
B<< MCTS: 10001 simulation done, duration: 916
B<< MCTS: 10001 simulation done, duration: 877
B<< MCTS: 10001 simulation done, duration: 925
B<< = A8
B<< 
W>> play B A8
W<< = 
W<< 
W>> genmove w
W<< MCTS: 10001 simulation done, duration: 458
W<< MCTS: 10001 simulation done, duration: 472
W<< MCTS: 10001 simulation done, duration: 474
W<< MCTS: 10001 simulation done, duration: 475
W<< MCTS: 10001 simulation done, duration: 476
W<< MCTS: 10001 simulation done, duration: 477
W<< MCTS: 10001 simulation done, duration: 517
W<< MCTS: 10001 simulation done, duration: 521
W<< MCTS: 10001 simulation done, duration: 522
W<< MCTS: 10001 simulation done, duration: 527
W<< MCTS: 10001 simulation done, duration: 529
W<< MCTS: 10001 simulation done, duration: 530
W<< MCTS: 10001 simulation done, duration: 544
W<< MCTS: 10001 simulation done, duration: 581
W<< MCTS: 10001 simulation done, duration: 631
W<< MCTS: 10001 simulation done, duration: 632
W<< = G7
W<< 
B>> play W G7
B<< = 
B<< 
B>> genmove b
B<< MCTS: 10001 simulation done, duration: 634
B<< MCTS: 10001 simulation done, duration: 671
B<< MCTS: 10001 simulation done, duration: 672
B<< MCTS: 10001 simulation done, duration: 712
B<< MCTS: 10001 simulation done, duration: 741
B<< MCTS: 10001 simulation done, duration: 762
B<< MCTS: 10001 simulation done, duration: 776
B<< MCTS: 10001 simulation done, duration: 756
B<< MCTS: 10001 simulation done, duration: 777
B<< MCTS: 10001 simulation done, duration: 735
B<< MCTS: 10001 simulation done, duration: 786
B<< MCTS: 10001 simulation done, duration: 785
B<< MCTS: 10001 simulation done, duration: 786
B<< MCTS: 10001 simulation done, duration: 789
B<< MCTS: 10001 simulation done, duration: 794
B<< MCTS: 10001 simulation done, duration: 792
B<< MCTS: 10001 simulation done, duration: 799
B<< MCTS: 10001 simulation done, duration: 788
B<< MCTS: 10001 simulation done, duration: 797
B<< MCTS: 10001 simulation done, duration: 806
B<< MCTS: 10001 simulation done, duration: 770
B<< MCTS: 10001 simulation done, duration: 811
B<< MCTS: 10001 simulation done, duration: 813
B<< MCTS: 10001 simulation done, duration: 815
B<< MCTS: 10001 simulation done, duration: 815
B<< MCTS: 10001 simulation done, duration: 819
B<< MCTS: 10001 simulation done, duration: 818
B<< MCTS: 10001 simulation done, duration: 825
B<< MCTS: 10001 simulation done, duration: 823
B<< MCTS: 10001 simulation done, duration: 787
B<< MCTS: 10001 simulation done, duration: 828
B<< MCTS: 10001 simulation done, duration: 825
B<< = H5
B<< 
W>> play B H5
W<< = 
W<< 
W>> genmove w
W<< MCTS: 10001 simulation done, duration: 351
W<< MCTS: 10001 simulation done, duration: 375
W<< MCTS: 10001 simulation done, duration: 396
W<< MCTS: 10001 simulation done, duration: 398
W<< MCTS: 10001 simulation done, duration: 403
W<< MCTS: 10001 simulation done, duration: 403
W<< MCTS: 10001 simulation done, duration: 404
W<< MCTS: 10001 simulation done, duration: 425
W<< MCTS: 10001 simulation done, duration: 431
W<< MCTS: 10001 simulation done, duration: 433
W<< MCTS: 10001 simulation done, duration: 434
W<< MCTS: 10001 simulation done, duration: 436
W<< MCTS: 10001 simulation done, duration: 439
W<< MCTS: 10001 simulation done, duration: 448
W<< MCTS: 10001 simulation done, duration: 474
W<< MCTS: 10001 simulation done, duration: 474
W<< = D8
W<< 
B>> play W D8
B<< = 
B<< 
B>> genmove b
B<< MCTS: 10001 simulation done, duration: 298
B<< MCTS: 10001 simulation done, duration: 305
B<< MCTS: 10001 simulation done, duration: 333
B<< MCTS: 10001 simulation done, duration: 338
B<< MCTS: 10001 simulation done, duration: 372
B<< MCTS: 10001 simulation done, duration: 372
B<< MCTS: 10001 simulation done, duration: 387
B<< MCTS: 10001 simulation done, duration: 398
B<< MCTS: 10001 simulation done, duration: 426
B<< MCTS: 10001 simulation done, duration: 493
B<< MCTS: 10001 simulation done, duration: 514
B<< MCTS: 10001 simulation done, duration: 536
B<< MCTS: 10001 simulation done, duration: 542
B<< MCTS: 10001 simulation done, duration: 567
B<< MCTS: 10001 simulation done, duration: 570
B<< MCTS: 10001 simulation done, duration: 565
B<< MCTS: 10001 simulation done, duration: 582
B<< MCTS: 10001 simulation done, duration: 603
B<< MCTS: 10001 simulation done, duration: 604
B<< MCTS: 10001 simulation done, duration: 605
B<< MCTS: 10001 simulation done, duration: 604
B<< MCTS: 10001 simulation done, duration: 614
B<< MCTS: 10001 simulation done, duration: 622
B<< MCTS: 10001 simulation done, duration: 611
B<< MCTS: 10001 simulation done, duration: 638
B<< MCTS: 10001 simulation done, duration: 612
B<< MCTS: 10001 simulation done, duration: 637
B<< MCTS: 10001 simulation done, duration: 637
B<< MCTS: 10001 simulation done, duration: 642
B<< MCTS: 10001 simulation done, duration: 651
B<< MCTS: 10001 simulation done, duration: 634
B<< MCTS: 10001 simulation done, duration: 654
B<< = D2
B<< 
W>> play B D2
W<< = 
W<< 
W>> genmove w
W<< MCTS: 10001 simulation done, duration: 270
W<< MCTS: 10001 simulation done, duration: 313
W<< MCTS: 10001 simulation done, duration: 338
W<< MCTS: 10001 simulation done, duration: 339
W<< MCTS: 10001 simulation done, duration: 339
W<< MCTS: 10001 simulation done, duration: 342
W<< MCTS: 10001 simulation done, duration: 359
W<< MCTS: 10001 simulation done, duration: 365
W<< MCTS: 10001 simulation done, duration: 368
W<< MCTS: 10001 simulation done, duration: 368
W<< MCTS: 10001 simulation done, duration: 369
W<< MCTS: 10001 simulation done, duration: 371
W<< MCTS: 10001 simulation done, duration: 381
W<< MCTS: 10001 simulation done, duration: 382
W<< MCTS: 10001 simulation done, duration: 397
W<< MCTS: 10001 simulation done, duration: 397
W<< = H1
W<< 
B>> play W H1
B<< = 
B<< 
B>> genmove b
B<< MCTS: 10001 simulation done, duration: 295
B<< MCTS: 10001 simulation done, duration: 340
B<< MCTS: 10001 simulation done, duration: 366
B<< MCTS: 10001 simulation done, duration: 387
B<< MCTS: 10001 simulation done, duration: 365
B<< MCTS: 10001 simulation done, duration: 433
B<< MCTS: 10001 simulation done, duration: 448
B<< MCTS: 10001 simulation done, duration: 452
B<< MCTS: 10001 simulation done, duration: 442
B<< MCTS: 10001 simulation done, duration: 465
B<< MCTS: 10001 simulation done, duration: 467
B<< MCTS: 10001 simulation done, duration: 460
B<< MCTS: 10001 simulation done, duration: 496
B<< MCTS: 10001 simulation done, duration: 518
B<< MCTS: 10001 simulation done, duration: 509
B<< MCTS: 10001 simulation done, duration: 524
B<< MCTS: 10001 simulation done, duration: 537
B<< MCTS: 10001 simulation done, duration: 539
B<< MCTS: 10001 simulation done, duration: 544
B<< MCTS: 10001 simulation done, duration: 544
B<< MCTS: 10001 simulation done, duration: 537
B<< MCTS: 10001 simulation done, duration: 558
B<< MCTS: 10001 simulation done, duration: 567
B<< MCTS: 10001 simulation done, duration: 574
B<< MCTS: 10001 simulation done, duration: 579
B<< MCTS: 10001 simulation done, duration: 564
B<< MCTS: 10001 simulation done, duration: 568
B<< MCTS: 10001 simulation done, duration: 582
B<< MCTS: 10001 simulation done, duration: 588
B<< MCTS: 10001 simulation done, duration: 576
B<< MCTS: 10001 simulation done, duration: 589
B<< MCTS: 10001 simulation done, duration: 588
B<< = C6
B<< 
W>> play B C6
W<< = 
W<< 
W>> genmove w
W<< MCTS: 10001 simulation done, duration: 263
W<< MCTS: 10001 simulation done, duration: 300
W<< MCTS: 10001 simulation done, duration: 322
W<< MCTS: 10001 simulation done, duration: 325
W<< MCTS: 10001 simulation done, duration: 326
W<< MCTS: 10001 simulation done, duration: 327
W<< MCTS: 10001 simulation done, duration: 351
W<< MCTS: 10001 simulation done, duration: 352
W<< MCTS: 10001 simulation done, duration: 352
W<< MCTS: 10001 simulation done, duration: 352
W<< MCTS: 10001 simulation done, duration: 359
W<< MCTS: 10001 simulation done, duration: 359
W<< MCTS: 10001 simulation done, duration: 368
W<< MCTS: 10001 simulation done, duration: 368
W<< MCTS: 10001 simulation done, duration: 382
W<< MCTS: 10001 simulation done, duration: 382
W<< = F1
W<< 
B>> play W F1
B<< = 
B<< 
B>> genmove b
B<< MCTS: 10001 simulation done, duration: 315
B<< MCTS: 10001 simulation done, duration: 358
B<< MCTS: 10001 simulation done, duration: 394
B<< MCTS: 10001 simulation done, duration: 430
B<< MCTS: 10001 simulation done, duration: 451
B<< MCTS: 10001 simulation done, duration: 458
B<< MCTS: 10001 simulation done, duration: 485
B<< MCTS: 10001 simulation done, duration: 489
B<< MCTS: 10001 simulation done, duration: 523
B<< MCTS: 10001 simulation done, duration: 507
B<< MCTS: 10001 simulation done, duration: 515
B<< MCTS: 10001 simulation done, duration: 516
B<< MCTS: 10001 simulation done, duration: 533
B<< MCTS: 10001 simulation done, duration: 540
B<< MCTS: 10001 simulation done, duration: 532
B<< MCTS: 10001 simulation done, duration: 548
B<< MCTS: 10001 simulation done, duration: 550
B<< MCTS: 10001 simulation done, duration: 555
B<< MCTS: 10001 simulation done, duration: 542
B<< MCTS: 10001 simulation done, duration: 548
B<< MCTS: 10001 simulation done, duration: 558
B<< MCTS: 10001 simulation done, duration: 573
B<< MCTS: 10001 simulation done, duration: 559
B<< MCTS: 10001 simulation done, duration: 576
B<< MCTS: 10001 simulation done, duration: 563
B<< MCTS: 10001 simulation done, duration: 570
B<< MCTS: 10001 simulation done, duration: 579
B<< MCTS: 10001 simulation done, duration: 580
B<< MCTS: 10001 simulation done, duration: 562
B<< MCTS: 10001 simulation done, duration: 558
B<< MCTS: 10001 simulation done, duration: 570
B<< MCTS: 10001 simulation done, duration: 590
B<< = A6
B<< 
W>> play B A6
W<< = 
W<< 
W>> genmove w
W<< MCTS: 10001 simulation done, duration: 304
W<< MCTS: 10001 simulation done, duration: 310
W<< MCTS: 10001 simulation done, duration: 314
W<< MCTS: 10001 simulation done, duration: 315
W<< MCTS: 10001 simulation done, duration: 317
W<< MCTS: 10001 simulation done, duration: 317
W<< MCTS: 10001 simulation done, duration: 317
W<< MCTS: 10001 simulation done, duration: 324
W<< MCTS: 10001 simulation done, duration: 325
W<< MCTS: 10001 simulation done, duration: 328
W<< MCTS: 10001 simulation done, duration: 329
W<< MCTS: 10001 simulation done, duration: 329
W<< MCTS: 10001 simulation done, duration: 355
W<< MCTS: 10001 simulation done, duration: 355
W<< MCTS: 10001 simulation done, duration: 355
W<< MCTS: 10001 simulation done, duration: 355
W<< = B8
W<< 
B>> play W B8
B<< = 
B<< 
B>> genmove b
B<< MCTS: 10001 simulation done, duration: 303
B<< MCTS: 10001 simulation done, duration: 316
B<< MCTS: 10001 simulation done, duration: 371
B<< MCTS: 10001 simulation done, duration: 364
B<< MCTS: 10001 simulation done, duration: 412
B<< MCTS: 10001 simulation done, duration: 424
B<< MCTS: 10001 simulation done, duration: 450
B<< MCTS: 10001 simulation done, duration: 441
B<< MCTS: 10001 simulation done, duration: 442
B<< MCTS: 10001 simulation done, duration: 461
B<< MCTS: 10001 simulation done, duration: 468
B<< MCTS: 10001 simulation done, duration: 472
B<< MCTS: 10001 simulation done, duration: 491
B<< MCTS: 10001 simulation done, duration: 519
B<< MCTS: 10001 simulation done, duration: 529
B<< MCTS: 10001 simulation done, duration: 542
B<< MCTS: 10001 simulation done, duration: 546
B<< MCTS: 10001 simulation done, duration: 519
B<< MCTS: 10001 simulation done, duration: 548
B<< MCTS: 10001 simulation done, duration: 552
B<< MCTS: 10001 simulation done, duration: 558
B<< MCTS: 10001 simulation done, duration: 543
B<< MCTS: 10001 simulation done, duration: 552
B<< MCTS: 10001 simulation done, duration: 562
B<< MCTS: 10001 simulation done, duration: 563
B<< MCTS: 10001 simulation done, duration: 560
B<< MCTS: 10001 simulation done, duration: 561
B<< MCTS: 10001 simulation done, duration: 557
B<< MCTS: 10001 simulation done, duration: 566
B<< MCTS: 10001 simulation done, duration: 579
B<< MCTS: 10001 simulation done, duration: 559
B<< MCTS: 10001 simulation done, duration: 557
B<< = C3
B<< 
W>> play B C3
W<< = 
W<< 
W>> genmove w
W<< MCTS: 10001 simulation done, duration: 291
W<< MCTS: 10001 simulation done, duration: 329
W<< MCTS: 10001 simulation done, duration: 332
W<< MCTS: 10001 simulation done, duration: 332
W<< MCTS: 10001 simulation done, duration: 334
W<< MCTS: 10001 simulation done, duration: 339
W<< MCTS: 10001 simulation done, duration: 340
W<< MCTS: 10001 simulation done, duration: 341
W<< MCTS: 10001 simulation done, duration: 347
W<< MCTS: 10001 simulation done, duration: 348
W<< MCTS: 10001 simulation done, duration: 350
W<< MCTS: 10001 simulation done, duration: 351
W<< MCTS: 10001 simulation done, duration: 352
W<< MCTS: 10001 simulation done, duration: 360
W<< MCTS: 10001 simulation done, duration: 375
W<< MCTS: 10001 simulation done, duration: 375
W<< = resign
W<< 
B>> quit
W>> quit
