B>> protocol_version
B<< HollowNoGo-Demo: ./nogo --shell --name=Hollow --white=search=MCTS N=10000 worker=16 exploration=0.5 --black=search=MCTS N=10000 worker=16 exploration=0.5 
B<< 
B<< = 2
B<< 
B>> name
B<< = Hollow
B<< 
B>> version
B<< = 2021
B<< 
B>> list_commands
B<< = play
B<< genmove
B<< clear_board
B<< showboard
B<< boardsize
B<< name
B<< version
B<< protocol_version
B<< list_commands
B<< quit
B<< 
B<< 
W>> protocol_version
W<< HollowNoGo-Demo: /home/sciencethebird/Desktop/TCG_2021/Project_4/pj-4-judge-v1/./nogo --shell --name=Hollow-White --white=search=MCTS N=10000 worker=32 exploration=0.5 
W<< 
W<< = 2
W<< 
W>> name
W<< = Hollow-White
W<< 
W>> version
W<< = 2021
W<< 
W>> list_commands
W<< = play
W<< genmove
W<< clear_board
W<< showboard
W<< boardsize
W<< name
W<< version
W<< protocol_version
W<< list_commands
W<< quit
W<< 
W<< 
B>> boardsize 9
B<< = 
B<< 
B>> clear_board
B<< = 
B<< 
W>> boardsize 9
W<< = 
W<< 
W>> clear_board
W<< = 
W<< 
============================================
Game 0
============================================
B>> boardsize 9
B<< = 
B<< 
B>> clear_board
B<< = 
B<< 
W>> boardsize 9
W<< = 
W<< 
W>> clear_board
W<< = 
W<< 
B>> genmove b
B<< MCTS: 10001 simulation done, duration: 917
B<< MCTS: 10001 simulation done, duration: 1005
B<< MCTS: 10001 simulation done, duration: 1006
B<< MCTS: 10001 simulation done, duration: 1008
B<< MCTS: 10001 simulation done, duration: 1013
B<< MCTS: 10001 simulation done, duration: 1014
B<< MCTS: 10001 simulation done, duration: 1015
B<< MCTS: 10001 simulation done, duration: 1015
B<< MCTS: 10001 simulation done, duration: 1016
B<< MCTS: 10001 simulation done, duration: 1016
B<< MCTS: 10001 simulation done, duration: 1017
B<< MCTS: 10001 simulation done, duration: 1017
B<< MCTS: 10001 simulation done, duration: 1116
B<< MCTS: 10001 simulation done, duration: 1128
B<< MCTS: 10001 simulation done, duration: 1129
B<< MCTS: 10001 simulation done, duration: 1177
B<< = C4
B<< 
W>> play B C4
W<< = 
W<< 
W>> genmove w
W<< MCTS: 10001 simulation done, duration: 1403
W<< MCTS: 10001 simulation done, duration: 1456
W<< MCTS: 10001 simulation done, duration: 1487
W<< MCTS: 10001 simulation done, duration: 1505
W<< MCTS: 10001 simulation done, duration: 1514
W<< MCTS: 10001 simulation done, duration: 1538
W<< MCTS: 10001 simulation done, duration: 1539
W<< MCTS: 10001 simulation done, duration: 1540
W<< MCTS: 10001 simulation done, duration: 1554
W<< MCTS: 10001 simulation done, duration: 1558
W<< MCTS: 10001 simulation done, duration: 1570
W<< MCTS: 10001 simulation done, duration: 1575
W<< MCTS: 10001 simulation done, duration: 1582
W<< MCTS: 10001 simulation done, duration: 1592
W<< MCTS: 10001 simulation done, duration: 1587
W<< MCTS: 10001 simulation done, duration: 1604
W<< MCTS: 10001 simulation done, duration: 1612
W<< MCTS: 10001 simulation done, duration: 1596
W<< MCTS: 10001 simulation done, duration: 1607
W<< MCTS: 10001 simulation done, duration: 1623
W<< MCTS: 10001 simulation done, duration: 1600
W<< MCTS: 10001 simulation done, duration: 1623
W<< MCTS: 10001 simulation done, duration: 1638
W<< MCTS: 10001 simulation done, duration: 1638
W<< MCTS: 10001 simulation done, duration: 1651
W<< MCTS: 10001 simulation done, duration: 1661
W<< MCTS: 10001 simulation done, duration: 1661
W<< MCTS: 10001 simulation done, duration: 1677
W<< MCTS: 10001 simulation done, duration: 1669
W<< MCTS: 10001 simulation done, duration: 1671
W<< MCTS: 10001 simulation done, duration: 1692
W<< MCTS: 10001 simulation done, duration: 1688
W<< = A3
W<< 
B>> play W A3
B<< = 
B<< 
B>> genmove b
B<< MCTS: 10001 simulation done, duration: 889
B<< MCTS: 10001 simulation done, duration: 981
B<< MCTS: 10001 simulation done, duration: 987
B<< MCTS: 10001 simulation done, duration: 1011
B<< MCTS: 10001 simulation done, duration: 1011
B<< MCTS: 10001 simulation done, duration: 1013
B<< MCTS: 10001 simulation done, duration: 1015
B<< MCTS: 10001 simulation done, duration: 1049
B<< MCTS: 10001 simulation done, duration: 1054
B<< MCTS: 10001 simulation done, duration: 1063
B<< MCTS: 10001 simulation done, duration: 1064
B<< MCTS: 10001 simulation done, duration: 1066
B<< MCTS: 10001 simulation done, duration: 1098
B<< MCTS: 10001 simulation done, duration: 1103
B<< MCTS: 10001 simulation done, duration: 1146
B<< MCTS: 10001 simulation done, duration: 1146
B<< = D7
B<< 
W>> play B D7
W<< = 
W<< 
W>> genmove w
W<< MCTS: 10001 simulation done, duration: 784
W<< MCTS: 10001 simulation done, duration: 845
W<< MCTS: 10001 simulation done, duration: 1067
W<< MCTS: 10001 simulation done, duration: 1187
W<< MCTS: 10001 simulation done, duration: 1225
W<< MCTS: 10001 simulation done, duration: 1371
W<< MCTS: 10001 simulation done, duration: 1394
W<< MCTS: 10001 simulation done, duration: 1404
W<< MCTS: 10001 simulation done, duration: 1427
W<< MCTS: 10001 simulation done, duration: 1440
W<< MCTS: 10001 simulation done, duration: 1446
W<< MCTS: 10001 simulation done, duration: 1455
W<< MCTS: 10001 simulation done, duration: 1460
W<< MCTS: 10001 simulation done, duration: 1464
W<< MCTS: 10001 simulation done, duration: 1452
W<< MCTS: 10001 simulation done, duration: 1488
W<< MCTS: 10001 simulation done, duration: 1526
W<< MCTS: 10001 simulation done, duration: 1530
W<< MCTS: 10001 simulation done, duration: 1541
W<< MCTS: 10001 simulation done, duration: 1542
W<< MCTS: 10001 simulation done, duration: 1561
W<< MCTS: 10001 simulation done, duration: 1549
W<< MCTS: 10001 simulation done, duration: 1588
W<< MCTS: 10001 simulation done, duration: 1580
W<< MCTS: 10001 simulation done, duration: 1580
W<< MCTS: 10001 simulation done, duration: 1592
W<< MCTS: 10001 simulation done, duration: 1593
W<< MCTS: 10001 simulation done, duration: 1606
W<< MCTS: 10001 simulation done, duration: 1603
W<< MCTS: 10001 simulation done, duration: 1603
W<< MCTS: 10001 simulation done, duration: 1627
W<< MCTS: 10001 simulation done, duration: 1621
W<< = J9
W<< 
B>> play W J9
B<< = 
B<< 
B>> genmove b
B<< MCTS: 10001 simulation done, duration: 992
B<< MCTS: 10001 simulation done, duration: 1010
B<< MCTS: 10001 simulation done, duration: 1011
B<< MCTS: 10001 simulation done, duration: 1012
B<< MCTS: 10001 simulation done, duration: 1013
B<< MCTS: 10001 simulation done, duration: 1014
B<< MCTS: 10001 simulation done, duration: 1014
B<< MCTS: 10001 simulation done, duration: 1029
B<< MCTS: 10001 simulation done, duration: 1045
B<< MCTS: 10001 simulation done, duration: 1044
B<< MCTS: 10001 simulation done, duration: 1047
B<< MCTS: 10001 simulation done, duration: 1093
B<< MCTS: 10001 simulation done, duration: 1098
B<< MCTS: 10001 simulation done, duration: 1105
B<< MCTS: 10001 simulation done, duration: 1108
B<< MCTS: 10001 simulation done, duration: 1173
B<< = C2
B<< 
W>> play B C2
W<< = 
W<< 
W>> genmove w
W<< MCTS: 10001 simulation done, duration: 1028
W<< MCTS: 10001 simulation done, duration: 1127
W<< MCTS: 10001 simulation done, duration: 1214
W<< MCTS: 10001 simulation done, duration: 1439
W<< MCTS: 10001 simulation done, duration: 1446
W<< MCTS: 10001 simulation done, duration: 1440
W<< MCTS: 10001 simulation done, duration: 1456
W<< MCTS: 10001 simulation done, duration: 1455
W<< MCTS: 10001 simulation done, duration: 1489
W<< MCTS: 10001 simulation done, duration: 1473
W<< MCTS: 10001 simulation done, duration: 1505
W<< MCTS: 10001 simulation done, duration: 1507
W<< MCTS: 10001 simulation done, duration: 1508
W<< MCTS: 10001 simulation done, duration: 1522
W<< MCTS: 10001 simulation done, duration: 1522
W<< MCTS: 10001 simulation done, duration: 1533
W<< MCTS: 10001 simulation done, duration: 1550
W<< MCTS: 10001 simulation done, duration: 1539
W<< MCTS: 10001 simulation done, duration: 1547
W<< MCTS: 10001 simulation done, duration: 1564
W<< MCTS: 10001 simulation done, duration: 1548
W<< MCTS: 10001 simulation done, duration: 1597
W<< MCTS: 10001 simulation done, duration: 1578
W<< MCTS: 10001 simulation done, duration: 1597
W<< MCTS: 10001 simulation done, duration: 1618
W<< MCTS: 10001 simulation done, duration: 1618
W<< MCTS: 10001 simulation done, duration: 1615
W<< MCTS: 10001 simulation done, duration: 1614
W<< MCTS: 10001 simulation done, duration: 1606
W<< MCTS: 10001 simulation done, duration: 1623
W<< MCTS: 10001 simulation done, duration: 1647
W<< MCTS: 10001 simulation done, duration: 1651
W<< = G5
W<< 
B>> play W G5
B<< = 
B<< 
B>> genmove b
B<< MCTS: 10001 simulation done, duration: 1010
B<< MCTS: 10001 simulation done, duration: 1010
B<< MCTS: 10001 simulation done, duration: 1012
B<< MCTS: 10001 simulation done, duration: 1014
B<< MCTS: 10001 simulation done, duration: 1027
B<< MCTS: 10001 simulation done, duration: 1045
B<< MCTS: 10001 simulation done, duration: 1045
B<< MCTS: 10001 simulation done, duration: 1048
B<< MCTS: 10001 simulation done, duration: 1054
B<< MCTS: 10001 simulation done, duration: 1063
B<< MCTS: 10001 simulation done, duration: 1063
B<< MCTS: 10001 simulation done, duration: 1066
B<< MCTS: 10001 simulation done, duration: 1066
B<< MCTS: 10001 simulation done, duration: 1127
B<< MCTS: 10001 simulation done, duration: 1191
B<< MCTS: 10001 simulation done, duration: 1239
B<< = E3
B<< 
W>> play B E3
W<< = 
W<< 
W>> genmove w
W<< MCTS: 10001 simulation done, duration: 827
W<< MCTS: 10001 simulation done, duration: 860
W<< MCTS: 10001 simulation done, duration: 877
W<< MCTS: 10001 simulation done, duration: 880
W<< MCTS: 10001 simulation done, duration: 1081
W<< MCTS: 10001 simulation done, duration: 1131
W<< MCTS: 10001 simulation done, duration: 1189
W<< MCTS: 10001 simulation done, duration: 1287
W<< MCTS: 10001 simulation done, duration: 1323
W<< MCTS: 10001 simulation done, duration: 1370
W<< MCTS: 10001 simulation done, duration: 1361
W<< MCTS: 10001 simulation done, duration: 1390
W<< MCTS: 10001 simulation done, duration: 1423
W<< MCTS: 10001 simulation done, duration: 1420
W<< MCTS: 10001 simulation done, duration: 1479
W<< MCTS: 10001 simulation done, duration: 1482
W<< MCTS: 10001 simulation done, duration: 1478
W<< MCTS: 10001 simulation done, duration: 1513
W<< MCTS: 10001 simulation done, duration: 1525
W<< MCTS: 10001 simulation done, duration: 1548
W<< MCTS: 10001 simulation done, duration: 1552
W<< MCTS: 10001 simulation done, duration: 1527
W<< MCTS: 10001 simulation done, duration: 1543
W<< MCTS: 10001 simulation done, duration: 1565
W<< MCTS: 10001 simulation done, duration: 1581
W<< MCTS: 10001 simulation done, duration: 1571
W<< MCTS: 10001 simulation done, duration: 1590
W<< MCTS: 10001 simulation done, duration: 1595
W<< MCTS: 10001 simulation done, duration: 1627
W<< MCTS: 10001 simulation done, duration: 1627
W<< MCTS: 10001 simulation done, duration: 1626
W<< MCTS: 10001 simulation done, duration: 1634
W<< = J4
W<< 
B>> play W J4
B<< = 
B<< 
B>> genmove b
B<< MCTS: 10001 simulation done, duration: 911
B<< MCTS: 10001 simulation done, duration: 1018
B<< MCTS: 10001 simulation done, duration: 1019
B<< MCTS: 10001 simulation done, duration: 1019
B<< MCTS: 10001 simulation done, duration: 1019
B<< MCTS: 10001 simulation done, duration: 1021
B<< MCTS: 10001 simulation done, duration: 1052
B<< MCTS: 10001 simulation done, duration: 1052
B<< MCTS: 10001 simulation done, duration: 1053
B<< MCTS: 10001 simulation done, duration: 1057
B<< MCTS: 10001 simulation done, duration: 1069
B<< MCTS: 10001 simulation done, duration: 1069
B<< MCTS: 10001 simulation done, duration: 1072
B<< MCTS: 10001 simulation done, duration: 1131
B<< MCTS: 10001 simulation done, duration: 1227
B<< MCTS: 10001 simulation done, duration: 1236
B<< = B6
B<< 
W>> play B B6
W<< = 
W<< 
W>> genmove w
W<< MCTS: 10001 simulation done, duration: 1163
W<< MCTS: 10001 simulation done, duration: 1239
W<< MCTS: 10001 simulation done, duration: 1300
W<< MCTS: 10001 simulation done, duration: 1309
W<< MCTS: 10001 simulation done, duration: 1308
W<< MCTS: 10001 simulation done, duration: 1316
W<< MCTS: 10001 simulation done, duration: 1333
W<< MCTS: 10001 simulation done, duration: 1378
W<< MCTS: 10001 simulation done, duration: 1418
W<< MCTS: 10001 simulation done, duration: 1446
W<< MCTS: 10001 simulation done, duration: 1423
W<< MCTS: 10001 simulation done, duration: 1453
W<< MCTS: 10001 simulation done, duration: 1490
W<< MCTS: 10001 simulation done, duration: 1517
W<< MCTS: 10001 simulation done, duration: 1510
W<< MCTS: 10001 simulation done, duration: 1509
W<< MCTS: 10001 simulation done, duration: 1527
W<< MCTS: 10001 simulation done, duration: 1539
W<< MCTS: 10001 simulation done, duration: 1555
W<< MCTS: 10001 simulation done, duration: 1519
W<< MCTS: 10001 simulation done, duration: 1555
W<< MCTS: 10001 simulation done, duration: 1550
W<< MCTS: 10001 simulation done, duration: 1557
W<< MCTS: 10001 simulation done, duration: 1575
W<< MCTS: 10001 simulation done, duration: 1578
W<< MCTS: 10001 simulation done, duration: 1582
W<< MCTS: 10001 simulation done, duration: 1576
W<< MCTS: 10001 simulation done, duration: 1569
W<< MCTS: 10001 simulation done, duration: 1584
W<< MCTS: 10001 simulation done, duration: 1608
W<< MCTS: 10001 simulation done, duration: 1584
W<< MCTS: 10001 simulation done, duration: 1592
W<< = A9
W<< 
B>> play W A9
B<< = 
B<< 
B>> genmove b
B<< MCTS: 10001 simulation done, duration: 925
B<< MCTS: 10001 simulation done, duration: 1013
B<< MCTS: 10001 simulation done, duration: 1022
B<< MCTS: 10001 simulation done, duration: 1028
B<< MCTS: 10001 simulation done, duration: 1028
B<< MCTS: 10001 simulation done, duration: 1028
B<< MCTS: 10001 simulation done, duration: 1059
B<< MCTS: 10001 simulation done, duration: 1059
B<< MCTS: 10001 simulation done, duration: 1060
B<< MCTS: 10001 simulation done, duration: 1063
B<< MCTS: 10001 simulation done, duration: 1080
B<< MCTS: 10001 simulation done, duration: 1092
B<< MCTS: 10001 simulation done, duration: 1094
B<< MCTS: 10001 simulation done, duration: 1137
B<< MCTS: 10001 simulation done, duration: 1229
B<< MCTS: 10001 simulation done, duration: 1244
B<< = C5
B<< 
W>> play B C5
W<< = 
W<< 
W>> genmove w
W<< MCTS: 10001 simulation done, duration: 908
W<< MCTS: 10001 simulation done, duration: 1008
W<< MCTS: 10001 simulation done, duration: 1030
W<< MCTS: 10001 simulation done, duration: 1069
W<< MCTS: 10001 simulation done, duration: 1104
W<< MCTS: 10001 simulation done, duration: 1118
W<< MCTS: 10001 simulation done, duration: 1205
W<< MCTS: 10001 simulation done, duration: 1304
W<< MCTS: 10001 simulation done, duration: 1312
W<< MCTS: 10001 simulation done, duration: 1344
W<< MCTS: 10001 simulation done, duration: 1394
W<< MCTS: 10001 simulation done, duration: 1410
W<< MCTS: 10001 simulation done, duration: 1422
W<< MCTS: 10001 simulation done, duration: 1465
W<< MCTS: 10001 simulation done, duration: 1470
W<< MCTS: 10001 simulation done, duration: 1495
W<< MCTS: 10001 simulation done, duration: 1518
W<< MCTS: 10001 simulation done, duration: 1545
W<< MCTS: 10001 simulation done, duration: 1553
W<< MCTS: 10001 simulation done, duration: 1597
W<< MCTS: 10001 simulation done, duration: 1581
W<< MCTS: 10001 simulation done, duration: 1599
W<< MCTS: 10001 simulation done, duration: 1594
W<< MCTS: 10001 simulation done, duration: 1617
W<< MCTS: 10001 simulation done, duration: 1609
W<< MCTS: 10001 simulation done, duration: 1646
W<< MCTS: 10001 simulation done, duration: 1649
W<< MCTS: 10001 simulation done, duration: 1657
W<< MCTS: 10001 simulation done, duration: 1675
W<< MCTS: 10001 simulation done, duration: 1661
W<< MCTS: 10001 simulation done, duration: 1663
W<< MCTS: 10001 simulation done, duration: 1690
W<< = C3
W<< 
B>> play W C3
B<< = 
B<< 
B>> genmove b
B<< MCTS: 10001 simulation done, duration: 893
B<< MCTS: 10001 simulation done, duration: 986
B<< MCTS: 10001 simulation done, duration: 989
B<< MCTS: 10001 simulation done, duration: 990
B<< MCTS: 10001 simulation done, duration: 992
B<< MCTS: 10001 simulation done, duration: 994
B<< MCTS: 10001 simulation done, duration: 1021
B<< MCTS: 10001 simulation done, duration: 1024
B<< MCTS: 10001 simulation done, duration: 1028
B<< MCTS: 10001 simulation done, duration: 1032
B<< MCTS: 10001 simulation done, duration: 1036
B<< MCTS: 10001 simulation done, duration: 1040
B<< MCTS: 10001 simulation done, duration: 1044
B<< MCTS: 10001 simulation done, duration: 1116
B<< MCTS: 10001 simulation done, duration: 1186
B<< MCTS: 10001 simulation done, duration: 1202
B<< = C7
B<< 
W>> play B C7
W<< = 
W<< 
W>> genmove w
W<< MCTS: 10001 simulation done, duration: 809
W<< MCTS: 10001 simulation done, duration: 851
W<< MCTS: 10001 simulation done, duration: 906
W<< MCTS: 10001 simulation done, duration: 943
W<< MCTS: 10001 simulation done, duration: 962
W<< MCTS: 10001 simulation done, duration: 974
W<< MCTS: 10001 simulation done, duration: 1048
W<< MCTS: 10001 simulation done, duration: 1058
W<< MCTS: 10001 simulation done, duration: 1174
W<< MCTS: 10001 simulation done, duration: 1182
W<< MCTS: 10001 simulation done, duration: 1288
W<< MCTS: 10001 simulation done, duration: 1299
W<< MCTS: 10001 simulation done, duration: 1288
W<< MCTS: 10001 simulation done, duration: 1359
W<< MCTS: 10001 simulation done, duration: 1360
W<< MCTS: 10001 simulation done, duration: 1415
W<< MCTS: 10001 simulation done, duration: 1429
W<< MCTS: 10001 simulation done, duration: 1430
W<< MCTS: 10001 simulation done, duration: 1441
W<< MCTS: 10001 simulation done, duration: 1459
W<< MCTS: 10001 simulation done, duration: 1465
W<< MCTS: 10001 simulation done, duration: 1491
W<< MCTS: 10001 simulation done, duration: 1498
W<< MCTS: 10001 simulation done, duration: 1517
W<< MCTS: 10001 simulation done, duration: 1519
W<< MCTS: 10001 simulation done, duration: 1534
W<< MCTS: 10001 simulation done, duration: 1567
W<< MCTS: 10001 simulation done, duration: 1568
W<< MCTS: 10001 simulation done, duration: 1582
W<< MCTS: 10001 simulation done, duration: 1599
W<< MCTS: 10001 simulation done, duration: 1589
W<< MCTS: 10001 simulation done, duration: 1596
W<< = C1
W<< 
B>> play W C1
B<< = 
B<< 
B>> genmove b
B<< MCTS: 10001 simulation done, duration: 1007
B<< MCTS: 10001 simulation done, duration: 1019
B<< MCTS: 10001 simulation done, duration: 1024
B<< MCTS: 10001 simulation done, duration: 1025
B<< MCTS: 10001 simulation done, duration: 1024
B<< MCTS: 10001 simulation done, duration: 1025
B<< MCTS: 10001 simulation done, duration: 1057
B<< MCTS: 10001 simulation done, duration: 1058
B<< MCTS: 10001 simulation done, duration: 1061
B<< MCTS: 10001 simulation done, duration: 1063
B<< MCTS: 10001 simulation done, duration: 1067
B<< MCTS: 10001 simulation done, duration: 1079
B<< MCTS: 10001 simulation done, duration: 1085
B<< MCTS: 10001 simulation done, duration: 1133
B<< MCTS: 10001 simulation done, duration: 1261
B<< MCTS: 10001 simulation done, duration: 1267
B<< = A5
B<< 
W>> play B A5
W<< = 
W<< 
W>> genmove w
W<< MCTS: 10001 simulation done, duration: 803
W<< MCTS: 10001 simulation done, duration: 833
W<< MCTS: 10001 simulation done, duration: 887
W<< MCTS: 10001 simulation done, duration: 908
W<< MCTS: 10001 simulation done, duration: 1104
W<< MCTS: 10001 simulation done, duration: 1207
W<< MCTS: 10001 simulation done, duration: 1227
W<< MCTS: 10001 simulation done, duration: 1240
W<< MCTS: 10001 simulation done, duration: 1259
W<< MCTS: 10001 simulation done, duration: 1372
W<< MCTS: 10001 simulation done, duration: 1370
W<< MCTS: 10001 simulation done, duration: 1388
W<< MCTS: 10001 simulation done, duration: 1394
W<< MCTS: 10001 simulation done, duration: 1391
W<< MCTS: 10001 simulation done, duration: 1414
W<< MCTS: 10001 simulation done, duration: 1423
W<< MCTS: 10001 simulation done, duration: 1441
W<< MCTS: 10001 simulation done, duration: 1424
W<< MCTS: 10001 simulation done, duration: 1424
W<< MCTS: 10001 simulation done, duration: 1467
W<< MCTS: 10001 simulation done, duration: 1474
W<< MCTS: 10001 simulation done, duration: 1488
W<< MCTS: 10001 simulation done, duration: 1498
W<< MCTS: 10001 simulation done, duration: 1492
W<< MCTS: 10001 simulation done, duration: 1494
W<< MCTS: 10001 simulation done, duration: 1507
W<< MCTS: 10001 simulation done, duration: 1512
W<< MCTS: 10001 simulation done, duration: 1531
W<< MCTS: 10001 simulation done, duration: 1526
W<< MCTS: 10001 simulation done, duration: 1556
W<< MCTS: 10001 simulation done, duration: 1575
W<< MCTS: 10001 simulation done, duration: 1591
W<< = E7
W<< 
B>> play W E7
B<< = 
B<< 
B>> genmove b
B<< MCTS: 10001 simulation done, duration: 980
B<< MCTS: 10001 simulation done, duration: 994
B<< MCTS: 10001 simulation done, duration: 995
B<< MCTS: 10001 simulation done, duration: 995
B<< MCTS: 10001 simulation done, duration: 997
B<< MCTS: 10001 simulation done, duration: 998
B<< MCTS: 10001 simulation done, duration: 1044
B<< MCTS: 10001 simulation done, duration: 1049
B<< MCTS: 10001 simulation done, duration: 1050
B<< MCTS: 10001 simulation done, duration: 1051
B<< MCTS: 10001 simulation done, duration: 1062
B<< MCTS: 10001 simulation done, duration: 1089
B<< MCTS: 10001 simulation done, duration: 1151
B<< MCTS: 10001 simulation done, duration: 1154
B<< MCTS: 10001 simulation done, duration: 1240
B<< MCTS: 10001 simulation done, duration: 1262
B<< = A7
B<< 
W>> play B A7
W<< = 
W<< 
W>> genmove w
W<< MCTS: 10001 simulation done, duration: 779
W<< MCTS: 10001 simulation done, duration: 836
W<< MCTS: 10001 simulation done, duration: 838
W<< MCTS: 10001 simulation done, duration: 868
W<< MCTS: 10001 simulation done, duration: 917
W<< MCTS: 10001 simulation done, duration: 929
W<< MCTS: 10001 simulation done, duration: 994
W<< MCTS: 10001 simulation done, duration: 988
W<< MCTS: 10001 simulation done, duration: 1229
W<< MCTS: 10001 simulation done, duration: 1270
W<< MCTS: 10001 simulation done, duration: 1280
W<< MCTS: 10001 simulation done, duration: 1279
W<< MCTS: 10001 simulation done, duration: 1322
W<< MCTS: 10001 simulation done, duration: 1345
W<< MCTS: 10001 simulation done, duration: 1380
W<< MCTS: 10001 simulation done, duration: 1387
W<< MCTS: 10001 simulation done, duration: 1383
W<< MCTS: 10001 simulation done, duration: 1406
W<< MCTS: 10001 simulation done, duration: 1421
W<< MCTS: 10001 simulation done, duration: 1401
W<< MCTS: 10001 simulation done, duration: 1424
W<< MCTS: 10001 simulation done, duration: 1411
W<< MCTS: 10001 simulation done, duration: 1430
W<< MCTS: 10001 simulation done, duration: 1452
W<< MCTS: 10001 simulation done, duration: 1450
W<< MCTS: 10001 simulation done, duration: 1476
W<< MCTS: 10001 simulation done, duration: 1473
W<< MCTS: 10001 simulation done, duration: 1475
W<< MCTS: 10001 simulation done, duration: 1483
W<< MCTS: 10001 simulation done, duration: 1509
W<< MCTS: 10001 simulation done, duration: 1517
W<< MCTS: 10001 simulation done, duration: 1534
W<< = B5
W<< 
B>> play W B5
B<< = 
B<< 
B>> genmove b
B<< MCTS: 10001 simulation done, duration: 968
B<< MCTS: 10001 simulation done, duration: 974
B<< MCTS: 10001 simulation done, duration: 974
B<< MCTS: 10001 simulation done, duration: 979
B<< MCTS: 10001 simulation done, duration: 985
B<< MCTS: 10001 simulation done, duration: 987
B<< MCTS: 10001 simulation done, duration: 1008
B<< MCTS: 10001 simulation done, duration: 1012
B<< MCTS: 10001 simulation done, duration: 1013
B<< MCTS: 10001 simulation done, duration: 1016
B<< MCTS: 10001 simulation done, duration: 1042
B<< MCTS: 10001 simulation done, duration: 1042
B<< MCTS: 10001 simulation done, duration: 1105
B<< MCTS: 10001 simulation done, duration: 1173
B<< MCTS: 10001 simulation done, duration: 1233
B<< MCTS: 10001 simulation done, duration: 1260
B<< = B8
B<< 
W>> play B B8
W<< = 
W<< 
W>> genmove w
W<< MCTS: 10001 simulation done, duration: 1176
W<< MCTS: 10001 simulation done, duration: 1218
W<< MCTS: 10001 simulation done, duration: 1311
W<< MCTS: 10001 simulation done, duration: 1316
W<< MCTS: 10001 simulation done, duration: 1335
W<< MCTS: 10001 simulation done, duration: 1361
W<< MCTS: 10001 simulation done, duration: 1378
W<< MCTS: 10001 simulation done, duration: 1371
W<< MCTS: 10001 simulation done, duration: 1400
W<< MCTS: 10001 simulation done, duration: 1394
W<< MCTS: 10001 simulation done, duration: 1406
W<< MCTS: 10001 simulation done, duration: 1396
W<< MCTS: 10001 simulation done, duration: 1406
W<< MCTS: 10001 simulation done, duration: 1411
W<< MCTS: 10001 simulation done, duration: 1412
W<< MCTS: 10001 simulation done, duration: 1409
W<< MCTS: 10001 simulation done, duration: 1417
W<< MCTS: 10001 simulation done, duration: 1410
W<< MCTS: 10001 simulation done, duration: 1410
W<< MCTS: 10001 simulation done, duration: 1411
W<< MCTS: 10001 simulation done, duration: 1409
W<< MCTS: 10001 simulation done, duration: 1424
W<< MCTS: 10001 simulation done, duration: 1425
W<< MCTS: 10001 simulation done, duration: 1420
W<< MCTS: 10001 simulation done, duration: 1413
W<< MCTS: 10001 simulation done, duration: 1430
W<< MCTS: 10001 simulation done, duration: 1426
W<< MCTS: 10001 simulation done, duration: 1430
W<< MCTS: 10001 simulation done, duration: 1445
W<< MCTS: 10001 simulation done, duration: 1444
W<< MCTS: 10001 simulation done, duration: 1433
W<< MCTS: 10001 simulation done, duration: 1446
W<< = C8
W<< 
B>> play W C8
B<< = 
B<< 
B>> genmove b
B<< MCTS: 10001 simulation done, duration: 937
B<< MCTS: 10001 simulation done, duration: 952
B<< MCTS: 10001 simulation done, duration: 953
B<< MCTS: 10001 simulation done, duration: 954
B<< MCTS: 10001 simulation done, duration: 957
B<< MCTS: 10001 simulation done, duration: 960
B<< MCTS: 10001 simulation done, duration: 961
B<< MCTS: 10001 simulation done, duration: 993
B<< MCTS: 10001 simulation done, duration: 993
B<< MCTS: 10001 simulation done, duration: 996
B<< MCTS: 10001 simulation done, duration: 1001
B<< MCTS: 10001 simulation done, duration: 1015
B<< MCTS: 10001 simulation done, duration: 1015
B<< MCTS: 10001 simulation done, duration: 1033
B<< MCTS: 10001 simulation done, duration: 1100
B<< MCTS: 10001 simulation done, duration: 1151
B<< = B9
B<< 
W>> play B B9
W<< = 
W<< 
W>> genmove w
W<< MCTS: 10001 simulation done, duration: 989
W<< MCTS: 10001 simulation done, duration: 1011
W<< MCTS: 10001 simulation done, duration: 1141
W<< MCTS: 10001 simulation done, duration: 1190
W<< MCTS: 10001 simulation done, duration: 1214
W<< MCTS: 10001 simulation done, duration: 1222
W<< MCTS: 10001 simulation done, duration: 1227
W<< MCTS: 10001 simulation done, duration: 1271
W<< MCTS: 10001 simulation done, duration: 1295
W<< MCTS: 10001 simulation done, duration: 1306
W<< MCTS: 10001 simulation done, duration: 1315
W<< MCTS: 10001 simulation done, duration: 1326
W<< MCTS: 10001 simulation done, duration: 1333
W<< MCTS: 10001 simulation done, duration: 1316
W<< MCTS: 10001 simulation done, duration: 1339
W<< MCTS: 10001 simulation done, duration: 1345
W<< MCTS: 10001 simulation done, duration: 1345
W<< MCTS: 10001 simulation done, duration: 1347
W<< MCTS: 10001 simulation done, duration: 1330
W<< MCTS: 10001 simulation done, duration: 1340
W<< MCTS: 10001 simulation done, duration: 1340
W<< MCTS: 10001 simulation done, duration: 1334
W<< MCTS: 10001 simulation done, duration: 1366
W<< MCTS: 10001 simulation done, duration: 1356
W<< MCTS: 10001 simulation done, duration: 1370
W<< MCTS: 10001 simulation done, duration: 1372
W<< MCTS: 10001 simulation done, duration: 1367
W<< MCTS: 10001 simulation done, duration: 1387
W<< MCTS: 10001 simulation done, duration: 1405
W<< MCTS: 10001 simulation done, duration: 1404
W<< MCTS: 10001 simulation done, duration: 1430
W<< MCTS: 10001 simulation done, duration: 1412
W<< = A1
W<< 
B>> play W A1
B<< = 
B<< 
B>> genmove b
B<< MCTS: 10001 simulation done, duration: 937
B<< MCTS: 10001 simulation done, duration: 977
B<< MCTS: 10001 simulation done, duration: 977
B<< MCTS: 10001 simulation done, duration: 977
B<< MCTS: 10001 simulation done, duration: 978
B<< MCTS: 10001 simulation done, duration: 983
B<< MCTS: 10001 simulation done, duration: 1005
B<< MCTS: 10001 simulation done, duration: 1011
B<< MCTS: 10001 simulation done, duration: 1015
B<< MCTS: 10001 simulation done, duration: 1025
B<< MCTS: 10001 simulation done, duration: 1028
B<< MCTS: 10001 simulation done, duration: 1030
B<< MCTS: 10001 simulation done, duration: 1040
B<< MCTS: 10001 simulation done, duration: 1096
B<< MCTS: 10001 simulation done, duration: 1232
B<< MCTS: 10001 simulation done, duration: 1233
B<< = J1
B<< 
W>> play B J1
W<< = 
W<< 
W>> genmove w
W<< MCTS: 10001 simulation done, duration: 905
W<< MCTS: 10001 simulation done, duration: 987
W<< MCTS: 10001 simulation done, duration: 1078
W<< MCTS: 10001 simulation done, duration: 1142
W<< MCTS: 10001 simulation done, duration: 1148
W<< MCTS: 10001 simulation done, duration: 1192
W<< MCTS: 10001 simulation done, duration: 1217
W<< MCTS: 10001 simulation done, duration: 1229
W<< MCTS: 10001 simulation done, duration: 1230
W<< MCTS: 10001 simulation done, duration: 1258
W<< MCTS: 10001 simulation done, duration: 1240
W<< MCTS: 10001 simulation done, duration: 1274
W<< MCTS: 10001 simulation done, duration: 1257
W<< MCTS: 10001 simulation done, duration: 1287
W<< MCTS: 10001 simulation done, duration: 1274
W<< MCTS: 10001 simulation done, duration: 1287
W<< MCTS: 10001 simulation done, duration: 1285
W<< MCTS: 10001 simulation done, duration: 1310
W<< MCTS: 10001 simulation done, duration: 1327
W<< MCTS: 10001 simulation done, duration: 1307
W<< MCTS: 10001 simulation done, duration: 1323
W<< MCTS: 10001 simulation done, duration: 1331
W<< MCTS: 10001 simulation done, duration: 1334
W<< MCTS: 10001 simulation done, duration: 1335
W<< MCTS: 10001 simulation done, duration: 1354
W<< MCTS: 10001 simulation done, duration: 1361
W<< MCTS: 10001 simulation done, duration: 1368
W<< MCTS: 10001 simulation done, duration: 1361
W<< MCTS: 10001 simulation done, duration: 1371
W<< MCTS: 10001 simulation done, duration: 1395
W<< MCTS: 10001 simulation done, duration: 1392
W<< MCTS: 10001 simulation done, duration: 1420
W<< = B2
W<< 
B>> play W B2
B<< = 
B<< 
B>> genmove b
B<< MCTS: 10001 simulation done, duration: 920
B<< MCTS: 10001 simulation done, duration: 965
B<< MCTS: 10001 simulation done, duration: 974
B<< MCTS: 10001 simulation done, duration: 977
B<< MCTS: 10001 simulation done, duration: 980
B<< MCTS: 10001 simulation done, duration: 983
B<< MCTS: 10001 simulation done, duration: 1009
B<< MCTS: 10001 simulation done, duration: 1009
B<< MCTS: 10001 simulation done, duration: 1015
B<< MCTS: 10001 simulation done, duration: 1017
B<< MCTS: 10001 simulation done, duration: 1037
B<< MCTS: 10001 simulation done, duration: 1038
B<< MCTS: 10001 simulation done, duration: 1091
B<< MCTS: 10001 simulation done, duration: 1098
B<< MCTS: 10001 simulation done, duration: 1204
B<< MCTS: 10001 simulation done, duration: 1206
B<< = D1
B<< 
W>> play B D1
W<< = 
W<< 
W>> genmove w
W<< MCTS: 10001 simulation done, duration: 656
W<< MCTS: 10001 simulation done, duration: 663
W<< MCTS: 10001 simulation done, duration: 718
W<< MCTS: 10001 simulation done, duration: 775
W<< MCTS: 10001 simulation done, duration: 787
W<< MCTS: 10001 simulation done, duration: 801
W<< MCTS: 10001 simulation done, duration: 848
W<< MCTS: 10001 simulation done, duration: 870
W<< MCTS: 10001 simulation done, duration: 893
W<< MCTS: 10001 simulation done, duration: 897
W<< MCTS: 10001 simulation done, duration: 1028
W<< MCTS: 10001 simulation done, duration: 1077
W<< MCTS: 10001 simulation done, duration: 1075
W<< MCTS: 10001 simulation done, duration: 1205
W<< MCTS: 10001 simulation done, duration: 1236
W<< MCTS: 10001 simulation done, duration: 1233
W<< MCTS: 10001 simulation done, duration: 1213
W<< MCTS: 10001 simulation done, duration: 1242
W<< MCTS: 10001 simulation done, duration: 1256
W<< MCTS: 10001 simulation done, duration: 1285
W<< MCTS: 10001 simulation done, duration: 1297
W<< MCTS: 10001 simulation done, duration: 1316
W<< MCTS: 10001 simulation done, duration: 1305
W<< MCTS: 10001 simulation done, duration: 1294
W<< MCTS: 10001 simulation done, duration: 1310
W<< MCTS: 10001 simulation done, duration: 1320
W<< MCTS: 10001 simulation done, duration: 1314
W<< MCTS: 10001 simulation done, duration: 1330
W<< MCTS: 10001 simulation done, duration: 1357
W<< MCTS: 10001 simulation done, duration: 1376
W<< MCTS: 10001 simulation done, duration: 1381
W<< MCTS: 10001 simulation done, duration: 1375
W<< = E1
W<< 
B>> play W E1
B<< = 
B<< 
B>> genmove b
B<< MCTS: 10001 simulation done, duration: 927
B<< MCTS: 10001 simulation done, duration: 928
B<< MCTS: 10001 simulation done, duration: 932
B<< MCTS: 10001 simulation done, duration: 934
B<< MCTS: 10001 simulation done, duration: 934
B<< MCTS: 10001 simulation done, duration: 936
B<< MCTS: 10001 simulation done, duration: 965
B<< MCTS: 10001 simulation done, duration: 985
B<< MCTS: 10001 simulation done, duration: 986
B<< MCTS: 10001 simulation done, duration: 987
B<< MCTS: 10001 simulation done, duration: 989
B<< MCTS: 10001 simulation done, duration: 1005
B<< MCTS: 10001 simulation done, duration: 1010
B<< MCTS: 10001 simulation done, duration: 1054
B<< MCTS: 10001 simulation done, duration: 1125
B<< MCTS: 10001 simulation done, duration: 1166
B<< = A4
B<< 
W>> play B A4
W<< = 
W<< 
W>> genmove w
W<< MCTS: 10001 simulation done, duration: 841
W<< MCTS: 10001 simulation done, duration: 900
W<< MCTS: 10001 simulation done, duration: 915
W<< MCTS: 10001 simulation done, duration: 1070
W<< MCTS: 10001 simulation done, duration: 1080
W<< MCTS: 10001 simulation done, duration: 1130
W<< MCTS: 10001 simulation done, duration: 1143
W<< MCTS: 10001 simulation done, duration: 1146
W<< MCTS: 10001 simulation done, duration: 1141
W<< MCTS: 10001 simulation done, duration: 1164
W<< MCTS: 10001 simulation done, duration: 1171
W<< MCTS: 10001 simulation done, duration: 1197
W<< MCTS: 10001 simulation done, duration: 1199
W<< MCTS: 10001 simulation done, duration: 1207
W<< MCTS: 10001 simulation done, duration: 1200
W<< MCTS: 10001 simulation done, duration: 1197
W<< MCTS: 10001 simulation done, duration: 1210
W<< MCTS: 10001 simulation done, duration: 1215
W<< MCTS: 10001 simulation done, duration: 1238
W<< MCTS: 10001 simulation done, duration: 1221
W<< MCTS: 10001 simulation done, duration: 1250
W<< MCTS: 10001 simulation done, duration: 1227
W<< MCTS: 10001 simulation done, duration: 1262
W<< MCTS: 10001 simulation done, duration: 1262
W<< MCTS: 10001 simulation done, duration: 1237
W<< MCTS: 10001 simulation done, duration: 1246
W<< MCTS: 10001 simulation done, duration: 1254
W<< MCTS: 10001 simulation done, duration: 1253
W<< MCTS: 10001 simulation done, duration: 1260
W<< MCTS: 10001 simulation done, duration: 1272
W<< MCTS: 10001 simulation done, duration: 1288
W<< MCTS: 10001 simulation done, duration: 1320
W<< = G1
W<< 
B>> play W G1
B<< = 
B<< 
B>> genmove b
B<< MCTS: 10001 simulation done, duration: 868
B<< MCTS: 10001 simulation done, duration: 894
B<< MCTS: 10001 simulation done, duration: 895
B<< MCTS: 10001 simulation done, duration: 899
B<< MCTS: 10001 simulation done, duration: 904
B<< MCTS: 10001 simulation done, duration: 905
B<< MCTS: 10001 simulation done, duration: 905
B<< MCTS: 10001 simulation done, duration: 942
B<< MCTS: 10001 simulation done, duration: 958
B<< MCTS: 10001 simulation done, duration: 959
B<< MCTS: 10001 simulation done, duration: 959
B<< MCTS: 10001 simulation done, duration: 961
B<< MCTS: 10001 simulation done, duration: 962
B<< MCTS: 10001 simulation done, duration: 987
B<< MCTS: 10001 simulation done, duration: 1106
B<< MCTS: 10001 simulation done, duration: 1124
B<< = B3
B<< 
W>> play B B3
W<< = 
W<< 
W>> genmove w
W<< MCTS: 10001 simulation done, duration: 924
W<< MCTS: 10001 simulation done, duration: 914
W<< MCTS: 10001 simulation done, duration: 988
W<< MCTS: 10001 simulation done, duration: 1004
W<< MCTS: 10001 simulation done, duration: 1021
W<< MCTS: 10001 simulation done, duration: 1025
W<< MCTS: 10001 simulation done, duration: 1026
W<< MCTS: 10001 simulation done, duration: 1086
W<< MCTS: 10001 simulation done, duration: 1114
W<< MCTS: 10001 simulation done, duration: 1097
W<< MCTS: 10001 simulation done, duration: 1115
W<< MCTS: 10001 simulation done, duration: 1129
W<< MCTS: 10001 simulation done, duration: 1134
W<< MCTS: 10001 simulation done, duration: 1147
W<< MCTS: 10001 simulation done, duration: 1159
W<< MCTS: 10001 simulation done, duration: 1161
W<< MCTS: 10001 simulation done, duration: 1146
W<< MCTS: 10001 simulation done, duration: 1165
W<< MCTS: 10001 simulation done, duration: 1175
W<< MCTS: 10001 simulation done, duration: 1168
W<< MCTS: 10001 simulation done, duration: 1194
W<< MCTS: 10001 simulation done, duration: 1208
W<< MCTS: 10001 simulation done, duration: 1205
W<< MCTS: 10001 simulation done, duration: 1233
W<< MCTS: 10001 simulation done, duration: 1241
W<< MCTS: 10001 simulation done, duration: 1230
W<< MCTS: 10001 simulation done, duration: 1256
W<< MCTS: 10001 simulation done, duration: 1247
W<< MCTS: 10001 simulation done, duration: 1265
W<< MCTS: 10001 simulation done, duration: 1254
W<< MCTS: 10001 simulation done, duration: 1258
W<< MCTS: 10001 simulation done, duration: 1277
W<< = J6
W<< 
B>> play W J6
B<< = 
B<< 
B>> genmove b
B<< MCTS: 10001 simulation done, duration: 795
B<< MCTS: 10001 simulation done, duration: 879
B<< MCTS: 10001 simulation done, duration: 879
B<< MCTS: 10001 simulation done, duration: 879
B<< MCTS: 10001 simulation done, duration: 880
B<< MCTS: 10001 simulation done, duration: 882
B<< MCTS: 10001 simulation done, duration: 904
B<< MCTS: 10001 simulation done, duration: 913
B<< MCTS: 10001 simulation done, duration: 913
B<< MCTS: 10001 simulation done, duration: 914
B<< MCTS: 10001 simulation done, duration: 918
B<< MCTS: 10001 simulation done, duration: 920
B<< MCTS: 10001 simulation done, duration: 957
B<< MCTS: 10001 simulation done, duration: 1008
B<< MCTS: 10001 simulation done, duration: 1101
B<< MCTS: 10001 simulation done, duration: 1109
B<< = E9
B<< 
W>> play B E9
W<< = 
W<< 
W>> genmove w
W<< MCTS: 10001 simulation done, duration: 671
W<< MCTS: 10001 simulation done, duration: 691
W<< MCTS: 10001 simulation done, duration: 922
W<< MCTS: 10001 simulation done, duration: 985
W<< MCTS: 10001 simulation done, duration: 995
W<< MCTS: 10001 simulation done, duration: 999
W<< MCTS: 10001 simulation done, duration: 1018
W<< MCTS: 10001 simulation done, duration: 1019
W<< MCTS: 10001 simulation done, duration: 1029
W<< MCTS: 10001 simulation done, duration: 1019
W<< MCTS: 10001 simulation done, duration: 1056
W<< MCTS: 10001 simulation done, duration: 1073
W<< MCTS: 10001 simulation done, duration: 1082
W<< MCTS: 10001 simulation done, duration: 1112
W<< MCTS: 10001 simulation done, duration: 1124
W<< MCTS: 10001 simulation done, duration: 1145
W<< MCTS: 10001 simulation done, duration: 1151
W<< MCTS: 10001 simulation done, duration: 1167
W<< MCTS: 10001 simulation done, duration: 1182
W<< MCTS: 10001 simulation done, duration: 1174
W<< MCTS: 10001 simulation done, duration: 1188
W<< MCTS: 10001 simulation done, duration: 1176
W<< MCTS: 10001 simulation done, duration: 1181
W<< MCTS: 10001 simulation done, duration: 1182
W<< MCTS: 10001 simulation done, duration: 1190
W<< MCTS: 10001 simulation done, duration: 1203
W<< MCTS: 10001 simulation done, duration: 1207
W<< MCTS: 10001 simulation done, duration: 1223
W<< MCTS: 10001 simulation done, duration: 1218
W<< MCTS: 10001 simulation done, duration: 1216
W<< MCTS: 10001 simulation done, duration: 1246
W<< MCTS: 10001 simulation done, duration: 1236
W<< = H5
W<< 
B>> play W H5
B<< = 
B<< 
B>> genmove b
B<< MCTS: 10001 simulation done, duration: 864
B<< MCTS: 10001 simulation done, duration: 872
B<< MCTS: 10001 simulation done, duration: 875
B<< MCTS: 10001 simulation done, duration: 878
B<< MCTS: 10001 simulation done, duration: 879
B<< MCTS: 10001 simulation done, duration: 881
B<< MCTS: 10001 simulation done, duration: 882
B<< MCTS: 10001 simulation done, duration: 903
B<< MCTS: 10001 simulation done, duration: 917
B<< MCTS: 10001 simulation done, duration: 929
B<< MCTS: 10001 simulation done, duration: 930
B<< MCTS: 10001 simulation done, duration: 931
B<< MCTS: 10001 simulation done, duration: 1080
B<< MCTS: 10001 simulation done, duration: 1081
B<< MCTS: 10001 simulation done, duration: 1180
B<< MCTS: 10001 simulation done, duration: 1182
B<< = G4
B<< 
W>> play B G4
W<< = 
W<< 
W>> genmove w
W<< MCTS: 10001 simulation done, duration: 598
W<< MCTS: 10001 simulation done, duration: 639
W<< MCTS: 10001 simulation done, duration: 662
W<< MCTS: 10001 simulation done, duration: 666
W<< MCTS: 10001 simulation done, duration: 710
W<< MCTS: 10001 simulation done, duration: 723
W<< MCTS: 10001 simulation done, duration: 728
W<< MCTS: 10001 simulation done, duration: 856
W<< MCTS: 10001 simulation done, duration: 873
W<< MCTS: 10001 simulation done, duration: 883
W<< MCTS: 10001 simulation done, duration: 933
W<< MCTS: 10001 simulation done, duration: 1018
W<< MCTS: 10001 simulation done, duration: 1019
W<< MCTS: 10001 simulation done, duration: 1035
W<< MCTS: 10001 simulation done, duration: 1042
W<< MCTS: 10001 simulation done, duration: 1063
W<< MCTS: 10001 simulation done, duration: 1114
W<< MCTS: 10001 simulation done, duration: 1142
W<< MCTS: 10001 simulation done, duration: 1150
W<< MCTS: 10001 simulation done, duration: 1129
W<< MCTS: 10001 simulation done, duration: 1143
W<< MCTS: 10001 simulation done, duration: 1141
W<< MCTS: 10001 simulation done, duration: 1154
W<< MCTS: 10001 simulation done, duration: 1162
W<< MCTS: 10001 simulation done, duration: 1187
W<< MCTS: 10001 simulation done, duration: 1210
W<< MCTS: 10001 simulation done, duration: 1219
W<< MCTS: 10001 simulation done, duration: 1212
W<< MCTS: 10001 simulation done, duration: 1213
W<< MCTS: 10001 simulation done, duration: 1222
W<< MCTS: 10001 simulation done, duration: 1223
W<< MCTS: 10001 simulation done, duration: 1252
W<< = H7
W<< 
B>> play W H7
B<< = 
B<< 
B>> genmove b
B<< MCTS: 10001 simulation done, duration: 852
B<< MCTS: 10001 simulation done, duration: 855
B<< MCTS: 10001 simulation done, duration: 856
B<< MCTS: 10001 simulation done, duration: 857
B<< MCTS: 10001 simulation done, duration: 860
B<< MCTS: 10001 simulation done, duration: 891
B<< MCTS: 10001 simulation done, duration: 894
B<< MCTS: 10001 simulation done, duration: 904
B<< MCTS: 10001 simulation done, duration: 907
B<< MCTS: 10001 simulation done, duration: 908
B<< MCTS: 10001 simulation done, duration: 919
B<< MCTS: 10001 simulation done, duration: 928
B<< MCTS: 10001 simulation done, duration: 931
B<< MCTS: 10001 simulation done, duration: 943
B<< MCTS: 10001 simulation done, duration: 1009
B<< MCTS: 10001 simulation done, duration: 1053
B<< = J7
B<< 
W>> play B J7
W<< = 
W<< 
W>> genmove w
W<< MCTS: 10001 simulation done, duration: 578
W<< MCTS: 10001 simulation done, duration: 692
W<< MCTS: 10001 simulation done, duration: 705
W<< MCTS: 10001 simulation done, duration: 753
W<< MCTS: 10001 simulation done, duration: 818
W<< MCTS: 10001 simulation done, duration: 842
W<< MCTS: 10001 simulation done, duration: 864
W<< MCTS: 10001 simulation done, duration: 932
W<< MCTS: 10001 simulation done, duration: 950
W<< MCTS: 10001 simulation done, duration: 995
W<< MCTS: 10001 simulation done, duration: 1014
W<< MCTS: 10001 simulation done, duration: 1017
W<< MCTS: 10001 simulation done, duration: 1021
W<< MCTS: 10001 simulation done, duration: 1022
W<< MCTS: 10001 simulation done, duration: 1058
W<< MCTS: 10001 simulation done, duration: 1058
W<< MCTS: 10001 simulation done, duration: 1060
W<< MCTS: 10001 simulation done, duration: 1074
W<< MCTS: 10001 simulation done, duration: 1083
W<< MCTS: 10001 simulation done, duration: 1099
W<< MCTS: 10001 simulation done, duration: 1122
W<< MCTS: 10001 simulation done, duration: 1114
W<< MCTS: 10001 simulation done, duration: 1108
W<< MCTS: 10001 simulation done, duration: 1117
W<< MCTS: 10001 simulation done, duration: 1121
W<< MCTS: 10001 simulation done, duration: 1120
W<< MCTS: 10001 simulation done, duration: 1147
W<< MCTS: 10001 simulation done, duration: 1171
W<< MCTS: 10001 simulation done, duration: 1192
W<< MCTS: 10001 simulation done, duration: 1169
W<< MCTS: 10001 simulation done, duration: 1188
W<< MCTS: 10001 simulation done, duration: 1193
W<< = G6
W<< 
B>> play W G6
B<< = 
B<< 
B>> genmove b
B<< MCTS: 10001 simulation done, duration: 764
B<< MCTS: 10001 simulation done, duration: 829
B<< MCTS: 10001 simulation done, duration: 833
B<< MCTS: 10001 simulation done, duration: 835
B<< MCTS: 10001 simulation done, duration: 838
B<< MCTS: 10001 simulation done, duration: 842
B<< MCTS: 10001 simulation done, duration: 883
B<< MCTS: 10001 simulation done, duration: 883
B<< MCTS: 10001 simulation done, duration: 885
B<< MCTS: 10001 simulation done, duration: 888
B<< MCTS: 10001 simulation done, duration: 920
B<< MCTS: 10001 simulation done, duration: 920
B<< MCTS: 10001 simulation done, duration: 922
B<< MCTS: 10001 simulation done, duration: 991
B<< MCTS: 10001 simulation done, duration: 1058
B<< MCTS: 10001 simulation done, duration: 1063
B<< = G7
B<< 
W>> play B G7
W<< = 
W<< 
W>> genmove w
W<< MCTS: 10001 simulation done, duration: 670
W<< MCTS: 10001 simulation done, duration: 786
W<< MCTS: 10001 simulation done, duration: 811
W<< MCTS: 10001 simulation done, duration: 809
W<< MCTS: 10001 simulation done, duration: 803
W<< MCTS: 10001 simulation done, duration: 829
W<< MCTS: 10001 simulation done, duration: 840
W<< MCTS: 10001 simulation done, duration: 841
W<< MCTS: 10001 simulation done, duration: 879
W<< MCTS: 10001 simulation done, duration: 893
W<< MCTS: 10001 simulation done, duration: 901
W<< MCTS: 10001 simulation done, duration: 948
W<< MCTS: 10001 simulation done, duration: 965
W<< MCTS: 10001 simulation done, duration: 988
W<< MCTS: 10001 simulation done, duration: 1010
W<< MCTS: 10001 simulation done, duration: 1034
W<< MCTS: 10001 simulation done, duration: 1039
W<< MCTS: 10001 simulation done, duration: 1053
W<< MCTS: 10001 simulation done, duration: 1053
W<< MCTS: 10001 simulation done, duration: 1063
W<< MCTS: 10001 simulation done, duration: 1077
W<< MCTS: 10001 simulation done, duration: 1072
W<< MCTS: 10001 simulation done, duration: 1089
W<< MCTS: 10001 simulation done, duration: 1091
W<< MCTS: 10001 simulation done, duration: 1082
W<< MCTS: 10001 simulation done, duration: 1091
W<< MCTS: 10001 simulation done, duration: 1085
W<< MCTS: 10001 simulation done, duration: 1107
W<< MCTS: 10001 simulation done, duration: 1099
W<< MCTS: 10001 simulation done, duration: 1094
W<< MCTS: 10001 simulation done, duration: 1108
W<< MCTS: 10001 simulation done, duration: 1127
W<< = H8
W<< 
B>> play W H8
B<< = 
B<< 
B>> genmove b
B<< MCTS: 10001 simulation done, duration: 753
B<< MCTS: 10001 simulation done, duration: 784
B<< MCTS: 10001 simulation done, duration: 787
B<< MCTS: 10001 simulation done, duration: 788
B<< MCTS: 10001 simulation done, duration: 789
B<< MCTS: 10001 simulation done, duration: 792
B<< MCTS: 10001 simulation done, duration: 794
B<< MCTS: 10001 simulation done, duration: 835
B<< MCTS: 10001 simulation done, duration: 837
B<< MCTS: 10001 simulation done, duration: 843
B<< MCTS: 10001 simulation done, duration: 846
B<< MCTS: 10001 simulation done, duration: 847
B<< MCTS: 10001 simulation done, duration: 940
B<< MCTS: 10001 simulation done, duration: 939
B<< MCTS: 10001 simulation done, duration: 941
B<< MCTS: 10001 simulation done, duration: 985
B<< = H9
B<< 
W>> play B H9
W<< = 
W<< 
W>> genmove w
W<< MCTS: 10001 simulation done, duration: 643
W<< MCTS: 10001 simulation done, duration: 742
W<< MCTS: 10001 simulation done, duration: 819
W<< MCTS: 10001 simulation done, duration: 857
W<< MCTS: 10001 simulation done, duration: 868
W<< MCTS: 10001 simulation done, duration: 886
W<< MCTS: 10001 simulation done, duration: 880
W<< MCTS: 10001 simulation done, duration: 902
W<< MCTS: 10001 simulation done, duration: 905
W<< MCTS: 10001 simulation done, duration: 911
W<< MCTS: 10001 simulation done, duration: 916
W<< MCTS: 10001 simulation done, duration: 905
W<< MCTS: 10001 simulation done, duration: 917
W<< MCTS: 10001 simulation done, duration: 927
W<< MCTS: 10001 simulation done, duration: 915
W<< MCTS: 10001 simulation done, duration: 923
W<< MCTS: 10001 simulation done, duration: 948
W<< MCTS: 10001 simulation done, duration: 992
W<< MCTS: 10001 simulation done, duration: 1028
W<< MCTS: 10001 simulation done, duration: 1003
W<< MCTS: 10001 simulation done, duration: 1037
W<< MCTS: 10001 simulation done, duration: 1051
W<< MCTS: 10001 simulation done, duration: 1050
W<< MCTS: 10001 simulation done, duration: 1052
W<< MCTS: 10001 simulation done, duration: 1073
W<< MCTS: 10001 simulation done, duration: 1068
W<< MCTS: 10001 simulation done, duration: 1069
W<< MCTS: 10001 simulation done, duration: 1068
W<< MCTS: 10001 simulation done, duration: 1088
W<< MCTS: 10001 simulation done, duration: 1093
W<< MCTS: 10001 simulation done, duration: 1067
W<< MCTS: 10001 simulation done, duration: 1068
W<< = F9
W<< 
B>> play W F9
B<< = 
B<< 
B>> genmove b
B<< MCTS: 10001 simulation done, duration: 673
B<< MCTS: 10001 simulation done, duration: 742
B<< MCTS: 10001 simulation done, duration: 743
B<< MCTS: 10001 simulation done, duration: 744
B<< MCTS: 10001 simulation done, duration: 747
B<< MCTS: 10001 simulation done, duration: 749
B<< MCTS: 10001 simulation done, duration: 767
B<< MCTS: 10001 simulation done, duration: 777
B<< MCTS: 10001 simulation done, duration: 797
B<< MCTS: 10001 simulation done, duration: 799
B<< MCTS: 10001 simulation done, duration: 799
B<< MCTS: 10001 simulation done, duration: 801
B<< MCTS: 10001 simulation done, duration: 833
B<< MCTS: 10001 simulation done, duration: 860
B<< MCTS: 10001 simulation done, duration: 964
B<< MCTS: 10001 simulation done, duration: 967
B<< = F1
B<< 
W>> play B F1
W<< = 
W<< 
W>> genmove w
W<< MCTS: 10001 simulation done, duration: 759
W<< MCTS: 10001 simulation done, duration: 797
W<< MCTS: 10001 simulation done, duration: 816
W<< MCTS: 10001 simulation done, duration: 836
W<< MCTS: 10001 simulation done, duration: 858
W<< MCTS: 10001 simulation done, duration: 883
W<< MCTS: 10001 simulation done, duration: 890
W<< MCTS: 10001 simulation done, duration: 890
W<< MCTS: 10001 simulation done, duration: 883
W<< MCTS: 10001 simulation done, duration: 900
W<< MCTS: 10001 simulation done, duration: 899
W<< MCTS: 10001 simulation done, duration: 920
W<< MCTS: 10001 simulation done, duration: 918
W<< MCTS: 10001 simulation done, duration: 921
W<< MCTS: 10001 simulation done, duration: 935
W<< MCTS: 10001 simulation done, duration: 947
W<< MCTS: 10001 simulation done, duration: 961
W<< MCTS: 10001 simulation done, duration: 949
W<< MCTS: 10001 simulation done, duration: 956
W<< MCTS: 10001 simulation done, duration: 971
W<< MCTS: 10001 simulation done, duration: 984
W<< MCTS: 10001 simulation done, duration: 982
W<< MCTS: 10001 simulation done, duration: 988
W<< MCTS: 10001 simulation done, duration: 995
W<< MCTS: 10001 simulation done, duration: 1023
W<< MCTS: 10001 simulation done, duration: 1025
W<< MCTS: 10001 simulation done, duration: 1001
W<< MCTS: 10001 simulation done, duration: 1006
W<< MCTS: 10001 simulation done, duration: 1021
W<< MCTS: 10001 simulation done, duration: 1025
W<< MCTS: 10001 simulation done, duration: 1034
W<< MCTS: 10001 simulation done, duration: 1051
W<< = H3
W<< 
B>> play W H3
B<< = 
B<< 
B>> genmove b
B<< MCTS: 10001 simulation done, duration: 692
B<< MCTS: 10001 simulation done, duration: 694
B<< MCTS: 10001 simulation done, duration: 700
B<< MCTS: 10001 simulation done, duration: 702
B<< MCTS: 10001 simulation done, duration: 702
B<< MCTS: 10001 simulation done, duration: 702
B<< MCTS: 10001 simulation done, duration: 708
B<< MCTS: 10001 simulation done, duration: 713
B<< MCTS: 10001 simulation done, duration: 754
B<< MCTS: 10001 simulation done, duration: 755
B<< MCTS: 10001 simulation done, duration: 758
B<< MCTS: 10001 simulation done, duration: 768
B<< MCTS: 10001 simulation done, duration: 772
B<< MCTS: 10001 simulation done, duration: 822
B<< MCTS: 10001 simulation done, duration: 959
B<< MCTS: 10001 simulation done, duration: 962
B<< = H4
B<< 
W>> play B H4
W<< = 
W<< 
W>> genmove w
W<< MCTS: 10001 simulation done, duration: 507
W<< MCTS: 10001 simulation done, duration: 564
W<< MCTS: 10001 simulation done, duration: 589
W<< MCTS: 10001 simulation done, duration: 589
W<< MCTS: 10001 simulation done, duration: 721
W<< MCTS: 10001 simulation done, duration: 797
W<< MCTS: 10001 simulation done, duration: 826
W<< MCTS: 10001 simulation done, duration: 824
W<< MCTS: 10001 simulation done, duration: 856
W<< MCTS: 10001 simulation done, duration: 852
W<< MCTS: 10001 simulation done, duration: 873
W<< MCTS: 10001 simulation done, duration: 874
W<< MCTS: 10001 simulation done, duration: 915
W<< MCTS: 10001 simulation done, duration: 898
W<< MCTS: 10001 simulation done, duration: 902
W<< MCTS: 10001 simulation done, duration: 942
W<< MCTS: 10001 simulation done, duration: 956
W<< MCTS: 10001 simulation done, duration: 951
W<< MCTS: 10001 simulation done, duration: 952
W<< MCTS: 10001 simulation done, duration: 951
W<< MCTS: 10001 simulation done, duration: 984
W<< MCTS: 10001 simulation done, duration: 1024
W<< MCTS: 10001 simulation done, duration: 1023
W<< MCTS: 10001 simulation done, duration: 1021
W<< MCTS: 10001 simulation done, duration: 1025
W<< MCTS: 10001 simulation done, duration: 1040
W<< MCTS: 10001 simulation done, duration: 1028
W<< MCTS: 10001 simulation done, duration: 1035
W<< MCTS: 10001 simulation done, duration: 1041
W<< MCTS: 10001 simulation done, duration: 1054
W<< MCTS: 10001 simulation done, duration: 1054
W<< MCTS: 10001 simulation done, duration: 1064
W<< = J2
W<< 
B>> play W J2
B<< = 
B<< 
B>> genmove b
B<< MCTS: 10001 simulation done, duration: 664
B<< MCTS: 10001 simulation done, duration: 676
B<< MCTS: 10001 simulation done, duration: 679
B<< MCTS: 10001 simulation done, duration: 681
B<< MCTS: 10001 simulation done, duration: 681
B<< MCTS: 10001 simulation done, duration: 691
B<< MCTS: 10001 simulation done, duration: 691
B<< MCTS: 10001 simulation done, duration: 715
B<< MCTS: 10001 simulation done, duration: 717
B<< MCTS: 10001 simulation done, duration: 731
B<< MCTS: 10001 simulation done, duration: 736
B<< MCTS: 10001 simulation done, duration: 738
B<< MCTS: 10001 simulation done, duration: 749
B<< MCTS: 10001 simulation done, duration: 764
B<< MCTS: 10001 simulation done, duration: 895
B<< MCTS: 10001 simulation done, duration: 898
B<< = F3
B<< 
W>> play B F3
W<< = 
W<< 
W>> genmove w
W<< MCTS: 10001 simulation done, duration: 610
W<< MCTS: 10001 simulation done, duration: 734
W<< MCTS: 10001 simulation done, duration: 756
W<< MCTS: 10001 simulation done, duration: 769
W<< MCTS: 10001 simulation done, duration: 798
W<< MCTS: 10001 simulation done, duration: 808
W<< MCTS: 10001 simulation done, duration: 886
W<< MCTS: 10001 simulation done, duration: 889
W<< MCTS: 10001 simulation done, duration: 873
W<< MCTS: 10001 simulation done, duration: 879
W<< MCTS: 10001 simulation done, duration: 883
W<< MCTS: 10001 simulation done, duration: 905
W<< MCTS: 10001 simulation done, duration: 922
W<< MCTS: 10001 simulation done, duration: 908
W<< MCTS: 10001 simulation done, duration: 900
W<< MCTS: 10001 simulation done, duration: 944
W<< MCTS: 10001 simulation done, duration: 952
W<< MCTS: 10001 simulation done, duration: 937
W<< MCTS: 10001 simulation done, duration: 955
W<< MCTS: 10001 simulation done, duration: 950
W<< MCTS: 10001 simulation done, duration: 956
W<< MCTS: 10001 simulation done, duration: 946
W<< MCTS: 10001 simulation done, duration: 953
W<< MCTS: 10001 simulation done, duration: 972
W<< MCTS: 10001 simulation done, duration: 960
W<< MCTS: 10001 simulation done, duration: 955
W<< MCTS: 10001 simulation done, duration: 968
W<< MCTS: 10001 simulation done, duration: 971
W<< MCTS: 10001 simulation done, duration: 971
W<< MCTS: 10001 simulation done, duration: 995
W<< MCTS: 10001 simulation done, duration: 995
W<< MCTS: 10001 simulation done, duration: 979
W<< = G8
W<< 
B>> play W G8
B<< = 
B<< 
B>> genmove b
B<< MCTS: 10001 simulation done, duration: 647
B<< MCTS: 10001 simulation done, duration: 651
B<< MCTS: 10001 simulation done, duration: 654
B<< MCTS: 10001 simulation done, duration: 661
B<< MCTS: 10001 simulation done, duration: 663
B<< MCTS: 10001 simulation done, duration: 664
B<< MCTS: 10001 simulation done, duration: 685
B<< MCTS: 10001 simulation done, duration: 695
B<< MCTS: 10001 simulation done, duration: 696
B<< MCTS: 10001 simulation done, duration: 697
B<< MCTS: 10001 simulation done, duration: 698
B<< MCTS: 10001 simulation done, duration: 702
B<< MCTS: 10001 simulation done, duration: 702
B<< MCTS: 10001 simulation done, duration: 741
B<< MCTS: 10001 simulation done, duration: 872
B<< MCTS: 10001 simulation done, duration: 873
B<< = F7
B<< 
W>> play B F7
W<< = 
W<< 
W>> genmove w
W<< MCTS: 10001 simulation done, duration: 582
W<< MCTS: 10001 simulation done, duration: 676
W<< MCTS: 10001 simulation done, duration: 696
W<< MCTS: 10001 simulation done, duration: 710
W<< MCTS: 10001 simulation done, duration: 740
W<< MCTS: 10001 simulation done, duration: 751
W<< MCTS: 10001 simulation done, duration: 698
W<< MCTS: 10001 simulation done, duration: 802
W<< MCTS: 10001 simulation done, duration: 813
W<< MCTS: 10001 simulation done, duration: 853
W<< MCTS: 10001 simulation done, duration: 855
W<< MCTS: 10001 simulation done, duration: 860
W<< MCTS: 10001 simulation done, duration: 824
W<< MCTS: 10001 simulation done, duration: 904
W<< MCTS: 10001 simulation done, duration: 911
W<< MCTS: 10001 simulation done, duration: 919
W<< MCTS: 10001 simulation done, duration: 909
W<< MCTS: 10001 simulation done, duration: 926
W<< MCTS: 10001 simulation done, duration: 928
W<< MCTS: 10001 simulation done, duration: 929
W<< MCTS: 10001 simulation done, duration: 935
W<< MCTS: 10001 simulation done, duration: 931
W<< MCTS: 10001 simulation done, duration: 937
W<< MCTS: 10001 simulation done, duration: 935
W<< MCTS: 10001 simulation done, duration: 939
W<< MCTS: 10001 simulation done, duration: 942
W<< MCTS: 10001 simulation done, duration: 944
W<< MCTS: 10001 simulation done, duration: 939
W<< MCTS: 10001 simulation done, duration: 897
W<< MCTS: 10001 simulation done, duration: 944
W<< MCTS: 10001 simulation done, duration: 958
W<< MCTS: 10001 simulation done, duration: 938
W<< = D3
W<< 
B>> play W D3
B<< = 
B<< 
B>> genmove b
B<< MCTS: 10001 simulation done, duration: 597
B<< MCTS: 10001 simulation done, duration: 598
B<< MCTS: 10001 simulation done, duration: 605
B<< MCTS: 10001 simulation done, duration: 606
B<< MCTS: 10001 simulation done, duration: 610
B<< MCTS: 10001 simulation done, duration: 611
B<< MCTS: 10001 simulation done, duration: 652
B<< MCTS: 10001 simulation done, duration: 653
B<< MCTS: 10001 simulation done, duration: 657
B<< MCTS: 10001 simulation done, duration: 659
B<< MCTS: 10001 simulation done, duration: 669
B<< MCTS: 10001 simulation done, duration: 671
B<< MCTS: 10001 simulation done, duration: 676
B<< MCTS: 10001 simulation done, duration: 717
B<< MCTS: 10001 simulation done, duration: 825
B<< MCTS: 10001 simulation done, duration: 829
B<< = C9
B<< 
W>> play B C9
W<< = 
W<< 
W>> genmove w
W<< MCTS: 10001 simulation done, duration: 526
W<< MCTS: 10001 simulation done, duration: 641
W<< MCTS: 10001 simulation done, duration: 698
W<< MCTS: 10001 simulation done, duration: 713
W<< MCTS: 10001 simulation done, duration: 742
W<< MCTS: 10001 simulation done, duration: 788
W<< MCTS: 10001 simulation done, duration: 790
W<< MCTS: 10001 simulation done, duration: 799
W<< MCTS: 10001 simulation done, duration: 800
W<< MCTS: 10001 simulation done, duration: 823
W<< MCTS: 10001 simulation done, duration: 780
W<< MCTS: 10001 simulation done, duration: 827
W<< MCTS: 10001 simulation done, duration: 831
W<< MCTS: 10001 simulation done, duration: 832
W<< MCTS: 10001 simulation done, duration: 838
W<< MCTS: 10001 simulation done, duration: 807
W<< MCTS: 10001 simulation done, duration: 854
W<< MCTS: 10001 simulation done, duration: 820
W<< MCTS: 10001 simulation done, duration: 823
W<< MCTS: 10001 simulation done, duration: 869
W<< MCTS: 10001 simulation done, duration: 870
W<< MCTS: 10001 simulation done, duration: 876
W<< MCTS: 10001 simulation done, duration: 892
W<< MCTS: 10001 simulation done, duration: 893
W<< MCTS: 10001 simulation done, duration: 891
W<< MCTS: 10001 simulation done, duration: 854
W<< MCTS: 10001 simulation done, duration: 895
W<< MCTS: 10001 simulation done, duration: 898
W<< MCTS: 10001 simulation done, duration: 878
W<< MCTS: 10001 simulation done, duration: 904
W<< MCTS: 10001 simulation done, duration: 907
W<< MCTS: 10001 simulation done, duration: 870
W<< = H2
W<< 
B>> play W H2
B<< = 
B<< 
B>> genmove b
B<< MCTS: 10001 simulation done, duration: 532
B<< MCTS: 10001 simulation done, duration: 533
B<< MCTS: 10001 simulation done, duration: 539
B<< MCTS: 10001 simulation done, duration: 541
B<< MCTS: 10001 simulation done, duration: 541
B<< MCTS: 10001 simulation done, duration: 542
B<< MCTS: 10001 simulation done, duration: 562
B<< MCTS: 10001 simulation done, duration: 564
B<< MCTS: 10001 simulation done, duration: 576
B<< MCTS: 10001 simulation done, duration: 582
B<< MCTS: 10001 simulation done, duration: 583
B<< MCTS: 10001 simulation done, duration: 606
B<< MCTS: 10001 simulation done, duration: 607
B<< MCTS: 10001 simulation done, duration: 622
B<< MCTS: 10001 simulation done, duration: 712
B<< MCTS: 10001 simulation done, duration: 712
B<< = F2
B<< 
W>> play B F2
W<< = 
W<< 
W>> genmove w
W<< MCTS: 10001 simulation done, duration: 464
W<< MCTS: 10001 simulation done, duration: 469
W<< MCTS: 10001 simulation done, duration: 673
W<< MCTS: 10001 simulation done, duration: 658
W<< MCTS: 10001 simulation done, duration: 687
W<< MCTS: 10001 simulation done, duration: 771
W<< MCTS: 10001 simulation done, duration: 756
W<< MCTS: 10001 simulation done, duration: 805
W<< MCTS: 10001 simulation done, duration: 810
W<< MCTS: 10001 simulation done, duration: 821
W<< MCTS: 10001 simulation done, duration: 821
W<< MCTS: 10001 simulation done, duration: 833
W<< MCTS: 10001 simulation done, duration: 826
W<< MCTS: 10001 simulation done, duration: 840
W<< MCTS: 10001 simulation done, duration: 803
W<< MCTS: 10001 simulation done, duration: 839
W<< MCTS: 10001 simulation done, duration: 809
W<< MCTS: 10001 simulation done, duration: 854
W<< MCTS: 10001 simulation done, duration: 857
W<< MCTS: 10001 simulation done, duration: 859
W<< MCTS: 10001 simulation done, duration: 858
W<< MCTS: 10001 simulation done, duration: 870
W<< MCTS: 10001 simulation done, duration: 849
W<< MCTS: 10001 simulation done, duration: 877
W<< MCTS: 10001 simulation done, duration: 870
W<< MCTS: 10001 simulation done, duration: 881
W<< MCTS: 10001 simulation done, duration: 886
W<< MCTS: 10001 simulation done, duration: 889
W<< MCTS: 10001 simulation done, duration: 857
W<< MCTS: 10001 simulation done, duration: 888
W<< MCTS: 10001 simulation done, duration: 874
W<< MCTS: 10001 simulation done, duration: 864
W<< = G2
W<< 
B>> play W G2
B<< = 
B<< 
B>> genmove b
B<< MCTS: 10001 simulation done, duration: 475
B<< MCTS: 10001 simulation done, duration: 476
B<< MCTS: 10001 simulation done, duration: 476
B<< MCTS: 10001 simulation done, duration: 480
B<< MCTS: 10001 simulation done, duration: 481
B<< MCTS: 10001 simulation done, duration: 482
B<< MCTS: 10001 simulation done, duration: 499
B<< MCTS: 10001 simulation done, duration: 504
B<< MCTS: 10001 simulation done, duration: 512
B<< MCTS: 10001 simulation done, duration: 513
B<< MCTS: 10001 simulation done, duration: 517
B<< MCTS: 10001 simulation done, duration: 517
B<< MCTS: 10001 simulation done, duration: 517
B<< MCTS: 10001 simulation done, duration: 554
B<< MCTS: 10001 simulation done, duration: 632
B<< MCTS: 10001 simulation done, duration: 633
B<< = B7
B<< 
W>> play B B7
W<< = 
W<< 
W>> genmove w
W<< MCTS: 10001 simulation done, duration: 403
W<< MCTS: 10001 simulation done, duration: 450
W<< MCTS: 10001 simulation done, duration: 491
W<< MCTS: 10001 simulation done, duration: 489
W<< MCTS: 10001 simulation done, duration: 674
W<< MCTS: 10001 simulation done, duration: 682
W<< MCTS: 10001 simulation done, duration: 703
W<< MCTS: 10001 simulation done, duration: 712
W<< MCTS: 10001 simulation done, duration: 725
W<< MCTS: 10001 simulation done, duration: 659
W<< MCTS: 10001 simulation done, duration: 677
W<< MCTS: 10001 simulation done, duration: 762
W<< MCTS: 10001 simulation done, duration: 774
W<< MCTS: 10001 simulation done, duration: 766
W<< MCTS: 10001 simulation done, duration: 782
W<< MCTS: 10001 simulation done, duration: 784
W<< MCTS: 10001 simulation done, duration: 790
W<< MCTS: 10001 simulation done, duration: 807
W<< MCTS: 10001 simulation done, duration: 814
W<< MCTS: 10001 simulation done, duration: 770
W<< MCTS: 10001 simulation done, duration: 835
W<< MCTS: 10001 simulation done, duration: 781
W<< MCTS: 10001 simulation done, duration: 794
W<< MCTS: 10001 simulation done, duration: 788
W<< MCTS: 10001 simulation done, duration: 866
W<< MCTS: 10001 simulation done, duration: 778
W<< MCTS: 10001 simulation done, duration: 867
W<< MCTS: 10001 simulation done, duration: 868
W<< MCTS: 10001 simulation done, duration: 871
W<< MCTS: 10001 simulation done, duration: 824
W<< MCTS: 10001 simulation done, duration: 836
W<< MCTS: 10001 simulation done, duration: 873
W<< = D9
W<< 
B>> play W D9
B<< = 
B<< 
B>> genmove b
B<< MCTS: 10001 simulation done, duration: 406
B<< MCTS: 10001 simulation done, duration: 419
B<< MCTS: 10001 simulation done, duration: 421
B<< MCTS: 10001 simulation done, duration: 422
B<< MCTS: 10001 simulation done, duration: 423
B<< MCTS: 10001 simulation done, duration: 425
B<< MCTS: 10001 simulation done, duration: 425
B<< MCTS: 10001 simulation done, duration: 450
B<< MCTS: 10001 simulation done, duration: 454
B<< MCTS: 10001 simulation done, duration: 458
B<< MCTS: 10001 simulation done, duration: 462
B<< MCTS: 10001 simulation done, duration: 468
B<< MCTS: 10001 simulation done, duration: 470
B<< MCTS: 10001 simulation done, duration: 477
B<< MCTS: 10001 simulation done, duration: 525
B<< MCTS: 10001 simulation done, duration: 525
B<< = A6
B<< 
W>> play B A6
W<< = 
W<< 
W>> genmove w
W<< MCTS: 10001 simulation done, duration: 334
W<< MCTS: 10001 simulation done, duration: 443
W<< MCTS: 10001 simulation done, duration: 476
W<< MCTS: 10001 simulation done, duration: 489
W<< MCTS: 10001 simulation done, duration: 497
W<< MCTS: 10001 simulation done, duration: 494
W<< MCTS: 10001 simulation done, duration: 499
W<< MCTS: 10001 simulation done, duration: 516
W<< MCTS: 10001 simulation done, duration: 521
W<< MCTS: 10001 simulation done, duration: 523
W<< MCTS: 10001 simulation done, duration: 534
W<< MCTS: 10001 simulation done, duration: 566
W<< MCTS: 10001 simulation done, duration: 572
W<< MCTS: 10001 simulation done, duration: 567
W<< MCTS: 10001 simulation done, duration: 618
W<< MCTS: 10001 simulation done, duration: 619
W<< MCTS: 10001 simulation done, duration: 643
W<< MCTS: 10001 simulation done, duration: 649
W<< MCTS: 10001 simulation done, duration: 646
W<< MCTS: 10001 simulation done, duration: 647
W<< MCTS: 10001 simulation done, duration: 676
W<< MCTS: 10001 simulation done, duration: 665
W<< MCTS: 10001 simulation done, duration: 670
W<< MCTS: 10001 simulation done, duration: 678
W<< MCTS: 10001 simulation done, duration: 666
W<< MCTS: 10001 simulation done, duration: 674
W<< MCTS: 10001 simulation done, duration: 690
W<< MCTS: 10001 simulation done, duration: 673
W<< MCTS: 10001 simulation done, duration: 687
W<< MCTS: 10001 simulation done, duration: 690
W<< MCTS: 10001 simulation done, duration: 697
W<< MCTS: 10001 simulation done, duration: 688
W<< = J5
W<< 
B>> play W J5
B<< = 
B<< 
B>> genmove b
B<< MCTS: 10001 simulation done, duration: 312
B<< MCTS: 10001 simulation done, duration: 334
B<< MCTS: 10001 simulation done, duration: 359
B<< MCTS: 10001 simulation done, duration: 360
B<< MCTS: 10001 simulation done, duration: 360
B<< MCTS: 10001 simulation done, duration: 361
B<< MCTS: 10001 simulation done, duration: 363
B<< MCTS: 10001 simulation done, duration: 383
B<< MCTS: 10001 simulation done, duration: 386
B<< MCTS: 10001 simulation done, duration: 390
B<< MCTS: 10001 simulation done, duration: 393
B<< MCTS: 10001 simulation done, duration: 394
B<< MCTS: 10001 simulation done, duration: 396
B<< MCTS: 10001 simulation done, duration: 399
B<< MCTS: 10001 simulation done, duration: 422
B<< MCTS: 10001 simulation done, duration: 422
B<< = F8
B<< 
W>> play B F8
W<< = 
W<< 
W>> genmove w
W<< MCTS: 10001 simulation done, duration: 304
W<< MCTS: 10001 simulation done, duration: 307
W<< MCTS: 10001 simulation done, duration: 400
W<< MCTS: 10001 simulation done, duration: 404
W<< MCTS: 10001 simulation done, duration: 419
W<< MCTS: 10001 simulation done, duration: 416
W<< MCTS: 10001 simulation done, duration: 449
W<< MCTS: 10001 simulation done, duration: 465
W<< MCTS: 10001 simulation done, duration: 473
W<< MCTS: 10001 simulation done, duration: 486
W<< MCTS: 10001 simulation done, duration: 491
W<< MCTS: 10001 simulation done, duration: 484
W<< MCTS: 10001 simulation done, duration: 541
W<< MCTS: 10001 simulation done, duration: 549
W<< MCTS: 10001 simulation done, duration: 553
W<< MCTS: 10001 simulation done, duration: 540
W<< MCTS: 10001 simulation done, duration: 566
W<< MCTS: 10001 simulation done, duration: 555
W<< MCTS: 10001 simulation done, duration: 575
W<< MCTS: 10001 simulation done, duration: 584
W<< MCTS: 10001 simulation done, duration: 580
W<< MCTS: 10001 simulation done, duration: 593
W<< MCTS: 10001 simulation done, duration: 591
W<< MCTS: 10001 simulation done, duration: 607
W<< MCTS: 10001 simulation done, duration: 599
W<< MCTS: 10001 simulation done, duration: 598
W<< MCTS: 10001 simulation done, duration: 605
W<< MCTS: 10001 simulation done, duration: 612
W<< MCTS: 10001 simulation done, duration: 617
W<< MCTS: 10001 simulation done, duration: 607
W<< MCTS: 10001 simulation done, duration: 582
W<< MCTS: 10001 simulation done, duration: 628
W<< = A2
W<< 
B>> play W A2
B<< = 
B<< 
B>> genmove b
B<< MCTS: 10001 simulation done, duration: 275
B<< MCTS: 10001 simulation done, duration: 305
B<< MCTS: 10001 simulation done, duration: 306
B<< MCTS: 10001 simulation done, duration: 307
B<< MCTS: 10001 simulation done, duration: 308
B<< MCTS: 10001 simulation done, duration: 313
B<< MCTS: 10001 simulation done, duration: 324
B<< MCTS: 10001 simulation done, duration: 333
B<< MCTS: 10001 simulation done, duration: 335
B<< MCTS: 10001 simulation done, duration: 335
B<< MCTS: 10001 simulation done, duration: 335
B<< MCTS: 10001 simulation done, duration: 340
B<< MCTS: 10001 simulation done, duration: 362
B<< MCTS: 10001 simulation done, duration: 363
B<< MCTS: 10001 simulation done, duration: 364
B<< MCTS: 10001 simulation done, duration: 364
B<< = G3
B<< 
W>> play B G3
W<< = 
W<< 
W>> genmove w
W<< MCTS: 10001 simulation done, duration: 321
W<< MCTS: 10001 simulation done, duration: 407
W<< MCTS: 10001 simulation done, duration: 442
W<< MCTS: 10001 simulation done, duration: 470
W<< MCTS: 10001 simulation done, duration: 470
W<< MCTS: 10001 simulation done, duration: 504
W<< MCTS: 10001 simulation done, duration: 514
W<< MCTS: 10001 simulation done, duration: 507
W<< MCTS: 10001 simulation done, duration: 502
W<< MCTS: 10001 simulation done, duration: 527
W<< MCTS: 10001 simulation done, duration: 529
W<< MCTS: 10001 simulation done, duration: 545
W<< MCTS: 10001 simulation done, duration: 535
W<< MCTS: 10001 simulation done, duration: 552
W<< MCTS: 10001 simulation done, duration: 536
W<< MCTS: 10001 simulation done, duration: 542
W<< MCTS: 10001 simulation done, duration: 544
W<< MCTS: 10001 simulation done, duration: 546
W<< MCTS: 10001 simulation done, duration: 551
W<< MCTS: 10001 simulation done, duration: 563
W<< MCTS: 10001 simulation done, duration: 560
W<< MCTS: 10001 simulation done, duration: 567
W<< MCTS: 10001 simulation done, duration: 564
W<< MCTS: 10001 simulation done, duration: 570
W<< MCTS: 10001 simulation done, duration: 588
W<< MCTS: 10001 simulation done, duration: 573
W<< MCTS: 10001 simulation done, duration: 592
W<< MCTS: 10001 simulation done, duration: 567
W<< MCTS: 10001 simulation done, duration: 576
W<< MCTS: 10001 simulation done, duration: 596
W<< MCTS: 10001 simulation done, duration: 597
W<< MCTS: 10001 simulation done, duration: 569
W<< = D8
W<< 
B>> play W D8
B<< = 
B<< 
B>> genmove b
B<< MCTS: 10001 simulation done, duration: 267
B<< MCTS: 10001 simulation done, duration: 300
B<< MCTS: 10001 simulation done, duration: 319
B<< MCTS: 10001 simulation done, duration: 319
B<< MCTS: 10001 simulation done, duration: 319
B<< MCTS: 10001 simulation done, duration: 321
B<< MCTS: 10001 simulation done, duration: 339
B<< MCTS: 10001 simulation done, duration: 346
B<< MCTS: 10001 simulation done, duration: 348
B<< MCTS: 10001 simulation done, duration: 351
B<< MCTS: 10001 simulation done, duration: 351
B<< MCTS: 10001 simulation done, duration: 352
B<< MCTS: 10001 simulation done, duration: 364
B<< MCTS: 10001 simulation done, duration: 365
B<< MCTS: 10001 simulation done, duration: 379
B<< MCTS: 10001 simulation done, duration: 380
B<< = C6
B<< 
W>> play B C6
W<< = 
W<< 
W>> genmove w
W<< MCTS: 10001 simulation done, duration: 278
W<< MCTS: 10001 simulation done, duration: 282
W<< MCTS: 10001 simulation done, duration: 297
W<< MCTS: 10001 simulation done, duration: 306
W<< MCTS: 10001 simulation done, duration: 330
W<< MCTS: 10001 simulation done, duration: 383
W<< MCTS: 10001 simulation done, duration: 455
W<< MCTS: 10001 simulation done, duration: 452
W<< MCTS: 10001 simulation done, duration: 462
W<< MCTS: 10001 simulation done, duration: 464
W<< MCTS: 10001 simulation done, duration: 480
W<< MCTS: 10001 simulation done, duration: 465
W<< MCTS: 10001 simulation done, duration: 464
W<< MCTS: 10001 simulation done, duration: 506
W<< MCTS: 10001 simulation done, duration: 510
W<< MCTS: 10001 simulation done, duration: 546
W<< MCTS: 10001 simulation done, duration: 547
W<< MCTS: 10001 simulation done, duration: 550
W<< MCTS: 10001 simulation done, duration: 539
W<< MCTS: 10001 simulation done, duration: 538
W<< MCTS: 10001 simulation done, duration: 543
W<< MCTS: 10001 simulation done, duration: 540
W<< MCTS: 10001 simulation done, duration: 557
W<< MCTS: 10001 simulation done, duration: 570
W<< MCTS: 10001 simulation done, duration: 558
W<< MCTS: 10001 simulation done, duration: 559
W<< MCTS: 10001 simulation done, duration: 563
W<< MCTS: 10001 simulation done, duration: 576
W<< MCTS: 10001 simulation done, duration: 563
W<< MCTS: 10001 simulation done, duration: 578
W<< MCTS: 10001 simulation done, duration: 566
W<< MCTS: 10001 simulation done, duration: 581
W<< = H6
W<< 
B>> play W H6
B<< = 
B<< 
B>> genmove b
B<< MCTS: 10001 simulation done, duration: 260
B<< MCTS: 10001 simulation done, duration: 276
B<< MCTS: 10001 simulation done, duration: 304
B<< MCTS: 10001 simulation done, duration: 304
B<< MCTS: 10001 simulation done, duration: 305
B<< MCTS: 10001 simulation done, duration: 307
B<< MCTS: 10001 simulation done, duration: 322
B<< MCTS: 10001 simulation done, duration: 326
B<< MCTS: 10001 simulation done, duration: 330
B<< MCTS: 10001 simulation done, duration: 333
B<< MCTS: 10001 simulation done, duration: 335
B<< MCTS: 10001 simulation done, duration: 336
B<< MCTS: 10001 simulation done, duration: 350
B<< MCTS: 10001 simulation done, duration: 350
B<< MCTS: 10001 simulation done, duration: 358
B<< MCTS: 10001 simulation done, duration: 358
B<< = resign
B<< 
B>> quit
W>> quit
