B<< HollowNoGo-Demo: /home/sciencethebird/Desktop/TCG_2021/Project_4/pj-4-judge-v1/./nogo --shell --name=Hollow-Black --black=search=MCTS N=12000 worker=8 exploration=0.5 
B<< 
B>> protocol_version
B<< = 2
B<< 
B>> name
B<< = Hollow-Black
B<< 
B>> version
B<< = 2021
B<< 
B>> list_commands
B<< = play
B<< genmove
B<< clear_board
B<< showboard
B<< boardsize
B<< name
B<< version
B<< protocol_version
B<< list_commands
B<< quit
B<< 
B<< 
W>> protocol_version
W<< HollowNoGo-Demo: ./nogo --shell --name=Hollow --white=search=MCTS N=12000 worker=8 exploration=0.5 --black=search=MCTS N=12000 worker=8 exploration=0.5 
W<< 
W<< = 2
W<< 
W>> name
W<< = Hollow
W<< 
W>> version
W<< = 2021
W<< 
W>> list_commands
W<< = play
W<< genmove
W<< clear_board
W<< showboard
W<< boardsize
W<< name
W<< version
W<< protocol_version
W<< list_commands
W<< quit
W<< 
W<< 
B>> boardsize 9
B<< = 
B<< 
B>> clear_board
B<< = 
B<< 
W>> boardsize 9
W<< = 
W<< 
W>> clear_board
W<< = 
W<< 
============================================
Game 0
============================================
B>> boardsize 9
B<< = 
B<< 
B>> clear_board
B<< = 
B<< 
W>> boardsize 9
W<< = 
W<< 
W>> clear_board
W<< = 
W<< 
B>> genmove b
B<< MCTS: 12001 simulation done, duration: 1324
B<< MCTS: 12001 simulation done, duration: 1355
B<< MCTS: 12001 simulation done, duration: 1365
B<< MCTS: 12001 simulation done, duration: 1369
B<< MCTS: 12001 simulation done, duration: 1416
B<< MCTS: 12001 simulation done, duration: 1417
B<< MCTS: 12001 simulation done, duration: 1421
B<< MCTS: 12001 simulation done, duration: 1427
B<< action: ;B[ai] , ac: 1415
B<< action: ;B[ah] , ac: 1178
B<< action: ;B[ag] , ac: 1366
B<< action: ;B[af] , ac: 1350
B<< action: ;B[ae] , ac: 1345
B<< action: ;B[ad] , ac: 996
B<< action: ;B[ac] , ac: 1088
B<< action: ;B[ab] , ac: 1807
B<< action: ;B[aa] , ac: 907
B<< action: ;B[bi] , ac: 1758
B<< action: ;B[bh] , ac: 1528
B<< action: ;B[bg] , ac: 1180
B<< action: ;B[bf] , ac: 1068
B<< action: ;B[be] , ac: 1298
B<< action: ;B[bd] , ac: 1492
B<< action: ;B[bc] , ac: 1368
B<< action: ;B[bb] , ac: 1393
B<< action: ;B[ba] , ac: 1670
B<< action: ;B[ci] , ac: 1385
B<< action: ;B[ch] , ac: 1253
B<< action: ;B[cg] , ac: 1379
B<< action: ;B[cf] , ac: 1328
B<< action: ;B[ce] , ac: 1531
B<< action: ;B[cd] , ac: 1113
B<< action: ;B[cc] , ac: 1272
B<< action: ;B[cb] , ac: 989
B<< action: ;B[ca] , ac: 1529
B<< action: ;B[di] , ac: 1252
B<< action: ;B[dh] , ac: 1024
B<< action: ;B[dg] , ac: 1355
B<< action: ;B[dc] , ac: 1525
B<< action: ;B[db] , ac: 1301
B<< action: ;B[da] , ac: 1608
B<< action: ;B[ei] , ac: 1239
B<< action: ;B[eh] , ac: 1109
B<< action: ;B[eg] , ac: 1337
B<< action: ;B[ec] , ac: 1294
B<< action: ;B[eb] , ac: 1367
B<< action: ;B[ea] , ac: 1278
B<< action: ;B[fi] , ac: 1451
B<< action: ;B[fh] , ac: 946
B<< action: ;B[fg] , ac: 1671
B<< action: ;B[fc] , ac: 1343
B<< action: ;B[fb] , ac: 937
B<< action: ;B[fa] , ac: 1222
B<< action: ;B[gi] , ac: 809
B<< action: ;B[gh] , ac: 1329
B<< action: ;B[gg] , ac: 1646
B<< action: ;B[gf] , ac: 1329
B<< action: ;B[ge] , ac: 1173
B<< action: ;B[gd] , ac: 1011
B<< action: ;B[gc] , ac: 1108
B<< action: ;B[gb] , ac: 1517
B<< action: ;B[ga] , ac: 1507
B<< action: ;B[hi] , ac: 1466
B<< action: ;B[hh] , ac: 1072
B<< action: ;B[hg] , ac: 1323
B<< action: ;B[hf] , ac: 1256
B<< action: ;B[he] , ac: 1364
B<< action: ;B[hd] , ac: 1245
B<< action: ;B[hc] , ac: 1461
B<< action: ;B[hb] , ac: 1158
B<< action: ;B[ha] , ac: 2036
B<< action: ;B[ii] , ac: 1553
B<< action: ;B[ih] , ac: 1377
B<< action: ;B[ig] , ac: 1289
B<< action: ;B[if] , ac: 1437
B<< action: ;B[ie] , ac: 993
B<< action: ;B[id] , ac: 1745
B<< action: ;B[ic] , ac: 1160
B<< action: ;B[ib] , ac: 1850
B<< action: ;B[ia] , ac: 1549
B<< = H9
B<< 
W>> play B H9
W<< = 
W<< 
W>> genmove w
W<< MCTS: 12001 simulation done, duration: 1786
W<< MCTS: 12001 simulation done, duration: 1793
W<< MCTS: 12001 simulation done, duration: 1803
W<< MCTS: 12001 simulation done, duration: 1806
W<< MCTS: 12001 simulation done, duration: 1810
W<< MCTS: 12001 simulation done, duration: 1835
W<< MCTS: 12001 simulation done, duration: 1841
W<< MCTS: 12001 simulation done, duration: 1866
W<< action: ;W[ai] , ac: 1238
W<< action: ;W[ah] , ac: 1633
W<< action: ;W[ag] , ac: 1584
W<< action: ;W[af] , ac: 1620
W<< action: ;W[ae] , ac: 1801
W<< action: ;W[ad] , ac: 1259
W<< action: ;W[ac] , ac: 1071
W<< action: ;W[ab] , ac: 1079
W<< action: ;W[aa] , ac: 1393
W<< action: ;W[bi] , ac: 1551
W<< action: ;W[bh] , ac: 1257
W<< action: ;W[bg] , ac: 1206
W<< action: ;W[bf] , ac: 1163
W<< action: ;W[be] , ac: 1525
W<< action: ;W[bd] , ac: 1364
W<< action: ;W[bc] , ac: 1019
W<< action: ;W[bb] , ac: 1791
W<< action: ;W[ba] , ac: 1591
W<< action: ;W[ci] , ac: 1468
W<< action: ;W[ch] , ac: 1288
W<< action: ;W[cg] , ac: 988
W<< action: ;W[cf] , ac: 1475
W<< action: ;W[ce] , ac: 1385
W<< action: ;W[cd] , ac: 1110
W<< action: ;W[cc] , ac: 1582
W<< action: ;W[cb] , ac: 1231
W<< action: ;W[ca] , ac: 1347
W<< action: ;W[di] , ac: 1430
W<< action: ;W[dh] , ac: 1393
W<< action: ;W[dg] , ac: 1030
W<< action: ;W[dc] , ac: 1267
W<< action: ;W[db] , ac: 969
W<< action: ;W[da] , ac: 1278
W<< action: ;W[ei] , ac: 1603
W<< action: ;W[eh] , ac: 1073
W<< action: ;W[eg] , ac: 1427
W<< action: ;W[ec] , ac: 1278
W<< action: ;W[eb] , ac: 794
W<< action: ;W[ea] , ac: 1221
W<< action: ;W[fi] , ac: 1509
W<< action: ;W[fh] , ac: 1132
W<< action: ;W[fg] , ac: 958
W<< action: ;W[fc] , ac: 1384
W<< action: ;W[fb] , ac: 1578
W<< action: ;W[fa] , ac: 1784
W<< action: ;W[gi] , ac: 1647
W<< action: ;W[gh] , ac: 926
W<< action: ;W[gg] , ac: 1884
W<< action: ;W[gf] , ac: 1456
W<< action: ;W[ge] , ac: 1300
W<< action: ;W[gd] , ac: 1629
W<< action: ;W[gc] , ac: 1402
W<< action: ;W[gb] , ac: 1004
W<< action: ;W[ga] , ac: 1437
W<< action: ;W[hi] , ac: 1169
W<< action: ;W[hh] , ac: 1154
W<< action: ;W[hg] , ac: 1441
W<< action: ;W[hf] , ac: 1189
W<< action: ;W[he] , ac: 1295
W<< action: ;W[hd] , ac: 1256
W<< action: ;W[hc] , ac: 1237
W<< action: ;W[hb] , ac: 1306
W<< action: ;W[ii] , ac: 1433
W<< action: ;W[ih] , ac: 1721
W<< action: ;W[ig] , ac: 1427
W<< action: ;W[if] , ac: 1679
W<< action: ;W[ie] , ac: 1334
W<< action: ;W[id] , ac: 1690
W<< action: ;W[ic] , ac: 1097
W<< action: ;W[ib] , ac: 1458
W<< action: ;W[ia] , ac: 1310
W<< = G3
W<< 
B>> play W G3
B<< = 
B<< 
B>> genmove b
B<< MCTS: 12001 simulation done, duration: 1255
B<< MCTS: 12001 simulation done, duration: 1255
B<< MCTS: 12001 simulation done, duration: 1265
B<< MCTS: 12001 simulation done, duration: 1268
B<< MCTS: 12001 simulation done, duration: 1272
B<< MCTS: 12001 simulation done, duration: 1274
B<< MCTS: 12001 simulation done, duration: 1284
B<< MCTS: 12001 simulation done, duration: 1287
B<< action: ;B[ai] , ac: 1506
B<< action: ;B[ah] , ac: 1581
B<< action: ;B[ag] , ac: 1270
B<< action: ;B[af] , ac: 1776
B<< action: ;B[ae] , ac: 969
B<< action: ;B[ad] , ac: 1733
B<< action: ;B[ac] , ac: 1668
B<< action: ;B[ab] , ac: 1362
B<< action: ;B[aa] , ac: 1290
B<< action: ;B[bi] , ac: 1588
B<< action: ;B[bh] , ac: 935
B<< action: ;B[bg] , ac: 1665
B<< action: ;B[bf] , ac: 1746
B<< action: ;B[be] , ac: 1400
B<< action: ;B[bd] , ac: 1113
B<< action: ;B[bc] , ac: 1510
B<< action: ;B[bb] , ac: 1527
B<< action: ;B[ba] , ac: 988
B<< action: ;B[ci] , ac: 1264
B<< action: ;B[ch] , ac: 1767
B<< action: ;B[cg] , ac: 892
B<< action: ;B[cf] , ac: 1552
B<< action: ;B[ce] , ac: 1394
B<< action: ;B[cd] , ac: 1482
B<< action: ;B[cc] , ac: 1239
B<< action: ;B[cb] , ac: 1248
B<< action: ;B[ca] , ac: 1494
B<< action: ;B[di] , ac: 1150
B<< action: ;B[dh] , ac: 960
B<< action: ;B[dg] , ac: 1360
B<< action: ;B[dc] , ac: 1370
B<< action: ;B[db] , ac: 1258
B<< action: ;B[da] , ac: 1509
B<< action: ;B[ei] , ac: 1263
B<< action: ;B[eh] , ac: 1230
B<< action: ;B[eg] , ac: 1164
B<< action: ;B[ec] , ac: 1260
B<< action: ;B[eb] , ac: 1373
B<< action: ;B[ea] , ac: 1273
B<< action: ;B[fi] , ac: 1363
B<< action: ;B[fh] , ac: 934
B<< action: ;B[fg] , ac: 1847
B<< action: ;B[fc] , ac: 1292
B<< action: ;B[fb] , ac: 1003
B<< action: ;B[fa] , ac: 1744
B<< action: ;B[gi] , ac: 1678
B<< action: ;B[gh] , ac: 1604
B<< action: ;B[gf] , ac: 1266
B<< action: ;B[ge] , ac: 1327
B<< action: ;B[gd] , ac: 1278
B<< action: ;B[gc] , ac: 1049
B<< action: ;B[gb] , ac: 1397
B<< action: ;B[ga] , ac: 1068
B<< action: ;B[hi] , ac: 1425
B<< action: ;B[hh] , ac: 1337
B<< action: ;B[hg] , ac: 1366
B<< action: ;B[hf] , ac: 1161
B<< action: ;B[he] , ac: 897
B<< action: ;B[hd] , ac: 977
B<< action: ;B[hc] , ac: 1189
B<< action: ;B[hb] , ac: 1521
B<< action: ;B[ii] , ac: 1195
B<< action: ;B[ih] , ac: 1782
B<< action: ;B[ig] , ac: 1708
B<< action: ;B[if] , ac: 1768
B<< action: ;B[ie] , ac: 1439
B<< action: ;B[id] , ac: 1725
B<< action: ;B[ic] , ac: 1570
B<< action: ;B[ib] , ac: 1426
B<< action: ;B[ia] , ac: 1543
B<< = F3
B<< 
W>> play B F3
W<< = 
W<< 
W>> genmove w
W<< MCTS: 12001 simulation done, duration: 1739
W<< MCTS: 12001 simulation done, duration: 1765
W<< MCTS: 12001 simulation done, duration: 1770
W<< MCTS: 12001 simulation done, duration: 1788
W<< MCTS: 12001 simulation done, duration: 1789
W<< MCTS: 12001 simulation done, duration: 1837
W<< MCTS: 12001 simulation done, duration: 1850
W<< MCTS: 12001 simulation done, duration: 1849
W<< action: ;W[ai] , ac: 2016
W<< action: ;W[ah] , ac: 1278
W<< action: ;W[ag] , ac: 915
W<< action: ;W[af] , ac: 1460
W<< action: ;W[ae] , ac: 1232
W<< action: ;W[ad] , ac: 1533
W<< action: ;W[ac] , ac: 1501
W<< action: ;W[ab] , ac: 1742
W<< action: ;W[aa] , ac: 1872
W<< action: ;W[bi] , ac: 1252
W<< action: ;W[bh] , ac: 1150
W<< action: ;W[bg] , ac: 968
W<< action: ;W[bf] , ac: 1263
W<< action: ;W[be] , ac: 1208
W<< action: ;W[bd] , ac: 1243
W<< action: ;W[bc] , ac: 1607
W<< action: ;W[bb] , ac: 1448
W<< action: ;W[ba] , ac: 1963
W<< action: ;W[ci] , ac: 1203
W<< action: ;W[ch] , ac: 1375
W<< action: ;W[cg] , ac: 1390
W<< action: ;W[cf] , ac: 1577
W<< action: ;W[ce] , ac: 972
W<< action: ;W[cd] , ac: 1475
W<< action: ;W[cc] , ac: 1259
W<< action: ;W[cb] , ac: 1071
W<< action: ;W[ca] , ac: 1596
W<< action: ;W[di] , ac: 1430
W<< action: ;W[dh] , ac: 1331
W<< action: ;W[dg] , ac: 1462
W<< action: ;W[dc] , ac: 1315
W<< action: ;W[db] , ac: 1181
W<< action: ;W[da] , ac: 1293
W<< action: ;W[ei] , ac: 1240
W<< action: ;W[eh] , ac: 1263
W<< action: ;W[eg] , ac: 1616
W<< action: ;W[ec] , ac: 1330
W<< action: ;W[eb] , ac: 1352
W<< action: ;W[ea] , ac: 1177
W<< action: ;W[fi] , ac: 1281
W<< action: ;W[fh] , ac: 1489
W<< action: ;W[fc] , ac: 1561
W<< action: ;W[fb] , ac: 1093
W<< action: ;W[fa] , ac: 1540
W<< action: ;W[gi] , ac: 1716
W<< action: ;W[gh] , ac: 1500
W<< action: ;W[gf] , ac: 1346
W<< action: ;W[ge] , ac: 1854
W<< action: ;W[gd] , ac: 1535
W<< action: ;W[gc] , ac: 1704
W<< action: ;W[gb] , ac: 1321
W<< action: ;W[ga] , ac: 1693
W<< action: ;W[hi] , ac: 1588
W<< action: ;W[hh] , ac: 1107
W<< action: ;W[hg] , ac: 1064
W<< action: ;W[hf] , ac: 1225
W<< action: ;W[he] , ac: 1425
W<< action: ;W[hd] , ac: 1204
W<< action: ;W[hc] , ac: 1384
W<< action: ;W[hb] , ac: 1277
W<< action: ;W[ii] , ac: 1143
W<< action: ;W[ih] , ac: 1383
W<< action: ;W[ig] , ac: 1102
W<< action: ;W[if] , ac: 1756
W<< action: ;W[ie] , ac: 1607
W<< action: ;W[id] , ac: 1310
W<< action: ;W[ic] , ac: 1414
W<< action: ;W[ib] , ac: 1205
W<< action: ;W[ia] , ac: 1622
W<< = A1
W<< 
B>> play W A1
B<< = 
B<< 
B>> genmove b
B<< MCTS: 12001 simulation done, duration: 1239
B<< MCTS: 12001 simulation done, duration: 1246
B<< MCTS: 12001 simulation done, duration: 1253
B<< MCTS: 12001 simulation done, duration: 1253
B<< MCTS: 12001 simulation done, duration: 1258
B<< MCTS: 12001 simulation done, duration: 1259
B<< MCTS: 12001 simulation done, duration: 1297
B<< MCTS: 12001 simulation done, duration: 1310
B<< action: ;B[ah] , ac: 1042
B<< action: ;B[ag] , ac: 1363
B<< action: ;B[af] , ac: 1167
B<< action: ;B[ae] , ac: 1991
B<< action: ;B[ad] , ac: 1350
B<< action: ;B[ac] , ac: 1563
B<< action: ;B[ab] , ac: 1427
B<< action: ;B[aa] , ac: 1583
B<< action: ;B[bi] , ac: 1661
B<< action: ;B[bh] , ac: 1006
B<< action: ;B[bg] , ac: 1584
B<< action: ;B[bf] , ac: 1091
B<< action: ;B[be] , ac: 1164
B<< action: ;B[bd] , ac: 1258
B<< action: ;B[bc] , ac: 1206
B<< action: ;B[bb] , ac: 1580
B<< action: ;B[ba] , ac: 1557
B<< action: ;B[ci] , ac: 1440
B<< action: ;B[ch] , ac: 1217
B<< action: ;B[cg] , ac: 1385
B<< action: ;B[cf] , ac: 1209
B<< action: ;B[ce] , ac: 1641
B<< action: ;B[cd] , ac: 1720
B<< action: ;B[cc] , ac: 1318
B<< action: ;B[cb] , ac: 1434
B<< action: ;B[ca] , ac: 1478
B<< action: ;B[di] , ac: 1311
B<< action: ;B[dh] , ac: 1223
B<< action: ;B[dg] , ac: 1153
B<< action: ;B[dc] , ac: 1385
B<< action: ;B[db] , ac: 1047
B<< action: ;B[da] , ac: 1363
B<< action: ;B[ei] , ac: 1403
B<< action: ;B[eh] , ac: 1454
B<< action: ;B[eg] , ac: 1303
B<< action: ;B[ec] , ac: 967
B<< action: ;B[eb] , ac: 1347
B<< action: ;B[ea] , ac: 1634
B<< action: ;B[fi] , ac: 2072
B<< action: ;B[fh] , ac: 1122
B<< action: ;B[fc] , ac: 1234
B<< action: ;B[fb] , ac: 1952
B<< action: ;B[fa] , ac: 1945
B<< action: ;B[gi] , ac: 1286
B<< action: ;B[gh] , ac: 1146
B<< action: ;B[gf] , ac: 1820
B<< action: ;B[ge] , ac: 1578
B<< action: ;B[gd] , ac: 1494
B<< action: ;B[gc] , ac: 1467
B<< action: ;B[gb] , ac: 1593
B<< action: ;B[ga] , ac: 1562
B<< action: ;B[hi] , ac: 1697
B<< action: ;B[hh] , ac: 1042
B<< action: ;B[hg] , ac: 1416
B<< action: ;B[hf] , ac: 1536
B<< action: ;B[he] , ac: 1153
B<< action: ;B[hd] , ac: 1138
B<< action: ;B[hc] , ac: 1536
B<< action: ;B[hb] , ac: 1255
B<< action: ;B[ii] , ac: 1359
B<< action: ;B[ih] , ac: 1653
B<< action: ;B[ig] , ac: 1044
B<< action: ;B[if] , ac: 1155
B<< action: ;B[ie] , ac: 1692
B<< action: ;B[id] , ac: 1955
B<< action: ;B[ic] , ac: 1395
B<< action: ;B[ib] , ac: 1725
B<< action: ;B[ia] , ac: 961
B<< = F1
B<< 
W>> play B F1
W<< = 
W<< 
W>> genmove w
W<< MCTS: 12001 simulation done, duration: 1724
W<< MCTS: 12001 simulation done, duration: 1728
W<< MCTS: 12001 simulation done, duration: 1729
W<< MCTS: 12001 simulation done, duration: 1741
W<< MCTS: 12001 simulation done, duration: 1751
W<< MCTS: 12001 simulation done, duration: 1760
W<< MCTS: 12001 simulation done, duration: 1823
W<< MCTS: 12001 simulation done, duration: 1830
W<< action: ;W[ah] , ac: 1247
W<< action: ;W[ag] , ac: 1653
W<< action: ;W[af] , ac: 1408
W<< action: ;W[ae] , ac: 1608
W<< action: ;W[ad] , ac: 1550
W<< action: ;W[ac] , ac: 1197
W<< action: ;W[ab] , ac: 1241
W<< action: ;W[aa] , ac: 1728
W<< action: ;W[bi] , ac: 1177
W<< action: ;W[bh] , ac: 1482
W<< action: ;W[bg] , ac: 1310
W<< action: ;W[bf] , ac: 1434
W<< action: ;W[be] , ac: 1359
W<< action: ;W[bd] , ac: 1512
W<< action: ;W[bc] , ac: 1220
W<< action: ;W[bb] , ac: 1333
W<< action: ;W[ba] , ac: 1844
W<< action: ;W[ci] , ac: 1477
W<< action: ;W[ch] , ac: 1179
W<< action: ;W[cg] , ac: 1172
W<< action: ;W[cf] , ac: 1574
W<< action: ;W[ce] , ac: 1555
W<< action: ;W[cd] , ac: 1645
W<< action: ;W[cc] , ac: 1729
W<< action: ;W[cb] , ac: 1328
W<< action: ;W[ca] , ac: 1605
W<< action: ;W[di] , ac: 1293
W<< action: ;W[dh] , ac: 1377
W<< action: ;W[dg] , ac: 1163
W<< action: ;W[dc] , ac: 1500
W<< action: ;W[db] , ac: 1588
W<< action: ;W[da] , ac: 1371
W<< action: ;W[ei] , ac: 1118
W<< action: ;W[eh] , ac: 1223
W<< action: ;W[eg] , ac: 1636
W<< action: ;W[ec] , ac: 1275
W<< action: ;W[eb] , ac: 966
W<< action: ;W[ea] , ac: 1557
W<< action: ;W[fh] , ac: 1124
W<< action: ;W[fc] , ac: 1567
W<< action: ;W[fb] , ac: 1025
W<< action: ;W[fa] , ac: 1234
W<< action: ;W[gi] , ac: 1680
W<< action: ;W[gh] , ac: 1036
W<< action: ;W[gf] , ac: 1125
W<< action: ;W[ge] , ac: 1666
W<< action: ;W[gd] , ac: 1252
W<< action: ;W[gc] , ac: 1366
W<< action: ;W[gb] , ac: 1412
W<< action: ;W[ga] , ac: 1465
W<< action: ;W[hi] , ac: 2051
W<< action: ;W[hh] , ac: 1549
W<< action: ;W[hg] , ac: 1625
W<< action: ;W[hf] , ac: 1617
W<< action: ;W[he] , ac: 1343
W<< action: ;W[hd] , ac: 1484
W<< action: ;W[hc] , ac: 1204
W<< action: ;W[hb] , ac: 1174
W<< action: ;W[ii] , ac: 1696
W<< action: ;W[ih] , ac: 1646
W<< action: ;W[ig] , ac: 1666
W<< action: ;W[if] , ac: 1732
W<< action: ;W[ie] , ac: 2031
W<< action: ;W[id] , ac: 1423
W<< action: ;W[ic] , ac: 1393
W<< action: ;W[ib] , ac: 1353
W<< action: ;W[ia] , ac: 1435
W<< = H1
W<< 
B>> play W H1
B<< = 
B<< 
B>> genmove b
B<< MCTS: 12001 simulation done, duration: 1186
B<< MCTS: 12001 simulation done, duration: 1189
B<< MCTS: 12001 simulation done, duration: 1191
B<< MCTS: 12001 simulation done, duration: 1197
B<< MCTS: 12001 simulation done, duration: 1201
B<< MCTS: 12001 simulation done, duration: 1201
B<< MCTS: 12001 simulation done, duration: 1211
B<< MCTS: 12001 simulation done, duration: 1211
B<< action: ;B[ah] , ac: 1167
B<< action: ;B[ag] , ac: 1006
B<< action: ;B[af] , ac: 1683
B<< action: ;B[ae] , ac: 2069
B<< action: ;B[ad] , ac: 1686
B<< action: ;B[ac] , ac: 1311
B<< action: ;B[ab] , ac: 1636
B<< action: ;B[aa] , ac: 1798
B<< action: ;B[bi] , ac: 1602
B<< action: ;B[bh] , ac: 1504
B<< action: ;B[bg] , ac: 1177
B<< action: ;B[bf] , ac: 1541
B<< action: ;B[be] , ac: 1266
B<< action: ;B[bd] , ac: 1591
B<< action: ;B[bc] , ac: 1430
B<< action: ;B[bb] , ac: 2016
B<< action: ;B[ba] , ac: 1780
B<< action: ;B[ci] , ac: 1291
B<< action: ;B[ch] , ac: 1239
B<< action: ;B[cg] , ac: 1438
B<< action: ;B[cf] , ac: 1415
B<< action: ;B[ce] , ac: 1328
B<< action: ;B[cd] , ac: 1302
B<< action: ;B[cc] , ac: 1500
B<< action: ;B[cb] , ac: 1458
B<< action: ;B[ca] , ac: 1323
B<< action: ;B[di] , ac: 1139
B<< action: ;B[dh] , ac: 1667
B<< action: ;B[dg] , ac: 1571
B<< action: ;B[dc] , ac: 1306
B<< action: ;B[db] , ac: 1072
B<< action: ;B[da] , ac: 1155
B<< action: ;B[ei] , ac: 1149
B<< action: ;B[eh] , ac: 1504
B<< action: ;B[eg] , ac: 1005
B<< action: ;B[ec] , ac: 1869
B<< action: ;B[eb] , ac: 949
B<< action: ;B[ea] , ac: 1856
B<< action: ;B[fh] , ac: 861
B<< action: ;B[fc] , ac: 1380
B<< action: ;B[fb] , ac: 2034
B<< action: ;B[fa] , ac: 1430
B<< action: ;B[gi] , ac: 1020
B<< action: ;B[gh] , ac: 1063
B<< action: ;B[gf] , ac: 1483
B<< action: ;B[ge] , ac: 1810
B<< action: ;B[gd] , ac: 1510
B<< action: ;B[gc] , ac: 1657
B<< action: ;B[gb] , ac: 1190
B<< action: ;B[ga] , ac: 1618
B<< action: ;B[hh] , ac: 1144
B<< action: ;B[hg] , ac: 994
B<< action: ;B[hf] , ac: 1206
B<< action: ;B[he] , ac: 1287
B<< action: ;B[hd] , ac: 1610
B<< action: ;B[hc] , ac: 1438
B<< action: ;B[hb] , ac: 1306
B<< action: ;B[ii] , ac: 2029
B<< action: ;B[ih] , ac: 1345
B<< action: ;B[ig] , ac: 1611
B<< action: ;B[if] , ac: 1841
B<< action: ;B[ie] , ac: 1678
B<< action: ;B[id] , ac: 1399
B<< action: ;B[ic] , ac: 1662
B<< action: ;B[ib] , ac: 1872
B<< action: ;B[ia] , ac: 1731
B<< = A5
B<< 
W>> play B A5
W<< = 
W<< 
W>> genmove w
W<< MCTS: 12001 simulation done, duration: 1666
W<< MCTS: 12001 simulation done, duration: 1668
W<< MCTS: 12001 simulation done, duration: 1684
W<< MCTS: 12001 simulation done, duration: 1685
W<< MCTS: 12001 simulation done, duration: 1687
W<< MCTS: 12001 simulation done, duration: 1709
W<< MCTS: 12001 simulation done, duration: 1744
W<< MCTS: 12001 simulation done, duration: 1767
W<< action: ;W[ah] , ac: 1339
W<< action: ;W[ag] , ac: 2007
W<< action: ;W[af] , ac: 1338
W<< action: ;W[ad] , ac: 1554
W<< action: ;W[ac] , ac: 1198
W<< action: ;W[ab] , ac: 1219
W<< action: ;W[aa] , ac: 1798
W<< action: ;W[bi] , ac: 1441
W<< action: ;W[bh] , ac: 1467
W<< action: ;W[bg] , ac: 1164
W<< action: ;W[bf] , ac: 1879
W<< action: ;W[be] , ac: 1007
W<< action: ;W[bd] , ac: 1495
W<< action: ;W[bc] , ac: 1234
W<< action: ;W[bb] , ac: 1266
W<< action: ;W[ba] , ac: 1181
W<< action: ;W[ci] , ac: 2067
W<< action: ;W[ch] , ac: 1407
W<< action: ;W[cg] , ac: 1114
W<< action: ;W[cf] , ac: 1112
W<< action: ;W[ce] , ac: 1588
W<< action: ;W[cd] , ac: 1365
W<< action: ;W[cc] , ac: 2002
W<< action: ;W[cb] , ac: 1506
W<< action: ;W[ca] , ac: 1298
W<< action: ;W[di] , ac: 1316
W<< action: ;W[dh] , ac: 1107
W<< action: ;W[dg] , ac: 1626
W<< action: ;W[dc] , ac: 1376
W<< action: ;W[db] , ac: 1376
W<< action: ;W[da] , ac: 1675
W<< action: ;W[ei] , ac: 1996
W<< action: ;W[eh] , ac: 1352
W<< action: ;W[eg] , ac: 1757
W<< action: ;W[ec] , ac: 1679
W<< action: ;W[eb] , ac: 1161
W<< action: ;W[ea] , ac: 1818
W<< action: ;W[fh] , ac: 937
W<< action: ;W[fc] , ac: 1663
W<< action: ;W[fb] , ac: 1728
W<< action: ;W[fa] , ac: 1737
W<< action: ;W[gi] , ac: 1134
W<< action: ;W[gh] , ac: 1481
W<< action: ;W[gf] , ac: 1360
W<< action: ;W[ge] , ac: 1599
W<< action: ;W[gd] , ac: 1880
W<< action: ;W[gc] , ac: 1581
W<< action: ;W[gb] , ac: 1257
W<< action: ;W[ga] , ac: 1433
W<< action: ;W[hh] , ac: 1871
W<< action: ;W[hg] , ac: 1266
W<< action: ;W[hf] , ac: 1516
W<< action: ;W[he] , ac: 1520
W<< action: ;W[hd] , ac: 1288
W<< action: ;W[hc] , ac: 1290
W<< action: ;W[hb] , ac: 1566
W<< action: ;W[ii] , ac: 1186
W<< action: ;W[ih] , ac: 1898
W<< action: ;W[ig] , ac: 1607
W<< action: ;W[if] , ac: 1845
W<< action: ;W[ie] , ac: 1463
W<< action: ;W[id] , ac: 1555
W<< action: ;W[ic] , ac: 1309
W<< action: ;W[ib] , ac: 1294
W<< action: ;W[ia] , ac: 1459
W<< = C1
W<< 
B>> play W C1
B<< = 
B<< 
B>> genmove b
B<< MCTS: 12001 simulation done, duration: 1173
B<< MCTS: 12001 simulation done, duration: 1177
B<< MCTS: 12001 simulation done, duration: 1180
B<< MCTS: 12001 simulation done, duration: 1192
B<< MCTS: 12001 simulation done, duration: 1194
B<< MCTS: 12001 simulation done, duration: 1196
B<< MCTS: 12001 simulation done, duration: 1197
B<< MCTS: 12001 simulation done, duration: 1202
B<< action: ;B[ah] , ac: 1511
B<< action: ;B[ag] , ac: 1641
B<< action: ;B[af] , ac: 922
B<< action: ;B[ad] , ac: 1233
B<< action: ;B[ac] , ac: 1408
B<< action: ;B[ab] , ac: 1694
B<< action: ;B[aa] , ac: 1896
B<< action: ;B[bi] , ac: 1294
B<< action: ;B[bh] , ac: 1979
B<< action: ;B[bg] , ac: 1419
B<< action: ;B[bf] , ac: 1251
B<< action: ;B[be] , ac: 1091
B<< action: ;B[bd] , ac: 1279
B<< action: ;B[bc] , ac: 1144
B<< action: ;B[bb] , ac: 1756
B<< action: ;B[ba] , ac: 1296
B<< action: ;B[ch] , ac: 1131
B<< action: ;B[cg] , ac: 1596
B<< action: ;B[cf] , ac: 1820
B<< action: ;B[ce] , ac: 1823
B<< action: ;B[cd] , ac: 1725
B<< action: ;B[cc] , ac: 1489
B<< action: ;B[cb] , ac: 1804
B<< action: ;B[ca] , ac: 1821
B<< action: ;B[di] , ac: 1413
B<< action: ;B[dh] , ac: 1360
B<< action: ;B[dg] , ac: 1297
B<< action: ;B[dc] , ac: 1573
B<< action: ;B[db] , ac: 1562
B<< action: ;B[da] , ac: 1686
B<< action: ;B[ei] , ac: 1184
B<< action: ;B[eh] , ac: 1738
B<< action: ;B[eg] , ac: 1190
B<< action: ;B[ec] , ac: 1792
B<< action: ;B[eb] , ac: 1356
B<< action: ;B[ea] , ac: 1287
B<< action: ;B[fh] , ac: 1002
B<< action: ;B[fc] , ac: 2155
B<< action: ;B[fb] , ac: 1761
B<< action: ;B[fa] , ac: 1944
B<< action: ;B[gi] , ac: 1599
B<< action: ;B[gh] , ac: 1454
B<< action: ;B[gf] , ac: 1396
B<< action: ;B[ge] , ac: 1821
B<< action: ;B[gd] , ac: 1417
B<< action: ;B[gc] , ac: 1591
B<< action: ;B[gb] , ac: 1570
B<< action: ;B[ga] , ac: 1360
B<< action: ;B[hh] , ac: 1385
B<< action: ;B[hg] , ac: 1343
B<< action: ;B[hf] , ac: 1330
B<< action: ;B[he] , ac: 1245
B<< action: ;B[hd] , ac: 1307
B<< action: ;B[hc] , ac: 1050
B<< action: ;B[hb] , ac: 1651
B<< action: ;B[ii] , ac: 2705
B<< action: ;B[ih] , ac: 1688
B<< action: ;B[ig] , ac: 1281
B<< action: ;B[if] , ac: 1069
B<< action: ;B[ie] , ac: 1064
B<< action: ;B[id] , ac: 1932
B<< action: ;B[ic] , ac: 1438
B<< action: ;B[ib] , ac: 1557
B<< action: ;B[ia] , ac: 1432
B<< = J1
B<< 
W>> play B J1
W<< = 
W<< 
W>> genmove w
W<< MCTS: 12001 simulation done, duration: 1661
W<< MCTS: 12001 simulation done, duration: 1672
W<< MCTS: 12001 simulation done, duration: 1678
W<< MCTS: 12001 simulation done, duration: 1682
W<< MCTS: 12001 simulation done, duration: 1695
W<< MCTS: 12001 simulation done, duration: 1695
W<< MCTS: 12001 simulation done, duration: 1727
W<< MCTS: 12001 simulation done, duration: 1737
W<< action: ;W[ah] , ac: 1131
W<< action: ;W[ag] , ac: 1519
W<< action: ;W[af] , ac: 1289
W<< action: ;W[ad] , ac: 1249
W<< action: ;W[ac] , ac: 2112
W<< action: ;W[ab] , ac: 1217
W<< action: ;W[aa] , ac: 2137
W<< action: ;W[bi] , ac: 855
W<< action: ;W[bh] , ac: 1846
W<< action: ;W[bg] , ac: 1220
W<< action: ;W[bf] , ac: 1249
W<< action: ;W[be] , ac: 1285
W<< action: ;W[bd] , ac: 1432
W<< action: ;W[bc] , ac: 1519
W<< action: ;W[bb] , ac: 1527
W<< action: ;W[ba] , ac: 1298
W<< action: ;W[ch] , ac: 1452
W<< action: ;W[cg] , ac: 1605
W<< action: ;W[cf] , ac: 1656
W<< action: ;W[ce] , ac: 1676
W<< action: ;W[cd] , ac: 1333
W<< action: ;W[cc] , ac: 1439
W<< action: ;W[cb] , ac: 1517
W<< action: ;W[ca] , ac: 1748
W<< action: ;W[di] , ac: 1790
W<< action: ;W[dh] , ac: 2140
W<< action: ;W[dg] , ac: 1975
W<< action: ;W[dc] , ac: 1618
W<< action: ;W[db] , ac: 1578
W<< action: ;W[da] , ac: 1419
W<< action: ;W[ei] , ac: 1650
W<< action: ;W[eh] , ac: 1120
W<< action: ;W[eg] , ac: 1537
W<< action: ;W[ec] , ac: 1498
W<< action: ;W[eb] , ac: 1461
W<< action: ;W[ea] , ac: 1835
W<< action: ;W[fh] , ac: 733
W<< action: ;W[fc] , ac: 1823
W<< action: ;W[fb] , ac: 1544
W<< action: ;W[fa] , ac: 1311
W<< action: ;W[gi] , ac: 1723
W<< action: ;W[gh] , ac: 1426
W<< action: ;W[gf] , ac: 1296
W<< action: ;W[ge] , ac: 1850
W<< action: ;W[gd] , ac: 1381
W<< action: ;W[gc] , ac: 1517
W<< action: ;W[gb] , ac: 1162
W<< action: ;W[ga] , ac: 1927
W<< action: ;W[hh] , ac: 1475
W<< action: ;W[hg] , ac: 1402
W<< action: ;W[hf] , ac: 1448
W<< action: ;W[he] , ac: 1340
W<< action: ;W[hd] , ac: 1700
W<< action: ;W[hc] , ac: 1421
W<< action: ;W[hb] , ac: 1613
W<< action: ;W[ig] , ac: 2140
W<< action: ;W[if] , ac: 1538
W<< action: ;W[ie] , ac: 1615
W<< action: ;W[id] , ac: 2182
W<< action: ;W[ic] , ac: 1476
W<< action: ;W[ib] , ac: 1858
W<< action: ;W[ia] , ac: 2175
W<< = J6
W<< 
B>> play W J6
B<< = 
B<< 
B>> genmove b
B<< MCTS: 12001 simulation done, duration: 1162
B<< MCTS: 12001 simulation done, duration: 1194
B<< MCTS: 12001 simulation done, duration: 1195
B<< MCTS: 12001 simulation done, duration: 1198
B<< MCTS: 12001 simulation done, duration: 1204
B<< MCTS: 12001 simulation done, duration: 1205
B<< MCTS: 12001 simulation done, duration: 1263
B<< MCTS: 12001 simulation done, duration: 1266
B<< action: ;B[ah] , ac: 1762
B<< action: ;B[ag] , ac: 1835
B<< action: ;B[af] , ac: 1269
B<< action: ;B[ad] , ac: 1670
B<< action: ;B[ac] , ac: 2548
B<< action: ;B[ab] , ac: 1981
B<< action: ;B[aa] , ac: 1865
B<< action: ;B[bi] , ac: 1156
B<< action: ;B[bh] , ac: 1533
B<< action: ;B[bg] , ac: 1808
B<< action: ;B[bf] , ac: 1439
B<< action: ;B[be] , ac: 968
B<< action: ;B[bd] , ac: 1262
B<< action: ;B[bc] , ac: 1685
B<< action: ;B[bb] , ac: 1755
B<< action: ;B[ba] , ac: 2198
B<< action: ;B[ch] , ac: 1323
B<< action: ;B[cg] , ac: 1486
B<< action: ;B[cf] , ac: 1002
B<< action: ;B[ce] , ac: 1787
B<< action: ;B[cd] , ac: 1837
B<< action: ;B[cc] , ac: 1439
B<< action: ;B[cb] , ac: 1432
B<< action: ;B[ca] , ac: 1873
B<< action: ;B[di] , ac: 2066
B<< action: ;B[dh] , ac: 1515
B<< action: ;B[dg] , ac: 1263
B<< action: ;B[dc] , ac: 2060
B<< action: ;B[db] , ac: 1438
B<< action: ;B[da] , ac: 1897
B<< action: ;B[ei] , ac: 1155
B<< action: ;B[eh] , ac: 1776
B<< action: ;B[eg] , ac: 1380
B<< action: ;B[ec] , ac: 1752
B<< action: ;B[eb] , ac: 1297
B<< action: ;B[ea] , ac: 1598
B<< action: ;B[fh] , ac: 1284
B<< action: ;B[fc] , ac: 1005
B<< action: ;B[fb] , ac: 1343
B<< action: ;B[fa] , ac: 1883
B<< action: ;B[gi] , ac: 1292
B<< action: ;B[gh] , ac: 1549
B<< action: ;B[gf] , ac: 1293
B<< action: ;B[ge] , ac: 1163
B<< action: ;B[gd] , ac: 1659
B<< action: ;B[gc] , ac: 1565
B<< action: ;B[gb] , ac: 1618
B<< action: ;B[ga] , ac: 1327
B<< action: ;B[hh] , ac: 1255
B<< action: ;B[hg] , ac: 1286
B<< action: ;B[hf] , ac: 1730
B<< action: ;B[he] , ac: 1222
B<< action: ;B[hd] , ac: 1214
B<< action: ;B[hc] , ac: 1747
B<< action: ;B[hb] , ac: 1395
B<< action: ;B[ih] , ac: 1250
B<< action: ;B[ig] , ac: 1651
B<< action: ;B[if] , ac: 1481
B<< action: ;B[ie] , ac: 1272
B<< action: ;B[ic] , ac: 1451
B<< action: ;B[ib] , ac: 2254
B<< action: ;B[ia] , ac: 1709
B<< = A7
B<< 
W>> play B A7
W<< = 
W<< 
W>> genmove w
W<< MCTS: 12001 simulation done, duration: 1618
W<< MCTS: 12001 simulation done, duration: 1635
W<< MCTS: 12001 simulation done, duration: 1635
W<< MCTS: 12001 simulation done, duration: 1642
W<< MCTS: 12001 simulation done, duration: 1655
W<< MCTS: 12001 simulation done, duration: 1659
W<< MCTS: 12001 simulation done, duration: 1669
W<< MCTS: 12001 simulation done, duration: 1746
W<< action: ;W[ah] , ac: 1661
W<< action: ;W[ag] , ac: 1183
W<< action: ;W[af] , ac: 2053
W<< action: ;W[ad] , ac: 1595
W<< action: ;W[ab] , ac: 1234
W<< action: ;W[aa] , ac: 2270
W<< action: ;W[bi] , ac: 888
W<< action: ;W[bh] , ac: 1656
W<< action: ;W[bg] , ac: 1975
W<< action: ;W[bf] , ac: 1428
W<< action: ;W[be] , ac: 1603
W<< action: ;W[bd] , ac: 1583
W<< action: ;W[bc] , ac: 1410
W<< action: ;W[bb] , ac: 1378
W<< action: ;W[ba] , ac: 1865
W<< action: ;W[ch] , ac: 1251
W<< action: ;W[cg] , ac: 1667
W<< action: ;W[cf] , ac: 1376
W<< action: ;W[ce] , ac: 1547
W<< action: ;W[cd] , ac: 1665
W<< action: ;W[cc] , ac: 1799
W<< action: ;W[cb] , ac: 1254
W<< action: ;W[ca] , ac: 1274
W<< action: ;W[di] , ac: 1156
W<< action: ;W[dh] , ac: 2153
W<< action: ;W[dg] , ac: 1990
W<< action: ;W[dc] , ac: 1655
W<< action: ;W[db] , ac: 1684
W<< action: ;W[da] , ac: 1566
W<< action: ;W[ei] , ac: 2052
W<< action: ;W[eh] , ac: 1340
W<< action: ;W[eg] , ac: 2195
W<< action: ;W[ec] , ac: 1718
W<< action: ;W[eb] , ac: 1454
W<< action: ;W[ea] , ac: 1841
W<< action: ;W[fh] , ac: 689
W<< action: ;W[fc] , ac: 2251
W<< action: ;W[fb] , ac: 1484
W<< action: ;W[fa] , ac: 1218
W<< action: ;W[gi] , ac: 1897
W<< action: ;W[gh] , ac: 818
W<< action: ;W[gf] , ac: 1454
W<< action: ;W[ge] , ac: 1740
W<< action: ;W[gd] , ac: 1866
W<< action: ;W[gc] , ac: 1472
W<< action: ;W[gb] , ac: 1465
W<< action: ;W[ga] , ac: 1968
W<< action: ;W[hh] , ac: 1842
W<< action: ;W[hg] , ac: 1402
W<< action: ;W[hf] , ac: 1695
W<< action: ;W[he] , ac: 1304
W<< action: ;W[hd] , ac: 1363
W<< action: ;W[hc] , ac: 1561
W<< action: ;W[hb] , ac: 1240
W<< action: ;W[ig] , ac: 1899
W<< action: ;W[if] , ac: 2334
W<< action: ;W[ie] , ac: 837
W<< action: ;W[ic] , ac: 1185
W<< action: ;W[ib] , ac: 2240
W<< action: ;W[ia] , ac: 2365
W<< = J9
W<< 
B>> play W J9
B<< = 
B<< 
B>> genmove b
B<< MCTS: 12001 simulation done, duration: 1150
B<< MCTS: 12001 simulation done, duration: 1155
B<< MCTS: 12001 simulation done, duration: 1158
B<< MCTS: 12001 simulation done, duration: 1163
B<< MCTS: 12001 simulation done, duration: 1175
B<< MCTS: 12001 simulation done, duration: 1179
B<< MCTS: 12001 simulation done, duration: 1181
B<< MCTS: 12001 simulation done, duration: 1184
B<< action: ;B[ah] , ac: 1641
B<< action: ;B[ag] , ac: 1890
B<< action: ;B[af] , ac: 1644
B<< action: ;B[ad] , ac: 1469
B<< action: ;B[ab] , ac: 1600
B<< action: ;B[aa] , ac: 2040
B<< action: ;B[bi] , ac: 1947
B<< action: ;B[bh] , ac: 1723
B<< action: ;B[bg] , ac: 1607
B<< action: ;B[bf] , ac: 1817
B<< action: ;B[be] , ac: 1985
B<< action: ;B[bd] , ac: 2773
B<< action: ;B[bc] , ac: 1384
B<< action: ;B[bb] , ac: 1597
B<< action: ;B[ba] , ac: 2159
B<< action: ;B[ch] , ac: 1155
B<< action: ;B[cg] , ac: 2195
B<< action: ;B[cf] , ac: 1675
B<< action: ;B[ce] , ac: 1782
B<< action: ;B[cd] , ac: 1574
B<< action: ;B[cc] , ac: 1773
B<< action: ;B[cb] , ac: 1669
B<< action: ;B[ca] , ac: 1595
B<< action: ;B[di] , ac: 2159
B<< action: ;B[dh] , ac: 1704
B<< action: ;B[dg] , ac: 1414
B<< action: ;B[dc] , ac: 1521
B<< action: ;B[db] , ac: 1614
B<< action: ;B[da] , ac: 1996
B<< action: ;B[ei] , ac: 1485
B<< action: ;B[eh] , ac: 1536
B<< action: ;B[eg] , ac: 1539
B<< action: ;B[ec] , ac: 1421
B<< action: ;B[eb] , ac: 1237
B<< action: ;B[ea] , ac: 1309
B<< action: ;B[fh] , ac: 971
B<< action: ;B[fc] , ac: 1728
B<< action: ;B[fb] , ac: 1122
B<< action: ;B[fa] , ac: 1895
B<< action: ;B[gi] , ac: 1472
B<< action: ;B[gh] , ac: 2229
B<< action: ;B[gf] , ac: 1913
B<< action: ;B[ge] , ac: 1323
B<< action: ;B[gd] , ac: 1749
B<< action: ;B[gc] , ac: 1476
B<< action: ;B[gb] , ac: 1869
B<< action: ;B[ga] , ac: 1398
B<< action: ;B[hh] , ac: 1410
B<< action: ;B[hg] , ac: 1145
B<< action: ;B[hf] , ac: 1762
B<< action: ;B[he] , ac: 1280
B<< action: ;B[hd] , ac: 1351
B<< action: ;B[hc] , ac: 1686
B<< action: ;B[hb] , ac: 1268
B<< action: ;B[ih] , ac: 1039
B<< action: ;B[ig] , ac: 1512
B<< action: ;B[if] , ac: 1664
B<< action: ;B[ie] , ac: 1220
B<< action: ;B[ic] , ac: 1897
B<< = B6
B<< 
W>> play B B6
W<< = 
W<< 
W>> genmove w
W<< MCTS: 12001 simulation done, duration: 1661
W<< MCTS: 12001 simulation done, duration: 1668
W<< MCTS: 12001 simulation done, duration: 1667
W<< MCTS: 12001 simulation done, duration: 1676
W<< MCTS: 12001 simulation done, duration: 1687
W<< MCTS: 12001 simulation done, duration: 1704
W<< MCTS: 12001 simulation done, duration: 1708
W<< MCTS: 12001 simulation done, duration: 1830
W<< action: ;W[ah] , ac: 1622
W<< action: ;W[ag] , ac: 2095
W<< action: ;W[af] , ac: 2493
W<< action: ;W[ab] , ac: 2108
W<< action: ;W[aa] , ac: 2221
W<< action: ;W[bi] , ac: 1280
W<< action: ;W[bh] , ac: 2134
W<< action: ;W[bg] , ac: 1273
W<< action: ;W[bf] , ac: 1578
W<< action: ;W[be] , ac: 1789
W<< action: ;W[bc] , ac: 1718
W<< action: ;W[bb] , ac: 1545
W<< action: ;W[ba] , ac: 1601
W<< action: ;W[ch] , ac: 971
W<< action: ;W[cg] , ac: 1579
W<< action: ;W[cf] , ac: 2052
W<< action: ;W[ce] , ac: 2262
W<< action: ;W[cd] , ac: 2017
W<< action: ;W[cc] , ac: 1725
W<< action: ;W[cb] , ac: 1144
W<< action: ;W[ca] , ac: 2356
W<< action: ;W[di] , ac: 1690
W<< action: ;W[dh] , ac: 1917
W<< action: ;W[dg] , ac: 1926
W<< action: ;W[dc] , ac: 1707
W<< action: ;W[db] , ac: 1865
W<< action: ;W[da] , ac: 1656
W<< action: ;W[ei] , ac: 1467
W<< action: ;W[eh] , ac: 1539
W<< action: ;W[eg] , ac: 2248
W<< action: ;W[ec] , ac: 1370
W<< action: ;W[eb] , ac: 1512
W<< action: ;W[ea] , ac: 1957
W<< action: ;W[fh] , ac: 1578
W<< action: ;W[fc] , ac: 1848
W<< action: ;W[fb] , ac: 1301
W<< action: ;W[fa] , ac: 1573
W<< action: ;W[gi] , ac: 1198
W<< action: ;W[gh] , ac: 1258
W<< action: ;W[gf] , ac: 1485
W<< action: ;W[ge] , ac: 1772
W<< action: ;W[gd] , ac: 2449
W<< action: ;W[gc] , ac: 1350
W<< action: ;W[gb] , ac: 1244
W<< action: ;W[ga] , ac: 1978
W<< action: ;W[hh] , ac: 1635
W<< action: ;W[hg] , ac: 1474
W<< action: ;W[hf] , ac: 2071
W<< action: ;W[he] , ac: 1980
W<< action: ;W[hd] , ac: 1400
W<< action: ;W[hc] , ac: 1785
W<< action: ;W[hb] , ac: 1371
W<< action: ;W[ig] , ac: 1493
W<< action: ;W[if] , ac: 1619
W<< action: ;W[ie] , ac: 1229
W<< action: ;W[ic] , ac: 1607
W<< action: ;W[ib] , ac: 893
W<< = A4
W<< 
B>> play W A4
B<< = 
B<< 
B>> genmove b
B<< MCTS: 12001 simulation done, duration: 1136
B<< MCTS: 12001 simulation done, duration: 1138
B<< MCTS: 12001 simulation done, duration: 1144
B<< MCTS: 12001 simulation done, duration: 1152
B<< MCTS: 12001 simulation done, duration: 1153
B<< MCTS: 12001 simulation done, duration: 1154
B<< MCTS: 12001 simulation done, duration: 1188
B<< MCTS: 12001 simulation done, duration: 1203
B<< action: ;B[ah] , ac: 1485
B<< action: ;B[ag] , ac: 1566
B<< action: ;B[ad] , ac: 949
B<< action: ;B[ab] , ac: 1039
B<< action: ;B[aa] , ac: 2442
B<< action: ;B[bi] , ac: 1987
B<< action: ;B[bh] , ac: 1479
B<< action: ;B[bg] , ac: 1606
B<< action: ;B[bf] , ac: 1737
B<< action: ;B[be] , ac: 1445
B<< action: ;B[bc] , ac: 1453
B<< action: ;B[bb] , ac: 1980
B<< action: ;B[ba] , ac: 2411
B<< action: ;B[ch] , ac: 1534
B<< action: ;B[cg] , ac: 1869
B<< action: ;B[cf] , ac: 1796
B<< action: ;B[ce] , ac: 1886
B<< action: ;B[cd] , ac: 1997
B<< action: ;B[cc] , ac: 2901
B<< action: ;B[cb] , ac: 2711
B<< action: ;B[ca] , ac: 1926
B<< action: ;B[di] , ac: 1800
B<< action: ;B[dh] , ac: 1234
B<< action: ;B[dg] , ac: 1581
B<< action: ;B[dc] , ac: 2689
B<< action: ;B[db] , ac: 1823
B<< action: ;B[da] , ac: 2265
B<< action: ;B[ei] , ac: 1084
B<< action: ;B[eh] , ac: 1791
B<< action: ;B[eg] , ac: 1529
B<< action: ;B[ec] , ac: 1906
B<< action: ;B[eb] , ac: 1401
B<< action: ;B[ea] , ac: 1389
B<< action: ;B[fh] , ac: 1200
B<< action: ;B[fc] , ac: 1866
B<< action: ;B[fb] , ac: 1376
B<< action: ;B[fa] , ac: 1564
B<< action: ;B[gi] , ac: 1316
B<< action: ;B[gh] , ac: 2018
B<< action: ;B[gf] , ac: 1916
B<< action: ;B[ge] , ac: 2164
B<< action: ;B[gd] , ac: 1959
B<< action: ;B[gc] , ac: 1427
B<< action: ;B[gb] , ac: 1231
B<< action: ;B[ga] , ac: 1094
B<< action: ;B[hh] , ac: 1566
B<< action: ;B[hg] , ac: 1517
B<< action: ;B[hf] , ac: 1075
B<< action: ;B[he] , ac: 1647
B<< action: ;B[hd] , ac: 1269
B<< action: ;B[hc] , ac: 1344
B<< action: ;B[hb] , ac: 1233
B<< action: ;B[ih] , ac: 1434
B<< action: ;B[ig] , ac: 1119
B<< action: ;B[if] , ac: 2417
B<< action: ;B[ie] , ac: 1491
B<< action: ;B[ic] , ac: 2074
B<< = C7
B<< 
W>> play B C7
W<< = 
W<< 
W>> genmove w
W<< MCTS: 12001 simulation done, duration: 1638
W<< MCTS: 12001 simulation done, duration: 1640
W<< MCTS: 12001 simulation done, duration: 1645
W<< MCTS: 12001 simulation done, duration: 1657
W<< MCTS: 12001 simulation done, duration: 1661
W<< MCTS: 12001 simulation done, duration: 1673
W<< MCTS: 12001 simulation done, duration: 1677
W<< MCTS: 12001 simulation done, duration: 1678
W<< action: ;W[ah] , ac: 1468
W<< action: ;W[ag] , ac: 1443
W<< action: ;W[ab] , ac: 1801
W<< action: ;W[aa] , ac: 2268
W<< action: ;W[bi] , ac: 1204
W<< action: ;W[bh] , ac: 2414
W<< action: ;W[bg] , ac: 1746
W<< action: ;W[bf] , ac: 1594
W<< action: ;W[be] , ac: 1574
W<< action: ;W[bc] , ac: 2123
W<< action: ;W[bb] , ac: 1936
W<< action: ;W[ba] , ac: 1609
W<< action: ;W[ch] , ac: 1001
W<< action: ;W[cg] , ac: 1094
W<< action: ;W[cf] , ac: 2074
W<< action: ;W[ce] , ac: 2283
W<< action: ;W[cd] , ac: 2812
W<< action: ;W[cb] , ac: 2225
W<< action: ;W[ca] , ac: 1768
W<< action: ;W[di] , ac: 1596
W<< action: ;W[dh] , ac: 1830
W<< action: ;W[dg] , ac: 1892
W<< action: ;W[dc] , ac: 2422
W<< action: ;W[db] , ac: 1887
W<< action: ;W[da] , ac: 2430
W<< action: ;W[ei] , ac: 1103
W<< action: ;W[eh] , ac: 1529
W<< action: ;W[eg] , ac: 2026
W<< action: ;W[ec] , ac: 2032
W<< action: ;W[eb] , ac: 1665
W<< action: ;W[ea] , ac: 1884
W<< action: ;W[fh] , ac: 1245
W<< action: ;W[fc] , ac: 2171
W<< action: ;W[fb] , ac: 1515
W<< action: ;W[fa] , ac: 2228
W<< action: ;W[gi] , ac: 1257
W<< action: ;W[gh] , ac: 1255
W<< action: ;W[gf] , ac: 936
W<< action: ;W[ge] , ac: 1922
W<< action: ;W[gd] , ac: 1976
W<< action: ;W[gc] , ac: 2036
W<< action: ;W[gb] , ac: 1398
W<< action: ;W[ga] , ac: 2336
W<< action: ;W[hh] , ac: 1727
W<< action: ;W[hg] , ac: 1264
W<< action: ;W[hf] , ac: 1560
W<< action: ;W[he] , ac: 2182
W<< action: ;W[hd] , ac: 1443
W<< action: ;W[hc] , ac: 1541
W<< action: ;W[hb] , ac: 1271
W<< action: ;W[ig] , ac: 2624
W<< action: ;W[if] , ac: 1851
W<< action: ;W[ie] , ac: 1223
W<< action: ;W[ic] , ac: 1027
W<< action: ;W[ib] , ac: 1287
W<< = C6
W<< 
B>> play W C6
B<< = 
B<< 
B>> genmove b
B<< MCTS: 12001 simulation done, duration: 1119
B<< MCTS: 12001 simulation done, duration: 1120
B<< MCTS: 12001 simulation done, duration: 1123
B<< MCTS: 12001 simulation done, duration: 1138
B<< MCTS: 12001 simulation done, duration: 1144
B<< MCTS: 12001 simulation done, duration: 1145
B<< MCTS: 12001 simulation done, duration: 1154
B<< MCTS: 12001 simulation done, duration: 1168
B<< action: ;B[ah] , ac: 1867
B<< action: ;B[ag] , ac: 1937
B<< action: ;B[ad] , ac: 982
B<< action: ;B[ab] , ac: 1588
B<< action: ;B[aa] , ac: 1690
B<< action: ;B[bi] , ac: 1479
B<< action: ;B[bh] , ac: 1792
B<< action: ;B[bg] , ac: 1735
B<< action: ;B[bf] , ac: 2083
B<< action: ;B[be] , ac: 1589
B<< action: ;B[bc] , ac: 1113
B<< action: ;B[bb] , ac: 3824
B<< action: ;B[ba] , ac: 1693
B<< action: ;B[ch] , ac: 1560
B<< action: ;B[cg] , ac: 2437
B<< action: ;B[cf] , ac: 2738
B<< action: ;B[cb] , ac: 1355
B<< action: ;B[ca] , ac: 1686
B<< action: ;B[di] , ac: 2148
B<< action: ;B[dh] , ac: 2130
B<< action: ;B[dg] , ac: 1626
B<< action: ;B[dc] , ac: 1877
B<< action: ;B[db] , ac: 2162
B<< action: ;B[da] , ac: 2210
B<< action: ;B[ei] , ac: 1317
B<< action: ;B[eh] , ac: 1850
B<< action: ;B[eg] , ac: 1512
B<< action: ;B[ec] , ac: 1576
B<< action: ;B[eb] , ac: 1822
B<< action: ;B[ea] , ac: 1547
B<< action: ;B[fh] , ac: 1231
B<< action: ;B[fc] , ac: 1645
B<< action: ;B[fb] , ac: 2158
B<< action: ;B[fa] , ac: 1972
B<< action: ;B[gi] , ac: 1668
B<< action: ;B[gh] , ac: 1900
B<< action: ;B[gf] , ac: 2103
B<< action: ;B[ge] , ac: 2206
B<< action: ;B[gd] , ac: 1786
B<< action: ;B[gc] , ac: 2005
B<< action: ;B[gb] , ac: 1732
B<< action: ;B[ga] , ac: 1421
B<< action: ;B[hh] , ac: 1735
B<< action: ;B[hg] , ac: 1448
B<< action: ;B[hf] , ac: 1385
B<< action: ;B[he] , ac: 1651
B<< action: ;B[hd] , ac: 1242
B<< action: ;B[hc] , ac: 1601
B<< action: ;B[hb] , ac: 1158
B<< action: ;B[ih] , ac: 1610
B<< action: ;B[ig] , ac: 1629
B<< action: ;B[if] , ac: 1845
B<< action: ;B[ie] , ac: 1985
B<< action: ;B[ic] , ac: 1967
B<< = B8
B<< 
W>> play B B8
W<< = 
W<< 
W>> genmove w
W<< MCTS: 12001 simulation done, duration: 1594
W<< MCTS: 12001 simulation done, duration: 1621
W<< MCTS: 12001 simulation done, duration: 1625
W<< MCTS: 12001 simulation done, duration: 1635
W<< MCTS: 12001 simulation done, duration: 1640
W<< MCTS: 12001 simulation done, duration: 1652
W<< MCTS: 12001 simulation done, duration: 1691
W<< MCTS: 12001 simulation done, duration: 1738
W<< action: ;W[ah] , ac: 1172
W<< action: ;W[ag] , ac: 1501
W<< action: ;W[ab] , ac: 2795
W<< action: ;W[aa] , ac: 2313
W<< action: ;W[bi] , ac: 1293
W<< action: ;W[bh] , ac: 2807
W<< action: ;W[bg] , ac: 1613
W<< action: ;W[bf] , ac: 1543
W<< action: ;W[be] , ac: 1409
W<< action: ;W[ba] , ac: 2510
W<< action: ;W[ch] , ac: 1896
W<< action: ;W[cg] , ac: 2593
W<< action: ;W[cf] , ac: 2065
W<< action: ;W[ce] , ac: 1585
W<< action: ;W[cb] , ac: 1874
W<< action: ;W[ca] , ac: 1922
W<< action: ;W[di] , ac: 1444
W<< action: ;W[dh] , ac: 1801
W<< action: ;W[dg] , ac: 1659
W<< action: ;W[dc] , ac: 2782
W<< action: ;W[db] , ac: 2210
W<< action: ;W[da] , ac: 2136
W<< action: ;W[ei] , ac: 1830
W<< action: ;W[eh] , ac: 1248
W<< action: ;W[eg] , ac: 1741
W<< action: ;W[ec] , ac: 2195
W<< action: ;W[eb] , ac: 1616
W<< action: ;W[ea] , ac: 2378
W<< action: ;W[fh] , ac: 1455
W<< action: ;W[fc] , ac: 1711
W<< action: ;W[fb] , ac: 1928
W<< action: ;W[fa] , ac: 1421
W<< action: ;W[gi] , ac: 1276
W<< action: ;W[gh] , ac: 1112
W<< action: ;W[gf] , ac: 1684
W<< action: ;W[ge] , ac: 1806
W<< action: ;W[gd] , ac: 2715
W<< action: ;W[gc] , ac: 2197
W<< action: ;W[gb] , ac: 1615
W<< action: ;W[ga] , ac: 2115
W<< action: ;W[hh] , ac: 1626
W<< action: ;W[hg] , ac: 1717
W<< action: ;W[hf] , ac: 2216
W<< action: ;W[he] , ac: 1575
W<< action: ;W[hd] , ac: 1795
W<< action: ;W[hc] , ac: 1615
W<< action: ;W[hb] , ac: 1473
W<< action: ;W[ig] , ac: 1813
W<< action: ;W[if] , ac: 2690
W<< action: ;W[ie] , ac: 1514
W<< action: ;W[ic] , ac: 1690
W<< action: ;W[ib] , ac: 1318
W<< = B2
W<< 
B>> play W B2
B<< = 
B<< 
B>> genmove b
B<< MCTS: 12001 simulation done, duration: 1126
B<< MCTS: 12001 simulation done, duration: 1135
B<< MCTS: 12001 simulation done, duration: 1136
B<< MCTS: 12001 simulation done, duration: 1140
B<< MCTS: 12001 simulation done, duration: 1157
B<< MCTS: 12001 simulation done, duration: 1157
B<< MCTS: 12001 simulation done, duration: 1185
B<< MCTS: 12001 simulation done, duration: 1195
B<< action: ;B[ah] , ac: 2062
B<< action: ;B[ag] , ac: 1392
B<< action: ;B[ad] , ac: 1033
B<< action: ;B[ab] , ac: 1806
B<< action: ;B[aa] , ac: 2778
B<< action: ;B[bg] , ac: 2502
B<< action: ;B[bf] , ac: 1884
B<< action: ;B[be] , ac: 1642
B<< action: ;B[bc] , ac: 740
B<< action: ;B[ba] , ac: 2291
B<< action: ;B[ch] , ac: 2186
B<< action: ;B[cg] , ac: 2639
B<< action: ;B[cf] , ac: 2899
B<< action: ;B[cb] , ac: 1535
B<< action: ;B[ca] , ac: 2624
B<< action: ;B[di] , ac: 1942
B<< action: ;B[dh] , ac: 1990
B<< action: ;B[dg] , ac: 1961
B<< action: ;B[dc] , ac: 1947
B<< action: ;B[db] , ac: 2071
B<< action: ;B[da] , ac: 2955
B<< action: ;B[ei] , ac: 1219
B<< action: ;B[eh] , ac: 2601
B<< action: ;B[eg] , ac: 1049
B<< action: ;B[ec] , ac: 2442
B<< action: ;B[eb] , ac: 1857
B<< action: ;B[ea] , ac: 2457
B<< action: ;B[fh] , ac: 1342
B<< action: ;B[fc] , ac: 2182
B<< action: ;B[fb] , ac: 1950
B<< action: ;B[fa] , ac: 1765
B<< action: ;B[gi] , ac: 1363
B<< action: ;B[gh] , ac: 2306
B<< action: ;B[gf] , ac: 1769
B<< action: ;B[ge] , ac: 1500
B<< action: ;B[gd] , ac: 1294
B<< action: ;B[gc] , ac: 1270
B<< action: ;B[gb] , ac: 1944
B<< action: ;B[ga] , ac: 1701
B<< action: ;B[hh] , ac: 1884
B<< action: ;B[hg] , ac: 1331
B<< action: ;B[hf] , ac: 1741
B<< action: ;B[he] , ac: 1584
B<< action: ;B[hd] , ac: 1865
B<< action: ;B[hc] , ac: 1451
B<< action: ;B[hb] , ac: 1784
B<< action: ;B[ih] , ac: 1249
B<< action: ;B[ig] , ac: 2153
B<< action: ;B[if] , ac: 1611
B<< action: ;B[ie] , ac: 2341
B<< action: ;B[ic] , ac: 2124
B<< = D9
B<< 
W>> play B D9
W<< = 
W<< 
W>> genmove w
W<< MCTS: 12001 simulation done, duration: 1588
W<< MCTS: 12001 simulation done, duration: 1593
W<< MCTS: 12001 simulation done, duration: 1602
W<< MCTS: 12001 simulation done, duration: 1605
W<< MCTS: 12001 simulation done, duration: 1624
W<< MCTS: 12001 simulation done, duration: 1635
W<< MCTS: 12001 simulation done, duration: 1646
W<< MCTS: 12001 simulation done, duration: 1664
W<< action: ;W[ah] , ac: 1332
W<< action: ;W[ag] , ac: 2029
W<< action: ;W[ab] , ac: 3334
W<< action: ;W[aa] , ac: 2398
W<< action: ;W[bi] , ac: 1086
W<< action: ;W[bg] , ac: 1992
W<< action: ;W[bf] , ac: 1140
W<< action: ;W[be] , ac: 2256
W<< action: ;W[ba] , ac: 2122
W<< action: ;W[ch] , ac: 1788
W<< action: ;W[cg] , ac: 3226
W<< action: ;W[cf] , ac: 1877
W<< action: ;W[ce] , ac: 1329
W<< action: ;W[cb] , ac: 2762
W<< action: ;W[ca] , ac: 2474
W<< action: ;W[di] , ac: 1438
W<< action: ;W[dh] , ac: 2676
W<< action: ;W[dg] , ac: 2380
W<< action: ;W[dc] , ac: 2606
W<< action: ;W[db] , ac: 2809
W<< action: ;W[ei] , ac: 1718
W<< action: ;W[eh] , ac: 1396
W<< action: ;W[eg] , ac: 2092
W<< action: ;W[ec] , ac: 2474
W<< action: ;W[eb] , ac: 1794
W<< action: ;W[ea] , ac: 2006
W<< action: ;W[fh] , ac: 1455
W<< action: ;W[fc] , ac: 1611
W<< action: ;W[fb] , ac: 1676
W<< action: ;W[fa] , ac: 1668
W<< action: ;W[gi] , ac: 1351
W<< action: ;W[gh] , ac: 1827
W<< action: ;W[gf] , ac: 1332
W<< action: ;W[ge] , ac: 2620
W<< action: ;W[gd] , ac: 1699
W<< action: ;W[gc] , ac: 2206
W<< action: ;W[gb] , ac: 1096
W<< action: ;W[ga] , ac: 2229
W<< action: ;W[hh] , ac: 2459
W<< action: ;W[hg] , ac: 1574
W<< action: ;W[hf] , ac: 1760
W<< action: ;W[he] , ac: 1942
W<< action: ;W[hd] , ac: 1570
W<< action: ;W[hc] , ac: 1643
W<< action: ;W[hb] , ac: 1508
W<< action: ;W[ig] , ac: 1802
W<< action: ;W[if] , ac: 1934
W<< action: ;W[ie] , ac: 1758
W<< action: ;W[ic] , ac: 1150
W<< action: ;W[ib] , ac: 1604
W<< = A8
W<< 
B>> play W A8
B<< = 
B<< 
B>> genmove b
B<< MCTS: 12001 simulation done, duration: 1102
B<< MCTS: 12001 simulation done, duration: 1113
B<< MCTS: 12001 simulation done, duration: 1115
B<< MCTS: 12001 simulation done, duration: 1116
B<< MCTS: 12001 simulation done, duration: 1119
B<< MCTS: 12001 simulation done, duration: 1141
B<< MCTS: 12001 simulation done, duration: 1141
B<< MCTS: 12001 simulation done, duration: 1183
B<< action: ;B[ah] , ac: 2237
B<< action: ;B[ag] , ac: 1879
B<< action: ;B[ad] , ac: 950
B<< action: ;B[bg] , ac: 2096
B<< action: ;B[bf] , ac: 2269
B<< action: ;B[be] , ac: 1492
B<< action: ;B[bc] , ac: 888
B<< action: ;B[ba] , ac: 3814
B<< action: ;B[ch] , ac: 3006
B<< action: ;B[cg] , ac: 2961
B<< action: ;B[cf] , ac: 2387
B<< action: ;B[cb] , ac: 2335
B<< action: ;B[ca] , ac: 1786
B<< action: ;B[di] , ac: 2323
B<< action: ;B[dh] , ac: 2436
B<< action: ;B[dg] , ac: 1889
B<< action: ;B[dc] , ac: 1663
B<< action: ;B[db] , ac: 2394
B<< action: ;B[ei] , ac: 1704
B<< action: ;B[eh] , ac: 2006
B<< action: ;B[eg] , ac: 1768
B<< action: ;B[ec] , ac: 2699
B<< action: ;B[eb] , ac: 2585
B<< action: ;B[ea] , ac: 1633
B<< action: ;B[fh] , ac: 1348
B<< action: ;B[fc] , ac: 2750
B<< action: ;B[fb] , ac: 1966
B<< action: ;B[fa] , ac: 1874
B<< action: ;B[gi] , ac: 1764
B<< action: ;B[gh] , ac: 2068
B<< action: ;B[gf] , ac: 1968
B<< action: ;B[ge] , ac: 1803
B<< action: ;B[gd] , ac: 2688
B<< action: ;B[gc] , ac: 1983
B<< action: ;B[gb] , ac: 2242
B<< action: ;B[ga] , ac: 1860
B<< action: ;B[hh] , ac: 2002
B<< action: ;B[hg] , ac: 1449
B<< action: ;B[hf] , ac: 1732
B<< action: ;B[he] , ac: 1498
B<< action: ;B[hd] , ac: 1664
B<< action: ;B[hc] , ac: 1158
B<< action: ;B[hb] , ac: 1280
B<< action: ;B[ih] , ac: 1087
B<< action: ;B[ig] , ac: 2283
B<< action: ;B[if] , ac: 2017
B<< action: ;B[ie] , ac: 2014
B<< action: ;B[ic] , ac: 2310
B<< = B9
B<< 
W>> play B B9
W<< = 
W<< 
W>> genmove w
W<< MCTS: 12001 simulation done, duration: 1585
W<< MCTS: 12001 simulation done, duration: 1608
W<< MCTS: 12001 simulation done, duration: 1609
W<< MCTS: 12001 simulation done, duration: 1621
W<< MCTS: 12001 simulation done, duration: 1621
W<< MCTS: 12001 simulation done, duration: 1784
W<< MCTS: 12001 simulation done, duration: 1885
W<< MCTS: 12001 simulation done, duration: 1953
W<< action: ;W[ah] , ac: 1645
W<< action: ;W[ag] , ac: 1972
W<< action: ;W[bi] , ac: 885
W<< action: ;W[bg] , ac: 2284
W<< action: ;W[bf] , ac: 1621
W<< action: ;W[be] , ac: 2002
W<< action: ;W[ch] , ac: 1258
W<< action: ;W[cg] , ac: 3200
W<< action: ;W[cf] , ac: 2473
W<< action: ;W[ce] , ac: 1566
W<< action: ;W[cb] , ac: 4118
W<< action: ;W[ca] , ac: 4007
W<< action: ;W[di] , ac: 1867
W<< action: ;W[dh] , ac: 2213
W<< action: ;W[dg] , ac: 2793
W<< action: ;W[dc] , ac: 2867
W<< action: ;W[db] , ac: 1823
W<< action: ;W[ei] , ac: 2630
W<< action: ;W[eh] , ac: 2342
W<< action: ;W[eg] , ac: 1457
W<< action: ;W[ec] , ac: 2507
W<< action: ;W[eb] , ac: 1793
W<< action: ;W[ea] , ac: 2155
W<< action: ;W[fh] , ac: 1337
W<< action: ;W[fc] , ac: 1974
W<< action: ;W[fb] , ac: 1867
W<< action: ;W[fa] , ac: 1901
W<< action: ;W[gi] , ac: 1693
W<< action: ;W[gh] , ac: 2080
W<< action: ;W[gf] , ac: 1665
W<< action: ;W[ge] , ac: 2170
W<< action: ;W[gd] , ac: 2316
W<< action: ;W[gc] , ac: 1674
W<< action: ;W[gb] , ac: 1582
W<< action: ;W[ga] , ac: 1853
W<< action: ;W[hh] , ac: 1954
W<< action: ;W[hg] , ac: 1464
W<< action: ;W[hf] , ac: 2770
W<< action: ;W[he] , ac: 2118
W<< action: ;W[hd] , ac: 1618
W<< action: ;W[hc] , ac: 1905
W<< action: ;W[hb] , ac: 1337
W<< action: ;W[ig] , ac: 2599
W<< action: ;W[if] , ac: 2006
W<< action: ;W[ie] , ac: 1651
W<< action: ;W[ic] , ac: 1898
W<< action: ;W[ib] , ac: 1098
W<< = C8
W<< 
B>> play W C8
B<< = 
B<< 
B>> genmove b
B<< MCTS: 12001 simulation done, duration: 1018
B<< MCTS: 12001 simulation done, duration: 1019
B<< MCTS: 12001 simulation done, duration: 1028
B<< MCTS: 12001 simulation done, duration: 1032
B<< MCTS: 12001 simulation done, duration: 1048
B<< MCTS: 12001 simulation done, duration: 1143
B<< MCTS: 12001 simulation done, duration: 1215
B<< MCTS: 12001 simulation done, duration: 1292
B<< action: ;B[ah] , ac: 3413
B<< action: ;B[ag] , ac: 1847
B<< action: ;B[ad] , ac: 873
B<< action: ;B[bg] , ac: 2438
B<< action: ;B[bf] , ac: 2757
B<< action: ;B[be] , ac: 993
B<< action: ;B[bc] , ac: 746
B<< action: ;B[ch] , ac: 2167
B<< action: ;B[cg] , ac: 2864
B<< action: ;B[cf] , ac: 3108
B<< action: ;B[ca] , ac: 1432
B<< action: ;B[di] , ac: 3188
B<< action: ;B[dh] , ac: 2371
B<< action: ;B[dg] , ac: 2097
B<< action: ;B[dc] , ac: 1942
B<< action: ;B[db] , ac: 2242
B<< action: ;B[ei] , ac: 2291
B<< action: ;B[eh] , ac: 1991
B<< action: ;B[eg] , ac: 1120
B<< action: ;B[ec] , ac: 2127
B<< action: ;B[eb] , ac: 1795
B<< action: ;B[ea] , ac: 1751
B<< action: ;B[fh] , ac: 1352
B<< action: ;B[fc] , ac: 1923
B<< action: ;B[fb] , ac: 1733
B<< action: ;B[fa] , ac: 2841
B<< action: ;B[gi] , ac: 1397
B<< action: ;B[gh] , ac: 2285
B<< action: ;B[gf] , ac: 2072
B<< action: ;B[ge] , ac: 2791
B<< action: ;B[gd] , ac: 1946
B<< action: ;B[gc] , ac: 2557
B<< action: ;B[gb] , ac: 2293
B<< action: ;B[ga] , ac: 2180
B<< action: ;B[hh] , ac: 2413
B<< action: ;B[hg] , ac: 1955
B<< action: ;B[hf] , ac: 2283
B<< action: ;B[he] , ac: 1852
B<< action: ;B[hd] , ac: 1736
B<< action: ;B[hc] , ac: 1905
B<< action: ;B[hb] , ac: 1832
B<< action: ;B[ih] , ac: 1360
B<< action: ;B[ig] , ac: 2053
B<< action: ;B[if] , ac: 2277
B<< action: ;B[ie] , ac: 2807
B<< action: ;B[ic] , ac: 2612
B<< = A2
B<< 
W>> play B A2
W<< = 
W<< 
W>> genmove w
W<< MCTS: 12001 simulation done, duration: 1472
W<< MCTS: 12001 simulation done, duration: 1478
W<< MCTS: 12001 simulation done, duration: 1492
W<< MCTS: 12001 simulation done, duration: 1500
W<< MCTS: 12001 simulation done, duration: 1501
W<< MCTS: 12001 simulation done, duration: 1521
W<< MCTS: 12001 simulation done, duration: 1525
W<< MCTS: 12001 simulation done, duration: 1538
W<< action: ;W[bi] , ac: 1436
W<< action: ;W[bg] , ac: 1686
W<< action: ;W[bf] , ac: 1683
W<< action: ;W[be] , ac: 1730
W<< action: ;W[ch] , ac: 2669
W<< action: ;W[cg] , ac: 3236
W<< action: ;W[cf] , ac: 2598
W<< action: ;W[ce] , ac: 1639
W<< action: ;W[ca] , ac: 2084
W<< action: ;W[di] , ac: 1750
W<< action: ;W[dh] , ac: 2911
W<< action: ;W[dg] , ac: 1918
W<< action: ;W[dc] , ac: 1919
W<< action: ;W[db] , ac: 1445
W<< action: ;W[ei] , ac: 2765
W<< action: ;W[eh] , ac: 1725
W<< action: ;W[eg] , ac: 2212
W<< action: ;W[ec] , ac: 2486
W<< action: ;W[eb] , ac: 1726
W<< action: ;W[ea] , ac: 3079
W<< action: ;W[fh] , ac: 2128
W<< action: ;W[fc] , ac: 3243
W<< action: ;W[fb] , ac: 2169
W<< action: ;W[fa] , ac: 2300
W<< action: ;W[gi] , ac: 2350
W<< action: ;W[gh] , ac: 2428
W<< action: ;W[gf] , ac: 1875
W<< action: ;W[ge] , ac: 2566
W<< action: ;W[gd] , ac: 2173
W<< action: ;W[gc] , ac: 1810
W<< action: ;W[gb] , ac: 1823
W<< action: ;W[ga] , ac: 2291
W<< action: ;W[hh] , ac: 2845
W<< action: ;W[hg] , ac: 2486
W<< action: ;W[hf] , ac: 2529
W<< action: ;W[he] , ac: 1593
W<< action: ;W[hd] , ac: 1981
W<< action: ;W[hc] , ac: 2413
W<< action: ;W[hb] , ac: 1658
W<< action: ;W[ig] , ac: 3272
W<< action: ;W[if] , ac: 2498
W<< action: ;W[ie] , ac: 1841
W<< action: ;W[ic] , ac: 1609
W<< action: ;W[ib] , ac: 1430
W<< = J3
W<< 
B>> play W J3
B<< = 
B<< 
B>> genmove b
B<< MCTS: 12001 simulation done, duration: 1035
B<< MCTS: 12001 simulation done, duration: 1064
B<< MCTS: 12001 simulation done, duration: 1065
B<< MCTS: 12001 simulation done, duration: 1074
B<< MCTS: 12001 simulation done, duration: 1121
B<< MCTS: 12001 simulation done, duration: 1129
B<< MCTS: 12001 simulation done, duration: 1241
B<< MCTS: 12001 simulation done, duration: 1270
B<< action: ;B[ag] , ac: 2563
B<< action: ;B[ad] , ac: 778
B<< action: ;B[bg] , ac: 2491
B<< action: ;B[bf] , ac: 2906
B<< action: ;B[be] , ac: 1994
B<< action: ;B[bc] , ac: 976
B<< action: ;B[ch] , ac: 3232
B<< action: ;B[cg] , ac: 3014
B<< action: ;B[cf] , ac: 3644
B<< action: ;B[ca] , ac: 1333
B<< action: ;B[di] , ac: 2153
B<< action: ;B[dh] , ac: 2456
B<< action: ;B[dg] , ac: 2529
B<< action: ;B[dc] , ac: 1193
B<< action: ;B[db] , ac: 2379
B<< action: ;B[ei] , ac: 1571
B<< action: ;B[eh] , ac: 2109
B<< action: ;B[eg] , ac: 2154
B<< action: ;B[ec] , ac: 2189
B<< action: ;B[eb] , ac: 2765
B<< action: ;B[ea] , ac: 1291
B<< action: ;B[fh] , ac: 1370
B<< action: ;B[fc] , ac: 2851
B<< action: ;B[fb] , ac: 2120
B<< action: ;B[fa] , ac: 1975
B<< action: ;B[gi] , ac: 1505
B<< action: ;B[gh] , ac: 3172
B<< action: ;B[gf] , ac: 2630
B<< action: ;B[ge] , ac: 1897
B<< action: ;B[gd] , ac: 2791
B<< action: ;B[gc] , ac: 2458
B<< action: ;B[gb] , ac: 1904
B<< action: ;B[ga] , ac: 2062
B<< action: ;B[hh] , ac: 2054
B<< action: ;B[hg] , ac: 1276
B<< action: ;B[hf] , ac: 2134
B<< action: ;B[he] , ac: 1550
B<< action: ;B[hd] , ac: 1640
B<< action: ;B[hc] , ac: 2218
B<< action: ;B[hb] , ac: 1608
B<< action: ;B[ih] , ac: 1652
B<< action: ;B[if] , ac: 2292
B<< action: ;B[ie] , ac: 3597
B<< action: ;B[ic] , ac: 3532
B<< = C4
B<< 
W>> play B C4
W<< = 
W<< 
W>> genmove w
W<< MCTS: 12001 simulation done, duration: 1422
W<< MCTS: 12001 simulation done, duration: 1428
W<< MCTS: 12001 simulation done, duration: 1431
W<< MCTS: 12001 simulation done, duration: 1449
W<< MCTS: 12001 simulation done, duration: 1453
W<< MCTS: 12001 simulation done, duration: 1475
W<< MCTS: 12001 simulation done, duration: 1493
W<< MCTS: 12001 simulation done, duration: 1496
W<< action: ;W[bi] , ac: 1298
W<< action: ;W[bg] , ac: 3316
W<< action: ;W[bf] , ac: 1648
W<< action: ;W[be] , ac: 1897
W<< action: ;W[ch] , ac: 2049
W<< action: ;W[cg] , ac: 2656
W<< action: ;W[ce] , ac: 2552
W<< action: ;W[ca] , ac: 2109
W<< action: ;W[di] , ac: 1953
W<< action: ;W[dh] , ac: 3225
W<< action: ;W[dg] , ac: 2320
W<< action: ;W[dc] , ac: 3254
W<< action: ;W[db] , ac: 1592
W<< action: ;W[ei] , ac: 2776
W<< action: ;W[eh] , ac: 1835
W<< action: ;W[eg] , ac: 3163
W<< action: ;W[ec] , ac: 3462
W<< action: ;W[eb] , ac: 1778
W<< action: ;W[ea] , ac: 2617
W<< action: ;W[fh] , ac: 1596
W<< action: ;W[fc] , ac: 2841
W<< action: ;W[fb] , ac: 1845
W<< action: ;W[fa] , ac: 2131
W<< action: ;W[gi] , ac: 1955
W<< action: ;W[gh] , ac: 2339
W<< action: ;W[gf] , ac: 1831
W<< action: ;W[ge] , ac: 3186
W<< action: ;W[gd] , ac: 2125
W<< action: ;W[gc] , ac: 2032
W<< action: ;W[gb] , ac: 1636
W<< action: ;W[ga] , ac: 2749
W<< action: ;W[hh] , ac: 3209
W<< action: ;W[hg] , ac: 1992
W<< action: ;W[hf] , ac: 4492
W<< action: ;W[he] , ac: 2737
W<< action: ;W[hd] , ac: 2060
W<< action: ;W[hc] , ac: 1688
W<< action: ;W[hb] , ac: 1425
W<< action: ;W[if] , ac: 2100
W<< action: ;W[ie] , ac: 1542
W<< action: ;W[ic] , ac: 1574
W<< action: ;W[ib] , ac: 1423
W<< = H4
W<< 
B>> play W H4
B<< = 
B<< 
B>> genmove b
B<< MCTS: 12001 simulation done, duration: 997
B<< MCTS: 12001 simulation done, duration: 1009
B<< MCTS: 12001 simulation done, duration: 1021
B<< MCTS: 12001 simulation done, duration: 1023
B<< MCTS: 12001 simulation done, duration: 1038
B<< MCTS: 12001 simulation done, duration: 1044
B<< MCTS: 12001 simulation done, duration: 1145
B<< MCTS: 12001 simulation done, duration: 1154
B<< action: ;B[ag] , ac: 1586
B<< action: ;B[ad] , ac: 770
B<< action: ;B[bg] , ac: 3617
B<< action: ;B[bf] , ac: 2205
B<< action: ;B[be] , ac: 2113
B<< action: ;B[bc] , ac: 793
B<< action: ;B[ch] , ac: 3116
B<< action: ;B[cg] , ac: 1443
B<< action: ;B[ca] , ac: 1312
B<< action: ;B[di] , ac: 2534
B<< action: ;B[dh] , ac: 2181
B<< action: ;B[dg] , ac: 2347
B<< action: ;B[dc] , ac: 2134
B<< action: ;B[db] , ac: 2185
B<< action: ;B[ei] , ac: 2049
B<< action: ;B[eh] , ac: 1921
B<< action: ;B[eg] , ac: 1179
B<< action: ;B[ec] , ac: 3956
B<< action: ;B[eb] , ac: 2149
B<< action: ;B[ea] , ac: 2221
B<< action: ;B[fh] , ac: 1520
B<< action: ;B[fc] , ac: 3230
B<< action: ;B[fb] , ac: 2327
B<< action: ;B[fa] , ac: 2496
B<< action: ;B[gi] , ac: 1941
B<< action: ;B[gh] , ac: 2633
B<< action: ;B[gf] , ac: 3686
B<< action: ;B[ge] , ac: 2748
B<< action: ;B[gd] , ac: 2649
B<< action: ;B[gc] , ac: 2072
B<< action: ;B[gb] , ac: 1862
B<< action: ;B[ga] , ac: 1751
B<< action: ;B[hh] , ac: 1803
B<< action: ;B[hg] , ac: 2465
B<< action: ;B[he] , ac: 2421
B<< action: ;B[hd] , ac: 2769
B<< action: ;B[hc] , ac: 1928
B<< action: ;B[hb] , ac: 1894
B<< action: ;B[ih] , ac: 2064
B<< action: ;B[if] , ac: 3270
B<< action: ;B[ie] , ac: 3493
B<< action: ;B[ic] , ac: 3175
B<< = E7
B<< 
W>> play B E7
W<< = 
W<< 
W>> genmove w
W<< MCTS: 12001 simulation done, duration: 1474
W<< MCTS: 12001 simulation done, duration: 1483
W<< MCTS: 12001 simulation done, duration: 1487
W<< MCTS: 12001 simulation done, duration: 1503
W<< MCTS: 12001 simulation done, duration: 1503
W<< MCTS: 12001 simulation done, duration: 1513
W<< MCTS: 12001 simulation done, duration: 1515
W<< MCTS: 12001 simulation done, duration: 1518
W<< action: ;W[bi] , ac: 1035
W<< action: ;W[bg] , ac: 2631
W<< action: ;W[bf] , ac: 2128
W<< action: ;W[be] , ac: 1828
W<< action: ;W[ch] , ac: 2200
W<< action: ;W[cg] , ac: 2080
W<< action: ;W[ce] , ac: 1885
W<< action: ;W[ca] , ac: 1918
W<< action: ;W[di] , ac: 2344
W<< action: ;W[dh] , ac: 1971
W<< action: ;W[dg] , ac: 2611
W<< action: ;W[dc] , ac: 1652
W<< action: ;W[db] , ac: 2039
W<< action: ;W[ei] , ac: 2232
W<< action: ;W[eh] , ac: 2112
W<< action: ;W[eg] , ac: 2381
W<< action: ;W[eb] , ac: 1819
W<< action: ;W[ea] , ac: 2727
W<< action: ;W[fh] , ac: 1700
W<< action: ;W[fc] , ac: 3607
W<< action: ;W[fb] , ac: 1769
W<< action: ;W[fa] , ac: 2646
W<< action: ;W[gi] , ac: 2109
W<< action: ;W[gh] , ac: 2174
W<< action: ;W[gf] , ac: 1783
W<< action: ;W[ge] , ac: 6322
W<< action: ;W[gd] , ac: 3538
W<< action: ;W[gc] , ac: 2232
W<< action: ;W[gb] , ac: 2035
W<< action: ;W[ga] , ac: 2369
W<< action: ;W[hh] , ac: 7877
W<< action: ;W[hg] , ac: 1344
W<< action: ;W[he] , ac: 2730
W<< action: ;W[hd] , ac: 2114
W<< action: ;W[hc] , ac: 2527
W<< action: ;W[hb] , ac: 1380
W<< action: ;W[if] , ac: 1679
W<< action: ;W[ie] , ac: 3560
W<< action: ;W[ic] , ac: 1661
W<< action: ;W[ib] , ac: 1259
W<< = H2
W<< 
B>> play W H2
B<< = 
B<< 
B>> genmove b
B<< MCTS: 12001 simulation done, duration: 1033
B<< MCTS: 12001 simulation done, duration: 1033
B<< MCTS: 12001 simulation done, duration: 1036
B<< MCTS: 12001 simulation done, duration: 1042
B<< MCTS: 12001 simulation done, duration: 1042
B<< MCTS: 12001 simulation done, duration: 1050
B<< MCTS: 12001 simulation done, duration: 1051
B<< MCTS: 12001 simulation done, duration: 1056
B<< action: ;B[ag] , ac: 1561
B<< action: ;B[ad] , ac: 1054
B<< action: ;B[bg] , ac: 2601
B<< action: ;B[bf] , ac: 2294
B<< action: ;B[be] , ac: 3274
B<< action: ;B[bc] , ac: 782
B<< action: ;B[ch] , ac: 2910
B<< action: ;B[cg] , ac: 2078
B<< action: ;B[ca] , ac: 1085
B<< action: ;B[di] , ac: 2898
B<< action: ;B[dh] , ac: 1955
B<< action: ;B[dg] , ac: 2298
B<< action: ;B[dc] , ac: 1873
B<< action: ;B[db] , ac: 5640
B<< action: ;B[ei] , ac: 1669
B<< action: ;B[eh] , ac: 2628
B<< action: ;B[eg] , ac: 1995
B<< action: ;B[eb] , ac: 2180
B<< action: ;B[ea] , ac: 1608
B<< action: ;B[fh] , ac: 2296
B<< action: ;B[fc] , ac: 1900
B<< action: ;B[fb] , ac: 3144
B<< action: ;B[fa] , ac: 3001
B<< action: ;B[gi] , ac: 1523
B<< action: ;B[gh] , ac: 3208
B<< action: ;B[gf] , ac: 6574
B<< action: ;B[ge] , ac: 4054
B<< action: ;B[gd] , ac: 2399
B<< action: ;B[gc] , ac: 2473
B<< action: ;B[gb] , ac: 2761
B<< action: ;B[ga] , ac: 1659
B<< action: ;B[he] , ac: 3149
B<< action: ;B[hd] , ac: 1404
B<< action: ;B[hc] , ac: 2108
B<< action: ;B[hb] , ac: 1737
B<< action: ;B[if] , ac: 4220
B<< action: ;B[ie] , ac: 2599
B<< action: ;B[ic] , ac: 3416
B<< = G4
B<< 
W>> play B G4
W<< = 
W<< 
W>> genmove w
W<< MCTS: 12001 simulation done, duration: 1409
W<< MCTS: 12001 simulation done, duration: 1420
W<< MCTS: 12001 simulation done, duration: 1420
W<< MCTS: 12001 simulation done, duration: 1426
W<< MCTS: 12001 simulation done, duration: 1431
W<< MCTS: 12001 simulation done, duration: 1434
W<< MCTS: 12001 simulation done, duration: 1474
W<< MCTS: 12001 simulation done, duration: 1490
W<< action: ;W[bi] , ac: 1031
W<< action: ;W[bg] , ac: 3507
W<< action: ;W[bf] , ac: 1989
W<< action: ;W[be] , ac: 2229
W<< action: ;W[ch] , ac: 2577
W<< action: ;W[cg] , ac: 3758
W<< action: ;W[ce] , ac: 2011
W<< action: ;W[ca] , ac: 1709
W<< action: ;W[di] , ac: 2242
W<< action: ;W[dh] , ac: 3227
W<< action: ;W[dg] , ac: 3126
W<< action: ;W[dc] , ac: 3248
W<< action: ;W[db] , ac: 1956
W<< action: ;W[ei] , ac: 3081
W<< action: ;W[eh] , ac: 2304
W<< action: ;W[eg] , ac: 2206
W<< action: ;W[eb] , ac: 1887
W<< action: ;W[ea] , ac: 3685
W<< action: ;W[fh] , ac: 2435
W<< action: ;W[fc] , ac: 3572
W<< action: ;W[fb] , ac: 1924
W<< action: ;W[fa] , ac: 3338
W<< action: ;W[gi] , ac: 2545
W<< action: ;W[gh] , ac: 2168
W<< action: ;W[gd] , ac: 3931
W<< action: ;W[gc] , ac: 3084
W<< action: ;W[gb] , ac: 2285
W<< action: ;W[ga] , ac: 2592
W<< action: ;W[hg] , ac: 1126
W<< action: ;W[he] , ac: 2744
W<< action: ;W[hd] , ac: 1845
W<< action: ;W[hc] , ac: 2747
W<< action: ;W[hb] , ac: 1727
W<< action: ;W[if] , ac: 2013
W<< action: ;W[ie] , ac: 6646
W<< action: ;W[ic] , ac: 1636
W<< action: ;W[ib] , ac: 1877
W<< = J5
W<< 
B>> play W J5
B<< = 
B<< 
B>> genmove b
B<< MCTS: 12001 simulation done, duration: 1005
B<< MCTS: 12001 simulation done, duration: 1015
B<< MCTS: 12001 simulation done, duration: 1022
B<< MCTS: 12001 simulation done, duration: 1022
B<< MCTS: 12001 simulation done, duration: 1030
B<< MCTS: 12001 simulation done, duration: 1030
B<< MCTS: 12001 simulation done, duration: 1031
B<< MCTS: 12001 simulation done, duration: 1034
B<< action: ;B[ag] , ac: 1855
B<< action: ;B[ad] , ac: 1087
B<< action: ;B[bg] , ac: 5573
B<< action: ;B[bf] , ac: 2612
B<< action: ;B[be] , ac: 2813
B<< action: ;B[bc] , ac: 946
B<< action: ;B[ch] , ac: 4156
B<< action: ;B[cg] , ac: 1980
B<< action: ;B[ca] , ac: 1645
B<< action: ;B[di] , ac: 3135
B<< action: ;B[dh] , ac: 3290
B<< action: ;B[dg] , ac: 2746
B<< action: ;B[dc] , ac: 1718
B<< action: ;B[db] , ac: 7333
B<< action: ;B[ei] , ac: 2044
B<< action: ;B[eh] , ac: 1987
B<< action: ;B[eg] , ac: 2335
B<< action: ;B[eb] , ac: 2291
B<< action: ;B[ea] , ac: 3040
B<< action: ;B[fh] , ac: 1357
B<< action: ;B[fc] , ac: 2776
B<< action: ;B[fb] , ac: 2617
B<< action: ;B[fa] , ac: 3563
B<< action: ;B[gi] , ac: 2847
B<< action: ;B[gh] , ac: 2814
B<< action: ;B[ge] , ac: 1444
B<< action: ;B[gd] , ac: 3148
B<< action: ;B[gc] , ac: 2358
B<< action: ;B[gb] , ac: 2719
B<< action: ;B[ga] , ac: 1397
B<< action: ;B[he] , ac: 2416
B<< action: ;B[hd] , ac: 3394
B<< action: ;B[hc] , ac: 2794
B<< action: ;B[hb] , ac: 1803
B<< action: ;B[ic] , ac: 5975
B<< = D8
B<< 
W>> play B D8
W<< = 
W<< 
W>> genmove w
W<< MCTS: 12001 simulation done, duration: 1454
W<< MCTS: 12001 simulation done, duration: 1454
W<< MCTS: 12001 simulation done, duration: 1465
W<< MCTS: 12001 simulation done, duration: 1470
W<< MCTS: 12001 simulation done, duration: 1473
W<< MCTS: 12001 simulation done, duration: 1485
W<< MCTS: 12001 simulation done, duration: 1485
W<< MCTS: 12001 simulation done, duration: 1507
W<< action: ;W[bi] , ac: 1266
W<< action: ;W[bg] , ac: 2756
W<< action: ;W[bf] , ac: 2284
W<< action: ;W[be] , ac: 1928
W<< action: ;W[ch] , ac: 3505
W<< action: ;W[cg] , ac: 3842
W<< action: ;W[ce] , ac: 2277
W<< action: ;W[di] , ac: 2899
W<< action: ;W[dh] , ac: 4360
W<< action: ;W[dg] , ac: 3577
W<< action: ;W[ei] , ac: 2809
W<< action: ;W[eh] , ac: 2607
W<< action: ;W[eg] , ac: 3460
W<< action: ;W[eb] , ac: 3673
W<< action: ;W[ea] , ac: 5568
W<< action: ;W[fh] , ac: 1562
W<< action: ;W[fc] , ac: 4139
W<< action: ;W[fb] , ac: 2582
W<< action: ;W[fa] , ac: 3769
W<< action: ;W[gi] , ac: 2255
W<< action: ;W[gh] , ac: 1972
W<< action: ;W[gd] , ac: 7863
W<< action: ;W[gc] , ac: 4586
W<< action: ;W[gb] , ac: 2868
W<< action: ;W[ga] , ac: 2352
W<< action: ;W[hg] , ac: 1120
W<< action: ;W[he] , ac: 1572
W<< action: ;W[hd] , ac: 2253
W<< action: ;W[hc] , ac: 3611
W<< action: ;W[hb] , ac: 1904
W<< action: ;W[if] , ac: 874
W<< action: ;W[ic] , ac: 2221
W<< action: ;W[ib] , ac: 1694
W<< = G6
W<< 
B>> play W G6
B<< = 
B<< 
B>> genmove b
B<< MCTS: 12001 simulation done, duration: 1017
B<< MCTS: 12001 simulation done, duration: 1017
B<< MCTS: 12001 simulation done, duration: 1019
B<< MCTS: 12001 simulation done, duration: 1024
B<< MCTS: 12001 simulation done, duration: 1029
B<< MCTS: 12001 simulation done, duration: 1038
B<< MCTS: 12001 simulation done, duration: 1041
B<< MCTS: 12001 simulation done, duration: 1042
B<< action: ;B[ag] , ac: 2566
B<< action: ;B[ad] , ac: 893
B<< action: ;B[bg] , ac: 4527
B<< action: ;B[bf] , ac: 1999
B<< action: ;B[be] , ac: 4121
B<< action: ;B[bc] , ac: 932
B<< action: ;B[ch] , ac: 4023
B<< action: ;B[cg] , ac: 1750
B<< action: ;B[di] , ac: 3566
B<< action: ;B[dh] , ac: 4441
B<< action: ;B[dg] , ac: 3470
B<< action: ;B[dc] , ac: 800
B<< action: ;B[ei] , ac: 2387
B<< action: ;B[eh] , ac: 2497
B<< action: ;B[eg] , ac: 2529
B<< action: ;B[eb] , ac: 3320
B<< action: ;B[ea] , ac: 2234
B<< action: ;B[fh] , ac: 1530
B<< action: ;B[fc] , ac: 2682
B<< action: ;B[fb] , ac: 5697
B<< action: ;B[fa] , ac: 3790
B<< action: ;B[gi] , ac: 2115
B<< action: ;B[gh] , ac: 3869
B<< action: ;B[ge] , ac: 2228
B<< action: ;B[gc] , ac: 4686
B<< action: ;B[gb] , ac: 2675
B<< action: ;B[ga] , ac: 1860
B<< action: ;B[he] , ac: 2094
B<< action: ;B[hd] , ac: 4245
B<< action: ;B[hc] , ac: 2755
B<< action: ;B[hb] , ac: 1843
B<< action: ;B[ic] , ac: 7884
B<< = J7
B<< 
W>> play B J7
W<< = 
W<< 
W>> genmove w
W<< MCTS: 12001 simulation done, duration: 1387
W<< MCTS: 12001 simulation done, duration: 1396
W<< MCTS: 12001 simulation done, duration: 1398
W<< MCTS: 12001 simulation done, duration: 1415
W<< MCTS: 12001 simulation done, duration: 1419
W<< MCTS: 12001 simulation done, duration: 1444
W<< MCTS: 12001 simulation done, duration: 1453
W<< MCTS: 12001 simulation done, duration: 1464
W<< action: ;W[bi] , ac: 1137
W<< action: ;W[bg] , ac: 4511
W<< action: ;W[bf] , ac: 2067
W<< action: ;W[be] , ac: 2649
W<< action: ;W[ch] , ac: 3315
W<< action: ;W[cg] , ac: 3883
W<< action: ;W[ce] , ac: 3306
W<< action: ;W[di] , ac: 2354
W<< action: ;W[dh] , ac: 5339
W<< action: ;W[dg] , ac: 3461
W<< action: ;W[ei] , ac: 3864
W<< action: ;W[eh] , ac: 3164
W<< action: ;W[eg] , ac: 2426
W<< action: ;W[eb] , ac: 5388
W<< action: ;W[ea] , ac: 4163
W<< action: ;W[fh] , ac: 1734
W<< action: ;W[fc] , ac: 4390
W<< action: ;W[fb] , ac: 2559
W<< action: ;W[fa] , ac: 3043
W<< action: ;W[gi] , ac: 3594
W<< action: ;W[gh] , ac: 2619
W<< action: ;W[gc] , ac: 2120
W<< action: ;W[gb] , ac: 2462
W<< action: ;W[ga] , ac: 4014
W<< action: ;W[hg] , ac: 863
W<< action: ;W[he] , ac: 6494
W<< action: ;W[hd] , ac: 3093
W<< action: ;W[hc] , ac: 3180
W<< action: ;W[hb] , ac: 1741
W<< action: ;W[if] , ac: 786
W<< action: ;W[ib] , ac: 2289
W<< = H5
W<< 
B>> play W H5
B<< = 
B<< 
B>> genmove b
B<< MCTS: 12001 simulation done, duration: 961
B<< MCTS: 12001 simulation done, duration: 976
B<< MCTS: 12001 simulation done, duration: 995
B<< MCTS: 12001 simulation done, duration: 998
B<< MCTS: 12001 simulation done, duration: 1043
B<< MCTS: 12001 simulation done, duration: 1054
B<< MCTS: 12001 simulation done, duration: 1070
B<< MCTS: 12001 simulation done, duration: 1084
B<< action: ;B[ag] , ac: 1930
B<< action: ;B[ad] , ac: 1219
B<< action: ;B[bg] , ac: 3021
B<< action: ;B[bf] , ac: 3001
B<< action: ;B[be] , ac: 5436
B<< action: ;B[bc] , ac: 1089
B<< action: ;B[ch] , ac: 3399
B<< action: ;B[cg] , ac: 2346
B<< action: ;B[di] , ac: 4004
B<< action: ;B[dh] , ac: 4139
B<< action: ;B[dg] , ac: 2531
B<< action: ;B[dc] , ac: 668
B<< action: ;B[ei] , ac: 2772
B<< action: ;B[eh] , ac: 2546
B<< action: ;B[eg] , ac: 2037
B<< action: ;B[eb] , ac: 2550
B<< action: ;B[ea] , ac: 2278
B<< action: ;B[fh] , ac: 1946
B<< action: ;B[fc] , ac: 3250
B<< action: ;B[fb] , ac: 8058
B<< action: ;B[fa] , ac: 3841
B<< action: ;B[gi] , ac: 4578
B<< action: ;B[gh] , ac: 2799
B<< action: ;B[gc] , ac: 6427
B<< action: ;B[gb] , ac: 4769
B<< action: ;B[ga] , ac: 2266
B<< action: ;B[hd] , ac: 8499
B<< action: ;B[hc] , ac: 2169
B<< action: ;B[hb] , ac: 2440
B<< = H6
B<< 
W>> play B H6
W<< = 
W<< 
W>> genmove w
W<< MCTS: 12001 simulation done, duration: 1276
W<< MCTS: 12001 simulation done, duration: 1309
W<< MCTS: 12001 simulation done, duration: 1311
W<< MCTS: 12001 simulation done, duration: 1322
W<< MCTS: 12001 simulation done, duration: 1324
W<< MCTS: 12001 simulation done, duration: 1345
W<< MCTS: 12001 simulation done, duration: 1347
W<< MCTS: 12001 simulation done, duration: 1389
W<< action: ;W[bi] , ac: 1147
W<< action: ;W[bg] , ac: 2872
W<< action: ;W[bf] , ac: 1924
W<< action: ;W[be] , ac: 2130
W<< action: ;W[ch] , ac: 3985
W<< action: ;W[cg] , ac: 4708
W<< action: ;W[ce] , ac: 3077
W<< action: ;W[di] , ac: 2953
W<< action: ;W[dh] , ac: 3035
W<< action: ;W[dg] , ac: 4485
W<< action: ;W[ei] , ac: 4681
W<< action: ;W[eh] , ac: 2805
W<< action: ;W[eg] , ac: 3282
W<< action: ;W[eb] , ac: 5617
W<< action: ;W[ea] , ac: 7671
W<< action: ;W[fh] , ac: 3025
W<< action: ;W[fc] , ac: 7202
W<< action: ;W[fb] , ac: 3556
W<< action: ;W[fa] , ac: 3342
W<< action: ;W[gi] , ac: 2967
W<< action: ;W[gh] , ac: 2191
W<< action: ;W[gc] , ac: 3617
W<< action: ;W[gb] , ac: 3915
W<< action: ;W[ga] , ac: 4583
W<< action: ;W[hg] , ac: 916
W<< action: ;W[hb] , ac: 2190
W<< action: ;W[if] , ac: 880
W<< action: ;W[ib] , ac: 3252
W<< = E9
W<< 
B>> play W E9
B<< = 
B<< 
B>> genmove b
B<< MCTS: 12001 simulation done, duration: 886
B<< MCTS: 12001 simulation done, duration: 891
B<< MCTS: 12001 simulation done, duration: 892
B<< MCTS: 12001 simulation done, duration: 915
B<< MCTS: 12001 simulation done, duration: 917
B<< MCTS: 12001 simulation done, duration: 921
B<< MCTS: 12001 simulation done, duration: 928
B<< MCTS: 12001 simulation done, duration: 928
B<< action: ;B[ag] , ac: 1745
B<< action: ;B[ad] , ac: 917
B<< action: ;B[bg] , ac: 4425
B<< action: ;B[bf] , ac: 3225
B<< action: ;B[be] , ac: 5999
B<< action: ;B[bc] , ac: 939
B<< action: ;B[ch] , ac: 5719
B<< action: ;B[cg] , ac: 2154
B<< action: ;B[di] , ac: 4228
B<< action: ;B[dh] , ac: 4313
B<< action: ;B[dg] , ac: 2829
B<< action: ;B[dc] , ac: 792
B<< action: ;B[ei] , ac: 3388
B<< action: ;B[eh] , ac: 2895
B<< action: ;B[eg] , ac: 2125
B<< action: ;B[eb] , ac: 2027
B<< action: ;B[fh] , ac: 2485
B<< action: ;B[fc] , ac: 3642
B<< action: ;B[fb] , ac: 6336
B<< action: ;B[fa] , ac: 3323
B<< action: ;B[gi] , ac: 3096
B<< action: ;B[gh] , ac: 3993
B<< action: ;B[gc] , ac: 6159
B<< action: ;B[gb] , ac: 10084
B<< action: ;B[ga] , ac: 2109
B<< action: ;B[hc] , ac: 1393
B<< action: ;B[hb] , ac: 5668
B<< = G8
B<< 
W>> play B G8
W<< = 
W<< 
W>> genmove w
W<< MCTS: 12001 simulation done, duration: 1224
W<< MCTS: 12001 simulation done, duration: 1229
W<< MCTS: 12001 simulation done, duration: 1232
W<< MCTS: 12001 simulation done, duration: 1240
W<< MCTS: 12001 simulation done, duration: 1246
W<< MCTS: 12001 simulation done, duration: 1261
W<< MCTS: 12001 simulation done, duration: 1263
W<< MCTS: 12001 simulation done, duration: 1273
W<< action: ;W[bi] , ac: 1173
W<< action: ;W[bg] , ac: 2827
W<< action: ;W[bf] , ac: 2724
W<< action: ;W[be] , ac: 3893
W<< action: ;W[ch] , ac: 2367
W<< action: ;W[cg] , ac: 3962
W<< action: ;W[ce] , ac: 3829
W<< action: ;W[di] , ac: 4351
W<< action: ;W[dh] , ac: 4994
W<< action: ;W[dg] , ac: 3467
W<< action: ;W[ei] , ac: 6105
W<< action: ;W[eh] , ac: 3825
W<< action: ;W[eg] , ac: 3443
W<< action: ;W[eb] , ac: 3018
W<< action: ;W[fh] , ac: 3469
W<< action: ;W[fc] , ac: 11158
W<< action: ;W[fb] , ac: 4594
W<< action: ;W[fa] , ac: 2719
W<< action: ;W[gi] , ac: 3285
W<< action: ;W[gh] , ac: 2315
W<< action: ;W[gc] , ac: 4533
W<< action: ;W[ga] , ac: 2442
W<< action: ;W[hg] , ac: 805
W<< action: ;W[hb] , ac: 4195
W<< action: ;W[if] , ac: 1463
W<< action: ;W[ib] , ac: 5052
W<< = F7
W<< 
B>> play W F7
B<< = 
B<< 
B>> genmove b
B<< MCTS: 12001 simulation done, duration: 890
B<< MCTS: 12001 simulation done, duration: 891
B<< MCTS: 12001 simulation done, duration: 896
B<< MCTS: 12001 simulation done, duration: 897
B<< MCTS: 12001 simulation done, duration: 915
B<< MCTS: 12001 simulation done, duration: 920
B<< MCTS: 12001 simulation done, duration: 920
B<< MCTS: 12001 simulation done, duration: 922
B<< action: ;B[ag] , ac: 1652
B<< action: ;B[ad] , ac: 784
B<< action: ;B[bg] , ac: 4210
B<< action: ;B[bf] , ac: 5970
B<< action: ;B[be] , ac: 9040
B<< action: ;B[bc] , ac: 1027
B<< action: ;B[ch] , ac: 5101
B<< action: ;B[cg] , ac: 1866
B<< action: ;B[di] , ac: 5032
B<< action: ;B[dh] , ac: 3358
B<< action: ;B[dg] , ac: 3983
B<< action: ;B[dc] , ac: 781
B<< action: ;B[ei] , ac: 3264
B<< action: ;B[eh] , ac: 2552
B<< action: ;B[eg] , ac: 2156
B<< action: ;B[eb] , ac: 2148
B<< action: ;B[fh] , ac: 1613
B<< action: ;B[fb] , ac: 2188
B<< action: ;B[fa] , ac: 8641
B<< action: ;B[gi] , ac: 3806
B<< action: ;B[gh] , ac: 3082
B<< action: ;B[gc] , ac: 13176
B<< action: ;B[ga] , ac: 2106
B<< action: ;B[hc] , ac: 1494
B<< action: ;B[hb] , ac: 6978
B<< = G7
B<< 
W>> play B G7
W<< = 
W<< 
W>> genmove w
W<< MCTS: 12001 simulation done, duration: 1118
W<< MCTS: 12001 simulation done, duration: 1129
W<< MCTS: 12001 simulation done, duration: 1134
W<< MCTS: 12001 simulation done, duration: 1145
W<< MCTS: 12001 simulation done, duration: 1148
W<< MCTS: 12001 simulation done, duration: 1169
W<< MCTS: 12001 simulation done, duration: 1169
W<< MCTS: 12001 simulation done, duration: 1221
W<< action: ;W[bi] , ac: 1116
W<< action: ;W[bg] , ac: 3258
W<< action: ;W[bf] , ac: 3230
W<< action: ;W[be] , ac: 4832
W<< action: ;W[ch] , ac: 3209
W<< action: ;W[cg] , ac: 2426
W<< action: ;W[ce] , ac: 6371
W<< action: ;W[di] , ac: 3543
W<< action: ;W[dh] , ac: 7703
W<< action: ;W[dg] , ac: 5822
W<< action: ;W[ei] , ac: 9135
W<< action: ;W[eh] , ac: 5704
W<< action: ;W[eg] , ac: 3646
W<< action: ;W[eb] , ac: 3527
W<< action: ;W[fh] , ac: 4067
W<< action: ;W[fb] , ac: 2135
W<< action: ;W[fa] , ac: 2322
W<< action: ;W[gi] , ac: 4798
W<< action: ;W[gh] , ac: 2873
W<< action: ;W[ga] , ac: 2940
W<< action: ;W[hg] , ac: 787
W<< action: ;W[hb] , ac: 4991
W<< action: ;W[if] , ac: 934
W<< action: ;W[ib] , ac: 6639
W<< = E1
W<< 
B>> play W E1
B<< = 
B<< 
B>> genmove b
B<< MCTS: 12001 simulation done, duration: 781
B<< MCTS: 12001 simulation done, duration: 781
B<< MCTS: 12001 simulation done, duration: 784
B<< MCTS: 12001 simulation done, duration: 787
B<< MCTS: 12001 simulation done, duration: 789
B<< MCTS: 12001 simulation done, duration: 790
B<< MCTS: 12001 simulation done, duration: 790
B<< MCTS: 12001 simulation done, duration: 791
B<< action: ;B[ag] , ac: 1641
B<< action: ;B[ad] , ac: 829
B<< action: ;B[bg] , ac: 3205
B<< action: ;B[bf] , ac: 4176
B<< action: ;B[be] , ac: 7721
B<< action: ;B[bc] , ac: 803
B<< action: ;B[ch] , ac: 5585
B<< action: ;B[cg] , ac: 2191
B<< action: ;B[di] , ac: 13778
B<< action: ;B[dh] , ac: 4801
B<< action: ;B[dg] , ac: 3890
B<< action: ;B[dc] , ac: 664
B<< action: ;B[eh] , ac: 2765
B<< action: ;B[eg] , ac: 2195
B<< action: ;B[eb] , ac: 1732
B<< action: ;B[fh] , ac: 1881
B<< action: ;B[fa] , ac: 12926
B<< action: ;B[gi] , ac: 3225
B<< action: ;B[gh] , ac: 3608
B<< action: ;B[ga] , ac: 2111
B<< action: ;B[hc] , ac: 1062
B<< action: ;B[hb] , ac: 15219
B<< = H8
B<< 
W>> play B H8
W<< = 
W<< 
W>> genmove w
W<< MCTS: 12001 simulation done, duration: 1079
W<< MCTS: 12001 simulation done, duration: 1079
W<< MCTS: 12001 simulation done, duration: 1085
W<< MCTS: 12001 simulation done, duration: 1101
W<< MCTS: 12001 simulation done, duration: 1101
W<< MCTS: 12001 simulation done, duration: 1114
W<< MCTS: 12001 simulation done, duration: 1152
W<< MCTS: 12001 simulation done, duration: 1164
W<< action: ;W[bi] , ac: 785
W<< action: ;W[bg] , ac: 3951
W<< action: ;W[bf] , ac: 2751
W<< action: ;W[be] , ac: 3294
W<< action: ;W[ch] , ac: 3384
W<< action: ;W[cg] , ac: 4024
W<< action: ;W[ce] , ac: 3374
W<< action: ;W[di] , ac: 1882
W<< action: ;W[dh] , ac: 26473
W<< action: ;W[dg] , ac: 5735
W<< action: ;W[eh] , ac: 4560
W<< action: ;W[eg] , ac: 4251
W<< action: ;W[eb] , ac: 2112
W<< action: ;W[fh] , ac: 6170
W<< action: ;W[fb] , ac: 1846
W<< action: ;W[fa] , ac: 3136
W<< action: ;W[gi] , ac: 2860
W<< action: ;W[gh] , ac: 2591
W<< action: ;W[ga] , ac: 10811
W<< action: ;W[hg] , ac: 1016
W<< action: ;W[if] , ac: 1002
W<< = D2
W<< 
B>> play W D2
B<< = 
B<< 
B>> genmove b
B<< MCTS: 12001 simulation done, duration: 717
B<< MCTS: 12001 simulation done, duration: 722
B<< MCTS: 12001 simulation done, duration: 729
B<< MCTS: 12001 simulation done, duration: 737
B<< MCTS: 12001 simulation done, duration: 739
B<< MCTS: 12001 simulation done, duration: 753
B<< MCTS: 12001 simulation done, duration: 897
B<< MCTS: 12001 simulation done, duration: 906
B<< action: ;B[ag] , ac: 1098
B<< action: ;B[ad] , ac: 645
B<< action: ;B[bg] , ac: 2050
B<< action: ;B[bf] , ac: 2197
B<< action: ;B[be] , ac: 4231
B<< action: ;B[bc] , ac: 514
B<< action: ;B[ch] , ac: 58357
B<< action: ;B[cg] , ac: 2415
B<< action: ;B[dg] , ac: 4301
B<< action: ;B[dc] , ac: 593
B<< action: ;B[eh] , ac: 2470
B<< action: ;B[eg] , ac: 2347
B<< action: ;B[eb] , ac: 945
B<< action: ;B[fh] , ac: 1402
B<< action: ;B[fa] , ac: 5898
B<< action: ;B[gi] , ac: 2060
B<< action: ;B[gh] , ac: 1734
B<< action: ;B[ga] , ac: 2097
B<< action: ;B[hc] , ac: 654
B<< = C2
B<< 
W>> play B C2
W<< = 
W<< 
W>> genmove w
W<< MCTS: 12001 simulation done, duration: 1014
W<< MCTS: 12001 simulation done, duration: 1021
W<< MCTS: 12001 simulation done, duration: 1027
W<< MCTS: 12001 simulation done, duration: 1031
W<< MCTS: 12001 simulation done, duration: 1032
W<< MCTS: 12001 simulation done, duration: 1036
W<< MCTS: 12001 simulation done, duration: 1040
W<< MCTS: 12001 simulation done, duration: 1074
W<< action: ;W[bi] , ac: 1227
W<< action: ;W[bg] , ac: 6100
W<< action: ;W[bf] , ac: 6452
W<< action: ;W[be] , ac: 8732
W<< action: ;W[ce] , ac: 11774
W<< action: ;W[di] , ac: 1385
W<< action: ;W[dg] , ac: 7384
W<< action: ;W[eh] , ac: 3757
W<< action: ;W[eg] , ac: 8155
W<< action: ;W[eb] , ac: 2847
W<< action: ;W[fh] , ac: 3271
W<< action: ;W[fb] , ac: 2063
W<< action: ;W[fa] , ac: 4849
W<< action: ;W[gi] , ac: 6018
W<< action: ;W[gh] , ac: 5273
W<< action: ;W[ga] , ac: 14334
W<< action: ;W[hg] , ac: 1224
W<< action: ;W[if] , ac: 1163
W<< = G9
W<< 
B>> play W G9
B<< = 
B<< 
B>> genmove b
B<< MCTS: 12001 simulation done, duration: 673
B<< MCTS: 12001 simulation done, duration: 681
B<< MCTS: 12001 simulation done, duration: 688
B<< MCTS: 12001 simulation done, duration: 690
B<< MCTS: 12001 simulation done, duration: 696
B<< MCTS: 12001 simulation done, duration: 704
B<< MCTS: 12001 simulation done, duration: 706
B<< MCTS: 12001 simulation done, duration: 706
B<< action: ;B[ag] , ac: 1149
B<< action: ;B[ad] , ac: 654
B<< action: ;B[bg] , ac: 3282
B<< action: ;B[bf] , ac: 9762
B<< action: ;B[be] , ac: 54523
B<< action: ;B[bc] , ac: 668
B<< action: ;B[cg] , ac: 913
B<< action: ;B[dg] , ac: 5413
B<< action: ;B[dc] , ac: 710
B<< action: ;B[eh] , ac: 4629
B<< action: ;B[eg] , ac: 3061
B<< action: ;B[eb] , ac: 3811
B<< action: ;B[fh] , ac: 2074
B<< action: ;B[gi] , ac: 2474
B<< action: ;B[gh] , ac: 2342
B<< action: ;B[hc] , ac: 543
B<< = B5
B<< 
W>> play B B5
W<< = 
W<< 
W>> genmove w
W<< MCTS: 12001 simulation done, duration: 920
W<< MCTS: 12001 simulation done, duration: 924
W<< MCTS: 12001 simulation done, duration: 941
W<< MCTS: 12001 simulation done, duration: 942
W<< MCTS: 12001 simulation done, duration: 948
W<< MCTS: 12001 simulation done, duration: 951
W<< MCTS: 12001 simulation done, duration: 962
W<< MCTS: 12001 simulation done, duration: 985
W<< action: ;W[bi] , ac: 974
W<< action: ;W[bg] , ac: 6608
W<< action: ;W[bf] , ac: 5531
W<< action: ;W[di] , ac: 843
W<< action: ;W[dg] , ac: 50927
W<< action: ;W[eh] , ac: 3424
W<< action: ;W[eg] , ac: 6668
W<< action: ;W[eb] , ac: 5746
W<< action: ;W[fh] , ac: 2222
W<< action: ;W[fb] , ac: 1487
W<< action: ;W[fa] , ac: 1431
W<< action: ;W[gi] , ac: 3523
W<< action: ;W[gh] , ac: 4639
W<< action: ;W[hg] , ac: 1104
W<< action: ;W[if] , ac: 881
W<< = D3
W<< 
B>> play W D3
B<< = 
B<< 
B>> genmove b
B<< MCTS: 12001 simulation done, duration: 635
B<< MCTS: 12001 simulation done, duration: 642
B<< MCTS: 12001 simulation done, duration: 643
B<< MCTS: 12001 simulation done, duration: 644
B<< MCTS: 12001 simulation done, duration: 644
B<< MCTS: 12001 simulation done, duration: 644
B<< MCTS: 12001 simulation done, duration: 650
B<< MCTS: 12001 simulation done, duration: 653
B<< action: ;B[ag] , ac: 2410
B<< action: ;B[ad] , ac: 713
B<< action: ;B[bg] , ac: 2702
B<< action: ;B[bf] , ac: 2425
B<< action: ;B[bc] , ac: 639
B<< action: ;B[cg] , ac: 682
B<< action: ;B[dc] , ac: 643
B<< action: ;B[eh] , ac: 2371
B<< action: ;B[eg] , ac: 3482
B<< action: ;B[eb] , ac: 4775
B<< action: ;B[fh] , ac: 69169
B<< action: ;B[gi] , ac: 3071
B<< action: ;B[gh] , ac: 2332
B<< action: ;B[hc] , ac: 594
B<< = F2
B<< 
W>> play B F2
W<< = 
W<< 
W>> genmove w
W<< MCTS: 12001 simulation done, duration: 854
W<< MCTS: 12001 simulation done, duration: 856
W<< MCTS: 12001 simulation done, duration: 870
W<< MCTS: 12001 simulation done, duration: 872
W<< MCTS: 12001 simulation done, duration: 873
W<< MCTS: 12001 simulation done, duration: 881
W<< MCTS: 12001 simulation done, duration: 1024
W<< MCTS: 12001 simulation done, duration: 1025
W<< action: ;W[bi] , ac: 1587
W<< action: ;W[bg] , ac: 9234
W<< action: ;W[bf] , ac: 9161
W<< action: ;W[di] , ac: 1034
W<< action: ;W[eh] , ac: 20805
W<< action: ;W[eg] , ac: 18784
W<< action: ;W[eb] , ac: 10594
W<< action: ;W[fb] , ac: 2187
W<< action: ;W[fa] , ac: 1946
W<< action: ;W[gi] , ac: 10245
W<< action: ;W[gh] , ac: 8200
W<< action: ;W[hg] , ac: 1207
W<< action: ;W[if] , ac: 1024
W<< = E2
W<< 
B>> play W E2
B<< = 
B<< 
B>> genmove b
B<< MCTS: 12001 simulation done, duration: 576
B<< MCTS: 12001 simulation done, duration: 578
B<< MCTS: 12001 simulation done, duration: 580
B<< MCTS: 12001 simulation done, duration: 581
B<< MCTS: 12001 simulation done, duration: 605
B<< MCTS: 12001 simulation done, duration: 607
B<< MCTS: 12001 simulation done, duration: 608
B<< MCTS: 12001 simulation done, duration: 620
B<< action: ;B[ag] , ac: 1161
B<< action: ;B[ad] , ac: 309
B<< action: ;B[bg] , ac: 1039
B<< action: ;B[bf] , ac: 1339
B<< action: ;B[bc] , ac: 332
B<< action: ;B[cg] , ac: 410
B<< action: ;B[dc] , ac: 371
B<< action: ;B[eg] , ac: 1890
B<< action: ;B[eb] , ac: 24466
B<< action: ;B[gi] , ac: 32448
B<< action: ;B[gh] , ac: 31897
B<< action: ;B[hc] , ac: 346
B<< = G1
B<< 
W>> play B G1
W<< = 
W<< 
W>> genmove w
W<< MCTS: 12001 simulation done, duration: 771
W<< MCTS: 12001 simulation done, duration: 779
W<< MCTS: 12001 simulation done, duration: 799
W<< MCTS: 12001 simulation done, duration: 801
W<< MCTS: 12001 simulation done, duration: 805
W<< MCTS: 12001 simulation done, duration: 840
W<< MCTS: 12001 simulation done, duration: 891
W<< MCTS: 12001 simulation done, duration: 915
W<< action: ;W[bi] , ac: 7234
W<< action: ;W[bg] , ac: 11944
W<< action: ;W[bf] , ac: 10000
W<< action: ;W[di] , ac: 7485
W<< action: ;W[eg] , ac: 10900
W<< action: ;W[eb] , ac: 9713
W<< action: ;W[fb] , ac: 8578
W<< action: ;W[fa] , ac: 8187
W<< action: ;W[gh] , ac: 9709
W<< action: ;W[hg] , ac: 6384
W<< action: ;W[if] , ac: 5874
W<< = B3
W<< 
B>> play W B3
B<< = 
B<< 
B>> genmove b
B<< MCTS: 12001 simulation done, duration: 497
B<< MCTS: 12001 simulation done, duration: 505
B<< MCTS: 12001 simulation done, duration: 515
B<< MCTS: 12001 simulation done, duration: 519
B<< MCTS: 12001 simulation done, duration: 525
B<< MCTS: 12001 simulation done, duration: 527
B<< MCTS: 12001 simulation done, duration: 531
B<< MCTS: 12001 simulation done, duration: 530
B<< action: ;B[ad] , ac: 124
B<< action: ;B[bf] , ac: 11916
B<< action: ;B[bc] , ac: 179
B<< action: ;B[cg] , ac: 180
B<< action: ;B[dc] , ac: 158
B<< action: ;B[eg] , ac: 23813
B<< action: ;B[eb] , ac: 35572
B<< action: ;B[gh] , ac: 23897
B<< action: ;B[hc] , ac: 169
B<< = E8
B<< 
W>> play B E8
W<< = 
W<< 
W>> genmove w
W<< MCTS: 12001 simulation done, duration: 729
W<< MCTS: 12001 simulation done, duration: 755
W<< MCTS: 12001 simulation done, duration: 773
W<< MCTS: 12001 simulation done, duration: 779
W<< MCTS: 12001 simulation done, duration: 780
W<< MCTS: 12001 simulation done, duration: 786
W<< MCTS: 12001 simulation done, duration: 786
W<< MCTS: 12001 simulation done, duration: 807
W<< action: ;W[bi] , ac: 11381
W<< action: ;W[bf] , ac: 9195
W<< action: ;W[di] , ac: 11211
W<< action: ;W[eg] , ac: 9794
W<< action: ;W[fb] , ac: 10813
W<< action: ;W[fa] , ac: 11124
W<< action: ;W[gh] , ac: 9777
W<< action: ;W[hg] , ac: 11505
W<< action: ;W[if] , ac: 11208
W<< = H3
W<< 
B>> play W H3
B<< = 
B<< 
B>> genmove b
B<< MCTS: 12001 simulation done, duration: 440
B<< MCTS: 12001 simulation done, duration: 441
B<< MCTS: 12001 simulation done, duration: 443
B<< MCTS: 12001 simulation done, duration: 446
B<< MCTS: 12001 simulation done, duration: 447
B<< MCTS: 12001 simulation done, duration: 451
B<< MCTS: 12001 simulation done, duration: 451
B<< MCTS: 12001 simulation done, duration: 454
B<< action: ;B[ad] , ac: 811
B<< action: ;B[bf] , ac: 30665
B<< action: ;B[bc] , ac: 640
B<< action: ;B[cg] , ac: 995
B<< action: ;B[dc] , ac: 664
B<< action: ;B[eg] , ac: 30662
B<< action: ;B[gh] , ac: 30664
B<< action: ;B[hc] , ac: 907
B<< = B4
B<< 
W>> play B B4
W<< = 
W<< 
W>> genmove w
W<< MCTS: 12001 simulation done, duration: 591
W<< MCTS: 12001 simulation done, duration: 597
W<< MCTS: 12001 simulation done, duration: 602
W<< MCTS: 12001 simulation done, duration: 604
W<< MCTS: 12001 simulation done, duration: 609
W<< MCTS: 12001 simulation done, duration: 614
W<< MCTS: 12001 simulation done, duration: 615
W<< MCTS: 12001 simulation done, duration: 623
W<< action: ;W[bi] , ac: 13715
W<< action: ;W[di] , ac: 13712
W<< action: ;W[eg] , ac: 13718
W<< action: ;W[fb] , ac: 13717
W<< action: ;W[fa] , ac: 13717
W<< action: ;W[gh] , ac: 13714
W<< action: ;W[if] , ac: 13715
W<< = E3
W<< 
B>> play W E3
B<< = 
B<< 
B>> genmove b
B<< MCTS: 12001 simulation done, duration: 354
B<< MCTS: 12001 simulation done, duration: 360
B<< MCTS: 12001 simulation done, duration: 364
B<< MCTS: 12001 simulation done, duration: 364
B<< MCTS: 12001 simulation done, duration: 365
B<< MCTS: 12001 simulation done, duration: 365
B<< MCTS: 12001 simulation done, duration: 367
B<< MCTS: 12001 simulation done, duration: 368
B<< action: ;B[ad] , ac: 19201
B<< action: ;B[bc] , ac: 19203
B<< action: ;B[cg] , ac: 19202
B<< action: ;B[dc] , ac: 19202
B<< action: ;B[hc] , ac: 19200
B<< = B7
B<< 
W>> play B B7
W<< = 
W<< 
W>> genmove w
W<< MCTS: 12001 simulation done, duration: 317
W<< MCTS: 12001 simulation done, duration: 325
W<< MCTS: 12001 simulation done, duration: 327
W<< MCTS: 12001 simulation done, duration: 338
W<< MCTS: 12001 simulation done, duration: 360
W<< MCTS: 12001 simulation done, duration: 365
W<< MCTS: 12001 simulation done, duration: 395
W<< MCTS: 12001 simulation done, duration: 406
W<< action: ;W[bi] , ac: 19200
W<< action: ;W[di] , ac: 19202
W<< action: ;W[fb] , ac: 19202
W<< action: ;W[fa] , ac: 19203
W<< action: ;W[if] , ac: 19201
W<< = F9
W<< 
B>> play W F9
B<< = 
B<< 
B>> genmove b
B<< MCTS: 12001 simulation done, duration: 169
B<< MCTS: 12001 simulation done, duration: 180
B<< MCTS: 12001 simulation done, duration: 190
B<< MCTS: 12001 simulation done, duration: 190
B<< MCTS: 12001 simulation done, duration: 194
B<< MCTS: 12001 simulation done, duration: 199
B<< MCTS: 12001 simulation done, duration: 224
B<< MCTS: 12001 simulation done, duration: 223
B<< action: ;B[ad] , ac: 24002
B<< action: ;B[cg] , ac: 24000
B<< action: ;B[dc] , ac: 24002
B<< action: ;B[hc] , ac: 24004
B<< = H7
B<< 
W>> play B H7
W<< = 
W<< 
W>> genmove w
W<< MCTS: 12001 simulation done, duration: 251
W<< MCTS: 12001 simulation done, duration: 254
W<< MCTS: 12001 simulation done, duration: 256
W<< MCTS: 12001 simulation done, duration: 258
W<< MCTS: 12001 simulation done, duration: 260
W<< MCTS: 12001 simulation done, duration: 262
W<< MCTS: 12001 simulation done, duration: 262
W<< MCTS: 12001 simulation done, duration: 262
W<< action: ;W[bi] , ac: 32003
W<< action: ;W[di] , ac: 32003
W<< action: ;W[if] , ac: 32002
W<< = B1
W<< 
B>> play W B1
B<< = 
B<< 
B>> genmove b
B<< MCTS: 12001 simulation done, duration: 173
B<< MCTS: 12001 simulation done, duration: 185
B<< MCTS: 12001 simulation done, duration: 187
B<< MCTS: 12001 simulation done, duration: 188
B<< MCTS: 12001 simulation done, duration: 188
B<< MCTS: 12001 simulation done, duration: 189
B<< MCTS: 12001 simulation done, duration: 193
B<< MCTS: 12001 simulation done, duration: 193
B<< action: ;B[ad] , ac: 32004
B<< action: ;B[cg] , ac: 32001
B<< action: ;B[dc] , ac: 32003
B<< = A6
B<< 
W>> play B A6
W<< = 
W<< 
W>> genmove w
W<< MCTS: 12001 simulation done, duration: 280
W<< MCTS: 12001 simulation done, duration: 281
W<< MCTS: 12001 simulation done, duration: 388
W<< MCTS: 12001 simulation done, duration: 389
W<< MCTS: 12001 simulation done, duration: 392
W<< MCTS: 12001 simulation done, duration: 392
W<< MCTS: 12001 simulation done, duration: 393
W<< MCTS: 12001 simulation done, duration: 408
W<< action: ;W[di] , ac: 48006
W<< action: ;W[if] , ac: 48002
W<< = D1
W<< 
B>> play W D1
B<< = 
B<< 
B>> genmove b
B<< MCTS: 12001 simulation done, duration: 170
B<< MCTS: 12001 simulation done, duration: 177
B<< MCTS: 12001 simulation done, duration: 181
B<< MCTS: 12001 simulation done, duration: 183
B<< MCTS: 12001 simulation done, duration: 185
B<< MCTS: 12001 simulation done, duration: 190
B<< MCTS: 12001 simulation done, duration: 205
B<< MCTS: 12001 simulation done, duration: 205
B<< action: ;B[cg] , ac: 48005
B<< action: ;B[dc] , ac: 48003
B<< = C3
B<< 
W>> play B C3
W<< = 
W<< 
W>> genmove w
W<< MCTS: 12001 simulation done, duration: 263
W<< MCTS: 12001 simulation done, duration: 267
W<< MCTS: 12001 simulation done, duration: 360
W<< MCTS: 12001 simulation done, duration: 367
W<< MCTS: 12001 simulation done, duration: 370
W<< MCTS: 12001 simulation done, duration: 373
W<< MCTS: 12001 simulation done, duration: 381
W<< MCTS: 12001 simulation done, duration: 392
W<< action: ;W[if] , ac: 96008
W<< = J4
W<< 
B>> play W J4
B<< = 
B<< 
B>> genmove b
B<< MCTS: 12001 simulation done, duration: 168
B<< MCTS: 12001 simulation done, duration: 173
B<< MCTS: 12001 simulation done, duration: 177
B<< MCTS: 12001 simulation done, duration: 180
B<< MCTS: 12001 simulation done, duration: 182
B<< MCTS: 12001 simulation done, duration: 187
B<< MCTS: 12001 simulation done, duration: 191
B<< MCTS: 12001 simulation done, duration: 194
B<< action: ;B[dc] , ac: 96008
B<< = D7
B<< 
W>> play B D7
W<< = 
W<< 
W>> genmove w
W<< MCTS: 12001 simulation done, duration: 237
W<< MCTS: 12001 simulation done, duration: 274
W<< MCTS: 12001 simulation done, duration: 277
W<< MCTS: 12001 simulation done, duration: 291
W<< MCTS: 12001 simulation done, duration: 292
W<< MCTS: 12001 simulation done, duration: 298
W<< MCTS: 12001 simulation done, duration: 298
W<< MCTS: 12001 simulation done, duration: 304
W<< = resign
W<< 
B>> quit
W>> quit
