B<< HollowNoGo-Demo: /home/sciencethebird/Desktop/TCG_2021/Project_4/pj-4-judge-v1/./nogo --shell --name=Hollow-Black --black=search=MCTS N=10000 worker=16 exploration=0.5 
B<< 
B>> protocol_version
B<< = 2
B<< 
B>> name
B<< = Hollow-Black
B<< 
B>> version
B<< = 2021
B<< 
B>> list_commands
B<< = play
B<< genmove
B<< clear_board
B<< showboard
B<< boardsize
B<< name
B<< version
B<< protocol_version
B<< list_commands
B<< quit
B<< 
B<< 
W>> protocol_version
W<< HollowNoGo-Demo: ./nogo --shell --name=Hollow --white=search=MCTS N=10000 worker=16 exploration=0.5 --black=search=MCTS N=10000 worker=16 exploration=0.5 
W<< 
W<< = 2
W<< 
W>> name
W<< = Hollow
W<< 
W>> version
W<< = 2021
W<< 
W>> list_commands
W<< = play
W<< genmove
W<< clear_board
W<< showboard
W<< boardsize
W<< name
W<< version
W<< protocol_version
W<< list_commands
W<< quit
W<< 
W<< 
B>> boardsize 9
B<< = 
B<< 
B>> clear_board
B<< = 
B<< 
W>> boardsize 9
W<< = 
W<< 
W>> clear_board
W<< = 
W<< 
============================================
Game 0
============================================
B>> boardsize 9
B<< = 
B<< 
B>> clear_board
B<< = 
B<< 
W>> boardsize 9
W<< = 
W<< 
W>> clear_board
W<< = 
W<< 
B>> genmove b
B<< MCTS: 10001 simulation done, duration: 792
B<< MCTS: 10001 simulation done, duration: 796
B<< MCTS: 10001 simulation done, duration: 797
B<< MCTS: 10001 simulation done, duration: 798
B<< MCTS: 10001 simulation done, duration: 802
B<< MCTS: 10001 simulation done, duration: 804
B<< MCTS: 10001 simulation done, duration: 806
B<< MCTS: 10001 simulation done, duration: 806
B<< MCTS: 10001 simulation done, duration: 813
B<< MCTS: 10001 simulation done, duration: 818
B<< MCTS: 10001 simulation done, duration: 822
B<< MCTS: 10001 simulation done, duration: 827
B<< MCTS: 10001 simulation done, duration: 838
B<< MCTS: 10001 simulation done, duration: 844
B<< MCTS: 10001 simulation done, duration: 846
B<< MCTS: 10001 simulation done, duration: 866
B<< = A1
B<< 
W>> play B A1
W<< = 
W<< 
W>> genmove w
W<< MCTS: 10001 simulation done, duration: 980
W<< MCTS: 10001 simulation done, duration: 1014
W<< MCTS: 10001 simulation done, duration: 1016
W<< MCTS: 10001 simulation done, duration: 1019
W<< MCTS: 10001 simulation done, duration: 1019
W<< MCTS: 10001 simulation done, duration: 1021
W<< MCTS: 10001 simulation done, duration: 1022
W<< MCTS: 10001 simulation done, duration: 1054
W<< MCTS: 10001 simulation done, duration: 1055
W<< MCTS: 10001 simulation done, duration: 1071
W<< MCTS: 10001 simulation done, duration: 1074
W<< MCTS: 10001 simulation done, duration: 1073
W<< MCTS: 10001 simulation done, duration: 1075
W<< MCTS: 10001 simulation done, duration: 1106
W<< MCTS: 10001 simulation done, duration: 1264
W<< MCTS: 10001 simulation done, duration: 1266
W<< = D3
W<< 
B>> play W D3
B<< = 
B<< 
B>> genmove b
B<< MCTS: 10001 simulation done, duration: 785
B<< MCTS: 10001 simulation done, duration: 792
B<< MCTS: 10001 simulation done, duration: 787
B<< MCTS: 10001 simulation done, duration: 803
B<< MCTS: 10001 simulation done, duration: 807
B<< MCTS: 10001 simulation done, duration: 818
B<< MCTS: 10001 simulation done, duration: 820
B<< MCTS: 10001 simulation done, duration: 826
B<< MCTS: 10001 simulation done, duration: 828
B<< MCTS: 10001 simulation done, duration: 831
B<< MCTS: 10001 simulation done, duration: 837
B<< MCTS: 10001 simulation done, duration: 833
B<< MCTS: 10001 simulation done, duration: 865
B<< MCTS: 10001 simulation done, duration: 868
B<< MCTS: 10001 simulation done, duration: 855
B<< MCTS: 10001 simulation done, duration: 873
B<< = G5
B<< 
W>> play B G5
W<< = 
W<< 
W>> genmove w
W<< MCTS: 10001 simulation done, duration: 940
W<< MCTS: 10001 simulation done, duration: 1001
W<< MCTS: 10001 simulation done, duration: 1012
W<< MCTS: 10001 simulation done, duration: 1012
W<< MCTS: 10001 simulation done, duration: 1035
W<< MCTS: 10001 simulation done, duration: 1043
W<< MCTS: 10001 simulation done, duration: 1046
W<< MCTS: 10001 simulation done, duration: 1046
W<< MCTS: 10001 simulation done, duration: 1052
W<< MCTS: 10001 simulation done, duration: 1053
W<< MCTS: 10001 simulation done, duration: 1054
W<< MCTS: 10001 simulation done, duration: 1056
W<< MCTS: 10001 simulation done, duration: 1230
W<< MCTS: 10001 simulation done, duration: 1231
W<< MCTS: 10001 simulation done, duration: 1266
W<< MCTS: 10001 simulation done, duration: 1303
W<< = C6
W<< 
B>> play W C6
B<< = 
B<< 
B>> genmove b
B<< MCTS: 10001 simulation done, duration: 774
B<< MCTS: 10001 simulation done, duration: 777
B<< MCTS: 10001 simulation done, duration: 781
B<< MCTS: 10001 simulation done, duration: 788
B<< MCTS: 10001 simulation done, duration: 790
B<< MCTS: 10001 simulation done, duration: 793
B<< MCTS: 10001 simulation done, duration: 794
B<< MCTS: 10001 simulation done, duration: 800
B<< MCTS: 10001 simulation done, duration: 801
B<< MCTS: 10001 simulation done, duration: 803
B<< MCTS: 10001 simulation done, duration: 808
B<< MCTS: 10001 simulation done, duration: 821
B<< MCTS: 10001 simulation done, duration: 828
B<< MCTS: 10001 simulation done, duration: 820
B<< MCTS: 10001 simulation done, duration: 830
B<< MCTS: 10001 simulation done, duration: 860
B<< = F7
B<< 
W>> play B F7
W<< = 
W<< 
W>> genmove w
W<< MCTS: 10001 simulation done, duration: 1008
W<< MCTS: 10001 simulation done, duration: 1007
W<< MCTS: 10001 simulation done, duration: 1012
W<< MCTS: 10001 simulation done, duration: 1014
W<< MCTS: 10001 simulation done, duration: 1014
W<< MCTS: 10001 simulation done, duration: 1014
W<< MCTS: 10001 simulation done, duration: 1015
W<< MCTS: 10001 simulation done, duration: 1015
W<< MCTS: 10001 simulation done, duration: 1040
W<< MCTS: 10001 simulation done, duration: 1046
W<< MCTS: 10001 simulation done, duration: 1065
W<< MCTS: 10001 simulation done, duration: 1065
W<< MCTS: 10001 simulation done, duration: 1070
W<< MCTS: 10001 simulation done, duration: 1077
W<< MCTS: 10001 simulation done, duration: 1229
W<< MCTS: 10001 simulation done, duration: 1233
W<< = G6
W<< 
B>> play W G6
B<< = 
B<< 
B>> genmove b
B<< MCTS: 10001 simulation done, duration: 762
B<< MCTS: 10001 simulation done, duration: 768
B<< MCTS: 10001 simulation done, duration: 768
B<< MCTS: 10001 simulation done, duration: 770
B<< MCTS: 10001 simulation done, duration: 775
B<< MCTS: 10001 simulation done, duration: 778
B<< MCTS: 10001 simulation done, duration: 777
B<< MCTS: 10001 simulation done, duration: 786
B<< MCTS: 10001 simulation done, duration: 795
B<< MCTS: 10001 simulation done, duration: 799
B<< MCTS: 10001 simulation done, duration: 801
B<< MCTS: 10001 simulation done, duration: 809
B<< MCTS: 10001 simulation done, duration: 811
B<< MCTS: 10001 simulation done, duration: 850
B<< MCTS: 10001 simulation done, duration: 851
B<< MCTS: 10001 simulation done, duration: 844
B<< = J9
B<< 
W>> play B J9
W<< = 
W<< 
W>> genmove w
W<< MCTS: 10001 simulation done, duration: 911
W<< MCTS: 10001 simulation done, duration: 982
W<< MCTS: 10001 simulation done, duration: 988
W<< MCTS: 10001 simulation done, duration: 992
W<< MCTS: 10001 simulation done, duration: 996
W<< MCTS: 10001 simulation done, duration: 999
W<< MCTS: 10001 simulation done, duration: 1051
W<< MCTS: 10001 simulation done, duration: 1052
W<< MCTS: 10001 simulation done, duration: 1053
W<< MCTS: 10001 simulation done, duration: 1058
W<< MCTS: 10001 simulation done, duration: 1116
W<< MCTS: 10001 simulation done, duration: 1117
W<< MCTS: 10001 simulation done, duration: 1163
W<< MCTS: 10001 simulation done, duration: 1214
W<< MCTS: 10001 simulation done, duration: 1247
W<< MCTS: 10001 simulation done, duration: 1251
W<< = B9
W<< 
B>> play W B9
B<< = 
B<< 
B>> genmove b
B<< MCTS: 10001 simulation done, duration: 751
B<< MCTS: 10001 simulation done, duration: 752
B<< MCTS: 10001 simulation done, duration: 751
B<< MCTS: 10001 simulation done, duration: 753
B<< MCTS: 10001 simulation done, duration: 753
B<< MCTS: 10001 simulation done, duration: 755
B<< MCTS: 10001 simulation done, duration: 755
B<< MCTS: 10001 simulation done, duration: 756
B<< MCTS: 10001 simulation done, duration: 757
B<< MCTS: 10001 simulation done, duration: 758
B<< MCTS: 10001 simulation done, duration: 758
B<< MCTS: 10001 simulation done, duration: 759
B<< MCTS: 10001 simulation done, duration: 761
B<< MCTS: 10001 simulation done, duration: 765
B<< MCTS: 10001 simulation done, duration: 751
B<< MCTS: 10001 simulation done, duration: 791
B<< = J1
B<< 
W>> play B J1
W<< = 
W<< 
W>> genmove w
W<< MCTS: 10001 simulation done, duration: 998
W<< MCTS: 10001 simulation done, duration: 1000
W<< MCTS: 10001 simulation done, duration: 1001
W<< MCTS: 10001 simulation done, duration: 1001
W<< MCTS: 10001 simulation done, duration: 1002
W<< MCTS: 10001 simulation done, duration: 1002
W<< MCTS: 10001 simulation done, duration: 1003
W<< MCTS: 10001 simulation done, duration: 1008
W<< MCTS: 10001 simulation done, duration: 1040
W<< MCTS: 10001 simulation done, duration: 1040
W<< MCTS: 10001 simulation done, duration: 1050
W<< MCTS: 10001 simulation done, duration: 1052
W<< MCTS: 10001 simulation done, duration: 1053
W<< MCTS: 10001 simulation done, duration: 1081
W<< MCTS: 10001 simulation done, duration: 1190
W<< MCTS: 10001 simulation done, duration: 1209
W<< = A8
W<< 
B>> play W A8
B<< = 
B<< 
B>> genmove b
B<< MCTS: 10001 simulation done, duration: 746
B<< MCTS: 10001 simulation done, duration: 747
B<< MCTS: 10001 simulation done, duration: 746
B<< MCTS: 10001 simulation done, duration: 750
B<< MCTS: 10001 simulation done, duration: 751
B<< MCTS: 10001 simulation done, duration: 751
B<< MCTS: 10001 simulation done, duration: 752
B<< MCTS: 10001 simulation done, duration: 752
B<< MCTS: 10001 simulation done, duration: 757
B<< MCTS: 10001 simulation done, duration: 737
B<< MCTS: 10001 simulation done, duration: 754
B<< MCTS: 10001 simulation done, duration: 764
B<< MCTS: 10001 simulation done, duration: 752
B<< MCTS: 10001 simulation done, duration: 774
B<< MCTS: 10001 simulation done, duration: 780
B<< MCTS: 10001 simulation done, duration: 799
B<< = B7
B<< 
W>> play B B7
W<< = 
W<< 
W>> genmove w
W<< MCTS: 10001 simulation done, duration: 960
W<< MCTS: 10001 simulation done, duration: 964
W<< MCTS: 10001 simulation done, duration: 978
W<< MCTS: 10001 simulation done, duration: 981
W<< MCTS: 10001 simulation done, duration: 983
W<< MCTS: 10001 simulation done, duration: 984
W<< MCTS: 10001 simulation done, duration: 988
W<< MCTS: 10001 simulation done, duration: 989
W<< MCTS: 10001 simulation done, duration: 1023
W<< MCTS: 10001 simulation done, duration: 1036
W<< MCTS: 10001 simulation done, duration: 1040
W<< MCTS: 10001 simulation done, duration: 1041
W<< MCTS: 10001 simulation done, duration: 1041
W<< MCTS: 10001 simulation done, duration: 1067
W<< MCTS: 10001 simulation done, duration: 1170
W<< MCTS: 10001 simulation done, duration: 1174
W<< = A5
W<< 
B>> play W A5
B<< = 
B<< 
B>> genmove b
B<< MCTS: 10001 simulation done, duration: 735
B<< MCTS: 10001 simulation done, duration: 737
B<< MCTS: 10001 simulation done, duration: 737
B<< MCTS: 10001 simulation done, duration: 736
B<< MCTS: 10001 simulation done, duration: 737
B<< MCTS: 10001 simulation done, duration: 737
B<< MCTS: 10001 simulation done, duration: 738
B<< MCTS: 10001 simulation done, duration: 740
B<< MCTS: 10001 simulation done, duration: 741
B<< MCTS: 10001 simulation done, duration: 741
B<< MCTS: 10001 simulation done, duration: 742
B<< MCTS: 10001 simulation done, duration: 742
B<< MCTS: 10001 simulation done, duration: 745
B<< MCTS: 10001 simulation done, duration: 747
B<< MCTS: 10001 simulation done, duration: 741
B<< MCTS: 10001 simulation done, duration: 754
B<< = A7
B<< 
W>> play B A7
W<< = 
W<< 
W>> genmove w
W<< MCTS: 10001 simulation done, duration: 948
W<< MCTS: 10001 simulation done, duration: 959
W<< MCTS: 10001 simulation done, duration: 960
W<< MCTS: 10001 simulation done, duration: 964
W<< MCTS: 10001 simulation done, duration: 968
W<< MCTS: 10001 simulation done, duration: 969
W<< MCTS: 10001 simulation done, duration: 970
W<< MCTS: 10001 simulation done, duration: 1003
W<< MCTS: 10001 simulation done, duration: 1008
W<< MCTS: 10001 simulation done, duration: 1009
W<< MCTS: 10001 simulation done, duration: 1013
W<< MCTS: 10001 simulation done, duration: 1017
W<< MCTS: 10001 simulation done, duration: 1188
W<< MCTS: 10001 simulation done, duration: 1190
W<< MCTS: 10001 simulation done, duration: 1209
W<< MCTS: 10001 simulation done, duration: 1243
W<< = D1
W<< 
B>> play W D1
B<< = 
B<< 
B>> genmove b
B<< MCTS: 10001 simulation done, duration: 723
B<< MCTS: 10001 simulation done, duration: 727
B<< MCTS: 10001 simulation done, duration: 727
B<< MCTS: 10001 simulation done, duration: 729
B<< MCTS: 10001 simulation done, duration: 728
B<< MCTS: 10001 simulation done, duration: 730
B<< MCTS: 10001 simulation done, duration: 732
B<< MCTS: 10001 simulation done, duration: 733
B<< MCTS: 10001 simulation done, duration: 735
B<< MCTS: 10001 simulation done, duration: 733
B<< MCTS: 10001 simulation done, duration: 737
B<< MCTS: 10001 simulation done, duration: 739
B<< MCTS: 10001 simulation done, duration: 740
B<< MCTS: 10001 simulation done, duration: 737
B<< MCTS: 10001 simulation done, duration: 752
B<< MCTS: 10001 simulation done, duration: 754
B<< = C9
B<< 
W>> play B C9
W<< = 
W<< 
W>> genmove w
W<< MCTS: 10001 simulation done, duration: 939
W<< MCTS: 10001 simulation done, duration: 958
W<< MCTS: 10001 simulation done, duration: 959
W<< MCTS: 10001 simulation done, duration: 961
W<< MCTS: 10001 simulation done, duration: 965
W<< MCTS: 10001 simulation done, duration: 997
W<< MCTS: 10001 simulation done, duration: 1007
W<< MCTS: 10001 simulation done, duration: 1008
W<< MCTS: 10001 simulation done, duration: 1010
W<< MCTS: 10001 simulation done, duration: 1013
W<< MCTS: 10001 simulation done, duration: 1016
W<< MCTS: 10001 simulation done, duration: 1020
W<< MCTS: 10001 simulation done, duration: 1025
W<< MCTS: 10001 simulation done, duration: 1045
W<< MCTS: 10001 simulation done, duration: 1110
W<< MCTS: 10001 simulation done, duration: 1159
W<< = E9
W<< 
B>> play W E9
B<< = 
B<< 
B>> genmove b
B<< MCTS: 10001 simulation done, duration: 707
B<< MCTS: 10001 simulation done, duration: 709
B<< MCTS: 10001 simulation done, duration: 713
B<< MCTS: 10001 simulation done, duration: 714
B<< MCTS: 10001 simulation done, duration: 720
B<< MCTS: 10001 simulation done, duration: 723
B<< MCTS: 10001 simulation done, duration: 729
B<< MCTS: 10001 simulation done, duration: 733
B<< MCTS: 10001 simulation done, duration: 745
B<< MCTS: 10001 simulation done, duration: 743
B<< MCTS: 10001 simulation done, duration: 747
B<< MCTS: 10001 simulation done, duration: 751
B<< MCTS: 10001 simulation done, duration: 770
B<< MCTS: 10001 simulation done, duration: 799
B<< MCTS: 10001 simulation done, duration: 816
B<< MCTS: 10001 simulation done, duration: 866
B<< = B8
B<< 
W>> play B B8
W<< = 
W<< 
W>> genmove w
W<< MCTS: 10001 simulation done, duration: 943
W<< MCTS: 10001 simulation done, duration: 944
W<< MCTS: 10001 simulation done, duration: 946
W<< MCTS: 10001 simulation done, duration: 954
W<< MCTS: 10001 simulation done, duration: 960
W<< MCTS: 10001 simulation done, duration: 995
W<< MCTS: 10001 simulation done, duration: 1002
W<< MCTS: 10001 simulation done, duration: 1002
W<< MCTS: 10001 simulation done, duration: 1002
W<< MCTS: 10001 simulation done, duration: 1002
W<< MCTS: 10001 simulation done, duration: 1004
W<< MCTS: 10001 simulation done, duration: 1018
W<< MCTS: 10001 simulation done, duration: 1019
W<< MCTS: 10001 simulation done, duration: 1087
W<< MCTS: 10001 simulation done, duration: 1207
W<< MCTS: 10001 simulation done, duration: 1208
W<< = C4
W<< 
B>> play W C4
B<< = 
B<< 
B>> genmove b
B<< MCTS: 10001 simulation done, duration: 705
B<< MCTS: 10001 simulation done, duration: 706
B<< MCTS: 10001 simulation done, duration: 706
B<< MCTS: 10001 simulation done, duration: 708
B<< MCTS: 10001 simulation done, duration: 708
B<< MCTS: 10001 simulation done, duration: 709
B<< MCTS: 10001 simulation done, duration: 708
B<< MCTS: 10001 simulation done, duration: 710
B<< MCTS: 10001 simulation done, duration: 712
B<< MCTS: 10001 simulation done, duration: 712
B<< MCTS: 10001 simulation done, duration: 713
B<< MCTS: 10001 simulation done, duration: 713
B<< MCTS: 10001 simulation done, duration: 714
B<< MCTS: 10001 simulation done, duration: 715
B<< MCTS: 10001 simulation done, duration: 718
B<< MCTS: 10001 simulation done, duration: 740
B<< = D7
B<< 
W>> play B D7
W<< = 
W<< 
W>> genmove w
W<< MCTS: 10001 simulation done, duration: 889
W<< MCTS: 10001 simulation done, duration: 955
W<< MCTS: 10001 simulation done, duration: 962
W<< MCTS: 10001 simulation done, duration: 963
W<< MCTS: 10001 simulation done, duration: 970
W<< MCTS: 10001 simulation done, duration: 971
W<< MCTS: 10001 simulation done, duration: 992
W<< MCTS: 10001 simulation done, duration: 995
W<< MCTS: 10001 simulation done, duration: 996
W<< MCTS: 10001 simulation done, duration: 997
W<< MCTS: 10001 simulation done, duration: 998
W<< MCTS: 10001 simulation done, duration: 1001
W<< MCTS: 10001 simulation done, duration: 1060
W<< MCTS: 10001 simulation done, duration: 1082
W<< MCTS: 10001 simulation done, duration: 1086
W<< MCTS: 10001 simulation done, duration: 1092
W<< = B5
W<< 
B>> play W B5
B<< = 
B<< 
B>> genmove b
B<< MCTS: 10001 simulation done, duration: 708
B<< MCTS: 10001 simulation done, duration: 710
B<< MCTS: 10001 simulation done, duration: 711
B<< MCTS: 10001 simulation done, duration: 712
B<< MCTS: 10001 simulation done, duration: 713
B<< MCTS: 10001 simulation done, duration: 713
B<< MCTS: 10001 simulation done, duration: 705
B<< MCTS: 10001 simulation done, duration: 718
B<< MCTS: 10001 simulation done, duration: 718
B<< MCTS: 10001 simulation done, duration: 718
B<< MCTS: 10001 simulation done, duration: 714
B<< MCTS: 10001 simulation done, duration: 719
B<< MCTS: 10001 simulation done, duration: 717
B<< MCTS: 10001 simulation done, duration: 726
B<< MCTS: 10001 simulation done, duration: 711
B<< MCTS: 10001 simulation done, duration: 747
B<< = A4
B<< 
W>> play B A4
W<< = 
W<< 
W>> genmove w
W<< MCTS: 10001 simulation done, duration: 845
W<< MCTS: 10001 simulation done, duration: 939
W<< MCTS: 10001 simulation done, duration: 940
W<< MCTS: 10001 simulation done, duration: 943
W<< MCTS: 10001 simulation done, duration: 944
W<< MCTS: 10001 simulation done, duration: 945
W<< MCTS: 10001 simulation done, duration: 971
W<< MCTS: 10001 simulation done, duration: 972
W<< MCTS: 10001 simulation done, duration: 972
W<< MCTS: 10001 simulation done, duration: 977
W<< MCTS: 10001 simulation done, duration: 977
W<< MCTS: 10001 simulation done, duration: 978
W<< MCTS: 10001 simulation done, duration: 1055
W<< MCTS: 10001 simulation done, duration: 1055
W<< MCTS: 10001 simulation done, duration: 1083
W<< MCTS: 10001 simulation done, duration: 1135
W<< = G4
W<< 
B>> play W G4
B<< = 
B<< 
B>> genmove b
B<< MCTS: 10001 simulation done, duration: 680
B<< MCTS: 10001 simulation done, duration: 681
B<< MCTS: 10001 simulation done, duration: 683
B<< MCTS: 10001 simulation done, duration: 685
B<< MCTS: 10001 simulation done, duration: 686
B<< MCTS: 10001 simulation done, duration: 685
B<< MCTS: 10001 simulation done, duration: 687
B<< MCTS: 10001 simulation done, duration: 686
B<< MCTS: 10001 simulation done, duration: 687
B<< MCTS: 10001 simulation done, duration: 689
B<< MCTS: 10001 simulation done, duration: 690
B<< MCTS: 10001 simulation done, duration: 691
B<< MCTS: 10001 simulation done, duration: 672
B<< MCTS: 10001 simulation done, duration: 693
B<< MCTS: 10001 simulation done, duration: 696
B<< MCTS: 10001 simulation done, duration: 699
B<< = E8
B<< 
W>> play B E8
W<< = 
W<< 
W>> genmove w
W<< MCTS: 10001 simulation done, duration: 936
W<< MCTS: 10001 simulation done, duration: 938
W<< MCTS: 10001 simulation done, duration: 941
W<< MCTS: 10001 simulation done, duration: 941
W<< MCTS: 10001 simulation done, duration: 941
W<< MCTS: 10001 simulation done, duration: 945
W<< MCTS: 10001 simulation done, duration: 946
W<< MCTS: 10001 simulation done, duration: 974
W<< MCTS: 10001 simulation done, duration: 982
W<< MCTS: 10001 simulation done, duration: 984
W<< MCTS: 10001 simulation done, duration: 992
W<< MCTS: 10001 simulation done, duration: 993
W<< MCTS: 10001 simulation done, duration: 999
W<< MCTS: 10001 simulation done, duration: 1025
W<< MCTS: 10001 simulation done, duration: 1065
W<< MCTS: 10001 simulation done, duration: 1111
W<< = C2
W<< 
B>> play W C2
B<< = 
B<< 
B>> genmove b
B<< MCTS: 10001 simulation done, duration: 681
B<< MCTS: 10001 simulation done, duration: 683
B<< MCTS: 10001 simulation done, duration: 684
B<< MCTS: 10001 simulation done, duration: 687
B<< MCTS: 10001 simulation done, duration: 687
B<< MCTS: 10001 simulation done, duration: 687
B<< MCTS: 10001 simulation done, duration: 687
B<< MCTS: 10001 simulation done, duration: 688
B<< MCTS: 10001 simulation done, duration: 688
B<< MCTS: 10001 simulation done, duration: 689
B<< MCTS: 10001 simulation done, duration: 690
B<< MCTS: 10001 simulation done, duration: 690
B<< MCTS: 10001 simulation done, duration: 683
B<< MCTS: 10001 simulation done, duration: 696
B<< MCTS: 10001 simulation done, duration: 701
B<< MCTS: 10001 simulation done, duration: 719
B<< = C3
B<< 
W>> play B C3
W<< = 
W<< 
W>> genmove w
W<< MCTS: 10001 simulation done, duration: 884
W<< MCTS: 10001 simulation done, duration: 889
W<< MCTS: 10001 simulation done, duration: 892
W<< MCTS: 10001 simulation done, duration: 892
W<< MCTS: 10001 simulation done, duration: 893
W<< MCTS: 10001 simulation done, duration: 893
W<< MCTS: 10001 simulation done, duration: 896
W<< MCTS: 10001 simulation done, duration: 898
W<< MCTS: 10001 simulation done, duration: 897
W<< MCTS: 10001 simulation done, duration: 921
W<< MCTS: 10001 simulation done, duration: 934
W<< MCTS: 10001 simulation done, duration: 977
W<< MCTS: 10001 simulation done, duration: 979
W<< MCTS: 10001 simulation done, duration: 1014
W<< MCTS: 10001 simulation done, duration: 1112
W<< MCTS: 10001 simulation done, duration: 1116
W<< = B1
W<< 
B>> play W B1
B<< = 
B<< 
B>> genmove b
B<< MCTS: 10001 simulation done, duration: 634
B<< MCTS: 10001 simulation done, duration: 636
B<< MCTS: 10001 simulation done, duration: 638
B<< MCTS: 10001 simulation done, duration: 637
B<< MCTS: 10001 simulation done, duration: 641
B<< MCTS: 10001 simulation done, duration: 642
B<< MCTS: 10001 simulation done, duration: 641
B<< MCTS: 10001 simulation done, duration: 641
B<< MCTS: 10001 simulation done, duration: 643
B<< MCTS: 10001 simulation done, duration: 644
B<< MCTS: 10001 simulation done, duration: 647
B<< MCTS: 10001 simulation done, duration: 649
B<< MCTS: 10001 simulation done, duration: 639
B<< MCTS: 10001 simulation done, duration: 665
B<< MCTS: 10001 simulation done, duration: 678
B<< MCTS: 10001 simulation done, duration: 679
B<< = F9
B<< 
W>> play B F9
W<< = 
W<< 
W>> genmove w
W<< MCTS: 10001 simulation done, duration: 867
W<< MCTS: 10001 simulation done, duration: 895
W<< MCTS: 10001 simulation done, duration: 898
W<< MCTS: 10001 simulation done, duration: 899
W<< MCTS: 10001 simulation done, duration: 900
W<< MCTS: 10001 simulation done, duration: 901
W<< MCTS: 10001 simulation done, duration: 911
W<< MCTS: 10001 simulation done, duration: 927
W<< MCTS: 10001 simulation done, duration: 928
W<< MCTS: 10001 simulation done, duration: 935
W<< MCTS: 10001 simulation done, duration: 953
W<< MCTS: 10001 simulation done, duration: 953
W<< MCTS: 10001 simulation done, duration: 1001
W<< MCTS: 10001 simulation done, duration: 1062
W<< MCTS: 10001 simulation done, duration: 1166
W<< MCTS: 10001 simulation done, duration: 1171
W<< = E2
W<< 
B>> play W E2
B<< = 
B<< 
B>> genmove b
B<< MCTS: 10001 simulation done, duration: 634
B<< MCTS: 10001 simulation done, duration: 634
B<< MCTS: 10001 simulation done, duration: 635
B<< MCTS: 10001 simulation done, duration: 635
B<< MCTS: 10001 simulation done, duration: 637
B<< MCTS: 10001 simulation done, duration: 638
B<< MCTS: 10001 simulation done, duration: 634
B<< MCTS: 10001 simulation done, duration: 637
B<< MCTS: 10001 simulation done, duration: 636
B<< MCTS: 10001 simulation done, duration: 639
B<< MCTS: 10001 simulation done, duration: 641
B<< MCTS: 10001 simulation done, duration: 644
B<< MCTS: 10001 simulation done, duration: 645
B<< MCTS: 10001 simulation done, duration: 647
B<< MCTS: 10001 simulation done, duration: 632
B<< MCTS: 10001 simulation done, duration: 652
B<< = E3
B<< 
W>> play B E3
W<< = 
W<< 
W>> genmove w
W<< MCTS: 10001 simulation done, duration: 877
W<< MCTS: 10001 simulation done, duration: 880
W<< MCTS: 10001 simulation done, duration: 885
W<< MCTS: 10001 simulation done, duration: 886
W<< MCTS: 10001 simulation done, duration: 886
W<< MCTS: 10001 simulation done, duration: 886
W<< MCTS: 10001 simulation done, duration: 908
W<< MCTS: 10001 simulation done, duration: 917
W<< MCTS: 10001 simulation done, duration: 922
W<< MCTS: 10001 simulation done, duration: 923
W<< MCTS: 10001 simulation done, duration: 925
W<< MCTS: 10001 simulation done, duration: 942
W<< MCTS: 10001 simulation done, duration: 947
W<< MCTS: 10001 simulation done, duration: 961
W<< MCTS: 10001 simulation done, duration: 1050
W<< MCTS: 10001 simulation done, duration: 1082
W<< = F1
W<< 
B>> play W F1
B<< = 
B<< 
B>> genmove b
B<< MCTS: 10001 simulation done, duration: 609
B<< MCTS: 10001 simulation done, duration: 613
B<< MCTS: 10001 simulation done, duration: 613
B<< MCTS: 10001 simulation done, duration: 616
B<< MCTS: 10001 simulation done, duration: 616
B<< MCTS: 10001 simulation done, duration: 618
B<< MCTS: 10001 simulation done, duration: 617
B<< MCTS: 10001 simulation done, duration: 619
B<< MCTS: 10001 simulation done, duration: 621
B<< MCTS: 10001 simulation done, duration: 614
B<< MCTS: 10001 simulation done, duration: 621
B<< MCTS: 10001 simulation done, duration: 624
B<< MCTS: 10001 simulation done, duration: 624
B<< MCTS: 10001 simulation done, duration: 607
B<< MCTS: 10001 simulation done, duration: 629
B<< MCTS: 10001 simulation done, duration: 657
B<< = G8
B<< 
W>> play B G8
W<< = 
W<< 
W>> genmove w
W<< MCTS: 10001 simulation done, duration: 890
W<< MCTS: 10001 simulation done, duration: 892
W<< MCTS: 10001 simulation done, duration: 892
W<< MCTS: 10001 simulation done, duration: 892
W<< MCTS: 10001 simulation done, duration: 938
W<< MCTS: 10001 simulation done, duration: 941
W<< MCTS: 10001 simulation done, duration: 943
W<< MCTS: 10001 simulation done, duration: 948
W<< MCTS: 10001 simulation done, duration: 950
W<< MCTS: 10001 simulation done, duration: 951
W<< MCTS: 10001 simulation done, duration: 953
W<< MCTS: 10001 simulation done, duration: 954
W<< MCTS: 10001 simulation done, duration: 957
W<< MCTS: 10001 simulation done, duration: 1019
W<< MCTS: 10001 simulation done, duration: 1084
W<< MCTS: 10001 simulation done, duration: 1125
W<< = G9
W<< 
B>> play W G9
B<< = 
B<< 
B>> genmove b
B<< MCTS: 10001 simulation done, duration: 592
B<< MCTS: 10001 simulation done, duration: 594
B<< MCTS: 10001 simulation done, duration: 594
B<< MCTS: 10001 simulation done, duration: 598
B<< MCTS: 10001 simulation done, duration: 599
B<< MCTS: 10001 simulation done, duration: 605
B<< MCTS: 10001 simulation done, duration: 598
B<< MCTS: 10001 simulation done, duration: 613
B<< MCTS: 10001 simulation done, duration: 616
B<< MCTS: 10001 simulation done, duration: 627
B<< MCTS: 10001 simulation done, duration: 628
B<< MCTS: 10001 simulation done, duration: 634
B<< MCTS: 10001 simulation done, duration: 632
B<< MCTS: 10001 simulation done, duration: 642
B<< MCTS: 10001 simulation done, duration: 674
B<< MCTS: 10001 simulation done, duration: 714
B<< = D8
B<< 
W>> play B D8
W<< = 
W<< 
W>> genmove w
W<< MCTS: 10001 simulation done, duration: 807
W<< MCTS: 10001 simulation done, duration: 847
W<< MCTS: 10001 simulation done, duration: 887
W<< MCTS: 10001 simulation done, duration: 895
W<< MCTS: 10001 simulation done, duration: 912
W<< MCTS: 10001 simulation done, duration: 920
W<< MCTS: 10001 simulation done, duration: 923
W<< MCTS: 10001 simulation done, duration: 924
W<< MCTS: 10001 simulation done, duration: 930
W<< MCTS: 10001 simulation done, duration: 939
W<< MCTS: 10001 simulation done, duration: 947
W<< MCTS: 10001 simulation done, duration: 947
W<< MCTS: 10001 simulation done, duration: 1025
W<< MCTS: 10001 simulation done, duration: 1027
W<< MCTS: 10001 simulation done, duration: 1116
W<< MCTS: 10001 simulation done, duration: 1120
W<< = C8
W<< 
B>> play W C8
B<< = 
B<< 
B>> genmove b
B<< MCTS: 10001 simulation done, duration: 563
B<< MCTS: 10001 simulation done, duration: 563
B<< MCTS: 10001 simulation done, duration: 567
B<< MCTS: 10001 simulation done, duration: 568
B<< MCTS: 10001 simulation done, duration: 566
B<< MCTS: 10001 simulation done, duration: 568
B<< MCTS: 10001 simulation done, duration: 569
B<< MCTS: 10001 simulation done, duration: 569
B<< MCTS: 10001 simulation done, duration: 568
B<< MCTS: 10001 simulation done, duration: 573
B<< MCTS: 10001 simulation done, duration: 573
B<< MCTS: 10001 simulation done, duration: 571
B<< MCTS: 10001 simulation done, duration: 578
B<< MCTS: 10001 simulation done, duration: 561
B<< MCTS: 10001 simulation done, duration: 585
B<< MCTS: 10001 simulation done, duration: 596
B<< = G1
B<< 
W>> play B G1
W<< = 
W<< 
W>> genmove w
W<< MCTS: 10001 simulation done, duration: 814
W<< MCTS: 10001 simulation done, duration: 817
W<< MCTS: 10001 simulation done, duration: 819
W<< MCTS: 10001 simulation done, duration: 823
W<< MCTS: 10001 simulation done, duration: 825
W<< MCTS: 10001 simulation done, duration: 838
W<< MCTS: 10001 simulation done, duration: 849
W<< MCTS: 10001 simulation done, duration: 855
W<< MCTS: 10001 simulation done, duration: 858
W<< MCTS: 10001 simulation done, duration: 862
W<< MCTS: 10001 simulation done, duration: 863
W<< MCTS: 10001 simulation done, duration: 884
W<< MCTS: 10001 simulation done, duration: 888
W<< MCTS: 10001 simulation done, duration: 903
W<< MCTS: 10001 simulation done, duration: 1038
W<< MCTS: 10001 simulation done, duration: 1046
W<< = B2
W<< 
B>> play W B2
B<< = 
B<< 
B>> genmove b
B<< MCTS: 10001 simulation done, duration: 550
B<< MCTS: 10001 simulation done, duration: 551
B<< MCTS: 10001 simulation done, duration: 553
B<< MCTS: 10001 simulation done, duration: 550
B<< MCTS: 10001 simulation done, duration: 553
B<< MCTS: 10001 simulation done, duration: 554
B<< MCTS: 10001 simulation done, duration: 554
B<< MCTS: 10001 simulation done, duration: 555
B<< MCTS: 10001 simulation done, duration: 557
B<< MCTS: 10001 simulation done, duration: 558
B<< MCTS: 10001 simulation done, duration: 558
B<< MCTS: 10001 simulation done, duration: 559
B<< MCTS: 10001 simulation done, duration: 559
B<< MCTS: 10001 simulation done, duration: 559
B<< MCTS: 10001 simulation done, duration: 567
B<< MCTS: 10001 simulation done, duration: 586
B<< = H8
B<< 
W>> play B H8
W<< = 
W<< 
W>> genmove w
W<< MCTS: 10001 simulation done, duration: 762
W<< MCTS: 10001 simulation done, duration: 831
W<< MCTS: 10001 simulation done, duration: 831
W<< MCTS: 10001 simulation done, duration: 835
W<< MCTS: 10001 simulation done, duration: 857
W<< MCTS: 10001 simulation done, duration: 864
W<< MCTS: 10001 simulation done, duration: 867
W<< MCTS: 10001 simulation done, duration: 869
W<< MCTS: 10001 simulation done, duration: 874
W<< MCTS: 10001 simulation done, duration: 874
W<< MCTS: 10001 simulation done, duration: 878
W<< MCTS: 10001 simulation done, duration: 877
W<< MCTS: 10001 simulation done, duration: 975
W<< MCTS: 10001 simulation done, duration: 980
W<< MCTS: 10001 simulation done, duration: 980
W<< MCTS: 10001 simulation done, duration: 1033
W<< = J8
W<< 
B>> play W J8
B<< = 
B<< 
B>> genmove b
B<< MCTS: 10001 simulation done, duration: 552
B<< MCTS: 10001 simulation done, duration: 551
B<< MCTS: 10001 simulation done, duration: 553
B<< MCTS: 10001 simulation done, duration: 557
B<< MCTS: 10001 simulation done, duration: 569
B<< MCTS: 10001 simulation done, duration: 574
B<< MCTS: 10001 simulation done, duration: 577
B<< MCTS: 10001 simulation done, duration: 577
B<< MCTS: 10001 simulation done, duration: 583
B<< MCTS: 10001 simulation done, duration: 597
B<< MCTS: 10001 simulation done, duration: 597
B<< MCTS: 10001 simulation done, duration: 599
B<< MCTS: 10001 simulation done, duration: 603
B<< MCTS: 10001 simulation done, duration: 605
B<< MCTS: 10001 simulation done, duration: 627
B<< MCTS: 10001 simulation done, duration: 617
B<< = J6
B<< 
W>> play B J6
W<< = 
W<< 
W>> genmove w
W<< MCTS: 10001 simulation done, duration: 764
W<< MCTS: 10001 simulation done, duration: 790
W<< MCTS: 10001 simulation done, duration: 790
W<< MCTS: 10001 simulation done, duration: 792
W<< MCTS: 10001 simulation done, duration: 794
W<< MCTS: 10001 simulation done, duration: 823
W<< MCTS: 10001 simulation done, duration: 825
W<< MCTS: 10001 simulation done, duration: 840
W<< MCTS: 10001 simulation done, duration: 855
W<< MCTS: 10001 simulation done, duration: 856
W<< MCTS: 10001 simulation done, duration: 856
W<< MCTS: 10001 simulation done, duration: 862
W<< MCTS: 10001 simulation done, duration: 882
W<< MCTS: 10001 simulation done, duration: 910
W<< MCTS: 10001 simulation done, duration: 999
W<< MCTS: 10001 simulation done, duration: 1003
W<< = A3
W<< 
B>> play W A3
B<< = 
B<< 
B>> genmove b
B<< MCTS: 10001 simulation done, duration: 519
B<< MCTS: 10001 simulation done, duration: 520
B<< MCTS: 10001 simulation done, duration: 523
B<< MCTS: 10001 simulation done, duration: 523
B<< MCTS: 10001 simulation done, duration: 526
B<< MCTS: 10001 simulation done, duration: 527
B<< MCTS: 10001 simulation done, duration: 528
B<< MCTS: 10001 simulation done, duration: 525
B<< MCTS: 10001 simulation done, duration: 529
B<< MCTS: 10001 simulation done, duration: 530
B<< MCTS: 10001 simulation done, duration: 531
B<< MCTS: 10001 simulation done, duration: 533
B<< MCTS: 10001 simulation done, duration: 534
B<< MCTS: 10001 simulation done, duration: 529
B<< MCTS: 10001 simulation done, duration: 535
B<< MCTS: 10001 simulation done, duration: 526
B<< = J4
B<< 
W>> play B J4
W<< = 
W<< 
W>> genmove w
W<< MCTS: 10001 simulation done, duration: 735
W<< MCTS: 10001 simulation done, duration: 757
W<< MCTS: 10001 simulation done, duration: 759
W<< MCTS: 10001 simulation done, duration: 759
W<< MCTS: 10001 simulation done, duration: 761
W<< MCTS: 10001 simulation done, duration: 765
W<< MCTS: 10001 simulation done, duration: 765
W<< MCTS: 10001 simulation done, duration: 788
W<< MCTS: 10001 simulation done, duration: 797
W<< MCTS: 10001 simulation done, duration: 813
W<< MCTS: 10001 simulation done, duration: 813
W<< MCTS: 10001 simulation done, duration: 815
W<< MCTS: 10001 simulation done, duration: 821
W<< MCTS: 10001 simulation done, duration: 845
W<< MCTS: 10001 simulation done, duration: 991
W<< MCTS: 10001 simulation done, duration: 992
W<< = J3
W<< 
B>> play W J3
B<< = 
B<< 
B>> genmove b
B<< MCTS: 10001 simulation done, duration: 509
B<< MCTS: 10001 simulation done, duration: 510
B<< MCTS: 10001 simulation done, duration: 510
B<< MCTS: 10001 simulation done, duration: 512
B<< MCTS: 10001 simulation done, duration: 513
B<< MCTS: 10001 simulation done, duration: 512
B<< MCTS: 10001 simulation done, duration: 513
B<< MCTS: 10001 simulation done, duration: 513
B<< MCTS: 10001 simulation done, duration: 514
B<< MCTS: 10001 simulation done, duration: 515
B<< MCTS: 10001 simulation done, duration: 519
B<< MCTS: 10001 simulation done, duration: 520
B<< MCTS: 10001 simulation done, duration: 521
B<< MCTS: 10001 simulation done, duration: 513
B<< MCTS: 10001 simulation done, duration: 523
B<< MCTS: 10001 simulation done, duration: 522
B<< = H5
B<< 
W>> play B H5
W<< = 
W<< 
W>> genmove w
W<< MCTS: 10001 simulation done, duration: 710
W<< MCTS: 10001 simulation done, duration: 711
W<< MCTS: 10001 simulation done, duration: 714
W<< MCTS: 10001 simulation done, duration: 716
W<< MCTS: 10001 simulation done, duration: 717
W<< MCTS: 10001 simulation done, duration: 721
W<< MCTS: 10001 simulation done, duration: 756
W<< MCTS: 10001 simulation done, duration: 758
W<< MCTS: 10001 simulation done, duration: 761
W<< MCTS: 10001 simulation done, duration: 769
W<< MCTS: 10001 simulation done, duration: 776
W<< MCTS: 10001 simulation done, duration: 839
W<< MCTS: 10001 simulation done, duration: 857
W<< MCTS: 10001 simulation done, duration: 859
W<< MCTS: 10001 simulation done, duration: 929
W<< MCTS: 10001 simulation done, duration: 948
W<< = G2
W<< 
B>> play W G2
B<< = 
B<< 
B>> genmove b
B<< MCTS: 10001 simulation done, duration: 494
B<< MCTS: 10001 simulation done, duration: 496
B<< MCTS: 10001 simulation done, duration: 501
B<< MCTS: 10001 simulation done, duration: 501
B<< MCTS: 10001 simulation done, duration: 496
B<< MCTS: 10001 simulation done, duration: 507
B<< MCTS: 10001 simulation done, duration: 507
B<< MCTS: 10001 simulation done, duration: 506
B<< MCTS: 10001 simulation done, duration: 508
B<< MCTS: 10001 simulation done, duration: 510
B<< MCTS: 10001 simulation done, duration: 518
B<< MCTS: 10001 simulation done, duration: 529
B<< MCTS: 10001 simulation done, duration: 549
B<< MCTS: 10001 simulation done, duration: 546
B<< MCTS: 10001 simulation done, duration: 545
B<< MCTS: 10001 simulation done, duration: 573
B<< = H3
B<< 
W>> play B H3
W<< = 
W<< 
W>> genmove w
W<< MCTS: 10001 simulation done, duration: 658
W<< MCTS: 10001 simulation done, duration: 663
W<< MCTS: 10001 simulation done, duration: 671
W<< MCTS: 10001 simulation done, duration: 674
W<< MCTS: 10001 simulation done, duration: 675
W<< MCTS: 10001 simulation done, duration: 676
W<< MCTS: 10001 simulation done, duration: 675
W<< MCTS: 10001 simulation done, duration: 717
W<< MCTS: 10001 simulation done, duration: 726
W<< MCTS: 10001 simulation done, duration: 727
W<< MCTS: 10001 simulation done, duration: 735
W<< MCTS: 10001 simulation done, duration: 740
W<< MCTS: 10001 simulation done, duration: 818
W<< MCTS: 10001 simulation done, duration: 820
W<< MCTS: 10001 simulation done, duration: 897
W<< MCTS: 10001 simulation done, duration: 900
W<< = H4
W<< 
B>> play W H4
B<< = 
B<< 
B>> genmove b
B<< MCTS: 10001 simulation done, duration: 470
B<< MCTS: 10001 simulation done, duration: 476
B<< MCTS: 10001 simulation done, duration: 475
B<< MCTS: 10001 simulation done, duration: 475
B<< MCTS: 10001 simulation done, duration: 475
B<< MCTS: 10001 simulation done, duration: 475
B<< MCTS: 10001 simulation done, duration: 476
B<< MCTS: 10001 simulation done, duration: 477
B<< MCTS: 10001 simulation done, duration: 478
B<< MCTS: 10001 simulation done, duration: 479
B<< MCTS: 10001 simulation done, duration: 481
B<< MCTS: 10001 simulation done, duration: 485
B<< MCTS: 10001 simulation done, duration: 485
B<< MCTS: 10001 simulation done, duration: 485
B<< MCTS: 10001 simulation done, duration: 476
B<< MCTS: 10001 simulation done, duration: 481
B<< = H2
B<< 
W>> play B H2
W<< = 
W<< 
W>> genmove w
W<< MCTS: 10001 simulation done, duration: 616
W<< MCTS: 10001 simulation done, duration: 621
W<< MCTS: 10001 simulation done, duration: 621
W<< MCTS: 10001 simulation done, duration: 622
W<< MCTS: 10001 simulation done, duration: 622
W<< MCTS: 10001 simulation done, duration: 636
W<< MCTS: 10001 simulation done, duration: 656
W<< MCTS: 10001 simulation done, duration: 664
W<< MCTS: 10001 simulation done, duration: 669
W<< MCTS: 10001 simulation done, duration: 671
W<< MCTS: 10001 simulation done, duration: 672
W<< MCTS: 10001 simulation done, duration: 700
W<< MCTS: 10001 simulation done, duration: 702
W<< MCTS: 10001 simulation done, duration: 710
W<< MCTS: 10001 simulation done, duration: 829
W<< MCTS: 10001 simulation done, duration: 830
W<< = J7
W<< 
B>> play W J7
B<< = 
B<< 
B>> genmove b
B<< MCTS: 10001 simulation done, duration: 442
B<< MCTS: 10001 simulation done, duration: 445
B<< MCTS: 10001 simulation done, duration: 447
B<< MCTS: 10001 simulation done, duration: 447
B<< MCTS: 10001 simulation done, duration: 448
B<< MCTS: 10001 simulation done, duration: 450
B<< MCTS: 10001 simulation done, duration: 453
B<< MCTS: 10001 simulation done, duration: 453
B<< MCTS: 10001 simulation done, duration: 455
B<< MCTS: 10001 simulation done, duration: 459
B<< MCTS: 10001 simulation done, duration: 460
B<< MCTS: 10001 simulation done, duration: 461
B<< MCTS: 10001 simulation done, duration: 462
B<< MCTS: 10001 simulation done, duration: 468
B<< MCTS: 10001 simulation done, duration: 469
B<< MCTS: 10001 simulation done, duration: 483
B<< = J5
B<< 
W>> play B J5
W<< = 
W<< 
W>> genmove w
W<< MCTS: 10001 simulation done, duration: 507
W<< MCTS: 10001 simulation done, duration: 548
W<< MCTS: 10001 simulation done, duration: 558
W<< MCTS: 10001 simulation done, duration: 561
W<< MCTS: 10001 simulation done, duration: 595
W<< MCTS: 10001 simulation done, duration: 598
W<< MCTS: 10001 simulation done, duration: 608
W<< MCTS: 10001 simulation done, duration: 613
W<< MCTS: 10001 simulation done, duration: 616
W<< MCTS: 10001 simulation done, duration: 616
W<< MCTS: 10001 simulation done, duration: 617
W<< MCTS: 10001 simulation done, duration: 620
W<< MCTS: 10001 simulation done, duration: 666
W<< MCTS: 10001 simulation done, duration: 670
W<< MCTS: 10001 simulation done, duration: 769
W<< MCTS: 10001 simulation done, duration: 771
W<< = F2
W<< 
B>> play W F2
B<< = 
B<< 
B>> genmove b
B<< MCTS: 10001 simulation done, duration: 451
B<< MCTS: 10001 simulation done, duration: 454
B<< MCTS: 10001 simulation done, duration: 455
B<< MCTS: 10001 simulation done, duration: 454
B<< MCTS: 10001 simulation done, duration: 458
B<< MCTS: 10001 simulation done, duration: 462
B<< MCTS: 10001 simulation done, duration: 463
B<< MCTS: 10001 simulation done, duration: 467
B<< MCTS: 10001 simulation done, duration: 468
B<< MCTS: 10001 simulation done, duration: 469
B<< MCTS: 10001 simulation done, duration: 469
B<< MCTS: 10001 simulation done, duration: 473
B<< MCTS: 10001 simulation done, duration: 459
B<< MCTS: 10001 simulation done, duration: 477
B<< MCTS: 10001 simulation done, duration: 483
B<< MCTS: 10001 simulation done, duration: 506
B<< = B6
B<< 
W>> play B B6
W<< = 
W<< 
W>> genmove w
W<< MCTS: 10001 simulation done, duration: 515
W<< MCTS: 10001 simulation done, duration: 525
W<< MCTS: 10001 simulation done, duration: 529
W<< MCTS: 10001 simulation done, duration: 529
W<< MCTS: 10001 simulation done, duration: 529
W<< MCTS: 10001 simulation done, duration: 547
W<< MCTS: 10001 simulation done, duration: 557
W<< MCTS: 10001 simulation done, duration: 571
W<< MCTS: 10001 simulation done, duration: 572
W<< MCTS: 10001 simulation done, duration: 582
W<< MCTS: 10001 simulation done, duration: 582
W<< MCTS: 10001 simulation done, duration: 611
W<< MCTS: 10001 simulation done, duration: 611
W<< MCTS: 10001 simulation done, duration: 612
W<< MCTS: 10001 simulation done, duration: 716
W<< MCTS: 10001 simulation done, duration: 721
W<< = H7
W<< 
B>> play W H7
B<< = 
B<< 
B>> genmove b
B<< MCTS: 10001 simulation done, duration: 413
B<< MCTS: 10001 simulation done, duration: 415
B<< MCTS: 10001 simulation done, duration: 420
B<< MCTS: 10001 simulation done, duration: 423
B<< MCTS: 10001 simulation done, duration: 425
B<< MCTS: 10001 simulation done, duration: 424
B<< MCTS: 10001 simulation done, duration: 426
B<< MCTS: 10001 simulation done, duration: 427
B<< MCTS: 10001 simulation done, duration: 426
B<< MCTS: 10001 simulation done, duration: 430
B<< MCTS: 10001 simulation done, duration: 421
B<< MCTS: 10001 simulation done, duration: 431
B<< MCTS: 10001 simulation done, duration: 435
B<< MCTS: 10001 simulation done, duration: 420
B<< MCTS: 10001 simulation done, duration: 443
B<< MCTS: 10001 simulation done, duration: 462
B<< = A6
B<< 
W>> play B A6
W<< = 
W<< 
W>> genmove w
W<< MCTS: 10001 simulation done, duration: 459
W<< MCTS: 10001 simulation done, duration: 460
W<< MCTS: 10001 simulation done, duration: 462
W<< MCTS: 10001 simulation done, duration: 464
W<< MCTS: 10001 simulation done, duration: 471
W<< MCTS: 10001 simulation done, duration: 487
W<< MCTS: 10001 simulation done, duration: 507
W<< MCTS: 10001 simulation done, duration: 510
W<< MCTS: 10001 simulation done, duration: 512
W<< MCTS: 10001 simulation done, duration: 513
W<< MCTS: 10001 simulation done, duration: 515
W<< MCTS: 10001 simulation done, duration: 515
W<< MCTS: 10001 simulation done, duration: 515
W<< MCTS: 10001 simulation done, duration: 536
W<< MCTS: 10001 simulation done, duration: 606
W<< MCTS: 10001 simulation done, duration: 608
W<< = C1
W<< 
B>> play W C1
B<< = 
B<< 
B>> genmove b
B<< MCTS: 10001 simulation done, duration: 365
B<< MCTS: 10001 simulation done, duration: 368
B<< MCTS: 10001 simulation done, duration: 368
B<< MCTS: 10001 simulation done, duration: 371
B<< MCTS: 10001 simulation done, duration: 376
B<< MCTS: 10001 simulation done, duration: 376
B<< MCTS: 10001 simulation done, duration: 377
B<< MCTS: 10001 simulation done, duration: 380
B<< MCTS: 10001 simulation done, duration: 380
B<< MCTS: 10001 simulation done, duration: 372
B<< MCTS: 10001 simulation done, duration: 381
B<< MCTS: 10001 simulation done, duration: 383
B<< MCTS: 10001 simulation done, duration: 386
B<< MCTS: 10001 simulation done, duration: 383
B<< MCTS: 10001 simulation done, duration: 398
B<< MCTS: 10001 simulation done, duration: 405
B<< = G7
B<< 
W>> play B G7
W<< = 
W<< 
W>> genmove w
W<< MCTS: 10001 simulation done, duration: 346
W<< MCTS: 10001 simulation done, duration: 347
W<< MCTS: 10001 simulation done, duration: 347
W<< MCTS: 10001 simulation done, duration: 348
W<< MCTS: 10001 simulation done, duration: 354
W<< MCTS: 10001 simulation done, duration: 356
W<< MCTS: 10001 simulation done, duration: 379
W<< MCTS: 10001 simulation done, duration: 387
W<< MCTS: 10001 simulation done, duration: 391
W<< MCTS: 10001 simulation done, duration: 392
W<< MCTS: 10001 simulation done, duration: 393
W<< MCTS: 10001 simulation done, duration: 395
W<< MCTS: 10001 simulation done, duration: 436
W<< MCTS: 10001 simulation done, duration: 437
W<< MCTS: 10001 simulation done, duration: 437
W<< MCTS: 10001 simulation done, duration: 437
W<< = G3
W<< 
B>> play W G3
B<< = 
B<< 
B>> genmove b
B<< MCTS: 10001 simulation done, duration: 294
B<< MCTS: 10001 simulation done, duration: 298
B<< MCTS: 10001 simulation done, duration: 296
B<< MCTS: 10001 simulation done, duration: 296
B<< MCTS: 10001 simulation done, duration: 301
B<< MCTS: 10001 simulation done, duration: 299
B<< MCTS: 10001 simulation done, duration: 302
B<< MCTS: 10001 simulation done, duration: 297
B<< MCTS: 10001 simulation done, duration: 302
B<< MCTS: 10001 simulation done, duration: 306
B<< MCTS: 10001 simulation done, duration: 307
B<< MCTS: 10001 simulation done, duration: 309
B<< MCTS: 10001 simulation done, duration: 312
B<< MCTS: 10001 simulation done, duration: 312
B<< MCTS: 10001 simulation done, duration: 304
B<< MCTS: 10001 simulation done, duration: 315
B<< = F8
B<< 
W>> play B F8
W<< = 
W<< 
W>> genmove w
W<< MCTS: 10001 simulation done, duration: 326
W<< MCTS: 10001 simulation done, duration: 338
W<< MCTS: 10001 simulation done, duration: 340
W<< MCTS: 10001 simulation done, duration: 342
W<< MCTS: 10001 simulation done, duration: 344
W<< MCTS: 10001 simulation done, duration: 349
W<< MCTS: 10001 simulation done, duration: 350
W<< MCTS: 10001 simulation done, duration: 357
W<< MCTS: 10001 simulation done, duration: 358
W<< MCTS: 10001 simulation done, duration: 360
W<< MCTS: 10001 simulation done, duration: 361
W<< MCTS: 10001 simulation done, duration: 362
W<< MCTS: 10001 simulation done, duration: 391
W<< MCTS: 10001 simulation done, duration: 391
W<< MCTS: 10001 simulation done, duration: 393
W<< MCTS: 10001 simulation done, duration: 392
W<< = D2
W<< 
B>> play W D2
B<< = 
B<< 
B>> genmove b
B<< MCTS: 10001 simulation done, duration: 270
B<< MCTS: 10001 simulation done, duration: 274
B<< MCTS: 10001 simulation done, duration: 276
B<< MCTS: 10001 simulation done, duration: 276
B<< MCTS: 10001 simulation done, duration: 279
B<< MCTS: 10001 simulation done, duration: 281
B<< MCTS: 10001 simulation done, duration: 283
B<< MCTS: 10001 simulation done, duration: 283
B<< MCTS: 10001 simulation done, duration: 285
B<< MCTS: 10001 simulation done, duration: 285
B<< MCTS: 10001 simulation done, duration: 268
B<< MCTS: 10001 simulation done, duration: 281
B<< MCTS: 10001 simulation done, duration: 288
B<< MCTS: 10001 simulation done, duration: 293
B<< MCTS: 10001 simulation done, duration: 293
B<< MCTS: 10001 simulation done, duration: 292
B<< = H1
B<< 
W>> play B H1
W<< = 
W<< 
W>> genmove w
W<< MCTS: 10001 simulation done, duration: 303
W<< MCTS: 10001 simulation done, duration: 304
W<< MCTS: 10001 simulation done, duration: 308
W<< MCTS: 10001 simulation done, duration: 311
W<< MCTS: 10001 simulation done, duration: 316
W<< MCTS: 10001 simulation done, duration: 323
W<< MCTS: 10001 simulation done, duration: 324
W<< MCTS: 10001 simulation done, duration: 324
W<< MCTS: 10001 simulation done, duration: 325
W<< MCTS: 10001 simulation done, duration: 327
W<< MCTS: 10001 simulation done, duration: 328
W<< MCTS: 10001 simulation done, duration: 328
W<< MCTS: 10001 simulation done, duration: 356
W<< MCTS: 10001 simulation done, duration: 356
W<< MCTS: 10001 simulation done, duration: 357
W<< MCTS: 10001 simulation done, duration: 357
W<< = C5
W<< 
B>> play W C5
B<< = 
B<< 
B>> genmove b
B<< MCTS: 10001 simulation done, duration: 271
B<< MCTS: 10001 simulation done, duration: 271
B<< MCTS: 10001 simulation done, duration: 272
B<< MCTS: 10001 simulation done, duration: 272
B<< MCTS: 10001 simulation done, duration: 274
B<< MCTS: 10001 simulation done, duration: 277
B<< MCTS: 10001 simulation done, duration: 280
B<< MCTS: 10001 simulation done, duration: 281
B<< MCTS: 10001 simulation done, duration: 281
B<< MCTS: 10001 simulation done, duration: 283
B<< MCTS: 10001 simulation done, duration: 286
B<< MCTS: 10001 simulation done, duration: 288
B<< MCTS: 10001 simulation done, duration: 290
B<< MCTS: 10001 simulation done, duration: 292
B<< MCTS: 10001 simulation done, duration: 295
B<< MCTS: 10001 simulation done, duration: 285
B<< = B4
B<< 
W>> play B B4
W<< = 
W<< 
W>> genmove w
W<< MCTS: 10001 simulation done, duration: 258
W<< MCTS: 10001 simulation done, duration: 288
W<< MCTS: 10001 simulation done, duration: 289
W<< MCTS: 10001 simulation done, duration: 289
W<< MCTS: 10001 simulation done, duration: 292
W<< MCTS: 10001 simulation done, duration: 297
W<< MCTS: 10001 simulation done, duration: 313
W<< MCTS: 10001 simulation done, duration: 313
W<< MCTS: 10001 simulation done, duration: 318
W<< MCTS: 10001 simulation done, duration: 318
W<< MCTS: 10001 simulation done, duration: 321
W<< MCTS: 10001 simulation done, duration: 324
W<< MCTS: 10001 simulation done, duration: 339
W<< MCTS: 10001 simulation done, duration: 340
W<< MCTS: 10001 simulation done, duration: 347
W<< MCTS: 10001 simulation done, duration: 347
W<< = E1
W<< 
B>> play W E1
B<< = 
B<< 
B>> genmove b
B<< MCTS: 10001 simulation done, duration: 270
B<< MCTS: 10001 simulation done, duration: 270
B<< MCTS: 10001 simulation done, duration: 280
B<< MCTS: 10001 simulation done, duration: 282
B<< MCTS: 10001 simulation done, duration: 283
B<< MCTS: 10001 simulation done, duration: 287
B<< MCTS: 10001 simulation done, duration: 287
B<< MCTS: 10001 simulation done, duration: 288
B<< MCTS: 10001 simulation done, duration: 280
B<< MCTS: 10001 simulation done, duration: 291
B<< MCTS: 10001 simulation done, duration: 292
B<< MCTS: 10001 simulation done, duration: 277
B<< MCTS: 10001 simulation done, duration: 293
B<< MCTS: 10001 simulation done, duration: 293
B<< MCTS: 10001 simulation done, duration: 296
B<< MCTS: 10001 simulation done, duration: 297
B<< = E7
B<< 
W>> play B E7
W<< = 
W<< 
W>> genmove w
W<< MCTS: 10001 simulation done, duration: 267
W<< MCTS: 10001 simulation done, duration: 313
W<< MCTS: 10001 simulation done, duration: 316
W<< MCTS: 10001 simulation done, duration: 316
W<< MCTS: 10001 simulation done, duration: 317
W<< MCTS: 10001 simulation done, duration: 318
W<< MCTS: 10001 simulation done, duration: 324
W<< MCTS: 10001 simulation done, duration: 335
W<< MCTS: 10001 simulation done, duration: 335
W<< MCTS: 10001 simulation done, duration: 337
W<< MCTS: 10001 simulation done, duration: 341
W<< MCTS: 10001 simulation done, duration: 343
W<< MCTS: 10001 simulation done, duration: 344
W<< MCTS: 10001 simulation done, duration: 353
W<< MCTS: 10001 simulation done, duration: 364
W<< MCTS: 10001 simulation done, duration: 364
W<< = resign
W<< 
B>> quit
W>> quit
