Waiting for connection...
gogui-server: Connected with /10.8.4.114
HollowNoGo-Demo: ./nogo --shell --name=Hollow --black=search=MCTS total_time=280000 worker=16 exploration=0.3 --white=search=MCTS total_time=280000 worker=16 exploration=0.3 

280000, 421.296
280000, 421.296
protocol_version
= 2

name
= Hollow

version
= 2021

list_commands
= play
genmove
clear_board
showboard
boardsize
name
version
protocol_version
list_commands
quit


boardsize 9
= 

clear_board
= 

boardsize 9
= 

clear_board
= 

play B A1
= 

genmove w
= J9

play B A9
= 

genmove w
= J1

play B C5
= 

genmove w
= G5

play B C3
= 

genmove w
= G7

play B B4
= 

genmove w
= H6

play B B2
= 

genmove w
= H8

play B A3
= 

genmove w
= J7

play B A5
= 

genmove w
= J5

play B B6
= 

genmove w
= H4

play B A7
= 

genmove w
= J3

play B C7
= 

genmove w
= G3

play B B8
= 

genmove w
= H2

play B C1
= 

genmove w
= G9

play B D2
= 

genmove w
= F8

play B F9
= 

genmove w
= D1

play B E3
= 

genmove w
= E7

play B F1
= 

genmove w
= D9

play B E8
= 

genmove w
= E2

play B H1
= 

genmove w
= B9

play B E9
= 

genmove w
= E1

play B C8
= 

genmove w
= G2

play B B3
= 

genmove w
= H7

play B A4
= 

genmove w
= J6

play B A2
= 

genmove w
= J8

play B A8
= 

genmove w
= J2

play B B5
= 

genmove w
= H5

play B C6
= 

genmove w
= G4

play B B7
= 

genmove w
= H3

play B C2
= 

genmove w
= G8

play B A6
= 

genmove w
= J4

play B D3
= 

genmove w
= F7

play B B1
= 

genmove w
= H9

play B F3
= 

genmove w
= D7

play B D8
= 

genmove w
= F2

play B C4
= 

genmove w
= G6

quit
reset agent
reset agent
Waiting for connection...
gogui-server: Connected with /10.8.4.114
HollowNoGo-Demo: ./nogo --shell --name=Hollow --black=search=MCTS total_time=280000 worker=16 exploration=0.3 --white=search=MCTS total_time=280000 worker=16 exploration=0.3 

280000, 421.296
280000, 421.296
protocol_version
= 2

name
= Hollow

version
= 2021

list_commands
= play
genmove
clear_board
showboard
boardsize
name
version
protocol_version
list_commands
quit


boardsize 9
= 

clear_board
= 

boardsize 9
= 

clear_board
= 

genmove b
MCTS: 184460 simulation done, duration: 15167
MCTS: 180123 simulation done, duration: 15167
MCTS: 180364 simulation done, duration: 15167
MCTS: 177514 simulation done, duration: 15167
MCTS: 180418 simulation done, duration: 15167
MCTS: 175681 simulation done, duration: 15167
MCTS: 180176 simulation done, duration: 15167
MCTS: 181295 simulation done, duration: 15167
MCTS: 180434 simulation done, duration: 15167
MCTS: 174525 simulation done, duration: 15167
MCTS: 178022 simulation done, duration: 15167
MCTS: 172854 simulation done, duration: 15167
MCTS: 181294 simulation done, duration: 15167
MCTS: 183516 simulation done, duration: 15167
MCTS: 180460 simulation done, duration: 15167
MCTS: 177489 simulation done, duration: 15167
step: 0
best action;B[ai]best count: 85359
memory release time: 668
= A1

play W J1
= 

genmove b
MCTS: 182383 simulation done, duration: 14746
MCTS: 177850 simulation done, duration: 14746
MCTS: 180332 simulation done, duration: 14746
MCTS: 177368 simulation done, duration: 14746
MCTS: 171418 simulation done, duration: 14746
MCTS: 179986 simulation done, duration: 14746
MCTS: 172739 simulation done, duration: 14746
MCTS: 177441 simulation done, duration: 14746
MCTS: 173403 simulation done, duration: 14746
MCTS: 168589 simulation done, duration: 14746
MCTS: 179868 simulation done, duration: 14746
MCTS: 167397 simulation done, duration: 14746
MCTS: 179274 simulation done, duration: 14746
MCTS: 180790 simulation done, duration: 14746
MCTS: 174453 simulation done, duration: 14746
MCTS: 180279 simulation done, duration: 14746
step: 1
best action;B[ia]best count: 87431
memory release time: 681
= J9

play W A9
= 

genmove b
MCTS: 176175 simulation done, duration: 14325
MCTS: 171075 simulation done, duration: 14325
MCTS: 178554 simulation done, duration: 14325
MCTS: 171746 simulation done, duration: 14325
MCTS: 170304 simulation done, duration: 14325
MCTS: 163977 simulation done, duration: 14325
MCTS: 178050 simulation done, duration: 14325
MCTS: 173962 simulation done, duration: 14325
MCTS: 175070 simulation done, duration: 14325
MCTS: 180352 simulation done, duration: 14325
MCTS: 167329 simulation done, duration: 14325
MCTS: 173721 simulation done, duration: 14325
MCTS: 171888 simulation done, duration: 14325
MCTS: 173541 simulation done, duration: 14325
MCTS: 173793 simulation done, duration: 14325
MCTS: 174541 simulation done, duration: 14325
step: 2
best action;B[ec]best count: 84066
memory release time: 759
= E7

play W G1
= 

genmove b
MCTS: 169248 simulation done, duration: 13903
MCTS: 168350 simulation done, duration: 13903
MCTS: 172284 simulation done, duration: 13903
MCTS: 169934 simulation done, duration: 13903
MCTS: 174826 simulation done, duration: 13903
MCTS: 149882 simulation done, duration: 13903
MCTS: 170020 simulation done, duration: 13903
MCTS: 169702 simulation done, duration: 13903
MCTS: 162861 simulation done, duration: 13903
MCTS: 167971 simulation done, duration: 13903
MCTS: 176772 simulation done, duration: 13903
MCTS: 158689 simulation done, duration: 13903
MCTS: 175785 simulation done, duration: 13903
MCTS: 169727 simulation done, duration: 13903
MCTS: 171666 simulation done, duration: 13903
MCTS: 173980 simulation done, duration: 13903
step: 3
best action;B[gd]best count: 94500
memory release time: 567
= G6

play W H2
= 

genmove b
MCTS: 170084 simulation done, duration: 13482
MCTS: 171048 simulation done, duration: 13482
MCTS: 159744 simulation done, duration: 13482
MCTS: 164087 simulation done, duration: 13482
MCTS: 163589 simulation done, duration: 13482
MCTS: 173205 simulation done, duration: 13482
MCTS: 166197 simulation done, duration: 13482
MCTS: 165815 simulation done, duration: 13482
MCTS: 166228 simulation done, duration: 13482
MCTS: 159160 simulation done, duration: 13482
MCTS: 155772 simulation done, duration: 13482
MCTS: 162142 simulation done, duration: 13482
MCTS: 171317 simulation done, duration: 13482
MCTS: 150915 simulation done, duration: 13482
MCTS: 167352 simulation done, duration: 13482
MCTS: 159204 simulation done, duration: 13482
step: 4
best action;B[ih]best count: 651409
memory release time: 513
= J2

play W J4
= 

genmove b
MCTS: 161233 simulation done, duration: 13061
MCTS: 150791 simulation done, duration: 13061
MCTS: 159707 simulation done, duration: 13061
MCTS: 163144 simulation done, duration: 13061
MCTS: 160965 simulation done, duration: 13061
MCTS: 164790 simulation done, duration: 13061
MCTS: 161864 simulation done, duration: 13061
MCTS: 164377 simulation done, duration: 13061
MCTS: 161043 simulation done, duration: 13061
MCTS: 162040 simulation done, duration: 13061
MCTS: 149986 simulation done, duration: 13061
MCTS: 144643 simulation done, duration: 13061
MCTS: 170573 simulation done, duration: 13061
MCTS: 157594 simulation done, duration: 13061
MCTS: 165164 simulation done, duration: 13061
MCTS: 164434 simulation done, duration: 13061
step: 5
best action;B[gh]best count: 120420
memory release time: 586
= G2

play W H3
= 

genmove b
MCTS: 158699 simulation done, duration: 12639
MCTS: 160038 simulation done, duration: 12639
MCTS: 146217 simulation done, duration: 12639
MCTS: 161495 simulation done, duration: 12639
MCTS: 156613 simulation done, duration: 12639
MCTS: 166235 simulation done, duration: 12639
MCTS: 160716 simulation done, duration: 12639
MCTS: 156706 simulation done, duration: 12639
MCTS: 156920 simulation done, duration: 12639
MCTS: 165247 simulation done, duration: 12639
MCTS: 163271 simulation done, duration: 12639
MCTS: 161624 simulation done, duration: 12639
MCTS: 158998 simulation done, duration: 12639
MCTS: 160188 simulation done, duration: 12639
MCTS: 166723 simulation done, duration: 12639
MCTS: 165520 simulation done, duration: 12639
step: 6
best action;B[ie]best count: 188030
memory release time: 548
= J5

play W G4
= 

genmove b
MCTS: 161305 simulation done, duration: 12218
MCTS: 156335 simulation done, duration: 12218
MCTS: 153023 simulation done, duration: 12218
MCTS: 160360 simulation done, duration: 12218
MCTS: 164590 simulation done, duration: 12218
MCTS: 148407 simulation done, duration: 12218
MCTS: 157536 simulation done, duration: 12218
MCTS: 162762 simulation done, duration: 12218
MCTS: 162722 simulation done, duration: 12218
MCTS: 156333 simulation done, duration: 12218
MCTS: 159977 simulation done, duration: 12218
MCTS: 160872 simulation done, duration: 12218
MCTS: 146136 simulation done, duration: 12218
MCTS: 163954 simulation done, duration: 12218
MCTS: 162750 simulation done, duration: 12218
MCTS: 159178 simulation done, duration: 12218
step: 7
best action;B[ei]best count: 121554
memory release time: 553
= E1

play W H5
= 

genmove b
MCTS: 162684 simulation done, duration: 11797
MCTS: 156724 simulation done, duration: 11797
MCTS: 159769 simulation done, duration: 11797
MCTS: 155497 simulation done, duration: 11797
MCTS: 156363 simulation done, duration: 11797
MCTS: 155632 simulation done, duration: 11797
MCTS: 156905 simulation done, duration: 11797
MCTS: 148651 simulation done, duration: 11797
MCTS: 151625 simulation done, duration: 11797
MCTS: 156607 simulation done, duration: 11797
MCTS: 154785 simulation done, duration: 11797
MCTS: 162660 simulation done, duration: 11797
MCTS: 154080 simulation done, duration: 11797
MCTS: 157747 simulation done, duration: 11797
MCTS: 157526 simulation done, duration: 11797
MCTS: 143928 simulation done, duration: 11797
step: 8
best action;B[fb]best count: 108940
memory release time: 548
= F8

play W G7
= 

genmove b
MCTS: 160165 simulation done, duration: 11376
MCTS: 154013 simulation done, duration: 11376
MCTS: 158027 simulation done, duration: 11376
MCTS: 155823 simulation done, duration: 11376
MCTS: 151999 simulation done, duration: 11376
MCTS: 158627 simulation done, duration: 11376
MCTS: 146944 simulation done, duration: 11376
MCTS: 150965 simulation done, duration: 11376
MCTS: 160010 simulation done, duration: 11376
MCTS: 153891 simulation done, duration: 11376
MCTS: 156103 simulation done, duration: 11376
MCTS: 140899 simulation done, duration: 11376
MCTS: 150663 simulation done, duration: 11376
MCTS: 152227 simulation done, duration: 11376
MCTS: 147261 simulation done, duration: 11376
MCTS: 159838 simulation done, duration: 11376
step: 9
best action;B[ga]best count: 211461
memory release time: 527
= G9

play W F9
= 

genmove b
MCTS: 160272 simulation done, duration: 10954
MCTS: 160212 simulation done, duration: 10954
MCTS: 151367 simulation done, duration: 10954
MCTS: 156162 simulation done, duration: 10954
MCTS: 144862 simulation done, duration: 10954
MCTS: 156215 simulation done, duration: 10954
MCTS: 152905 simulation done, duration: 10954
MCTS: 152085 simulation done, duration: 10954
MCTS: 146142 simulation done, duration: 10954
MCTS: 141164 simulation done, duration: 10954
MCTS: 151753 simulation done, duration: 10954
MCTS: 157337 simulation done, duration: 10954
MCTS: 151025 simulation done, duration: 10954
MCTS: 147995 simulation done, duration: 10954
MCTS: 149466 simulation done, duration: 10954
MCTS: 155415 simulation done, duration: 10954
step: 10
best action;B[hb]best count: 362188
memory release time: 563
= H8

play W J8
= 

genmove b
MCTS: 134334 simulation done, duration: 10533
MCTS: 143611 simulation done, duration: 10533
MCTS: 154473 simulation done, duration: 10533
MCTS: 147633 simulation done, duration: 10533
MCTS: 147671 simulation done, duration: 10533
MCTS: 149973 simulation done, duration: 10533
MCTS: 150093 simulation done, duration: 10533
MCTS: 154500 simulation done, duration: 10533
MCTS: 153826 simulation done, duration: 10533
MCTS: 152648 simulation done, duration: 10533
MCTS: 152760 simulation done, duration: 10533
MCTS: 147229 simulation done, duration: 10533
MCTS: 147208 simulation done, duration: 10533
MCTS: 157135 simulation done, duration: 10533
MCTS: 160147 simulation done, duration: 10533
MCTS: 141150 simulation done, duration: 10533
step: 11
best action;B[hc]best count: 219244
memory release time: 543
= H7

play W H6
= 

genmove b
MCTS: 150339 simulation done, duration: 10112
MCTS: 152936 simulation done, duration: 10112
MCTS: 152068 simulation done, duration: 10112
MCTS: 147712 simulation done, duration: 10112
MCTS: 156059 simulation done, duration: 10112
MCTS: 149062 simulation done, duration: 10112
MCTS: 140100 simulation done, duration: 10112
MCTS: 152727 simulation done, duration: 10112
MCTS: 155040 simulation done, duration: 10112
MCTS: 141413 simulation done, duration: 10112
MCTS: 148670 simulation done, duration: 10112
MCTS: 152046 simulation done, duration: 10112
MCTS: 146207 simulation done, duration: 10112
MCTS: 138196 simulation done, duration: 10112
MCTS: 152088 simulation done, duration: 10112
MCTS: 153682 simulation done, duration: 10112
step: 12
best action;B[db]best count: 214519
memory release time: 567
= D8

play W D7
= 

genmove b
MCTS: 145540 simulation done, duration: 9690
MCTS: 146745 simulation done, duration: 9690
MCTS: 150397 simulation done, duration: 9690
MCTS: 149121 simulation done, duration: 9690
MCTS: 143650 simulation done, duration: 9690
MCTS: 143162 simulation done, duration: 9690
MCTS: 146947 simulation done, duration: 9690
MCTS: 149391 simulation done, duration: 9690
MCTS: 141668 simulation done, duration: 9690
MCTS: 152301 simulation done, duration: 9690
MCTS: 152797 simulation done, duration: 9690
MCTS: 149343 simulation done, duration: 9690
MCTS: 152495 simulation done, duration: 9690
MCTS: 135599 simulation done, duration: 9690
MCTS: 152220 simulation done, duration: 9690
MCTS: 150869 simulation done, duration: 9690
step: 13
best action;B[ca]best count: 263522
memory release time: 554
= C9

play W J7
= 

genmove b
MCTS: 150963 simulation done, duration: 9269
MCTS: 146648 simulation done, duration: 9269
MCTS: 149774 simulation done, duration: 9269
MCTS: 142727 simulation done, duration: 9269
MCTS: 134240 simulation done, duration: 9269
MCTS: 153873 simulation done, duration: 9269
MCTS: 142835 simulation done, duration: 9269
MCTS: 142242 simulation done, duration: 9269
MCTS: 151191 simulation done, duration: 9269
MCTS: 139327 simulation done, duration: 9269
MCTS: 145858 simulation done, duration: 9269
MCTS: 140934 simulation done, duration: 9269
MCTS: 147608 simulation done, duration: 9269
MCTS: 154806 simulation done, duration: 9269
MCTS: 145624 simulation done, duration: 9269
MCTS: 146400 simulation done, duration: 9269
step: 14
best action;B[fc]best count: 187064
memory release time: 567
= F7

play W E3
= 

genmove b
MCTS: 144394 simulation done, duration: 8848
MCTS: 140304 simulation done, duration: 8848
MCTS: 147887 simulation done, duration: 8848
MCTS: 139479 simulation done, duration: 8848
MCTS: 140828 simulation done, duration: 8848
MCTS: 134630 simulation done, duration: 8848
MCTS: 150786 simulation done, duration: 8848
MCTS: 144138 simulation done, duration: 8848
MCTS: 147064 simulation done, duration: 8848
MCTS: 141902 simulation done, duration: 8848
MCTS: 137746 simulation done, duration: 8848
MCTS: 149317 simulation done, duration: 8848
MCTS: 137406 simulation done, duration: 8848
MCTS: 144021 simulation done, duration: 8848
MCTS: 141466 simulation done, duration: 8848
MCTS: 151455 simulation done, duration: 8848
step: 15
best action;B[cd]best count: 170893
memory release time: 521
= C6

play W C5
= 

genmove b
MCTS: 146873 simulation done, duration: 8426
MCTS: 146976 simulation done, duration: 8426
MCTS: 135592 simulation done, duration: 8426
MCTS: 146078 simulation done, duration: 8426
MCTS: 140789 simulation done, duration: 8426
MCTS: 146205 simulation done, duration: 8426
MCTS: 143511 simulation done, duration: 8426
MCTS: 145919 simulation done, duration: 8426
MCTS: 144193 simulation done, duration: 8426
MCTS: 127060 simulation done, duration: 8426
MCTS: 144300 simulation done, duration: 8426
MCTS: 139618 simulation done, duration: 8426
MCTS: 143446 simulation done, duration: 8426
MCTS: 131522 simulation done, duration: 8426
MCTS: 146623 simulation done, duration: 8426
MCTS: 129906 simulation done, duration: 8426
step: 16
best action;B[dg]best count: 230816
memory release time: 457
= D3

play W C1
= 

genmove b
MCTS: 141750 simulation done, duration: 8005
MCTS: 144476 simulation done, duration: 8005
MCTS: 135341 simulation done, duration: 8005
MCTS: 128759 simulation done, duration: 8005
MCTS: 137072 simulation done, duration: 8005
MCTS: 144646 simulation done, duration: 8005
MCTS: 140719 simulation done, duration: 8005
MCTS: 139330 simulation done, duration: 8005
MCTS: 142210 simulation done, duration: 8005
MCTS: 145179 simulation done, duration: 8005
MCTS: 136140 simulation done, duration: 8005
MCTS: 122962 simulation done, duration: 8005
MCTS: 134198 simulation done, duration: 8005
MCTS: 142251 simulation done, duration: 8005
MCTS: 133647 simulation done, duration: 8005
MCTS: 139806 simulation done, duration: 8005
step: 17
best action;B[ag]best count: 354117
memory release time: 436
= A3

play W B2
= 

genmove b
MCTS: 136296 simulation done, duration: 7584
MCTS: 141252 simulation done, duration: 7584
MCTS: 132911 simulation done, duration: 7584
MCTS: 131390 simulation done, duration: 7584
MCTS: 138248 simulation done, duration: 7584
MCTS: 135322 simulation done, duration: 7584
MCTS: 141138 simulation done, duration: 7584
MCTS: 132342 simulation done, duration: 7584
MCTS: 136641 simulation done, duration: 7584
MCTS: 133784 simulation done, duration: 7584
MCTS: 139437 simulation done, duration: 7584
MCTS: 137659 simulation done, duration: 7584
MCTS: 138693 simulation done, duration: 7584
MCTS: 129318 simulation done, duration: 7584
MCTS: 135018 simulation done, duration: 7584
MCTS: 133827 simulation done, duration: 7584
step: 18
best action;B[ad]best count: 299804
memory release time: 469
= A6

play W A4
= 

genmove b
MCTS: 135739 simulation done, duration: 7163
MCTS: 134188 simulation done, duration: 7163
MCTS: 120887 simulation done, duration: 7163
MCTS: 126991 simulation done, duration: 7163
MCTS: 126509 simulation done, duration: 7163
MCTS: 131878 simulation done, duration: 7163
MCTS: 115820 simulation done, duration: 7163
MCTS: 131630 simulation done, duration: 7163
MCTS: 134360 simulation done, duration: 7163
MCTS: 132358 simulation done, duration: 7163
MCTS: 127432 simulation done, duration: 7163
MCTS: 123759 simulation done, duration: 7163
MCTS: 116557 simulation done, duration: 7163
MCTS: 120468 simulation done, duration: 7163
MCTS: 124109 simulation done, duration: 7163
MCTS: 133481 simulation done, duration: 7163
step: 19
best action;B[bc]best count: 1470194
memory release time: 415
= B7

play W A8
= 

genmove b
MCTS: 131339 simulation done, duration: 6741
MCTS: 120578 simulation done, duration: 6741
MCTS: 125162 simulation done, duration: 6741
MCTS: 129283 simulation done, duration: 6741
MCTS: 126661 simulation done, duration: 6741
MCTS: 123492 simulation done, duration: 6741
MCTS: 125645 simulation done, duration: 6741
MCTS: 124706 simulation done, duration: 6741
MCTS: 126090 simulation done, duration: 6741
MCTS: 116284 simulation done, duration: 6741
MCTS: 122728 simulation done, duration: 6741
MCTS: 118980 simulation done, duration: 6741
MCTS: 115679 simulation done, duration: 6741
MCTS: 121162 simulation done, duration: 6741
MCTS: 112736 simulation done, duration: 6741
MCTS: 118730 simulation done, duration: 6741
step: 20
best action;B[be]best count: 254392
memory release time: 394
= B5

play W A5
= 

genmove b
MCTS: 121439 simulation done, duration: 6320
MCTS: 125371 simulation done, duration: 6320
MCTS: 118893 simulation done, duration: 6320
MCTS: 126746 simulation done, duration: 6320
MCTS: 125094 simulation done, duration: 6320
MCTS: 116338 simulation done, duration: 6320
MCTS: 123072 simulation done, duration: 6320
MCTS: 116464 simulation done, duration: 6320
MCTS: 124211 simulation done, duration: 6320
MCTS: 109950 simulation done, duration: 6320
MCTS: 128089 simulation done, duration: 6320
MCTS: 123578 simulation done, duration: 6320
MCTS: 117592 simulation done, duration: 6320
MCTS: 108331 simulation done, duration: 6320
MCTS: 127259 simulation done, duration: 6320
MCTS: 121885 simulation done, duration: 6320
step: 21
best action;B[bg]best count: 1348426
memory release time: 410
= B3

play W A7
= 

genmove b
MCTS: 119103 simulation done, duration: 5899
MCTS: 118942 simulation done, duration: 5899
MCTS: 121028 simulation done, duration: 5899
MCTS: 120434 simulation done, duration: 5899
MCTS: 108485 simulation done, duration: 5899
MCTS: 119675 simulation done, duration: 5899
MCTS: 121534 simulation done, duration: 5899
MCTS: 118876 simulation done, duration: 5899
MCTS: 110621 simulation done, duration: 5899
MCTS: 120550 simulation done, duration: 5899
MCTS: 111599 simulation done, duration: 5899
MCTS: 108531 simulation done, duration: 5899
MCTS: 120136 simulation done, duration: 5899
MCTS: 114366 simulation done, duration: 5899
MCTS: 122239 simulation done, duration: 5899
MCTS: 115890 simulation done, duration: 5899
step: 22
best action;B[eb]best count: 547417
memory release time: 355
= E8

play W B8
= 

genmove b
MCTS: 113757 simulation done, duration: 5477
MCTS: 100357 simulation done, duration: 5477
MCTS: 117229 simulation done, duration: 5477
MCTS: 113531 simulation done, duration: 5477
MCTS: 105771 simulation done, duration: 5477
MCTS: 111868 simulation done, duration: 5477
MCTS: 118184 simulation done, duration: 5477
MCTS: 117657 simulation done, duration: 5477
MCTS: 108042 simulation done, duration: 5477
MCTS: 96515 simulation done, duration: 5477
MCTS: 108408 simulation done, duration: 5477
MCTS: 117276 simulation done, duration: 5477
MCTS: 117607 simulation done, duration: 5477
MCTS: 115517 simulation done, duration: 5477
MCTS: 111522 simulation done, duration: 5477
MCTS: 119359 simulation done, duration: 5477
step: 23
best action;B[cb]best count: 257464
memory release time: 352
= C8

play W A2
= 

genmove b
MCTS: 92061 simulation done, duration: 5056
MCTS: 105206 simulation done, duration: 5056
MCTS: 113954 simulation done, duration: 5056
MCTS: 114318 simulation done, duration: 5056
MCTS: 111621 simulation done, duration: 5056
MCTS: 108266 simulation done, duration: 5056
MCTS: 107192 simulation done, duration: 5056
MCTS: 116676 simulation done, duration: 5056
MCTS: 107576 simulation done, duration: 5056
MCTS: 113962 simulation done, duration: 5056
MCTS: 114836 simulation done, duration: 5056
MCTS: 106559 simulation done, duration: 5056
MCTS: 96977 simulation done, duration: 5056
MCTS: 110815 simulation done, duration: 5056
MCTS: 107528 simulation done, duration: 5056
MCTS: 107178 simulation done, duration: 5056
step: 24
best action;B[da]best count: 252242
memory release time: 404
= D9

play W G3
= 

genmove b
MCTS: 109540 simulation done, duration: 4635
MCTS: 109386 simulation done, duration: 4635
MCTS: 110719 simulation done, duration: 4635
MCTS: 101270 simulation done, duration: 4635
MCTS: 91137 simulation done, duration: 4635
MCTS: 98948 simulation done, duration: 4635
MCTS: 104698 simulation done, duration: 4635
MCTS: 105384 simulation done, duration: 4635
MCTS: 100222 simulation done, duration: 4635
MCTS: 101083 simulation done, duration: 4635
MCTS: 111674 simulation done, duration: 4635
MCTS: 101494 simulation done, duration: 4635
MCTS: 100779 simulation done, duration: 4635
MCTS: 105390 simulation done, duration: 4635
MCTS: 102227 simulation done, duration: 4635
MCTS: 97854 simulation done, duration: 4635
step: 25
best action;B[fi]best count: 203485
memory release time: 437
= F1

play W D2
= 

genmove b
MCTS: 114756 simulation done, duration: 4213
MCTS: 103319 simulation done, duration: 4213
MCTS: 92516 simulation done, duration: 4213
MCTS: 121083 simulation done, duration: 4213
MCTS: 118594 simulation done, duration: 4213
MCTS: 120089 simulation done, duration: 4213
MCTS: 115497 simulation done, duration: 4213
MCTS: 113456 simulation done, duration: 4213
MCTS: 108007 simulation done, duration: 4213
MCTS: 102659 simulation done, duration: 4213
MCTS: 111199 simulation done, duration: 4213
MCTS: 107674 simulation done, duration: 4213
MCTS: 110710 simulation done, duration: 4213
MCTS: 104635 simulation done, duration: 4213
MCTS: 119516 simulation done, duration: 4213
MCTS: 92841 simulation done, duration: 4213
step: 26
best action;B[ha]best count: 331892
memory release time: 246
= H9

play W E2
= 

genmove b
MCTS: 106355 simulation done, duration: 3792
MCTS: 119295 simulation done, duration: 3792
MCTS: 91363 simulation done, duration: 3792
MCTS: 107918 simulation done, duration: 3792
MCTS: 119509 simulation done, duration: 3792
MCTS: 115679 simulation done, duration: 3792
MCTS: 120526 simulation done, duration: 3792
MCTS: 109548 simulation done, duration: 3792
MCTS: 108521 simulation done, duration: 3792
MCTS: 121754 simulation done, duration: 3792
MCTS: 118431 simulation done, duration: 3792
MCTS: 111130 simulation done, duration: 3792
MCTS: 110386 simulation done, duration: 3792
MCTS: 122883 simulation done, duration: 3792
MCTS: 113946 simulation done, duration: 3792
MCTS: 118258 simulation done, duration: 3792
step: 27
best action;B[ch]best count: 339861
memory release time: 56
= C2

play W F3
= 

genmove b
MCTS: 123662 simulation done, duration: 3371
MCTS: 103924 simulation done, duration: 3371
MCTS: 108839 simulation done, duration: 3371
MCTS: 108857 simulation done, duration: 3371
MCTS: 116822 simulation done, duration: 3371
MCTS: 108751 simulation done, duration: 3371
MCTS: 104222 simulation done, duration: 3371
MCTS: 103625 simulation done, duration: 3371
MCTS: 92566 simulation done, duration: 3371
MCTS: 117010 simulation done, duration: 3371
MCTS: 106316 simulation done, duration: 3371
MCTS: 120317 simulation done, duration: 3371
MCTS: 110388 simulation done, duration: 3371
MCTS: 107004 simulation done, duration: 3371
MCTS: 111457 simulation done, duration: 3371
MCTS: 107296 simulation done, duration: 3371
step: 28
best action;B[di]best count: 437765
memory release time: 2
= D1

play W H4
= 

genmove b
MCTS: 106684 simulation done, duration: 2950
MCTS: 106629 simulation done, duration: 2950
MCTS: 96966 simulation done, duration: 2950
MCTS: 91189 simulation done, duration: 2950
MCTS: 93899 simulation done, duration: 2950
MCTS: 106881 simulation done, duration: 2950
MCTS: 94407 simulation done, duration: 2950
MCTS: 102417 simulation done, duration: 2950
MCTS: 106045 simulation done, duration: 2950
MCTS: 103545 simulation done, duration: 2950
MCTS: 101706 simulation done, duration: 2950
MCTS: 87984 simulation done, duration: 2950
MCTS: 92447 simulation done, duration: 2950
MCTS: 103461 simulation done, duration: 2950
MCTS: 97585 simulation done, duration: 2950
MCTS: 112118 simulation done, duration: 2950
step: 29
best action;B[cg]best count: 801982
memory release time: 0
= C3

play W B4
= 

genmove b
MCTS: 91610 simulation done, duration: 2528
MCTS: 97499 simulation done, duration: 2528
MCTS: 82831 simulation done, duration: 2528
MCTS: 72426 simulation done, duration: 2528
MCTS: 97588 simulation done, duration: 2528
MCTS: 84676 simulation done, duration: 2528
MCTS: 74755 simulation done, duration: 2528
MCTS: 81283 simulation done, duration: 2528
MCTS: 85574 simulation done, duration: 2528
MCTS: 90820 simulation done, duration: 2528
MCTS: 81364 simulation done, duration: 2528
MCTS: 91935 simulation done, duration: 2528
MCTS: 92771 simulation done, duration: 2528
MCTS: 77954 simulation done, duration: 2528
MCTS: 85987 simulation done, duration: 2528
MCTS: 88983 simulation done, duration: 2528
step: 30
best action;B[bd]best count: 1378056
memory release time: 0
= B6

play W H1
= 

genmove b
MCTS: 76436 simulation done, duration: 2107
MCTS: 76211 simulation done, duration: 2107
MCTS: 76113 simulation done, duration: 2107
MCTS: 72694 simulation done, duration: 2107
MCTS: 67253 simulation done, duration: 2107
MCTS: 72732 simulation done, duration: 2107
MCTS: 63610 simulation done, duration: 2107
MCTS: 62814 simulation done, duration: 2107
MCTS: 65150 simulation done, duration: 2107
MCTS: 72671 simulation done, duration: 2107
MCTS: 63810 simulation done, duration: 2107
MCTS: 69752 simulation done, duration: 2107
MCTS: 74039 simulation done, duration: 2107
MCTS: 73058 simulation done, duration: 2107
MCTS: 73603 simulation done, duration: 2107
MCTS: 71963 simulation done, duration: 2107
step: 31
best action;?[`j]best count: 0
memory release time: 0
= resign

quit
reset agent
reset agent
Waiting for connection...
