B<< HollowNoGo-Demo: /home/sciencethebird/Desktop/TCG_2021/Project_4/pj-4-judge-v1/./nogo --shell --name=Hollow-Black --black=search=MCTS N=3000 worker=1 exploration=0.5 
B<< 
B>> protocol_version
B<< = 2
B<< 
B>> name
B<< = Hollow-Black
B<< 
B>> version
B<< = 2021
B<< 
B>> list_commands
B<< = play
B<< genmove
B<< clear_board
B<< showboard
B<< boardsize
B<< name
B<< version
B<< protocol_version
B<< list_commands
B<< quit
B<< 
B<< 
W>> protocol_version
W<< HollowNoGo-Demo: /home/sciencethebird/Desktop/TCG_2021/Project_4/pj-4-judge-v1/./nogo-mcts-submit --shell --name=Hollow-White --white=search=MCTS N=3000 worker=1 exploration=0.5 
W<< 
W<< = 2
W<< 
W>> name
W<< = Hollow-White
W<< 
W>> version
W<< = 2021
W<< 
W>> list_commands
W<< = play
W<< genmove
W<< clear_board
W<< showboard
W<< boardsize
W<< name
W<< version
W<< protocol_version
W<< list_commands
W<< quit
W<< 
W<< 
B>> boardsize 9
B<< = 
B<< 
B>> clear_board
B<< = 
B<< 
W>> boardsize 9
W<< = 
W<< 
W>> clear_board
W<< = 
W<< 
============================================
Game 0
============================================
B>> boardsize 9
B<< = 
B<< 
B>> clear_board
B<< = 
B<< 
W>> boardsize 9
W<< = 
W<< 
W>> clear_board
W<< = 
W<< 
B>> genmove b
B<< MCTS: 3001 simulation done, duration: 49
B<< = F3
B<< 
W>> play B F3
W<< = 
W<< 
W>> genmove w
W<< MCTS: 3001 simulation done, duration: 276
W<< action: ;W[ai] , ac: 67
W<< action: ;W[ah] , ac: 46
W<< action: ;W[ag] , ac: 20
W<< action: ;W[af] , ac: 60
W<< action: ;W[ae] , ac: 25
W<< action: ;W[ad] , ac: 7
W<< action: ;W[ac] , ac: 30
W<< action: ;W[ab] , ac: 34
W<< action: ;W[aa] , ac: 83
W<< action: ;W[bi] , ac: 13
W<< action: ;W[bh] , ac: 37
W<< action: ;W[bg] , ac: 17
W<< action: ;W[bf] , ac: 84
W<< action: ;W[be] , ac: 20
W<< action: ;W[bd] , ac: 15
W<< action: ;W[bc] , ac: 49
W<< action: ;W[bb] , ac: 24
W<< action: ;W[ba] , ac: 15
W<< action: ;W[ci] , ac: 64
W<< action: ;W[ch] , ac: 37
W<< action: ;W[cg] , ac: 84
W<< action: ;W[cf] , ac: 57
W<< action: ;W[ce] , ac: 11
W<< action: ;W[cd] , ac: 20
W<< action: ;W[cc] , ac: 70
W<< action: ;W[cb] , ac: 71
W<< action: ;W[ca] , ac: 70
W<< action: ;W[di] , ac: 29
W<< action: ;W[dh] , ac: 61
W<< action: ;W[dg] , ac: 30
W<< action: ;W[dc] , ac: 27
W<< action: ;W[db] , ac: 44
W<< action: ;W[da] , ac: 20
W<< action: ;W[ei] , ac: 34
W<< action: ;W[eh] , ac: 32
W<< action: ;W[eg] , ac: 46
W<< action: ;W[ec] , ac: 39
W<< action: ;W[eb] , ac: 20
W<< action: ;W[ea] , ac: 81
W<< action: ;W[fi] , ac: 61
W<< action: ;W[fh] , ac: 20
W<< action: ;W[fc] , ac: 54
W<< action: ;W[fb] , ac: 33
W<< action: ;W[fa] , ac: 103
W<< action: ;W[gi] , ac: 65
W<< action: ;W[gh] , ac: 37
W<< action: ;W[gg] , ac: 67
W<< action: ;W[gf] , ac: 32
W<< action: ;W[ge] , ac: 34
W<< action: ;W[gd] , ac: 80
W<< action: ;W[gc] , ac: 25
W<< action: ;W[gb] , ac: 41
W<< action: ;W[ga] , ac: 25
W<< action: ;W[hi] , ac: 58
W<< action: ;W[hh] , ac: 65
W<< action: ;W[hg] , ac: 44
W<< action: ;W[hf] , ac: 52
W<< action: ;W[he] , ac: 44
W<< action: ;W[hd] , ac: 32
W<< action: ;W[hc] , ac: 35
W<< action: ;W[hb] , ac: 17
W<< action: ;W[ha] , ac: 46
W<< action: ;W[ii] , ac: 49
W<< action: ;W[ih] , ac: 47
W<< action: ;W[ig] , ac: 9
W<< action: ;W[if] , ac: 46
W<< action: ;W[ie] , ac: 68
W<< action: ;W[id] , ac: 44
W<< action: ;W[ic] , ac: 11
W<< action: ;W[ib] , ac: 27
W<< action: ;W[ia] , ac: 37
W<< = F9
W<< 
B>> play W F9
B<< = 
B<< 
B>> genmove b
B<< MCTS: 3001 simulation done, duration: 57
B<< = F8
B<< 
W>> play B F8
W<< = 
W<< 
W>> genmove w
W<< MCTS: 3001 simulation done, duration: 269
W<< action: ;W[ai] , ac: 71
W<< action: ;W[ah] , ac: 50
W<< action: ;W[ag] , ac: 18
W<< action: ;W[af] , ac: 66
W<< action: ;W[ae] , ac: 11
W<< action: ;W[ad] , ac: 41
W<< action: ;W[ac] , ac: 47
W<< action: ;W[ab] , ac: 52
W<< action: ;W[aa] , ac: 25
W<< action: ;W[bi] , ac: 33
W<< action: ;W[bh] , ac: 18
W<< action: ;W[bg] , ac: 85
W<< action: ;W[bf] , ac: 20
W<< action: ;W[be] , ac: 40
W<< action: ;W[bd] , ac: 20
W<< action: ;W[bc] , ac: 43
W<< action: ;W[bb] , ac: 15
W<< action: ;W[ba] , ac: 33
W<< action: ;W[ci] , ac: 55
W<< action: ;W[ch] , ac: 52
W<< action: ;W[cg] , ac: 33
W<< action: ;W[cf] , ac: 68
W<< action: ;W[ce] , ac: 49
W<< action: ;W[cd] , ac: 20
W<< action: ;W[cc] , ac: 30
W<< action: ;W[cb] , ac: 38
W<< action: ;W[ca] , ac: 27
W<< action: ;W[di] , ac: 69
W<< action: ;W[dh] , ac: 15
W<< action: ;W[dg] , ac: 85
W<< action: ;W[dc] , ac: 13
W<< action: ;W[db] , ac: 46
W<< action: ;W[da] , ac: 66
W<< action: ;W[ei] , ac: 30
W<< action: ;W[eh] , ac: 61
W<< action: ;W[eg] , ac: 22
W<< action: ;W[ec] , ac: 47
W<< action: ;W[eb] , ac: 95
W<< action: ;W[ea] , ac: 92
W<< action: ;W[fi] , ac: 44
W<< action: ;W[fh] , ac: 58
W<< action: ;W[fc] , ac: 53
W<< action: ;W[gi] , ac: 55
W<< action: ;W[gh] , ac: 33
W<< action: ;W[gg] , ac: 44
W<< action: ;W[gf] , ac: 46
W<< action: ;W[ge] , ac: 25
W<< action: ;W[gd] , ac: 38
W<< action: ;W[gc] , ac: 65
W<< action: ;W[gb] , ac: 17
W<< action: ;W[ga] , ac: 58
W<< action: ;W[hi] , ac: 47
W<< action: ;W[hh] , ac: 52
W<< action: ;W[hg] , ac: 68
W<< action: ;W[hf] , ac: 9
W<< action: ;W[he] , ac: 47
W<< action: ;W[hd] , ac: 82
W<< action: ;W[hc] , ac: 27
W<< action: ;W[hb] , ac: 25
W<< action: ;W[ha] , ac: 47
W<< action: ;W[ii] , ac: 27
W<< action: ;W[ih] , ac: 47
W<< action: ;W[ig] , ac: 50
W<< action: ;W[if] , ac: 33
W<< action: ;W[ie] , ac: 44
W<< action: ;W[id] , ac: 33
W<< action: ;W[ic] , ac: 39
W<< action: ;W[ib] , ac: 59
W<< action: ;W[ia] , ac: 28
W<< = E8
W<< 
B>> play W E8
B<< = 
B<< 
B>> genmove b
B<< MCTS: 3001 simulation done, duration: 52
B<< = B6
B<< 
W>> play B B6
W<< = 
W<< 
W>> genmove w
W<< MCTS: 3001 simulation done, duration: 254
W<< action: ;W[ai] , ac: 36
W<< action: ;W[ah] , ac: 36
W<< action: ;W[ag] , ac: 94
W<< action: ;W[af] , ac: 28
W<< action: ;W[ae] , ac: 60
W<< action: ;W[ad] , ac: 24
W<< action: ;W[ac] , ac: 50
W<< action: ;W[ab] , ac: 43
W<< action: ;W[aa] , ac: 47
W<< action: ;W[bi] , ac: 72
W<< action: ;W[bh] , ac: 102
W<< action: ;W[bg] , ac: 36
W<< action: ;W[bf] , ac: 11
W<< action: ;W[be] , ac: 24
W<< action: ;W[bc] , ac: 47
W<< action: ;W[bb] , ac: 36
W<< action: ;W[ba] , ac: 15
W<< action: ;W[ci] , ac: 44
W<< action: ;W[ch] , ac: 11
W<< action: ;W[cg] , ac: 89
W<< action: ;W[cf] , ac: 27
W<< action: ;W[ce] , ac: 18
W<< action: ;W[cd] , ac: 30
W<< action: ;W[cc] , ac: 32
W<< action: ;W[cb] , ac: 39
W<< action: ;W[ca] , ac: 28
W<< action: ;W[di] , ac: 53
W<< action: ;W[dh] , ac: 39
W<< action: ;W[dg] , ac: 28
W<< action: ;W[dc] , ac: 33
W<< action: ;W[db] , ac: 36
W<< action: ;W[da] , ac: 39
W<< action: ;W[ei] , ac: 50
W<< action: ;W[eh] , ac: 81
W<< action: ;W[eg] , ac: 53
W<< action: ;W[ec] , ac: 9
W<< action: ;W[ea] , ac: 20
W<< action: ;W[fi] , ac: 60
W<< action: ;W[fh] , ac: 55
W<< action: ;W[fc] , ac: 71
W<< action: ;W[gi] , ac: 35
W<< action: ;W[gh] , ac: 27
W<< action: ;W[gg] , ac: 71
W<< action: ;W[gf] , ac: 46
W<< action: ;W[ge] , ac: 76
W<< action: ;W[gd] , ac: 47
W<< action: ;W[gc] , ac: 44
W<< action: ;W[gb] , ac: 36
W<< action: ;W[ga] , ac: 28
W<< action: ;W[hi] , ac: 50
W<< action: ;W[hh] , ac: 69
W<< action: ;W[hg] , ac: 75
W<< action: ;W[hf] , ac: 43
W<< action: ;W[he] , ac: 44
W<< action: ;W[hd] , ac: 55
W<< action: ;W[hc] , ac: 18
W<< action: ;W[hb] , ac: 24
W<< action: ;W[ha] , ac: 62
W<< action: ;W[ii] , ac: 52
W<< action: ;W[ih] , ac: 53
W<< action: ;W[ig] , ac: 25
W<< action: ;W[if] , ac: 65
W<< action: ;W[ie] , ac: 47
W<< action: ;W[id] , ac: 35
W<< action: ;W[ic] , ac: 50
W<< action: ;W[ib] , ac: 65
W<< action: ;W[ia] , ac: 53
W<< = B2
W<< 
B>> play W B2
B<< = 
B<< 
B>> genmove b
B<< MCTS: 3001 simulation done, duration: 54
B<< = C9
B<< 
W>> play B C9
W<< = 
W<< 
W>> genmove w
W<< MCTS: 3001 simulation done, duration: 260
W<< action: ;W[ai] , ac: 52
W<< action: ;W[ah] , ac: 50
W<< action: ;W[ag] , ac: 42
W<< action: ;W[af] , ac: 36
W<< action: ;W[ae] , ac: 13
W<< action: ;W[ad] , ac: 63
W<< action: ;W[ac] , ac: 21
W<< action: ;W[ab] , ac: 67
W<< action: ;W[aa] , ac: 52
W<< action: ;W[bi] , ac: 33
W<< action: ;W[bg] , ac: 47
W<< action: ;W[bf] , ac: 31
W<< action: ;W[be] , ac: 70
W<< action: ;W[bc] , ac: 19
W<< action: ;W[bb] , ac: 49
W<< action: ;W[ba] , ac: 26
W<< action: ;W[ci] , ac: 39
W<< action: ;W[ch] , ac: 29
W<< action: ;W[cg] , ac: 41
W<< action: ;W[cf] , ac: 89
W<< action: ;W[ce] , ac: 67
W<< action: ;W[cd] , ac: 24
W<< action: ;W[cc] , ac: 39
W<< action: ;W[cb] , ac: 55
W<< action: ;W[di] , ac: 24
W<< action: ;W[dh] , ac: 24
W<< action: ;W[dg] , ac: 63
W<< action: ;W[dc] , ac: 46
W<< action: ;W[db] , ac: 39
W<< action: ;W[da] , ac: 73
W<< action: ;W[ei] , ac: 29
W<< action: ;W[eh] , ac: 89
W<< action: ;W[eg] , ac: 29
W<< action: ;W[ec] , ac: 49
W<< action: ;W[ea] , ac: 29
W<< action: ;W[fi] , ac: 50
W<< action: ;W[fh] , ac: 55
W<< action: ;W[fc] , ac: 41
W<< action: ;W[gi] , ac: 67
W<< action: ;W[gh] , ac: 50
W<< action: ;W[gg] , ac: 29
W<< action: ;W[gf] , ac: 39
W<< action: ;W[ge] , ac: 53
W<< action: ;W[gd] , ac: 59
W<< action: ;W[gc] , ac: 41
W<< action: ;W[gb] , ac: 82
W<< action: ;W[ga] , ac: 28
W<< action: ;W[hi] , ac: 50
W<< action: ;W[hh] , ac: 29
W<< action: ;W[hg] , ac: 17
W<< action: ;W[hf] , ac: 72
W<< action: ;W[he] , ac: 42
W<< action: ;W[hd] , ac: 38
W<< action: ;W[hc] , ac: 23
W<< action: ;W[hb] , ac: 44
W<< action: ;W[ha] , ac: 50
W<< action: ;W[ii] , ac: 72
W<< action: ;W[ih] , ac: 19
W<< action: ;W[ig] , ac: 29
W<< action: ;W[if] , ac: 46
W<< action: ;W[ie] , ac: 78
W<< action: ;W[id] , ac: 59
W<< action: ;W[ic] , ac: 47
W<< action: ;W[ib] , ac: 50
W<< action: ;W[ia] , ac: 94
W<< = J9
W<< 
B>> play W J9
B<< = 
B<< 
B>> genmove b
B<< MCTS: 3001 simulation done, duration: 53
B<< = H6
B<< 
W>> play B H6
W<< = 
W<< 
W>> genmove w
W<< MCTS: 3001 simulation done, duration: 250
W<< action: ;W[ai] , ac: 91
W<< action: ;W[ah] , ac: 45
W<< action: ;W[ag] , ac: 34
W<< action: ;W[af] , ac: 108
W<< action: ;W[ae] , ac: 29
W<< action: ;W[ad] , ac: 54
W<< action: ;W[ac] , ac: 60
W<< action: ;W[ab] , ac: 91
W<< action: ;W[aa] , ac: 62
W<< action: ;W[bi] , ac: 85
W<< action: ;W[bg] , ac: 35
W<< action: ;W[bf] , ac: 43
W<< action: ;W[be] , ac: 46
W<< action: ;W[bc] , ac: 95
W<< action: ;W[bb] , ac: 29
W<< action: ;W[ba] , ac: 43
W<< action: ;W[ci] , ac: 66
W<< action: ;W[ch] , ac: 68
W<< action: ;W[cg] , ac: 49
W<< action: ;W[cf] , ac: 24
W<< action: ;W[ce] , ac: 43
W<< action: ;W[cd] , ac: 82
W<< action: ;W[cc] , ac: 31
W<< action: ;W[cb] , ac: 76
W<< action: ;W[di] , ac: 59
W<< action: ;W[dh] , ac: 26
W<< action: ;W[dg] , ac: 15
W<< action: ;W[dc] , ac: 43
W<< action: ;W[db] , ac: 26
W<< action: ;W[da] , ac: 60
W<< action: ;W[ei] , ac: 13
W<< action: ;W[eh] , ac: 57
W<< action: ;W[eg] , ac: 66
W<< action: ;W[ec] , ac: 88
W<< action: ;W[ea] , ac: 17
W<< action: ;W[fi] , ac: 35
W<< action: ;W[fh] , ac: 13
W<< action: ;W[fc] , ac: 24
W<< action: ;W[gi] , ac: 53
W<< action: ;W[gh] , ac: 43
W<< action: ;W[gg] , ac: 15
W<< action: ;W[gf] , ac: 21
W<< action: ;W[ge] , ac: 17
W<< action: ;W[gd] , ac: 57
W<< action: ;W[gc] , ac: 65
W<< action: ;W[gb] , ac: 39
W<< action: ;W[ga] , ac: 29
W<< action: ;W[hi] , ac: 54
W<< action: ;W[hh] , ac: 32
W<< action: ;W[hg] , ac: 110
W<< action: ;W[hf] , ac: 66
W<< action: ;W[he] , ac: 46
W<< action: ;W[hc] , ac: 13
W<< action: ;W[hb] , ac: 22
W<< action: ;W[ha] , ac: 24
W<< action: ;W[ii] , ac: 34
W<< action: ;W[ih] , ac: 22
W<< action: ;W[ig] , ac: 37
W<< action: ;W[if] , ac: 105
W<< action: ;W[ie] , ac: 87
W<< action: ;W[id] , ac: 22
W<< action: ;W[ic] , ac: 22
W<< action: ;W[ib] , ac: 35
W<< = H3
W<< 
B>> play W H3
B<< = 
B<< 
B>> genmove b
B<< MCTS: 3001 simulation done, duration: 51
B<< = A2
B<< 
W>> play B A2
W<< = 
W<< 
W>> genmove w
W<< MCTS: 3001 simulation done, duration: 238
W<< action: ;W[ai] , ac: 25
W<< action: ;W[ag] , ac: 56
W<< action: ;W[af] , ac: 21
W<< action: ;W[ae] , ac: 23
W<< action: ;W[ad] , ac: 43
W<< action: ;W[ac] , ac: 105
W<< action: ;W[ab] , ac: 105
W<< action: ;W[aa] , ac: 26
W<< action: ;W[bi] , ac: 45
W<< action: ;W[bg] , ac: 85
W<< action: ;W[bf] , ac: 35
W<< action: ;W[be] , ac: 80
W<< action: ;W[bc] , ac: 27
W<< action: ;W[bb] , ac: 49
W<< action: ;W[ba] , ac: 12
W<< action: ;W[ci] , ac: 98
W<< action: ;W[ch] , ac: 54
W<< action: ;W[cg] , ac: 16
W<< action: ;W[cf] , ac: 56
W<< action: ;W[ce] , ac: 46
W<< action: ;W[cd] , ac: 49
W<< action: ;W[cc] , ac: 83
W<< action: ;W[cb] , ac: 63
W<< action: ;W[di] , ac: 97
W<< action: ;W[dh] , ac: 16
W<< action: ;W[dg] , ac: 54
W<< action: ;W[dc] , ac: 33
W<< action: ;W[db] , ac: 86
W<< action: ;W[da] , ac: 56
W<< action: ;W[ei] , ac: 38
W<< action: ;W[eh] , ac: 38
W<< action: ;W[eg] , ac: 59
W<< action: ;W[ec] , ac: 43
W<< action: ;W[ea] , ac: 18
W<< action: ;W[fi] , ac: 43
W<< action: ;W[fh] , ac: 49
W<< action: ;W[fc] , ac: 46
W<< action: ;W[gi] , ac: 35
W<< action: ;W[gh] , ac: 21
W<< action: ;W[gg] , ac: 49
W<< action: ;W[gf] , ac: 79
W<< action: ;W[ge] , ac: 30
W<< action: ;W[gd] , ac: 130
W<< action: ;W[gc] , ac: 54
W<< action: ;W[gb] , ac: 30
W<< action: ;W[ga] , ac: 27
W<< action: ;W[hi] , ac: 35
W<< action: ;W[hh] , ac: 48
W<< action: ;W[hf] , ac: 35
W<< action: ;W[he] , ac: 53
W<< action: ;W[hc] , ac: 12
W<< action: ;W[hb] , ac: 114
W<< action: ;W[ha] , ac: 57
W<< action: ;W[ii] , ac: 28
W<< action: ;W[ih] , ac: 62
W<< action: ;W[ig] , ac: 27
W<< action: ;W[if] , ac: 57
W<< action: ;W[ie] , ac: 14
W<< action: ;W[id] , ac: 65
W<< action: ;W[ic] , ac: 21
W<< action: ;W[ib] , ac: 40
W<< = G6
W<< 
B>> play W G6
B<< = 
B<< 
B>> genmove b
B<< MCTS: 3001 simulation done, duration: 55
B<< = E2
B<< 
W>> play B E2
W<< = 
W<< 
W>> genmove w
W<< MCTS: 3001 simulation done, duration: 232
W<< action: ;W[ai] , ac: 35
W<< action: ;W[ag] , ac: 32
W<< action: ;W[af] , ac: 71
W<< action: ;W[ae] , ac: 40
W<< action: ;W[ad] , ac: 49
W<< action: ;W[ac] , ac: 56
W<< action: ;W[ab] , ac: 46
W<< action: ;W[aa] , ac: 38
W<< action: ;W[bi] , ac: 85
W<< action: ;W[bg] , ac: 49
W<< action: ;W[bf] , ac: 62
W<< action: ;W[be] , ac: 101
W<< action: ;W[bc] , ac: 48
W<< action: ;W[bb] , ac: 18
W<< action: ;W[ba] , ac: 46
W<< action: ;W[ci] , ac: 38
W<< action: ;W[ch] , ac: 19
W<< action: ;W[cg] , ac: 28
W<< action: ;W[cf] , ac: 54
W<< action: ;W[ce] , ac: 97
W<< action: ;W[cd] , ac: 76
W<< action: ;W[cc] , ac: 60
W<< action: ;W[cb] , ac: 54
W<< action: ;W[di] , ac: 14
W<< action: ;W[dh] , ac: 73
W<< action: ;W[dg] , ac: 43
W<< action: ;W[dc] , ac: 54
W<< action: ;W[db] , ac: 74
W<< action: ;W[da] , ac: 51
W<< action: ;W[ei] , ac: 33
W<< action: ;W[eg] , ac: 89
W<< action: ;W[ec] , ac: 60
W<< action: ;W[ea] , ac: 16
W<< action: ;W[fi] , ac: 86
W<< action: ;W[fh] , ac: 49
W<< action: ;W[fc] , ac: 21
W<< action: ;W[gi] , ac: 40
W<< action: ;W[gh] , ac: 30
W<< action: ;W[gg] , ac: 27
W<< action: ;W[gf] , ac: 98
W<< action: ;W[ge] , ac: 32
W<< action: ;W[gc] , ac: 86
W<< action: ;W[gb] , ac: 48
W<< action: ;W[ga] , ac: 66
W<< action: ;W[hi] , ac: 23
W<< action: ;W[hh] , ac: 54
W<< action: ;W[hf] , ac: 21
W<< action: ;W[he] , ac: 67
W<< action: ;W[hc] , ac: 83
W<< action: ;W[hb] , ac: 66
W<< action: ;W[ha] , ac: 21
W<< action: ;W[ii] , ac: 49
W<< action: ;W[ih] , ac: 21
W<< action: ;W[ig] , ac: 41
W<< action: ;W[if] , ac: 80
W<< action: ;W[ie] , ac: 19
W<< action: ;W[id] , ac: 49
W<< action: ;W[ic] , ac: 77
W<< action: ;W[ib] , ac: 38
W<< = B5
W<< 
B>> play W B5
B<< = 
B<< 
B>> genmove b
B<< MCTS: 3001 simulation done, duration: 52
B<< = F7
B<< 
W>> play B F7
W<< = 
W<< 
W>> genmove w
W<< MCTS: 3001 simulation done, duration: 228
W<< action: ;W[ai] , ac: 104
W<< action: ;W[ag] , ac: 174
W<< action: ;W[af] , ac: 15
W<< action: ;W[ae] , ac: 42
W<< action: ;W[ad] , ac: 67
W<< action: ;W[ac] , ac: 64
W<< action: ;W[ab] , ac: 72
W<< action: ;W[aa] , ac: 49
W<< action: ;W[bi] , ac: 49
W<< action: ;W[bg] , ac: 58
W<< action: ;W[bf] , ac: 41
W<< action: ;W[bc] , ac: 17
W<< action: ;W[bb] , ac: 85
W<< action: ;W[ba] , ac: 14
W<< action: ;W[ci] , ac: 98
W<< action: ;W[ch] , ac: 31
W<< action: ;W[cg] , ac: 31
W<< action: ;W[cf] , ac: 26
W<< action: ;W[ce] , ac: 76
W<< action: ;W[cd] , ac: 50
W<< action: ;W[cc] , ac: 24
W<< action: ;W[cb] , ac: 23
W<< action: ;W[di] , ac: 64
W<< action: ;W[dh] , ac: 38
W<< action: ;W[dg] , ac: 78
W<< action: ;W[dc] , ac: 108
W<< action: ;W[db] , ac: 21
W<< action: ;W[da] , ac: 46
W<< action: ;W[ei] , ac: 72
W<< action: ;W[eg] , ac: 36
W<< action: ;W[ec] , ac: 73
W<< action: ;W[ea] , ac: 34
W<< action: ;W[fi] , ac: 42
W<< action: ;W[fh] , ac: 24
W<< action: ;W[gi] , ac: 42
W<< action: ;W[gh] , ac: 34
W<< action: ;W[gg] , ac: 50
W<< action: ;W[gf] , ac: 58
W<< action: ;W[ge] , ac: 61
W<< action: ;W[gc] , ac: 97
W<< action: ;W[gb] , ac: 82
W<< action: ;W[ga] , ac: 24
W<< action: ;W[hi] , ac: 49
W<< action: ;W[hh] , ac: 67
W<< action: ;W[hf] , ac: 64
W<< action: ;W[he] , ac: 24
W<< action: ;W[hc] , ac: 21
W<< action: ;W[hb] , ac: 42
W<< action: ;W[ha] , ac: 38
W<< action: ;W[ii] , ac: 53
W<< action: ;W[ih] , ac: 85
W<< action: ;W[ig] , ac: 34
W<< action: ;W[if] , ac: 55
W<< action: ;W[ie] , ac: 50
W<< action: ;W[id] , ac: 50
W<< action: ;W[ic] , ac: 33
W<< action: ;W[ib] , ac: 42
W<< = A3
W<< 
B>> play W A3
B<< = 
B<< 
B>> genmove b
B<< MCTS: 3001 simulation done, duration: 52
B<< = C7
B<< 
W>> play B C7
W<< = 
W<< 
W>> genmove w
W<< MCTS: 3001 simulation done, duration: 224
W<< action: ;W[af] , ac: 28
W<< action: ;W[ae] , ac: 107
W<< action: ;W[ad] , ac: 40
W<< action: ;W[ac] , ac: 23
W<< action: ;W[ab] , ac: 53
W<< action: ;W[aa] , ac: 62
W<< action: ;W[bi] , ac: 84
W<< action: ;W[bg] , ac: 78
W<< action: ;W[bf] , ac: 33
W<< action: ;W[bc] , ac: 48
W<< action: ;W[bb] , ac: 38
W<< action: ;W[ba] , ac: 21
W<< action: ;W[ci] , ac: 33
W<< action: ;W[ch] , ac: 37
W<< action: ;W[cg] , ac: 28
W<< action: ;W[cf] , ac: 85
W<< action: ;W[ce] , ac: 54
W<< action: ;W[cd] , ac: 74
W<< action: ;W[cb] , ac: 135
W<< action: ;W[di] , ac: 106
W<< action: ;W[dh] , ac: 67
W<< action: ;W[dg] , ac: 104
W<< action: ;W[dc] , ac: 148
W<< action: ;W[db] , ac: 68
W<< action: ;W[da] , ac: 27
W<< action: ;W[ei] , ac: 23
W<< action: ;W[eg] , ac: 46
W<< action: ;W[ec] , ac: 32
W<< action: ;W[ea] , ac: 33
W<< action: ;W[fi] , ac: 53
W<< action: ;W[fh] , ac: 65
W<< action: ;W[gi] , ac: 85
W<< action: ;W[gh] , ac: 64
W<< action: ;W[gg] , ac: 59
W<< action: ;W[gf] , ac: 122
W<< action: ;W[ge] , ac: 12
W<< action: ;W[gc] , ac: 10
W<< action: ;W[gb] , ac: 25
W<< action: ;W[ga] , ac: 21
W<< action: ;W[hi] , ac: 76
W<< action: ;W[hh] , ac: 65
W<< action: ;W[hf] , ac: 93
W<< action: ;W[he] , ac: 68
W<< action: ;W[hc] , ac: 37
W<< action: ;W[hb] , ac: 48
W<< action: ;W[ha] , ac: 7
W<< action: ;W[ii] , ac: 45
W<< action: ;W[ih] , ac: 79
W<< action: ;W[ig] , ac: 14
W<< action: ;W[if] , ac: 62
W<< action: ;W[ie] , ac: 50
W<< action: ;W[id] , ac: 30
W<< action: ;W[ic] , ac: 42
W<< action: ;W[ib] , ac: 54
W<< = D7
W<< 
B>> play W D7
B<< = 
B<< 
B>> genmove b
B<< MCTS: 3001 simulation done, duration: 49
B<< = A9
B<< 
W>> play B A9
W<< = 
W<< 
W>> genmove w
W<< MCTS: 3001 simulation done, duration: 224
W<< action: ;W[af] , ac: 44
W<< action: ;W[ae] , ac: 60
W<< action: ;W[ad] , ac: 60
W<< action: ;W[ac] , ac: 33
W<< action: ;W[ab] , ac: 73
W<< action: ;W[bi] , ac: 46
W<< action: ;W[bg] , ac: 66
W<< action: ;W[bf] , ac: 107
W<< action: ;W[bc] , ac: 72
W<< action: ;W[bb] , ac: 15
W<< action: ;W[ba] , ac: 67
W<< action: ;W[ci] , ac: 82
W<< action: ;W[ch] , ac: 39
W<< action: ;W[cg] , ac: 28
W<< action: ;W[cf] , ac: 114
W<< action: ;W[ce] , ac: 120
W<< action: ;W[cd] , ac: 7
W<< action: ;W[cb] , ac: 61
W<< action: ;W[di] , ac: 87
W<< action: ;W[dh] , ac: 33
W<< action: ;W[dg] , ac: 100
W<< action: ;W[db] , ac: 47
W<< action: ;W[da] , ac: 24
W<< action: ;W[ei] , ac: 117
W<< action: ;W[eg] , ac: 84
W<< action: ;W[ec] , ac: 26
W<< action: ;W[ea] , ac: 61
W<< action: ;W[fi] , ac: 19
W<< action: ;W[fh] , ac: 38
W<< action: ;W[gi] , ac: 50
W<< action: ;W[gh] , ac: 103
W<< action: ;W[gg] , ac: 43
W<< action: ;W[gf] , ac: 30
W<< action: ;W[ge] , ac: 73
W<< action: ;W[gc] , ac: 63
W<< action: ;W[gb] , ac: 113
W<< action: ;W[ga] , ac: 46
W<< action: ;W[hi] , ac: 21
W<< action: ;W[hh] , ac: 34
W<< action: ;W[hf] , ac: 33
W<< action: ;W[he] , ac: 95
W<< action: ;W[hc] , ac: 23
W<< action: ;W[hb] , ac: 61
W<< action: ;W[ha] , ac: 53
W<< action: ;W[ii] , ac: 69
W<< action: ;W[ih] , ac: 34
W<< action: ;W[ig] , ac: 61
W<< action: ;W[if] , ac: 67
W<< action: ;W[ie] , ac: 47
W<< action: ;W[id] , ac: 47
W<< action: ;W[ic] , ac: 50
W<< action: ;W[ib] , ac: 55
W<< = C5
W<< 
B>> play W C5
B<< = 
B<< 
B>> genmove b
B<< MCTS: 3001 simulation done, duration: 54
B<< = H5
B<< 
W>> play B H5
W<< = 
W<< 
W>> genmove w
W<< MCTS: 3001 simulation done, duration: 224
W<< action: ;W[af] , ac: 52
W<< action: ;W[ae] , ac: 30
W<< action: ;W[ad] , ac: 29
W<< action: ;W[ac] , ac: 109
W<< action: ;W[ab] , ac: 25
W<< action: ;W[bi] , ac: 55
W<< action: ;W[bg] , ac: 87
W<< action: ;W[bf] , ac: 41
W<< action: ;W[bc] , ac: 54
W<< action: ;W[bb] , ac: 74
W<< action: ;W[ba] , ac: 24
W<< action: ;W[ci] , ac: 46
W<< action: ;W[ch] , ac: 48
W<< action: ;W[cg] , ac: 103
W<< action: ;W[cf] , ac: 19
W<< action: ;W[cd] , ac: 15
W<< action: ;W[cb] , ac: 41
W<< action: ;W[di] , ac: 97
W<< action: ;W[dh] , ac: 74
W<< action: ;W[dg] , ac: 58
W<< action: ;W[db] , ac: 55
W<< action: ;W[da] , ac: 67
W<< action: ;W[ei] , ac: 70
W<< action: ;W[eg] , ac: 74
W<< action: ;W[ec] , ac: 123
W<< action: ;W[ea] , ac: 27
W<< action: ;W[fi] , ac: 25
W<< action: ;W[fh] , ac: 58
W<< action: ;W[gi] , ac: 130
W<< action: ;W[gh] , ac: 35
W<< action: ;W[gg] , ac: 57
W<< action: ;W[gf] , ac: 61
W<< action: ;W[ge] , ac: 120
W<< action: ;W[gc] , ac: 86
W<< action: ;W[gb] , ac: 83
W<< action: ;W[ga] , ac: 11
W<< action: ;W[hi] , ac: 45
W<< action: ;W[hh] , ac: 86
W<< action: ;W[hf] , ac: 49
W<< action: ;W[hc] , ac: 80
W<< action: ;W[hb] , ac: 95
W<< action: ;W[ha] , ac: 87
W<< action: ;W[ii] , ac: 99
W<< action: ;W[ih] , ac: 34
W<< action: ;W[ig] , ac: 41
W<< action: ;W[if] , ac: 51
W<< action: ;W[ie] , ac: 55
W<< action: ;W[id] , ac: 46
W<< action: ;W[ic] , ac: 46
W<< action: ;W[ib] , ac: 24
W<< = G1
W<< 
B>> play W G1
B<< = 
B<< 
B>> genmove b
B<< MCTS: 3001 simulation done, duration: 51
B<< = G4
B<< 
W>> play B G4
W<< = 
W<< 
W>> genmove w
W<< MCTS: 3001 simulation done, duration: 202
W<< action: ;W[af] , ac: 21
W<< action: ;W[ae] , ac: 61
W<< action: ;W[ad] , ac: 31
W<< action: ;W[ac] , ac: 61
W<< action: ;W[ab] , ac: 88
W<< action: ;W[bi] , ac: 80
W<< action: ;W[bg] , ac: 58
W<< action: ;W[bf] , ac: 39
W<< action: ;W[bc] , ac: 42
W<< action: ;W[bb] , ac: 36
W<< action: ;W[ba] , ac: 59
W<< action: ;W[ci] , ac: 65
W<< action: ;W[ch] , ac: 65
W<< action: ;W[cg] , ac: 88
W<< action: ;W[cf] , ac: 28
W<< action: ;W[cd] , ac: 82
W<< action: ;W[cb] , ac: 67
W<< action: ;W[di] , ac: 38
W<< action: ;W[dh] , ac: 75
W<< action: ;W[dg] , ac: 39
W<< action: ;W[db] , ac: 33
W<< action: ;W[da] , ac: 158
W<< action: ;W[ei] , ac: 42
W<< action: ;W[eg] , ac: 74
W<< action: ;W[ec] , ac: 58
W<< action: ;W[ea] , ac: 95
W<< action: ;W[fi] , ac: 100
W<< action: ;W[fh] , ac: 24
W<< action: ;W[gh] , ac: 56
W<< action: ;W[gg] , ac: 21
W<< action: ;W[ge] , ac: 107
W<< action: ;W[gc] , ac: 31
W<< action: ;W[gb] , ac: 111
W<< action: ;W[ga] , ac: 38
W<< action: ;W[hi] , ac: 85
W<< action: ;W[hh] , ac: 7
W<< action: ;W[hf] , ac: 76
W<< action: ;W[hc] , ac: 62
W<< action: ;W[hb] , ac: 41
W<< action: ;W[ha] , ac: 49
W<< action: ;W[ii] , ac: 36
W<< action: ;W[ih] , ac: 19
W<< action: ;W[ig] , ac: 193
W<< action: ;W[if] , ac: 108
W<< action: ;W[ie] , ac: 134
W<< action: ;W[id] , ac: 52
W<< action: ;W[ic] , ac: 39
W<< action: ;W[ib] , ac: 29
W<< = J3
W<< 
B>> play W J3
B<< = 
B<< 
B>> genmove b
B<< MCTS: 3001 simulation done, duration: 54
B<< = D1
B<< 
W>> play B D1
W<< = 
W<< 
W>> genmove w
W<< MCTS: 3001 simulation done, duration: 206
W<< action: ;W[af] , ac: 82
W<< action: ;W[ae] , ac: 74
W<< action: ;W[ad] , ac: 58
W<< action: ;W[ac] , ac: 71
W<< action: ;W[ab] , ac: 52
W<< action: ;W[bi] , ac: 62
W<< action: ;W[bg] , ac: 45
W<< action: ;W[bf] , ac: 85
W<< action: ;W[bc] , ac: 42
W<< action: ;W[bb] , ac: 42
W<< action: ;W[ba] , ac: 87
W<< action: ;W[ci] , ac: 110
W<< action: ;W[ch] , ac: 58
W<< action: ;W[cg] , ac: 133
W<< action: ;W[cf] , ac: 22
W<< action: ;W[cd] , ac: 53
W<< action: ;W[cb] , ac: 38
W<< action: ;W[dh] , ac: 101
W<< action: ;W[dg] , ac: 175
W<< action: ;W[db] , ac: 42
W<< action: ;W[da] , ac: 52
W<< action: ;W[ei] , ac: 87
W<< action: ;W[eg] , ac: 76
W<< action: ;W[ec] , ac: 58
W<< action: ;W[ea] , ac: 43
W<< action: ;W[fi] , ac: 26
W<< action: ;W[fh] , ac: 28
W<< action: ;W[gh] , ac: 35
W<< action: ;W[gg] , ac: 65
W<< action: ;W[ge] , ac: 35
W<< action: ;W[gc] , ac: 107
W<< action: ;W[gb] , ac: 62
W<< action: ;W[ga] , ac: 85
W<< action: ;W[hi] , ac: 33
W<< action: ;W[hh] , ac: 79
W<< action: ;W[hf] , ac: 71
W<< action: ;W[hc] , ac: 12
W<< action: ;W[hb] , ac: 112
W<< action: ;W[ha] , ac: 90
W<< action: ;W[ii] , ac: 79
W<< action: ;W[ih] , ac: 58
W<< action: ;W[if] , ac: 112
W<< action: ;W[ie] , ac: 19
W<< action: ;W[id] , ac: 76
W<< action: ;W[ic] , ac: 38
W<< action: ;W[ib] , ac: 31
W<< = D3
W<< 
B>> play W D3
B<< = 
B<< 
B>> genmove b
B<< MCTS: 3001 simulation done, duration: 51
B<< = A7
B<< 
W>> play B A7
W<< = 
W<< 
W>> genmove w
W<< MCTS: 3001 simulation done, duration: 200
W<< action: ;W[af] , ac: 68
W<< action: ;W[ae] , ac: 71
W<< action: ;W[ad] , ac: 34
W<< action: ;W[ab] , ac: 12
W<< action: ;W[bi] , ac: 83
W<< action: ;W[bg] , ac: 62
W<< action: ;W[bf] , ac: 99
W<< action: ;W[bc] , ac: 76
W<< action: ;W[bb] , ac: 65
W<< action: ;W[ba] , ac: 85
W<< action: ;W[ci] , ac: 68
W<< action: ;W[ch] , ac: 51
W<< action: ;W[cg] , ac: 80
W<< action: ;W[cf] , ac: 80
W<< action: ;W[cd] , ac: 47
W<< action: ;W[cb] , ac: 114
W<< action: ;W[dh] , ac: 27
W<< action: ;W[db] , ac: 39
W<< action: ;W[da] , ac: 80
W<< action: ;W[ei] , ac: 93
W<< action: ;W[eg] , ac: 108
W<< action: ;W[ec] , ac: 63
W<< action: ;W[ea] , ac: 55
W<< action: ;W[fi] , ac: 97
W<< action: ;W[fh] , ac: 77
W<< action: ;W[gh] , ac: 27
W<< action: ;W[gg] , ac: 65
W<< action: ;W[ge] , ac: 140
W<< action: ;W[gc] , ac: 100
W<< action: ;W[gb] , ac: 62
W<< action: ;W[ga] , ac: 69
W<< action: ;W[hi] , ac: 34
W<< action: ;W[hh] , ac: 42
W<< action: ;W[hf] , ac: 63
W<< action: ;W[hc] , ac: 36
W<< action: ;W[hb] , ac: 78
W<< action: ;W[ha] , ac: 97
W<< action: ;W[ii] , ac: 63
W<< action: ;W[ih] , ac: 62
W<< action: ;W[if] , ac: 59
W<< action: ;W[ie] , ac: 65
W<< action: ;W[id] , ac: 88
W<< action: ;W[ic] , ac: 71
W<< action: ;W[ib] , ac: 46
W<< = G5
W<< 
B>> play W G5
B<< = 
B<< 
B>> genmove b
B<< MCTS: 3001 simulation done, duration: 50
B<< = D9
B<< 
W>> play B D9
W<< = 
W<< 
W>> genmove w
W<< MCTS: 3001 simulation done, duration: 191
W<< action: ;W[af] , ac: 96
W<< action: ;W[ae] , ac: 62
W<< action: ;W[ad] , ac: 65
W<< action: ;W[ab] , ac: 67
W<< action: ;W[bi] , ac: 62
W<< action: ;W[bg] , ac: 114
W<< action: ;W[bf] , ac: 10
W<< action: ;W[bc] , ac: 97
W<< action: ;W[bb] , ac: 137
W<< action: ;W[ba] , ac: 83
W<< action: ;W[ci] , ac: 28
W<< action: ;W[ch] , ac: 97
W<< action: ;W[cg] , ac: 17
W<< action: ;W[cf] , ac: 86
W<< action: ;W[cd] , ac: 61
W<< action: ;W[cb] , ac: 77
W<< action: ;W[dh] , ac: 62
W<< action: ;W[db] , ac: 69
W<< action: ;W[ei] , ac: 165
W<< action: ;W[eg] , ac: 42
W<< action: ;W[ec] , ac: 39
W<< action: ;W[ea] , ac: 78
W<< action: ;W[fi] , ac: 67
W<< action: ;W[fh] , ac: 80
W<< action: ;W[gh] , ac: 94
W<< action: ;W[gg] , ac: 25
W<< action: ;W[gc] , ac: 25
W<< action: ;W[gb] , ac: 47
W<< action: ;W[ga] , ac: 46
W<< action: ;W[hi] , ac: 57
W<< action: ;W[hh] , ac: 80
W<< action: ;W[hf] , ac: 32
W<< action: ;W[hc] , ac: 83
W<< action: ;W[hb] , ac: 205
W<< action: ;W[ha] , ac: 81
W<< action: ;W[ii] , ac: 99
W<< action: ;W[ih] , ac: 44
W<< action: ;W[if] , ac: 62
W<< action: ;W[ie] , ac: 42
W<< action: ;W[id] , ac: 42
W<< action: ;W[ic] , ac: 114
W<< action: ;W[ib] , ac: 62
W<< = H8
W<< 
B>> play W H8
B<< = 
B<< 
B>> genmove b
B<< MCTS: 3001 simulation done, duration: 48
B<< = B9
B<< 
W>> play B B9
W<< = 
W<< 
W>> genmove w
W<< MCTS: 3001 simulation done, duration: 188
W<< action: ;W[af] , ac: 74
W<< action: ;W[ae] , ac: 48
W<< action: ;W[ad] , ac: 145
W<< action: ;W[ab] , ac: 76
W<< action: ;W[bi] , ac: 103
W<< action: ;W[bg] , ac: 48
W<< action: ;W[bf] , ac: 84
W<< action: ;W[bc] , ac: 42
W<< action: ;W[bb] , ac: 53
W<< action: ;W[ci] , ac: 116
W<< action: ;W[ch] , ac: 67
W<< action: ;W[cg] , ac: 92
W<< action: ;W[cf] , ac: 50
W<< action: ;W[cd] , ac: 61
W<< action: ;W[cb] , ac: 48
W<< action: ;W[dh] , ac: 64
W<< action: ;W[db] , ac: 82
W<< action: ;W[ei] , ac: 53
W<< action: ;W[eg] , ac: 41
W<< action: ;W[ec] , ac: 53
W<< action: ;W[ea] , ac: 50
W<< action: ;W[fi] , ac: 13
W<< action: ;W[fh] , ac: 142
W<< action: ;W[gh] , ac: 59
W<< action: ;W[gg] , ac: 76
W<< action: ;W[gc] , ac: 90
W<< action: ;W[gb] , ac: 87
W<< action: ;W[ga] , ac: 47
W<< action: ;W[hi] , ac: 119
W<< action: ;W[hh] , ac: 31
W<< action: ;W[hf] , ac: 79
W<< action: ;W[hc] , ac: 68
W<< action: ;W[ha] , ac: 48
W<< action: ;W[ii] , ac: 26
W<< action: ;W[ih] , ac: 159
W<< action: ;W[if] , ac: 98
W<< action: ;W[ie] , ac: 142
W<< action: ;W[id] , ac: 83
W<< action: ;W[ic] , ac: 129
W<< action: ;W[ib] , ac: 55
W<< = J2
W<< 
B>> play W J2
B<< = 
B<< 
B>> genmove b
B<< MCTS: 3001 simulation done, duration: 53
B<< = J1
B<< 
W>> play B J1
W<< = 
W<< 
W>> genmove w
W<< MCTS: 3001 simulation done, duration: 187
W<< action: ;W[af] , ac: 26
W<< action: ;W[ae] , ac: 43
W<< action: ;W[ad] , ac: 81
W<< action: ;W[ab] , ac: 58
W<< action: ;W[bi] , ac: 84
W<< action: ;W[bg] , ac: 106
W<< action: ;W[bf] , ac: 43
W<< action: ;W[bc] , ac: 48
W<< action: ;W[bb] , ac: 38
W<< action: ;W[ci] , ac: 74
W<< action: ;W[ch] , ac: 122
W<< action: ;W[cg] , ac: 104
W<< action: ;W[cf] , ac: 154
W<< action: ;W[cd] , ac: 151
W<< action: ;W[cb] , ac: 22
W<< action: ;W[dh] , ac: 52
W<< action: ;W[db] , ac: 65
W<< action: ;W[ei] , ac: 127
W<< action: ;W[eg] , ac: 82
W<< action: ;W[ec] , ac: 122
W<< action: ;W[ea] , ac: 85
W<< action: ;W[fi] , ac: 135
W<< action: ;W[fh] , ac: 45
W<< action: ;W[gh] , ac: 82
W<< action: ;W[gg] , ac: 43
W<< action: ;W[gc] , ac: 33
W<< action: ;W[gb] , ac: 116
W<< action: ;W[ga] , ac: 15
W<< action: ;W[hh] , ac: 128
W<< action: ;W[hf] , ac: 150
W<< action: ;W[hc] , ac: 38
W<< action: ;W[ha] , ac: 38
W<< action: ;W[if] , ac: 24
W<< action: ;W[ie] , ac: 154
W<< action: ;W[id] , ac: 82
W<< action: ;W[ic] , ac: 116
W<< action: ;W[ib] , ac: 115
W<< = C4
W<< 
B>> play W C4
B<< = 
B<< 
B>> genmove b
B<< MCTS: 3001 simulation done, duration: 56
B<< = J8
B<< 
W>> play B J8
W<< = 
W<< 
W>> genmove w
W<< MCTS: 3001 simulation done, duration: 178
W<< action: ;W[af] , ac: 40
W<< action: ;W[ae] , ac: 98
W<< action: ;W[ad] , ac: 209
W<< action: ;W[ab] , ac: 101
W<< action: ;W[bi] , ac: 149
W<< action: ;W[bg] , ac: 73
W<< action: ;W[bf] , ac: 38
W<< action: ;W[bc] , ac: 93
W<< action: ;W[bb] , ac: 178
W<< action: ;W[ci] , ac: 121
W<< action: ;W[ch] , ac: 146
W<< action: ;W[cg] , ac: 103
W<< action: ;W[cd] , ac: 113
W<< action: ;W[cb] , ac: 100
W<< action: ;W[dh] , ac: 71
W<< action: ;W[db] , ac: 98
W<< action: ;W[ei] , ac: 26
W<< action: ;W[eg] , ac: 139
W<< action: ;W[ec] , ac: 28
W<< action: ;W[ea] , ac: 52
W<< action: ;W[fi] , ac: 50
W<< action: ;W[fh] , ac: 95
W<< action: ;W[gh] , ac: 80
W<< action: ;W[gg] , ac: 26
W<< action: ;W[gc] , ac: 179
W<< action: ;W[gb] , ac: 56
W<< action: ;W[ga] , ac: 65
W<< action: ;W[hh] , ac: 9
W<< action: ;W[hf] , ac: 92
W<< action: ;W[hc] , ac: 75
W<< action: ;W[ha] , ac: 73
W<< action: ;W[if] , ac: 32
W<< action: ;W[ie] , ac: 70
W<< action: ;W[id] , ac: 123
W<< = A6
W<< 
B>> play W A6
B<< = 
B<< 
B>> genmove b
B<< MCTS: 3001 simulation done, duration: 55
B<< = B3
B<< 
W>> play B B3
W<< = 
W<< 
W>> genmove w
W<< MCTS: 3001 simulation done, duration: 170
W<< action: ;W[af] , ac: 48
W<< action: ;W[ae] , ac: 56
W<< action: ;W[ab] , ac: 138
W<< action: ;W[bi] , ac: 31
W<< action: ;W[bf] , ac: 115
W<< action: ;W[bc] , ac: 41
W<< action: ;W[bb] , ac: 92
W<< action: ;W[ci] , ac: 127
W<< action: ;W[ch] , ac: 203
W<< action: ;W[cg] , ac: 166
W<< action: ;W[cd] , ac: 74
W<< action: ;W[cb] , ac: 61
W<< action: ;W[dh] , ac: 88
W<< action: ;W[db] , ac: 97
W<< action: ;W[ei] , ac: 78
W<< action: ;W[eg] , ac: 100
W<< action: ;W[ec] , ac: 86
W<< action: ;W[ea] , ac: 100
W<< action: ;W[fi] , ac: 136
W<< action: ;W[fh] , ac: 100
W<< action: ;W[gh] , ac: 20
W<< action: ;W[gg] , ac: 18
W<< action: ;W[gc] , ac: 106
W<< action: ;W[gb] , ac: 157
W<< action: ;W[ga] , ac: 77
W<< action: ;W[hh] , ac: 142
W<< action: ;W[hf] , ac: 115
W<< action: ;W[hc] , ac: 59
W<< action: ;W[ha] , ac: 38
W<< action: ;W[if] , ac: 20
W<< action: ;W[ie] , ac: 75
W<< action: ;W[id] , ac: 237
W<< = J6
W<< 
B>> play W J6
B<< = 
B<< 
B>> genmove b
B<< MCTS: 3001 simulation done, duration: 55
B<< = D8
B<< 
W>> play B D8
W<< = 
W<< 
W>> genmove w
W<< MCTS: 3001 simulation done, duration: 157
W<< action: ;W[af] , ac: 49
W<< action: ;W[ae] , ac: 27
W<< action: ;W[ab] , ac: 186
W<< action: ;W[bi] , ac: 61
W<< action: ;W[bf] , ac: 126
W<< action: ;W[bc] , ac: 40
W<< action: ;W[bb] , ac: 138
W<< action: ;W[ci] , ac: 324
W<< action: ;W[ch] , ac: 64
W<< action: ;W[cg] , ac: 98
W<< action: ;W[cd] , ac: 115
W<< action: ;W[cb] , ac: 122
W<< action: ;W[dh] , ac: 86
W<< action: ;W[ei] , ac: 142
W<< action: ;W[eg] , ac: 186
W<< action: ;W[ec] , ac: 17
W<< action: ;W[ea] , ac: 111
W<< action: ;W[fi] , ac: 64
W<< action: ;W[fh] , ac: 167
W<< action: ;W[gh] , ac: 27
W<< action: ;W[gg] , ac: 95
W<< action: ;W[gc] , ac: 60
W<< action: ;W[gb] , ac: 64
W<< action: ;W[ga] , ac: 35
W<< action: ;W[hh] , ac: 105
W<< action: ;W[hf] , ac: 122
W<< action: ;W[hc] , ac: 132
W<< action: ;W[ha] , ac: 119
W<< action: ;W[if] , ac: 52
W<< action: ;W[ie] , ac: 67
W<< = C1
W<< 
B>> play W C1
B<< = 
B<< 
B>> genmove b
B<< MCTS: 3001 simulation done, duration: 55
B<< = B8
B<< 
W>> play B B8
W<< = 
W<< 
W>> genmove w
W<< MCTS: 3001 simulation done, duration: 145
W<< action: ;W[af] , ac: 41
W<< action: ;W[ae] , ac: 62
W<< action: ;W[bi] , ac: 101
W<< action: ;W[bf] , ac: 29
W<< action: ;W[ch] , ac: 116
W<< action: ;W[cg] , ac: 254
W<< action: ;W[cd] , ac: 78
W<< action: ;W[dh] , ac: 191
W<< action: ;W[ei] , ac: 224
W<< action: ;W[eg] , ac: 172
W<< action: ;W[ec] , ac: 43
W<< action: ;W[ea] , ac: 232
W<< action: ;W[fi] , ac: 105
W<< action: ;W[fh] , ac: 60
W<< action: ;W[gh] , ac: 138
W<< action: ;W[gg] , ac: 94
W<< action: ;W[gc] , ac: 19
W<< action: ;W[gb] , ac: 244
W<< action: ;W[ga] , ac: 118
W<< action: ;W[hh] , ac: 178
W<< action: ;W[hf] , ac: 75
W<< action: ;W[hc] , ac: 233
W<< action: ;W[ha] , ac: 43
W<< action: ;W[if] , ac: 65
W<< action: ;W[ie] , ac: 86
W<< = C3
W<< 
B>> play W C3
B<< = 
B<< 
B>> genmove b
B<< MCTS: 3001 simulation done, duration: 49
B<< = J4
B<< 
W>> play B J4
W<< = 
W<< 
W>> genmove w
W<< MCTS: 3001 simulation done, duration: 145
W<< action: ;W[af] , ac: 55
W<< action: ;W[ae] , ac: 89
W<< action: ;W[bi] , ac: 70
W<< action: ;W[ch] , ac: 89
W<< action: ;W[cd] , ac: 132
W<< action: ;W[dh] , ac: 99
W<< action: ;W[ei] , ac: 122
W<< action: ;W[eg] , ac: 356
W<< action: ;W[ec] , ac: 67
W<< action: ;W[ea] , ac: 285
W<< action: ;W[fi] , ac: 113
W<< action: ;W[fh] , ac: 181
W<< action: ;W[gh] , ac: 109
W<< action: ;W[gg] , ac: 235
W<< action: ;W[gc] , ac: 62
W<< action: ;W[gb] , ac: 194
W<< action: ;W[ga] , ac: 106
W<< action: ;W[hh] , ac: 173
W<< action: ;W[hf] , ac: 155
W<< action: ;W[hc] , ac: 119
W<< action: ;W[ha] , ac: 81
W<< action: ;W[ie] , ac: 109
W<< = E3
W<< 
B>> play W E3
B<< = 
B<< 
B>> genmove b
B<< MCTS: 3001 simulation done, duration: 54
B<< = H1
B<< 
W>> play B H1
W<< = 
W<< 
W>> genmove w
W<< MCTS: 3001 simulation done, duration: 139
W<< action: ;W[af] , ac: 147
W<< action: ;W[ae] , ac: 69
W<< action: ;W[bi] , ac: 217
W<< action: ;W[ch] , ac: 166
W<< action: ;W[cd] , ac: 69
W<< action: ;W[dh] , ac: 128
W<< action: ;W[ei] , ac: 236
W<< action: ;W[ec] , ac: 54
W<< action: ;W[ea] , ac: 114
W<< action: ;W[fi] , ac: 168
W<< action: ;W[fh] , ac: 292
W<< action: ;W[gh] , ac: 542
W<< action: ;W[gg] , ac: 49
W<< action: ;W[gc] , ac: 93
W<< action: ;W[gb] , ac: 26
W<< action: ;W[ga] , ac: 127
W<< action: ;W[hf] , ac: 156
W<< action: ;W[hc] , ac: 193
W<< action: ;W[ha] , ac: 116
W<< action: ;W[ie] , ac: 39
W<< = G2
W<< 
B>> play W G2
B<< = 
B<< 
B>> genmove b
B<< MCTS: 3001 simulation done, duration: 53
B<< = G8
B<< 
W>> play B G8
W<< = 
W<< 
W>> genmove w
W<< MCTS: 3001 simulation done, duration: 130
W<< action: ;W[af] , ac: 207
W<< action: ;W[ae] , ac: 61
W<< action: ;W[bi] , ac: 30
W<< action: ;W[ch] , ac: 98
W<< action: ;W[cd] , ac: 122
W<< action: ;W[dh] , ac: 176
W<< action: ;W[ei] , ac: 126
W<< action: ;W[ec] , ac: 8
W<< action: ;W[ea] , ac: 393
W<< action: ;W[fi] , ac: 117
W<< action: ;W[fh] , ac: 153
W<< action: ;W[gg] , ac: 207
W<< action: ;W[gc] , ac: 335
W<< action: ;W[ga] , ac: 120
W<< action: ;W[hf] , ac: 111
W<< action: ;W[hc] , ac: 597
W<< action: ;W[ha] , ac: 29
W<< action: ;W[ie] , ac: 111
W<< = H7
W<< 
B>> play W H7
B<< = 
B<< 
B>> genmove b
B<< MCTS: 3001 simulation done, duration: 50
B<< = J5
B<< 
W>> play B J5
W<< = 
W<< 
W>> genmove w
W<< MCTS: 3001 simulation done, duration: 116
W<< action: ;W[af] , ac: 29
W<< action: ;W[ae] , ac: 24
W<< action: ;W[bi] , ac: 71
W<< action: ;W[ch] , ac: 42
W<< action: ;W[cd] , ac: 53
W<< action: ;W[dh] , ac: 101
W<< action: ;W[ei] , ac: 50
W<< action: ;W[ec] , ac: 21
W<< action: ;W[ea] , ac: 69
W<< action: ;W[fi] , ac: 34
W<< action: ;W[fh] , ac: 666
W<< action: ;W[gg] , ac: 1701
W<< action: ;W[gc] , ac: 48
W<< action: ;W[ga] , ac: 74
W<< action: ;W[ha] , ac: 18
W<< = G3
W<< 
B>> play W G3
B<< = 
B<< 
B>> genmove b
B<< MCTS: 3001 simulation done, duration: 54
B<< = C8
B<< 
W>> play B C8
W<< = 
W<< 
W>> genmove w
W<< MCTS: 3001 simulation done, duration: 110
W<< action: ;W[af] , ac: 145
W<< action: ;W[ae] , ac: 79
W<< action: ;W[bi] , ac: 238
W<< action: ;W[ch] , ac: 140
W<< action: ;W[cd] , ac: 296
W<< action: ;W[dh] , ac: 367
W<< action: ;W[ei] , ac: 361
W<< action: ;W[ec] , ac: 58
W<< action: ;W[ea] , ac: 451
W<< action: ;W[fi] , ac: 248
W<< action: ;W[gc] , ac: 151
W<< action: ;W[ga] , ac: 337
W<< action: ;W[ha] , ac: 130
W<< = E9
W<< 
B>> play W E9
B<< = 
B<< 
B>> genmove b
B<< MCTS: 3001 simulation done, duration: 51
B<< = D2
B<< 
W>> play B D2
W<< = 
W<< 
W>> genmove w
W<< MCTS: 3001 simulation done, duration: 93
W<< action: ;W[af] , ac: 225
W<< action: ;W[ae] , ac: 138
W<< action: ;W[bi] , ac: 294
W<< action: ;W[ch] , ac: 264
W<< action: ;W[cd] , ac: 389
W<< action: ;W[ei] , ac: 443
W<< action: ;W[ec] , ac: 206
W<< action: ;W[fi] , ac: 443
W<< action: ;W[gc] , ac: 207
W<< action: ;W[ga] , ac: 255
W<< action: ;W[ha] , ac: 137
W<< = E1
W<< 
B>> play W E1
B<< = 
B<< 
B>> genmove b
B<< MCTS: 3001 simulation done, duration: 48
B<< = G9
B<< 
W>> play B G9
W<< = 
W<< 
W>> genmove w
W<< MCTS: 3001 simulation done, duration: 76
W<< action: ;W[af] , ac: 438
W<< action: ;W[ae] , ac: 271
W<< action: ;W[bi] , ac: 438
W<< action: ;W[ch] , ac: 413
W<< action: ;W[cd] , ac: 413
W<< action: ;W[fi] , ac: 429
W<< action: ;W[gc] , ac: 332
W<< action: ;W[ha] , ac: 267
W<< = A4
W<< 
B>> play W A4
B<< = 
B<< 
B>> genmove b
B<< MCTS: 3001 simulation done, duration: 38
B<< = F2
B<< 
W>> play B F2
W<< = 
W<< 
W>> genmove w
W<< MCTS: 3001 simulation done, duration: 50
W<< action: ;W[ae] , ac: 352
W<< action: ;W[bi] , ac: 469
W<< action: ;W[ch] , ac: 468
W<< action: ;W[cd] , ac: 468
W<< action: ;W[fi] , ac: 468
W<< action: ;W[gc] , ac: 352
W<< action: ;W[ha] , ac: 424
W<< = B1
W<< 
B>> play W B1
B<< = 
B<< 
B>> genmove b
B<< MCTS: 3001 simulation done, duration: 21
B<< = B7
B<< 
W>> play B B7
W<< = 
W<< 
W>> genmove w
W<< MCTS: 3001 simulation done, duration: 23
W<< action: ;W[ae] , ac: 500
W<< action: ;W[ch] , ac: 500
W<< action: ;W[cd] , ac: 501
W<< action: ;W[fi] , ac: 500
W<< action: ;W[gc] , ac: 500
W<< action: ;W[ha] , ac: 500
W<< = C6
W<< 
B>> play W C6
B<< = 
B<< 
B>> genmove b
B<< MCTS: 3001 simulation done, duration: 25
B<< = C2
B<< 
W>> play B C2
W<< = 
W<< 
W>> genmove w
W<< MCTS: 3001 simulation done, duration: 23
W<< action: ;W[ae] , ac: 1000
W<< action: ;W[gc] , ac: 1001
W<< action: ;W[ha] , ac: 1000
W<< = G7
W<< 
B>> play W G7
B<< = 
B<< 
B>> genmove b
B<< MCTS: 3001 simulation done, duration: 18
B<< = resign
B<< 
============================================
Game 1
============================================
B>> boardsize 9
B<< = 
B<< 
B>> clear_board
B<< = 
B<< 
W>> boardsize 9
W<< = 
W<< 
W>> clear_board
W<< = 
W<< 
B>> genmove b
B<< MCTS: 3001 simulation done, duration: 49
B<< = A2
B<< 
W>> play B A2
W<< = 
W<< 
W>> genmove w
W<< MCTS: 3001 simulation done, duration: 260
W<< action: ;W[ai] , ac: 38
W<< action: ;W[ag] , ac: 25
W<< action: ;W[af] , ac: 40
W<< action: ;W[ae] , ac: 30
W<< action: ;W[ad] , ac: 68
W<< action: ;W[ac] , ac: 17
W<< action: ;W[ab] , ac: 56
W<< action: ;W[aa] , ac: 41
W<< action: ;W[bi] , ac: 50
W<< action: ;W[bh] , ac: 44
W<< action: ;W[bg] , ac: 22
W<< action: ;W[bf] , ac: 33
W<< action: ;W[be] , ac: 38
W<< action: ;W[bd] , ac: 44
W<< action: ;W[bc] , ac: 33
W<< action: ;W[bb] , ac: 40
W<< action: ;W[ba] , ac: 33
W<< action: ;W[ci] , ac: 37
W<< action: ;W[ch] , ac: 17
W<< action: ;W[cg] , ac: 27
W<< action: ;W[cf] , ac: 32
W<< action: ;W[ce] , ac: 13
W<< action: ;W[cd] , ac: 33
W<< action: ;W[cc] , ac: 17
W<< action: ;W[cb] , ac: 15
W<< action: ;W[ca] , ac: 81
W<< action: ;W[di] , ac: 25
W<< action: ;W[dh] , ac: 58
W<< action: ;W[dg] , ac: 83
W<< action: ;W[dc] , ac: 54
W<< action: ;W[db] , ac: 20
W<< action: ;W[da] , ac: 55
W<< action: ;W[ei] , ac: 59
W<< action: ;W[eh] , ac: 24
W<< action: ;W[eg] , ac: 19
W<< action: ;W[ec] , ac: 15
W<< action: ;W[eb] , ac: 22
W<< action: ;W[ea] , ac: 38
W<< action: ;W[fi] , ac: 59
W<< action: ;W[fh] , ac: 47
W<< action: ;W[fg] , ac: 81
W<< action: ;W[fc] , ac: 44
W<< action: ;W[fb] , ac: 87
W<< action: ;W[fa] , ac: 89
W<< action: ;W[gi] , ac: 49
W<< action: ;W[gh] , ac: 44
W<< action: ;W[gg] , ac: 33
W<< action: ;W[gf] , ac: 79
W<< action: ;W[ge] , ac: 22
W<< action: ;W[gd] , ac: 73
W<< action: ;W[gc] , ac: 68
W<< action: ;W[gb] , ac: 32
W<< action: ;W[ga] , ac: 41
W<< action: ;W[hi] , ac: 100
W<< action: ;W[hh] , ac: 25
W<< action: ;W[hg] , ac: 107
W<< action: ;W[hf] , ac: 15
W<< action: ;W[he] , ac: 37
W<< action: ;W[hd] , ac: 27
W<< action: ;W[hc] , ac: 41
W<< action: ;W[hb] , ac: 65
W<< action: ;W[ha] , ac: 19
W<< action: ;W[ii] , ac: 22
W<< action: ;W[ih] , ac: 22
W<< action: ;W[ig] , ac: 35
W<< action: ;W[if] , ac: 19
W<< action: ;W[ie] , ac: 37
W<< action: ;W[id] , ac: 20
W<< action: ;W[ic] , ac: 76
W<< action: ;W[ib] , ac: 47
W<< action: ;W[ia] , ac: 43
W<< = H3
W<< 
B>> play W H3
B<< = 
B<< 
B>> genmove b
B<< MCTS: 3001 simulation done, duration: 49
B<< = J8
B<< 
W>> play B J8
W<< = 
W<< 
W>> genmove w
W<< MCTS: 3001 simulation done, duration: 255
W<< action: ;W[ai] , ac: 73
W<< action: ;W[ag] , ac: 21
W<< action: ;W[af] , ac: 59
W<< action: ;W[ae] , ac: 47
W<< action: ;W[ad] , ac: 13
W<< action: ;W[ac] , ac: 87
W<< action: ;W[ab] , ac: 34
W<< action: ;W[aa] , ac: 55
W<< action: ;W[bi] , ac: 50
W<< action: ;W[bh] , ac: 84
W<< action: ;W[bg] , ac: 15
W<< action: ;W[bf] , ac: 9
W<< action: ;W[be] , ac: 47
W<< action: ;W[bd] , ac: 48
W<< action: ;W[bc] , ac: 34
W<< action: ;W[bb] , ac: 31
W<< action: ;W[ba] , ac: 37
W<< action: ;W[ci] , ac: 87
W<< action: ;W[ch] , ac: 34
W<< action: ;W[cg] , ac: 47
W<< action: ;W[cf] , ac: 42
W<< action: ;W[ce] , ac: 7
W<< action: ;W[cd] , ac: 17
W<< action: ;W[cc] , ac: 37
W<< action: ;W[cb] , ac: 51
W<< action: ;W[ca] , ac: 33
W<< action: ;W[di] , ac: 42
W<< action: ;W[dh] , ac: 33
W<< action: ;W[dg] , ac: 56
W<< action: ;W[dc] , ac: 26
W<< action: ;W[db] , ac: 108
W<< action: ;W[da] , ac: 24
W<< action: ;W[ei] , ac: 19
W<< action: ;W[eh] , ac: 29
W<< action: ;W[eg] , ac: 29
W<< action: ;W[ec] , ac: 45
W<< action: ;W[eb] , ac: 65
W<< action: ;W[ea] , ac: 55
W<< action: ;W[fi] , ac: 37
W<< action: ;W[fh] , ac: 31
W<< action: ;W[fg] , ac: 33
W<< action: ;W[fc] , ac: 84
W<< action: ;W[fb] , ac: 42
W<< action: ;W[fa] , ac: 17
W<< action: ;W[gi] , ac: 28
W<< action: ;W[gh] , ac: 36
W<< action: ;W[gg] , ac: 21
W<< action: ;W[gf] , ac: 111
W<< action: ;W[ge] , ac: 67
W<< action: ;W[gd] , ac: 33
W<< action: ;W[gc] , ac: 15
W<< action: ;W[gb] , ac: 45
W<< action: ;W[ga] , ac: 65
W<< action: ;W[hi] , ac: 45
W<< action: ;W[hh] , ac: 55
W<< action: ;W[hf] , ac: 9
W<< action: ;W[he] , ac: 65
W<< action: ;W[hd] , ac: 31
W<< action: ;W[hc] , ac: 23
W<< action: ;W[hb] , ac: 70
W<< action: ;W[ha] , ac: 26
W<< action: ;W[ii] , ac: 36
W<< action: ;W[ih] , ac: 82
W<< action: ;W[ig] , ac: 26
W<< action: ;W[if] , ac: 51
W<< action: ;W[ie] , ac: 29
W<< action: ;W[id] , ac: 19
W<< action: ;W[ic] , ac: 74
W<< action: ;W[ia] , ac: 65
W<< = G4
W<< 
B>> play W G4
B<< = 
B<< 
B>> genmove b
B<< MCTS: 3001 simulation done, duration: 56
B<< = A8
B<< 
W>> play B A8
W<< = 
W<< 
W>> genmove w
W<< MCTS: 3001 simulation done, duration: 249
W<< action: ;W[ai] , ac: 66
W<< action: ;W[ag] , ac: 78
W<< action: ;W[af] , ac: 22
W<< action: ;W[ae] , ac: 77
W<< action: ;W[ad] , ac: 13
W<< action: ;W[ac] , ac: 82
W<< action: ;W[aa] , ac: 13
W<< action: ;W[bi] , ac: 65
W<< action: ;W[bh] , ac: 79
W<< action: ;W[bg] , ac: 66
W<< action: ;W[bf] , ac: 88
W<< action: ;W[be] , ac: 11
W<< action: ;W[bd] , ac: 60
W<< action: ;W[bc] , ac: 22
W<< action: ;W[bb] , ac: 62
W<< action: ;W[ba] , ac: 78
W<< action: ;W[ci] , ac: 26
W<< action: ;W[ch] , ac: 57
W<< action: ;W[cg] , ac: 32
W<< action: ;W[cf] , ac: 54
W<< action: ;W[ce] , ac: 26
W<< action: ;W[cd] , ac: 60
W<< action: ;W[cc] , ac: 29
W<< action: ;W[cb] , ac: 17
W<< action: ;W[ca] , ac: 71
W<< action: ;W[di] , ac: 43
W<< action: ;W[dh] , ac: 17
W<< action: ;W[dg] , ac: 27
W<< action: ;W[dc] , ac: 51
W<< action: ;W[db] , ac: 95
W<< action: ;W[da] , ac: 59
W<< action: ;W[ei] , ac: 39
W<< action: ;W[eh] , ac: 19
W<< action: ;W[eg] , ac: 43
W<< action: ;W[ec] , ac: 43
W<< action: ;W[eb] , ac: 59
W<< action: ;W[ea] , ac: 57
W<< action: ;W[fi] , ac: 50
W<< action: ;W[fh] , ac: 22
W<< action: ;W[fg] , ac: 29
W<< action: ;W[fc] , ac: 82
W<< action: ;W[fb] , ac: 19
W<< action: ;W[fa] , ac: 29
W<< action: ;W[gi] , ac: 34
W<< action: ;W[gh] , ac: 13
W<< action: ;W[gg] , ac: 78
W<< action: ;W[ge] , ac: 40
W<< action: ;W[gd] , ac: 26
W<< action: ;W[gc] , ac: 11
W<< action: ;W[gb] , ac: 27
W<< action: ;W[ga] , ac: 9
W<< action: ;W[hi] , ac: 79
W<< action: ;W[hh] , ac: 29
W<< action: ;W[hf] , ac: 66
W<< action: ;W[he] , ac: 22
W<< action: ;W[hd] , ac: 63
W<< action: ;W[hc] , ac: 79
W<< action: ;W[hb] , ac: 51
W<< action: ;W[ha] , ac: 27
W<< action: ;W[ii] , ac: 48
W<< action: ;W[ih] , ac: 43
W<< action: ;W[ig] , ac: 7
W<< action: ;W[if] , ac: 46
W<< action: ;W[ie] , ac: 85
W<< action: ;W[id] , ac: 39
W<< action: ;W[ic] , ac: 15
W<< action: ;W[ia] , ac: 27
W<< = D8
W<< 
B>> play W D8
B<< = 
B<< 
B>> genmove b
B<< MCTS: 3001 simulation done, duration: 52
B<< = E9
B<< 
W>> play B E9
W<< = 
W<< 
W>> genmove w
W<< MCTS: 3001 simulation done, duration: 251
W<< action: ;W[ai] , ac: 29
W<< action: ;W[ag] , ac: 48
W<< action: ;W[af] , ac: 62
W<< action: ;W[ae] , ac: 75
W<< action: ;W[ad] , ac: 21
W<< action: ;W[ac] , ac: 37
W<< action: ;W[aa] , ac: 23
W<< action: ;W[bi] , ac: 66
W<< action: ;W[bh] , ac: 47
W<< action: ;W[bg] , ac: 43
W<< action: ;W[bf] , ac: 32
W<< action: ;W[be] , ac: 39
W<< action: ;W[bd] , ac: 88
W<< action: ;W[bc] , ac: 56
W<< action: ;W[bb] , ac: 34
W<< action: ;W[ba] , ac: 18
W<< action: ;W[ci] , ac: 16
W<< action: ;W[ch] , ac: 53
W<< action: ;W[cg] , ac: 7
W<< action: ;W[cf] , ac: 115
W<< action: ;W[ce] , ac: 25
W<< action: ;W[cd] , ac: 76
W<< action: ;W[cc] , ac: 50
W<< action: ;W[cb] , ac: 37
W<< action: ;W[ca] , ac: 21
W<< action: ;W[di] , ac: 73
W<< action: ;W[dh] , ac: 40
W<< action: ;W[dg] , ac: 23
W<< action: ;W[dc] , ac: 14
W<< action: ;W[da] , ac: 32
W<< action: ;W[ei] , ac: 51
W<< action: ;W[eh] , ac: 18
W<< action: ;W[eg] , ac: 32
W<< action: ;W[ec] , ac: 140
W<< action: ;W[eb] , ac: 30
W<< action: ;W[fi] , ac: 88
W<< action: ;W[fh] , ac: 78
W<< action: ;W[fg] , ac: 87
W<< action: ;W[fc] , ac: 25
W<< action: ;W[fb] , ac: 34
W<< action: ;W[fa] , ac: 25
W<< action: ;W[gi] , ac: 29
W<< action: ;W[gh] , ac: 48
W<< action: ;W[gg] , ac: 75
W<< action: ;W[ge] , ac: 39
W<< action: ;W[gd] , ac: 91
W<< action: ;W[gc] , ac: 21
W<< action: ;W[gb] , ac: 84
W<< action: ;W[ga] , ac: 70
W<< action: ;W[hi] , ac: 23
W<< action: ;W[hh] , ac: 45
W<< action: ;W[hf] , ac: 48
W<< action: ;W[he] , ac: 105
W<< action: ;W[hd] , ac: 53
W<< action: ;W[hc] , ac: 73
W<< action: ;W[hb] , ac: 20
W<< action: ;W[ha] , ac: 12
W<< action: ;W[ii] , ac: 21
W<< action: ;W[ih] , ac: 25
W<< action: ;W[ig] , ac: 7
W<< action: ;W[if] , ac: 7
W<< action: ;W[ie] , ac: 21
W<< action: ;W[id] , ac: 88
W<< action: ;W[ic] , ac: 48
W<< action: ;W[ia] , ac: 40
W<< = E7
W<< 
B>> play W E7
B<< = 
B<< 
B>> genmove b
B<< MCTS: 3001 simulation done, duration: 49
B<< = H6
B<< 
W>> play B H6
W<< = 
W<< 
W>> genmove w
W<< MCTS: 3001 simulation done, duration: 242
W<< action: ;W[ai] , ac: 76
W<< action: ;W[ag] , ac: 34
W<< action: ;W[af] , ac: 81
W<< action: ;W[ae] , ac: 64
W<< action: ;W[ad] , ac: 44
W<< action: ;W[ac] , ac: 12
W<< action: ;W[aa] , ac: 76
W<< action: ;W[bi] , ac: 35
W<< action: ;W[bh] , ac: 21
W<< action: ;W[bg] , ac: 20
W<< action: ;W[bf] , ac: 27
W<< action: ;W[be] , ac: 72
W<< action: ;W[bd] , ac: 45
W<< action: ;W[bc] , ac: 40
W<< action: ;W[bb] , ac: 76
W<< action: ;W[ba] , ac: 34
W<< action: ;W[ci] , ac: 50
W<< action: ;W[ch] , ac: 40
W<< action: ;W[cg] , ac: 82
W<< action: ;W[cf] , ac: 67
W<< action: ;W[ce] , ac: 50
W<< action: ;W[cd] , ac: 55
W<< action: ;W[cc] , ac: 47
W<< action: ;W[cb] , ac: 47
W<< action: ;W[ca] , ac: 29
W<< action: ;W[di] , ac: 42
W<< action: ;W[dh] , ac: 48
W<< action: ;W[dg] , ac: 61
W<< action: ;W[dc] , ac: 21
W<< action: ;W[da] , ac: 66
W<< action: ;W[ei] , ac: 16
W<< action: ;W[eh] , ac: 61
W<< action: ;W[eg] , ac: 52
W<< action: ;W[eb] , ac: 18
W<< action: ;W[fi] , ac: 48
W<< action: ;W[fh] , ac: 35
W<< action: ;W[fg] , ac: 40
W<< action: ;W[fc] , ac: 45
W<< action: ;W[fb] , ac: 76
W<< action: ;W[fa] , ac: 27
W<< action: ;W[gi] , ac: 84
W<< action: ;W[gh] , ac: 35
W<< action: ;W[gg] , ac: 29
W<< action: ;W[ge] , ac: 59
W<< action: ;W[gd] , ac: 21
W<< action: ;W[gc] , ac: 16
W<< action: ;W[gb] , ac: 85
W<< action: ;W[ga] , ac: 53
W<< action: ;W[hi] , ac: 37
W<< action: ;W[hh] , ac: 35
W<< action: ;W[hf] , ac: 35
W<< action: ;W[he] , ac: 47
W<< action: ;W[hc] , ac: 47
W<< action: ;W[hb] , ac: 66
W<< action: ;W[ha] , ac: 55
W<< action: ;W[ii] , ac: 30
W<< action: ;W[ih] , ac: 85
W<< action: ;W[ig] , ac: 76
W<< action: ;W[if] , ac: 47
W<< action: ;W[ie] , ac: 53
W<< action: ;W[id] , ac: 39
W<< action: ;W[ic] , ac: 52
W<< action: ;W[ia] , ac: 35
W<< = G8
W<< 
B>> play W G8
B<< = 
B<< 
B>> genmove b
B<< MCTS: 3001 simulation done, duration: 50
B<< = A1
B<< 
W>> play B A1
W<< = 
W<< 
W>> genmove w
W<< MCTS: 3001 simulation done, duration: 240
W<< action: ;W[ag] , ac: 45
W<< action: ;W[af] , ac: 48
W<< action: ;W[ae] , ac: 35
W<< action: ;W[ad] , ac: 79
W<< action: ;W[ac] , ac: 34
W<< action: ;W[aa] , ac: 43
W<< action: ;W[bi] , ac: 41
W<< action: ;W[bh] , ac: 56
W<< action: ;W[bg] , ac: 70
W<< action: ;W[bf] , ac: 50
W<< action: ;W[be] , ac: 55
W<< action: ;W[bd] , ac: 48
W<< action: ;W[bc] , ac: 32
W<< action: ;W[bb] , ac: 51
W<< action: ;W[ba] , ac: 25
W<< action: ;W[ci] , ac: 35
W<< action: ;W[ch] , ac: 124
W<< action: ;W[cg] , ac: 114
W<< action: ;W[cf] , ac: 66
W<< action: ;W[ce] , ac: 10
W<< action: ;W[cd] , ac: 47
W<< action: ;W[cc] , ac: 82
W<< action: ;W[cb] , ac: 56
W<< action: ;W[ca] , ac: 70
W<< action: ;W[di] , ac: 18
W<< action: ;W[dh] , ac: 18
W<< action: ;W[dg] , ac: 73
W<< action: ;W[dc] , ac: 72
W<< action: ;W[da] , ac: 35
W<< action: ;W[ei] , ac: 43
W<< action: ;W[eh] , ac: 37
W<< action: ;W[eg] , ac: 40
W<< action: ;W[eb] , ac: 14
W<< action: ;W[fi] , ac: 62
W<< action: ;W[fh] , ac: 53
W<< action: ;W[fg] , ac: 70
W<< action: ;W[fc] , ac: 43
W<< action: ;W[fb] , ac: 47
W<< action: ;W[fa] , ac: 70
W<< action: ;W[gi] , ac: 21
W<< action: ;W[gh] , ac: 40
W<< action: ;W[gg] , ac: 62
W<< action: ;W[ge] , ac: 53
W<< action: ;W[gd] , ac: 55
W<< action: ;W[gc] , ac: 56
W<< action: ;W[ga] , ac: 39
W<< action: ;W[hi] , ac: 37
W<< action: ;W[hh] , ac: 70
W<< action: ;W[hf] , ac: 42
W<< action: ;W[he] , ac: 16
W<< action: ;W[hc] , ac: 25
W<< action: ;W[hb] , ac: 55
W<< action: ;W[ha] , ac: 29
W<< action: ;W[ii] , ac: 50
W<< action: ;W[ih] , ac: 27
W<< action: ;W[ig] , ac: 50
W<< action: ;W[if] , ac: 32
W<< action: ;W[ie] , ac: 25
W<< action: ;W[id] , ac: 42
W<< action: ;W[ic] , ac: 106
W<< action: ;W[ia] , ac: 58
W<< = C2
W<< 
B>> play W C2
B<< = 
B<< 
B>> genmove b
B<< MCTS: 3001 simulation done, duration: 52
B<< = A6
B<< 
W>> play B A6
W<< = 
W<< 
W>> genmove w
W<< MCTS: 3001 simulation done, duration: 244
W<< action: ;W[ag] , ac: 44
W<< action: ;W[af] , ac: 79
W<< action: ;W[ae] , ac: 102
W<< action: ;W[ac] , ac: 119
W<< action: ;W[aa] , ac: 22
W<< action: ;W[bi] , ac: 12
W<< action: ;W[bh] , ac: 56
W<< action: ;W[bg] , ac: 34
W<< action: ;W[bf] , ac: 32
W<< action: ;W[be] , ac: 31
W<< action: ;W[bd] , ac: 52
W<< action: ;W[bc] , ac: 60
W<< action: ;W[bb] , ac: 60
W<< action: ;W[ba] , ac: 111
W<< action: ;W[ci] , ac: 111
W<< action: ;W[cg] , ac: 63
W<< action: ;W[cf] , ac: 18
W<< action: ;W[ce] , ac: 16
W<< action: ;W[cd] , ac: 36
W<< action: ;W[cc] , ac: 60
W<< action: ;W[cb] , ac: 68
W<< action: ;W[ca] , ac: 60
W<< action: ;W[di] , ac: 34
W<< action: ;W[dh] , ac: 10
W<< action: ;W[dg] , ac: 101
W<< action: ;W[dc] , ac: 32
W<< action: ;W[da] , ac: 38
W<< action: ;W[ei] , ac: 71
W<< action: ;W[eh] , ac: 73
W<< action: ;W[eg] , ac: 32
W<< action: ;W[eb] , ac: 96
W<< action: ;W[fi] , ac: 44
W<< action: ;W[fh] , ac: 39
W<< action: ;W[fg] , ac: 32
W<< action: ;W[fc] , ac: 76
W<< action: ;W[fb] , ac: 49
W<< action: ;W[fa] , ac: 20
W<< action: ;W[gi] , ac: 29
W<< action: ;W[gh] , ac: 44
W<< action: ;W[gg] , ac: 62
W<< action: ;W[ge] , ac: 74
W<< action: ;W[gd] , ac: 46
W<< action: ;W[gc] , ac: 41
W<< action: ;W[ga] , ac: 59
W<< action: ;W[hi] , ac: 20
W<< action: ;W[hh] , ac: 71
W<< action: ;W[hf] , ac: 22
W<< action: ;W[he] , ac: 74
W<< action: ;W[hc] , ac: 29
W<< action: ;W[hb] , ac: 47
W<< action: ;W[ha] , ac: 36
W<< action: ;W[ii] , ac: 54
W<< action: ;W[ih] , ac: 44
W<< action: ;W[ig] , ac: 32
W<< action: ;W[if] , ac: 68
W<< action: ;W[ie] , ac: 32
W<< action: ;W[id] , ac: 62
W<< action: ;W[ic] , ac: 24
W<< action: ;W[ia] , ac: 38
W<< = A7
W<< 
B>> play W A7
B<< = 
B<< 
B>> genmove b
B<< MCTS: 3001 simulation done, duration: 51
B<< = A3
B<< 
W>> play B A3
W<< = 
W<< 
W>> genmove w
W<< MCTS: 3001 simulation done, duration: 229
W<< action: ;W[af] , ac: 100
W<< action: ;W[ae] , ac: 70
W<< action: ;W[aa] , ac: 110
W<< action: ;W[bi] , ac: 54
W<< action: ;W[bh] , ac: 9
W<< action: ;W[bg] , ac: 64
W<< action: ;W[bf] , ac: 50
W<< action: ;W[be] , ac: 46
W<< action: ;W[bd] , ac: 35
W<< action: ;W[bc] , ac: 73
W<< action: ;W[bb] , ac: 70
W<< action: ;W[ba] , ac: 50
W<< action: ;W[ci] , ac: 21
W<< action: ;W[cg] , ac: 61
W<< action: ;W[cf] , ac: 57
W<< action: ;W[ce] , ac: 39
W<< action: ;W[cd] , ac: 39
W<< action: ;W[cc] , ac: 16
W<< action: ;W[cb] , ac: 39
W<< action: ;W[ca] , ac: 93
W<< action: ;W[di] , ac: 36
W<< action: ;W[dh] , ac: 79
W<< action: ;W[dg] , ac: 57
W<< action: ;W[dc] , ac: 122
W<< action: ;W[da] , ac: 19
W<< action: ;W[ei] , ac: 46
W<< action: ;W[eh] , ac: 55
W<< action: ;W[eg] , ac: 44
W<< action: ;W[eb] , ac: 49
W<< action: ;W[fi] , ac: 100
W<< action: ;W[fh] , ac: 70
W<< action: ;W[fg] , ac: 44
W<< action: ;W[fc] , ac: 35
W<< action: ;W[fb] , ac: 43
W<< action: ;W[fa] , ac: 57
W<< action: ;W[gi] , ac: 58
W<< action: ;W[gh] , ac: 73
W<< action: ;W[gg] , ac: 70
W<< action: ;W[ge] , ac: 85
W<< action: ;W[gd] , ac: 55
W<< action: ;W[gc] , ac: 44
W<< action: ;W[ga] , ac: 61
W<< action: ;W[hi] , ac: 70
W<< action: ;W[hh] , ac: 30
W<< action: ;W[hf] , ac: 12
W<< action: ;W[he] , ac: 35
W<< action: ;W[hc] , ac: 43
W<< action: ;W[hb] , ac: 49
W<< action: ;W[ha] , ac: 55
W<< action: ;W[ii] , ac: 14
W<< action: ;W[ih] , ac: 44
W<< action: ;W[ig] , ac: 7
W<< action: ;W[if] , ac: 82
W<< action: ;W[ie] , ac: 21
W<< action: ;W[id] , ac: 50
W<< action: ;W[ic] , ac: 66
W<< action: ;W[ia] , ac: 25
W<< = D7
W<< 
B>> play W D7
B<< = 
B<< 
B>> genmove b
B<< MCTS: 3001 simulation done, duration: 54
B<< = A4
B<< 
W>> play B A4
W<< = 
W<< 
W>> genmove w
W<< MCTS: 3001 simulation done, duration: 241
W<< action: ;W[ae] , ac: 65
W<< action: ;W[aa] , ac: 8
W<< action: ;W[bi] , ac: 93
W<< action: ;W[bh] , ac: 48
W<< action: ;W[bg] , ac: 54
W<< action: ;W[bf] , ac: 12
W<< action: ;W[be] , ac: 58
W<< action: ;W[bd] , ac: 26
W<< action: ;W[bc] , ac: 51
W<< action: ;W[bb] , ac: 7
W<< action: ;W[ba] , ac: 119
W<< action: ;W[ci] , ac: 48
W<< action: ;W[cg] , ac: 54
W<< action: ;W[cf] , ac: 56
W<< action: ;W[ce] , ac: 43
W<< action: ;W[cd] , ac: 75
W<< action: ;W[cc] , ac: 89
W<< action: ;W[cb] , ac: 36
W<< action: ;W[ca] , ac: 34
W<< action: ;W[di] , ac: 78
W<< action: ;W[dh] , ac: 49
W<< action: ;W[dg] , ac: 53
W<< action: ;W[da] , ac: 24
W<< action: ;W[ei] , ac: 16
W<< action: ;W[eh] , ac: 34
W<< action: ;W[eg] , ac: 49
W<< action: ;W[eb] , ac: 87
W<< action: ;W[fi] , ac: 58
W<< action: ;W[fh] , ac: 26
W<< action: ;W[fg] , ac: 58
W<< action: ;W[fc] , ac: 24
W<< action: ;W[fb] , ac: 64
W<< action: ;W[fa] , ac: 46
W<< action: ;W[gi] , ac: 54
W<< action: ;W[gh] , ac: 38
W<< action: ;W[gg] , ac: 73
W<< action: ;W[ge] , ac: 65
W<< action: ;W[gd] , ac: 36
W<< action: ;W[gc] , ac: 27
W<< action: ;W[ga] , ac: 109
W<< action: ;W[hi] , ac: 64
W<< action: ;W[hh] , ac: 38
W<< action: ;W[hf] , ac: 31
W<< action: ;W[he] , ac: 67
W<< action: ;W[hc] , ac: 59
W<< action: ;W[hb] , ac: 31
W<< action: ;W[ha] , ac: 118
W<< action: ;W[ii] , ac: 128
W<< action: ;W[ih] , ac: 62
W<< action: ;W[ig] , ac: 27
W<< action: ;W[if] , ac: 72
W<< action: ;W[ie] , ac: 95
W<< action: ;W[id] , ac: 75
W<< action: ;W[ic] , ac: 41
W<< action: ;W[ia] , ac: 49
W<< = J1
W<< 
B>> play W J1
B<< = 
B<< 
B>> genmove b
B<< MCTS: 3001 simulation done, duration: 52
B<< = D3
B<< 
W>> play B D3
W<< = 
W<< 
W>> genmove w
W<< MCTS: 3001 simulation done, duration: 232
W<< action: ;W[ae] , ac: 37
W<< action: ;W[aa] , ac: 81
W<< action: ;W[bi] , ac: 35
W<< action: ;W[bh] , ac: 99
W<< action: ;W[bg] , ac: 44
W<< action: ;W[bf] , ac: 108
W<< action: ;W[be] , ac: 50
W<< action: ;W[bd] , ac: 47
W<< action: ;W[bc] , ac: 81
W<< action: ;W[bb] , ac: 81
W<< action: ;W[ba] , ac: 87
W<< action: ;W[ci] , ac: 10
W<< action: ;W[cg] , ac: 29
W<< action: ;W[cf] , ac: 53
W<< action: ;W[ce] , ac: 75
W<< action: ;W[cd] , ac: 84
W<< action: ;W[cc] , ac: 137
W<< action: ;W[cb] , ac: 57
W<< action: ;W[ca] , ac: 34
W<< action: ;W[di] , ac: 35
W<< action: ;W[dh] , ac: 52
W<< action: ;W[da] , ac: 35
W<< action: ;W[ei] , ac: 66
W<< action: ;W[eh] , ac: 7
W<< action: ;W[eg] , ac: 25
W<< action: ;W[eb] , ac: 53
W<< action: ;W[fi] , ac: 53
W<< action: ;W[fh] , ac: 20
W<< action: ;W[fg] , ac: 25
W<< action: ;W[fc] , ac: 44
W<< action: ;W[fb] , ac: 71
W<< action: ;W[fa] , ac: 50
W<< action: ;W[gi] , ac: 23
W<< action: ;W[gh] , ac: 84
W<< action: ;W[gg] , ac: 58
W<< action: ;W[ge] , ac: 83
W<< action: ;W[gd] , ac: 55
W<< action: ;W[gc] , ac: 7
W<< action: ;W[ga] , ac: 37
W<< action: ;W[hi] , ac: 53
W<< action: ;W[hh] , ac: 68
W<< action: ;W[hf] , ac: 45
W<< action: ;W[he] , ac: 61
W<< action: ;W[hc] , ac: 75
W<< action: ;W[hb] , ac: 86
W<< action: ;W[ha] , ac: 61
W<< action: ;W[ih] , ac: 40
W<< action: ;W[ig] , ac: 40
W<< action: ;W[if] , ac: 69
W<< action: ;W[ie] , ac: 158
W<< action: ;W[id] , ac: 61
W<< action: ;W[ic] , ac: 47
W<< action: ;W[ia] , ac: 25
W<< = J5
W<< 
B>> play W J5
B<< = 
B<< 
B>> genmove b
B<< MCTS: 3001 simulation done, duration: 52
B<< = B9
B<< 
W>> play B B9
W<< = 
W<< 
W>> genmove w
W<< MCTS: 3001 simulation done, duration: 227
W<< action: ;W[ae] , ac: 71
W<< action: ;W[bi] , ac: 34
W<< action: ;W[bh] , ac: 71
W<< action: ;W[bg] , ac: 46
W<< action: ;W[bf] , ac: 84
W<< action: ;W[be] , ac: 81
W<< action: ;W[bd] , ac: 19
W<< action: ;W[bc] , ac: 66
W<< action: ;W[bb] , ac: 125
W<< action: ;W[ci] , ac: 38
W<< action: ;W[cg] , ac: 79
W<< action: ;W[cf] , ac: 31
W<< action: ;W[ce] , ac: 89
W<< action: ;W[cd] , ac: 122
W<< action: ;W[cc] , ac: 39
W<< action: ;W[cb] , ac: 66
W<< action: ;W[ca] , ac: 51
W<< action: ;W[di] , ac: 105
W<< action: ;W[dh] , ac: 31
W<< action: ;W[da] , ac: 60
W<< action: ;W[ei] , ac: 46
W<< action: ;W[eh] , ac: 32
W<< action: ;W[eg] , ac: 78
W<< action: ;W[eb] , ac: 25
W<< action: ;W[fi] , ac: 58
W<< action: ;W[fh] , ac: 50
W<< action: ;W[fg] , ac: 53
W<< action: ;W[fc] , ac: 8
W<< action: ;W[fb] , ac: 36
W<< action: ;W[fa] , ac: 39
W<< action: ;W[gi] , ac: 41
W<< action: ;W[gh] , ac: 101
W<< action: ;W[gg] , ac: 31
W<< action: ;W[ge] , ac: 89
W<< action: ;W[gd] , ac: 63
W<< action: ;W[gc] , ac: 39
W<< action: ;W[ga] , ac: 79
W<< action: ;W[hi] , ac: 39
W<< action: ;W[hh] , ac: 63
W<< action: ;W[hf] , ac: 58
W<< action: ;W[he] , ac: 56
W<< action: ;W[hc] , ac: 45
W<< action: ;W[hb] , ac: 13
W<< action: ;W[ha] , ac: 159
W<< action: ;W[ih] , ac: 39
W<< action: ;W[ig] , ac: 89
W<< action: ;W[if] , ac: 114
W<< action: ;W[id] , ac: 53
W<< action: ;W[ic] , ac: 41
W<< action: ;W[ia] , ac: 56
W<< = H9
W<< 
B>> play W H9
B<< = 
B<< 
B>> genmove b
B<< MCTS: 3001 simulation done, duration: 50
B<< = B5
B<< 
W>> play B B5
W<< = 
W<< 
W>> genmove w
W<< MCTS: 3001 simulation done, duration: 228
W<< action: ;W[bi] , ac: 76
W<< action: ;W[bh] , ac: 79
W<< action: ;W[bg] , ac: 135
W<< action: ;W[bf] , ac: 32
W<< action: ;W[bd] , ac: 58
W<< action: ;W[bc] , ac: 90
W<< action: ;W[bb] , ac: 57
W<< action: ;W[ci] , ac: 150
W<< action: ;W[cg] , ac: 21
W<< action: ;W[cf] , ac: 57
W<< action: ;W[ce] , ac: 78
W<< action: ;W[cd] , ac: 68
W<< action: ;W[cc] , ac: 76
W<< action: ;W[cb] , ac: 47
W<< action: ;W[ca] , ac: 130
W<< action: ;W[di] , ac: 110
W<< action: ;W[dh] , ac: 54
W<< action: ;W[da] , ac: 60
W<< action: ;W[ei] , ac: 73
W<< action: ;W[eh] , ac: 76
W<< action: ;W[eg] , ac: 10
W<< action: ;W[eb] , ac: 37
W<< action: ;W[fi] , ac: 76
W<< action: ;W[fh] , ac: 28
W<< action: ;W[fg] , ac: 45
W<< action: ;W[fc] , ac: 103
W<< action: ;W[fb] , ac: 67
W<< action: ;W[fa] , ac: 44
W<< action: ;W[gi] , ac: 26
W<< action: ;W[gh] , ac: 67
W<< action: ;W[gg] , ac: 110
W<< action: ;W[ge] , ac: 22
W<< action: ;W[gd] , ac: 71
W<< action: ;W[gc] , ac: 32
W<< action: ;W[ga] , ac: 21
W<< action: ;W[hi] , ac: 38
W<< action: ;W[hh] , ac: 26
W<< action: ;W[hf] , ac: 101
W<< action: ;W[he] , ac: 55
W<< action: ;W[hc] , ac: 63
W<< action: ;W[hb] , ac: 26
W<< action: ;W[ih] , ac: 79
W<< action: ;W[ig] , ac: 44
W<< action: ;W[if] , ac: 58
W<< action: ;W[id] , ac: 129
W<< action: ;W[ic] , ac: 47
W<< action: ;W[ia] , ac: 49
W<< = C1
W<< 
B>> play W C1
B<< = 
B<< 
B>> genmove b
B<< MCTS: 3001 simulation done, duration: 56
B<< = B2
B<< 
W>> play B B2
W<< = 
W<< 
W>> genmove w
W<< MCTS: 3001 simulation done, duration: 216
W<< action: ;W[bi] , ac: 62
W<< action: ;W[bg] , ac: 85
W<< action: ;W[bf] , ac: 65
W<< action: ;W[bd] , ac: 35
W<< action: ;W[bc] , ac: 67
W<< action: ;W[bb] , ac: 26
W<< action: ;W[cg] , ac: 54
W<< action: ;W[cf] , ac: 57
W<< action: ;W[ce] , ac: 42
W<< action: ;W[cd] , ac: 59
W<< action: ;W[cc] , ac: 49
W<< action: ;W[cb] , ac: 94
W<< action: ;W[ca] , ac: 99
W<< action: ;W[di] , ac: 47
W<< action: ;W[dh] , ac: 67
W<< action: ;W[da] , ac: 59
W<< action: ;W[ei] , ac: 17
W<< action: ;W[eh] , ac: 47
W<< action: ;W[eg] , ac: 91
W<< action: ;W[eb] , ac: 89
W<< action: ;W[fi] , ac: 10
W<< action: ;W[fh] , ac: 70
W<< action: ;W[fg] , ac: 140
W<< action: ;W[fc] , ac: 94
W<< action: ;W[fb] , ac: 89
W<< action: ;W[fa] , ac: 75
W<< action: ;W[gi] , ac: 77
W<< action: ;W[gh] , ac: 108
W<< action: ;W[gg] , ac: 86
W<< action: ;W[ge] , ac: 59
W<< action: ;W[gd] , ac: 69
W<< action: ;W[gc] , ac: 77
W<< action: ;W[ga] , ac: 57
W<< action: ;W[hi] , ac: 47
W<< action: ;W[hh] , ac: 72
W<< action: ;W[hf] , ac: 26
W<< action: ;W[he] , ac: 80
W<< action: ;W[hc] , ac: 41
W<< action: ;W[hb] , ac: 91
W<< action: ;W[ih] , ac: 32
W<< action: ;W[ig] , ac: 107
W<< action: ;W[if] , ac: 34
W<< action: ;W[id] , ac: 47
W<< action: ;W[ic] , ac: 78
W<< action: ;W[ia] , ac: 124
W<< = F3
W<< 
B>> play W F3
B<< = 
B<< 
B>> genmove b
B<< MCTS: 3001 simulation done, duration: 53
B<< = C5
B<< 
W>> play B C5
W<< = 
W<< 
W>> genmove w
W<< MCTS: 3001 simulation done, duration: 202
W<< action: ;W[bi] , ac: 60
W<< action: ;W[bg] , ac: 65
W<< action: ;W[bf] , ac: 65
W<< action: ;W[bd] , ac: 35
W<< action: ;W[bc] , ac: 61
W<< action: ;W[bb] , ac: 183
W<< action: ;W[cg] , ac: 49
W<< action: ;W[cf] , ac: 34
W<< action: ;W[cd] , ac: 54
W<< action: ;W[cc] , ac: 100
W<< action: ;W[cb] , ac: 25
W<< action: ;W[ca] , ac: 110
W<< action: ;W[di] , ac: 103
W<< action: ;W[dh] , ac: 35
W<< action: ;W[da] , ac: 69
W<< action: ;W[ei] , ac: 78
W<< action: ;W[eh] , ac: 56
W<< action: ;W[eg] , ac: 37
W<< action: ;W[eb] , ac: 67
W<< action: ;W[fi] , ac: 127
W<< action: ;W[fh] , ac: 26
W<< action: ;W[fc] , ac: 130
W<< action: ;W[fb] , ac: 39
W<< action: ;W[fa] , ac: 143
W<< action: ;W[gi] , ac: 99
W<< action: ;W[gh] , ac: 106
W<< action: ;W[gg] , ac: 8
W<< action: ;W[ge] , ac: 163
W<< action: ;W[gd] , ac: 28
W<< action: ;W[gc] , ac: 94
W<< action: ;W[ga] , ac: 30
W<< action: ;W[hi] , ac: 61
W<< action: ;W[hh] , ac: 85
W<< action: ;W[hf] , ac: 65
W<< action: ;W[he] , ac: 62
W<< action: ;W[hc] , ac: 47
W<< action: ;W[hb] , ac: 73
W<< action: ;W[ih] , ac: 19
W<< action: ;W[ig] , ac: 70
W<< action: ;W[if] , ac: 64
W<< action: ;W[id] , ac: 97
W<< action: ;W[ic] , ac: 47
W<< action: ;W[ia] , ac: 32
W<< = B8
W<< 
B>> play W B8
B<< = 
B<< 
B>> genmove b
B<< MCTS: 3001 simulation done, duration: 54
B<< = J3
B<< 
W>> play B J3
W<< = 
W<< 
W>> genmove w
W<< MCTS: 3001 simulation done, duration: 203
W<< action: ;W[bi] , ac: 128
W<< action: ;W[bg] , ac: 36
W<< action: ;W[bf] , ac: 137
W<< action: ;W[bd] , ac: 55
W<< action: ;W[bc] , ac: 13
W<< action: ;W[cg] , ac: 133
W<< action: ;W[cf] , ac: 52
W<< action: ;W[cd] , ac: 57
W<< action: ;W[cc] , ac: 168
W<< action: ;W[cb] , ac: 60
W<< action: ;W[ca] , ac: 211
W<< action: ;W[di] , ac: 99
W<< action: ;W[dh] , ac: 59
W<< action: ;W[da] , ac: 101
W<< action: ;W[ei] , ac: 45
W<< action: ;W[eh] , ac: 47
W<< action: ;W[eg] , ac: 11
W<< action: ;W[eb] , ac: 78
W<< action: ;W[fi] , ac: 77
W<< action: ;W[fh] , ac: 25
W<< action: ;W[fc] , ac: 78
W<< action: ;W[fb] , ac: 54
W<< action: ;W[fa] , ac: 36
W<< action: ;W[gi] , ac: 129
W<< action: ;W[gh] , ac: 34
W<< action: ;W[gg] , ac: 129
W<< action: ;W[ge] , ac: 43
W<< action: ;W[gd] , ac: 19
W<< action: ;W[gc] , ac: 85
W<< action: ;W[ga] , ac: 27
W<< action: ;W[hi] , ac: 25
W<< action: ;W[hh] , ac: 62
W<< action: ;W[hf] , ac: 47
W<< action: ;W[he] , ac: 154
W<< action: ;W[hc] , ac: 123
W<< action: ;W[hb] , ac: 65
W<< action: ;W[ih] , ac: 54
W<< action: ;W[if] , ac: 80
W<< action: ;W[id] , ac: 52
W<< action: ;W[ic] , ac: 70
W<< action: ;W[ia] , ac: 43
W<< = C9
W<< 
B>> play W C9
B<< = 
B<< 
B>> genmove b
B<< MCTS: 3001 simulation done, duration: 56
B<< = C6
B<< 
W>> play B C6
W<< = 
W<< 
W>> genmove w
W<< MCTS: 3001 simulation done, duration: 198
W<< action: ;W[bi] , ac: 118
W<< action: ;W[bg] , ac: 103
W<< action: ;W[bf] , ac: 138
W<< action: ;W[bd] , ac: 63
W<< action: ;W[bc] , ac: 35
W<< action: ;W[cg] , ac: 79
W<< action: ;W[cf] , ac: 102
W<< action: ;W[cc] , ac: 91
W<< action: ;W[cb] , ac: 40
W<< action: ;W[di] , ac: 75
W<< action: ;W[dh] , ac: 73
W<< action: ;W[da] , ac: 29
W<< action: ;W[ei] , ac: 88
W<< action: ;W[eh] , ac: 35
W<< action: ;W[eg] , ac: 60
W<< action: ;W[eb] , ac: 40
W<< action: ;W[fi] , ac: 75
W<< action: ;W[fh] , ac: 88
W<< action: ;W[fc] , ac: 69
W<< action: ;W[fb] , ac: 95
W<< action: ;W[fa] , ac: 167
W<< action: ;W[gi] , ac: 92
W<< action: ;W[gh] , ac: 115
W<< action: ;W[gg] , ac: 35
W<< action: ;W[ge] , ac: 75
W<< action: ;W[gd] , ac: 79
W<< action: ;W[gc] , ac: 57
W<< action: ;W[ga] , ac: 7
W<< action: ;W[hi] , ac: 104
W<< action: ;W[hh] , ac: 51
W<< action: ;W[hf] , ac: 85
W<< action: ;W[he] , ac: 114
W<< action: ;W[hc] , ac: 146
W<< action: ;W[hb] , ac: 19
W<< action: ;W[ih] , ac: 34
W<< action: ;W[if] , ac: 97
W<< action: ;W[id] , ac: 100
W<< action: ;W[ic] , ac: 49
W<< action: ;W[ia] , ac: 79
W<< = F9
W<< 
B>> play W F9
B<< = 
B<< 
B>> genmove b
B<< MCTS: 3001 simulation done, duration: 57
B<< = J4
B<< 
W>> play B J4
W<< = 
W<< 
W>> genmove w
W<< MCTS: 3001 simulation done, duration: 195
W<< action: ;W[bi] , ac: 64
W<< action: ;W[bg] , ac: 114
W<< action: ;W[bf] , ac: 27
W<< action: ;W[bd] , ac: 47
W<< action: ;W[bc] , ac: 21
W<< action: ;W[cg] , ac: 82
W<< action: ;W[cf] , ac: 60
W<< action: ;W[cc] , ac: 51
W<< action: ;W[cb] , ac: 114
W<< action: ;W[di] , ac: 73
W<< action: ;W[dh] , ac: 38
W<< action: ;W[da] , ac: 35
W<< action: ;W[ei] , ac: 82
W<< action: ;W[eh] , ac: 40
W<< action: ;W[eg] , ac: 77
W<< action: ;W[eb] , ac: 110
W<< action: ;W[fi] , ac: 153
W<< action: ;W[fh] , ac: 85
W<< action: ;W[fc] , ac: 146
W<< action: ;W[fb] , ac: 119
W<< action: ;W[gi] , ac: 32
W<< action: ;W[gh] , ac: 94
W<< action: ;W[gg] , ac: 71
W<< action: ;W[ge] , ac: 51
W<< action: ;W[gd] , ac: 148
W<< action: ;W[gc] , ac: 80
W<< action: ;W[ga] , ac: 105
W<< action: ;W[hi] , ac: 88
W<< action: ;W[hh] , ac: 67
W<< action: ;W[hf] , ac: 106
W<< action: ;W[he] , ac: 136
W<< action: ;W[hc] , ac: 109
W<< action: ;W[hb] , ac: 66
W<< action: ;W[ih] , ac: 61
W<< action: ;W[id] , ac: 87
W<< action: ;W[ic] , ac: 91
W<< action: ;W[ia] , ac: 71
W<< = F1
W<< 
B>> play W F1
B<< = 
B<< 
B>> genmove b
B<< MCTS: 3001 simulation done, duration: 56
B<< = C8
B<< 
W>> play B C8
W<< = 
W<< 
W>> genmove w
W<< MCTS: 3001 simulation done, duration: 190
W<< action: ;W[bi] , ac: 103
W<< action: ;W[bg] , ac: 14
W<< action: ;W[bf] , ac: 246
W<< action: ;W[bd] , ac: 63
W<< action: ;W[bc] , ac: 47
W<< action: ;W[cg] , ac: 66
W<< action: ;W[cf] , ac: 58
W<< action: ;W[di] , ac: 106
W<< action: ;W[dh] , ac: 47
W<< action: ;W[da] , ac: 39
W<< action: ;W[ei] , ac: 98
W<< action: ;W[eh] , ac: 58
W<< action: ;W[eg] , ac: 54
W<< action: ;W[eb] , ac: 191
W<< action: ;W[fh] , ac: 44
W<< action: ;W[fc] , ac: 233
W<< action: ;W[fb] , ac: 54
W<< action: ;W[gi] , ac: 83
W<< action: ;W[gh] , ac: 140
W<< action: ;W[gg] , ac: 94
W<< action: ;W[ge] , ac: 47
W<< action: ;W[gd] , ac: 207
W<< action: ;W[gc] , ac: 25
W<< action: ;W[ga] , ac: 25
W<< action: ;W[hi] , ac: 65
W<< action: ;W[hh] , ac: 116
W<< action: ;W[hf] , ac: 66
W<< action: ;W[he] , ac: 110
W<< action: ;W[hc] , ac: 47
W<< action: ;W[hb] , ac: 100
W<< action: ;W[ih] , ac: 60
W<< action: ;W[id] , ac: 32
W<< action: ;W[ic] , ac: 110
W<< action: ;W[ia] , ac: 153
W<< = B4
W<< 
B>> play W B4
B<< = 
B<< 
B>> genmove b
B<< MCTS: 3001 simulation done, duration: 55
B<< = H7
B<< 
W>> play B H7
W<< = 
W<< 
W>> genmove w
W<< MCTS: 3001 simulation done, duration: 182
W<< action: ;W[bi] , ac: 9
W<< action: ;W[bg] , ac: 44
W<< action: ;W[bd] , ac: 74
W<< action: ;W[bc] , ac: 97
W<< action: ;W[cg] , ac: 87
W<< action: ;W[cf] , ac: 43
W<< action: ;W[di] , ac: 102
W<< action: ;W[dh] , ac: 87
W<< action: ;W[da] , ac: 54
W<< action: ;W[ei] , ac: 67
W<< action: ;W[eh] , ac: 138
W<< action: ;W[eg] , ac: 104
W<< action: ;W[eb] , ac: 110
W<< action: ;W[fh] , ac: 124
W<< action: ;W[fc] , ac: 60
W<< action: ;W[fb] , ac: 113
W<< action: ;W[gi] , ac: 65
W<< action: ;W[gh] , ac: 138
W<< action: ;W[gg] , ac: 134
W<< action: ;W[ge] , ac: 37
W<< action: ;W[gd] , ac: 211
W<< action: ;W[gc] , ac: 119
W<< action: ;W[ga] , ac: 65
W<< action: ;W[hi] , ac: 104
W<< action: ;W[hh] , ac: 114
W<< action: ;W[hf] , ac: 11
W<< action: ;W[he] , ac: 49
W<< action: ;W[hb] , ac: 135
W<< action: ;W[ih] , ac: 87
W<< action: ;W[id] , ac: 144
W<< action: ;W[ic] , ac: 204
W<< action: ;W[ia] , ac: 71
W<< = G6
W<< 
B>> play W G6
B<< = 
B<< 
B>> genmove b
B<< MCTS: 3001 simulation done, duration: 56
B<< = J7
B<< 
W>> play B J7
W<< = 
W<< 
W>> genmove w
W<< MCTS: 3001 simulation done, duration: 167
W<< action: ;W[bi] , ac: 64
W<< action: ;W[bg] , ac: 104
W<< action: ;W[bd] , ac: 38
W<< action: ;W[bc] , ac: 88
W<< action: ;W[cg] , ac: 51
W<< action: ;W[cf] , ac: 152
W<< action: ;W[di] , ac: 51
W<< action: ;W[dh] , ac: 186
W<< action: ;W[da] , ac: 23
W<< action: ;W[ei] , ac: 36
W<< action: ;W[eh] , ac: 120
W<< action: ;W[eg] , ac: 89
W<< action: ;W[eb] , ac: 134
W<< action: ;W[fh] , ac: 38
W<< action: ;W[fc] , ac: 116
W<< action: ;W[fb] , ac: 118
W<< action: ;W[gi] , ac: 116
W<< action: ;W[gh] , ac: 280
W<< action: ;W[gg] , ac: 41
W<< action: ;W[ge] , ac: 66
W<< action: ;W[gc] , ac: 125
W<< action: ;W[ga] , ac: 53
W<< action: ;W[hi] , ac: 41
W<< action: ;W[hh] , ac: 92
W<< action: ;W[hf] , ac: 105
W<< action: ;W[he] , ac: 134
W<< action: ;W[hb] , ac: 111
W<< action: ;W[ih] , ac: 80
W<< action: ;W[id] , ac: 89
W<< action: ;W[ia] , ac: 260
W<< = G2
W<< 
B>> play W G2
B<< = 
B<< 
B>> genmove b
B<< MCTS: 3001 simulation done, duration: 55
B<< = G1
B<< 
W>> play B G1
W<< = 
W<< 
W>> genmove w
W<< MCTS: 3001 simulation done, duration: 163
W<< action: ;W[bi] , ac: 53
W<< action: ;W[bg] , ac: 26
W<< action: ;W[bd] , ac: 109
W<< action: ;W[bc] , ac: 34
W<< action: ;W[cg] , ac: 108
W<< action: ;W[cf] , ac: 44
W<< action: ;W[di] , ac: 131
W<< action: ;W[dh] , ac: 134
W<< action: ;W[da] , ac: 90
W<< action: ;W[ei] , ac: 170
W<< action: ;W[eh] , ac: 142
W<< action: ;W[eg] , ac: 109
W<< action: ;W[eb] , ac: 170
W<< action: ;W[fh] , ac: 39
W<< action: ;W[fc] , ac: 260
W<< action: ;W[fb] , ac: 119
W<< action: ;W[gg] , ac: 55
W<< action: ;W[ge] , ac: 23
W<< action: ;W[gc] , ac: 92
W<< action: ;W[ga] , ac: 37
W<< action: ;W[hh] , ac: 164
W<< action: ;W[hf] , ac: 216
W<< action: ;W[he] , ac: 126
W<< action: ;W[hb] , ac: 155
W<< action: ;W[ih] , ac: 200
W<< action: ;W[id] , ac: 155
W<< action: ;W[ia] , ac: 40
W<< = F7
W<< 
B>> play W F7
B<< = 
B<< 
B>> genmove b
B<< MCTS: 3001 simulation done, duration: 50
B<< = F8
B<< 
W>> play B F8
W<< = 
W<< 
W>> genmove w
W<< MCTS: 3001 simulation done, duration: 155
W<< action: ;W[bi] , ac: 14
W<< action: ;W[bg] , ac: 168
W<< action: ;W[bd] , ac: 125
W<< action: ;W[bc] , ac: 203
W<< action: ;W[cg] , ac: 141
W<< action: ;W[cf] , ac: 114
W<< action: ;W[di] , ac: 246
W<< action: ;W[dh] , ac: 55
W<< action: ;W[da] , ac: 185
W<< action: ;W[ei] , ac: 304
W<< action: ;W[eh] , ac: 145
W<< action: ;W[eg] , ac: 116
W<< action: ;W[fh] , ac: 102
W<< action: ;W[gg] , ac: 90
W<< action: ;W[ge] , ac: 36
W<< action: ;W[gc] , ac: 98
W<< action: ;W[ga] , ac: 31
W<< action: ;W[hh] , ac: 244
W<< action: ;W[hf] , ac: 68
W<< action: ;W[he] , ac: 130
W<< action: ;W[hb] , ac: 46
W<< action: ;W[ih] , ac: 155
W<< action: ;W[id] , ac: 97
W<< action: ;W[ia] , ac: 88
W<< = E1
W<< 
B>> play W E1
B<< = 
B<< 
B>> genmove b
B<< MCTS: 3001 simulation done, duration: 56
B<< = J9
B<< 
W>> play B J9
W<< = 
W<< 
W>> genmove w
W<< MCTS: 3001 simulation done, duration: 152
W<< action: ;W[bi] , ac: 81
W<< action: ;W[bg] , ac: 122
W<< action: ;W[bd] , ac: 83
W<< action: ;W[bc] , ac: 59
W<< action: ;W[cg] , ac: 164
W<< action: ;W[cf] , ac: 71
W<< action: ;W[di] , ac: 241
W<< action: ;W[dh] , ac: 225
W<< action: ;W[da] , ac: 244
W<< action: ;W[eh] , ac: 218
W<< action: ;W[eg] , ac: 79
W<< action: ;W[fh] , ac: 63
W<< action: ;W[gg] , ac: 59
W<< action: ;W[ge] , ac: 79
W<< action: ;W[gc] , ac: 123
W<< action: ;W[ga] , ac: 71
W<< action: ;W[hh] , ac: 270
W<< action: ;W[hf] , ac: 145
W<< action: ;W[he] , ac: 204
W<< action: ;W[hb] , ac: 153
W<< action: ;W[ih] , ac: 139
W<< action: ;W[id] , ac: 108
W<< = H2
W<< 
B>> play W H2
B<< = 
B<< 
B>> genmove b
B<< MCTS: 3001 simulation done, duration: 57
B<< = D2
B<< 
W>> play B D2
W<< = 
W<< 
W>> genmove w
W<< MCTS: 3001 simulation done, duration: 141
W<< action: ;W[bi] , ac: 148
W<< action: ;W[bg] , ac: 160
W<< action: ;W[bd] , ac: 198
W<< action: ;W[bc] , ac: 166
W<< action: ;W[cg] , ac: 97
W<< action: ;W[cf] , ac: 141
W<< action: ;W[di] , ac: 87
W<< action: ;W[da] , ac: 153
W<< action: ;W[eh] , ac: 468
W<< action: ;W[eg] , ac: 111
W<< action: ;W[fh] , ac: 125
W<< action: ;W[gg] , ac: 74
W<< action: ;W[ge] , ac: 60
W<< action: ;W[gc] , ac: 44
W<< action: ;W[ga] , ac: 61
W<< action: ;W[hf] , ac: 278
W<< action: ;W[he] , ac: 366
W<< action: ;W[hb] , ac: 60
W<< action: ;W[ih] , ac: 91
W<< action: ;W[id] , ac: 113
W<< = E2
W<< 
B>> play W E2
B<< = 
B<< 
B>> genmove b
B<< MCTS: 3001 simulation done, duration: 46
B<< = B3
B<< 
W>> play B B3
W<< = 
W<< 
W>> genmove w
W<< MCTS: 3001 simulation done, duration: 137
W<< action: ;W[bi] , ac: 304
W<< action: ;W[bd] , ac: 109
W<< action: ;W[bc] , ac: 146
W<< action: ;W[cg] , ac: 108
W<< action: ;W[cf] , ac: 39
W<< action: ;W[di] , ac: 115
W<< action: ;W[da] , ac: 161
W<< action: ;W[eg] , ac: 196
W<< action: ;W[fh] , ac: 48
W<< action: ;W[gg] , ac: 107
W<< action: ;W[ge] , ac: 57
W<< action: ;W[gc] , ac: 193
W<< action: ;W[ga] , ac: 181
W<< action: ;W[hf] , ac: 292
W<< action: ;W[he] , ac: 603
W<< action: ;W[hb] , ac: 73
W<< action: ;W[ih] , ac: 150
W<< action: ;W[id] , ac: 119
W<< = H5
W<< 
B>> play W H5
B<< = 
B<< 
B>> genmove b
B<< MCTS: 3001 simulation done, duration: 46
B<< = C3
B<< 
W>> play B C3
W<< = 
W<< 
W>> genmove w
W<< MCTS: 3001 simulation done, duration: 122
W<< action: ;W[bi] , ac: 335
W<< action: ;W[bd] , ac: 278
W<< action: ;W[bc] , ac: 202
W<< action: ;W[di] , ac: 60
W<< action: ;W[da] , ac: 223
W<< action: ;W[eg] , ac: 239
W<< action: ;W[fh] , ac: 76
W<< action: ;W[gg] , ac: 120
W<< action: ;W[ge] , ac: 63
W<< action: ;W[gc] , ac: 317
W<< action: ;W[ga] , ac: 115
W<< action: ;W[hf] , ac: 248
W<< action: ;W[hb] , ac: 244
W<< action: ;W[ih] , ac: 218
W<< action: ;W[id] , ac: 263
W<< = B1
W<< 
B>> play W B1
B<< = 
B<< 
B>> genmove b
B<< MCTS: 3001 simulation done, duration: 45
B<< = A5
B<< 
W>> play B A5
W<< = 
W<< 
W>> genmove w
W<< MCTS: 3001 simulation done, duration: 105
W<< action: ;W[bd] , ac: 265
W<< action: ;W[bc] , ac: 245
W<< action: ;W[di] , ac: 139
W<< action: ;W[da] , ac: 265
W<< action: ;W[eg] , ac: 244
W<< action: ;W[fh] , ac: 135
W<< action: ;W[gg] , ac: 149
W<< action: ;W[ge] , ac: 173
W<< action: ;W[gc] , ac: 244
W<< action: ;W[ga] , ac: 68
W<< action: ;W[hf] , ac: 203
W<< action: ;W[hb] , ac: 265
W<< action: ;W[ih] , ac: 303
W<< action: ;W[id] , ac: 303
W<< = J2
W<< 
B>> play W J2
B<< = 
B<< 
B>> genmove b
B<< MCTS: 3001 simulation done, duration: 52
B<< = G7
B<< 
W>> play B G7
W<< = 
W<< 
W>> genmove w
W<< MCTS: 3001 simulation done, duration: 85
W<< action: ;W[bd] , ac: 322
W<< action: ;W[bc] , ac: 322
W<< action: ;W[di] , ac: 265
W<< action: ;W[da] , ac: 322
W<< action: ;W[eg] , ac: 322
W<< action: ;W[fh] , ac: 245
W<< action: ;W[gg] , ac: 223
W<< action: ;W[ge] , ac: 223
W<< action: ;W[ga] , ac: 114
W<< action: ;W[hb] , ac: 321
W<< action: ;W[id] , ac: 322
W<< = B6
W<< 
B>> play W B6
B<< = 
B<< 
B>> genmove b
B<< MCTS: 3001 simulation done, duration: 33
B<< = J6
B<< 
W>> play B J6
W<< = 
W<< 
W>> genmove w
W<< MCTS: 3001 simulation done, duration: 41
W<< action: ;W[bc] , ac: 375
W<< action: ;W[di] , ac: 375
W<< action: ;W[da] , ac: 375
W<< action: ;W[eg] , ac: 375
W<< action: ;W[fh] , ac: 375
W<< action: ;W[gg] , ac: 375
W<< action: ;W[ge] , ac: 375
W<< action: ;W[ga] , ac: 376
W<< = G9
W<< 
B>> play W G9
B<< = 
B<< 
B>> genmove b
B<< MCTS: 3001 simulation done, duration: 28
B<< = E8
B<< 
W>> play B E8
W<< = 
W<< 
W>> genmove w
W<< MCTS: 3001 simulation done, duration: 26
W<< action: ;W[bc] , ac: 501
W<< action: ;W[di] , ac: 500
W<< action: ;W[eg] , ac: 500
W<< action: ;W[fh] , ac: 500
W<< action: ;W[gg] , ac: 500
W<< action: ;W[ge] , ac: 500
W<< = B7
W<< 
B>> play W B7
B<< = 
B<< 
B>> genmove b
B<< MCTS: 3001 simulation done, duration: 20
B<< = E3
B<< 
W>> play B E3
W<< = 
W<< 
W>> genmove w
W<< MCTS: 3001 simulation done, duration: 24
W<< action: ;W[di] , ac: 750
W<< action: ;W[fh] , ac: 750
W<< action: ;W[gg] , ac: 750
W<< action: ;W[ge] , ac: 751
W<< = G5
W<< 
B>> play W G5
B<< = 
B<< 
B>> genmove b
B<< MCTS: 3001 simulation done, duration: 25
B<< = resign
B<< 
B>> quit
W>> quit
