2048-Demo: ./2584 --total=100000 --block=1000 --limit=1000 --play=load=weights.bin save=weights.bin alpha=0.0025 

1000	avg = 9936, max = 37814, ops = 2273482 (1729323|4764567)
	55	100%	(0.1%)
	89	99.9%	(0.4%)
	144	99.5%	(3.1%)
	233	96.4%	(8.7%)
	377	87.7%	(21.4%)
	610	66.3%	(34.3%)
	987	32%	(26.2%)
	1597	5.8%	(5.6%)
	2584	0.2%	(0.2%)

2000	avg = 15631, max = 41975, ops = 2361269 (1700871|5298333)
	144	100%	(0.3%)
	233	99.7%	(1.4%)
	377	98.3%	(6.7%)
	610	91.6%	(23.3%)
	987	68.3%	(46.8%)
	1597	21.5%	(20.4%)
	2584	1.1%	(1.1%)

3000	avg = 18325, max = 43864, ops = 2458420 (1824061|4977496)
	144	100%	(0.1%)
	233	99.9%	(1%)
	377	98.9%	(6.3%)
	610	92.6%	(16.6%)
	987	76%	(38.2%)
	1597	37.8%	(35.1%)
	2584	2.7%	(2.7%)

4000	avg = 21180, max = 49719, ops = 2365296 (1715193|5094709)
	89	100%	(0.1%)
	144	99.9%	(0.3%)
	233	99.6%	(0.8%)
	377	98.8%	(3.8%)
	610	95%	(14.2%)
	987	80.8%	(29.4%)
	1597	51.4%	(43.9%)
	2584	7.5%	(7.5%)

5000	avg = 22877, max = 62749, ops = 2338593 (1690736|4901160)
	144	100%	(0.1%)
	233	99.9%	(1.2%)
	377	98.7%	(2.4%)
	610	96.3%	(12.3%)
	987	84%	(28.4%)
	1597	55.6%	(43.8%)
	2584	11.8%	(11.6%)
	4181	0.2%	(0.2%)

6000	avg = 24154, max = 62861, ops = 2436004 (1792486|4919093)
	144	100%	(0.2%)
	233	99.8%	(0.9%)
	377	98.9%	(3.8%)
	610	95.1%	(10.7%)
	987	84.4%	(25.2%)
	1597	59.2%	(42%)
	2584	17.2%	(16.8%)
	4181	0.4%	(0.4%)

7000	avg = 25748, max = 70971, ops = 2434288 (1799419|5047111)
	233	100%	(0.7%)
	377	99.3%	(3.4%)
	610	95.9%	(9.6%)
	987	86.3%	(21.8%)
	1597	64.5%	(45.7%)
	2584	18.8%	(17.7%)
	4181	1.1%	(1.1%)

8000	avg = 26521, max = 65681, ops = 2403827 (1754079|4995348)
	233	100%	(0.6%)
	377	99.4%	(3.2%)
	610	96.2%	(9.6%)
	987	86.6%	(21.4%)
	1597	65.2%	(42.6%)
	2584	22.6%	(20.8%)
	4181	1.8%	(1.8%)

9000	avg = 29788, max = 74950, ops = 2477474 (1832355|4968099)
	233	100%	(0.6%)
	377	99.4%	(2.3%)
	610	97.1%	(7.1%)
	987	90%	(18.3%)
	1597	71.7%	(40.9%)
	2584	30.8%	(27.6%)
	4181	3.2%	(3.2%)

10000	avg = 31725, max = 91625, ops = 2467100 (1801596|4993967)
	233	100%	(0.5%)
	377	99.5%	(2.3%)
	610	97.2%	(5.8%)
	987	91.4%	(17.9%)
	1597	73.5%	(36%)
	2584	37.5%	(32.7%)
	4181	4.8%	(4.7%)
	6765	0.1%	(0.1%)

11000	avg = 33303, max = 112093, ops = 2432746 (1792487|4943804)
	233	100%	(0.7%)
	377	99.3%	(1.5%)
	610	97.8%	(5.5%)
	987	92.3%	(16.5%)
	1597	75.8%	(34.8%)
	2584	41%	(33.8%)
	4181	7.2%	(6.9%)
	6765	0.3%	(0.3%)

12000	avg = 33660, max = 98646, ops = 2485788 (1803458|5214144)
	233	100%	(0.4%)
	377	99.6%	(1.5%)
	610	98.1%	(5.9%)
	987	92.2%	(17%)
	1597	75.2%	(33.8%)
	2584	41.4%	(33.5%)
	4181	7.9%	(7.8%)
	6765	0.1%	(0.1%)

13000	avg = 34288, max = 101768, ops = 2481519 (1795422|5148225)
	233	100%	(0.4%)
	377	99.6%	(0.8%)
	610	98.8%	(4.1%)
	987	94.7%	(18.7%)
	1597	76%	(34.3%)
	2584	41.7%	(33.4%)
	4181	8.3%	(8.1%)
	6765	0.2%	(0.2%)

14000	avg = 35095, max = 103717, ops = 2463531 (1835836|4867223)
	233	100%	(0.4%)
	377	99.6%	(1.6%)
	610	98%	(3.9%)
	987	94.1%	(16%)
	1597	78.1%	(34.3%)
	2584	43.8%	(35%)
	4181	8.8%	(8.6%)
	6765	0.2%	(0.2%)

15000	avg = 36334, max = 108577, ops = 2484098 (1856759|4853555)
	233	100%	(0.2%)
	377	99.8%	(1.5%)
	610	98.3%	(3.9%)
	987	94.4%	(16.7%)
	1597	77.7%	(31.4%)
	2584	46.3%	(35.9%)
	4181	10.4%	(9.7%)
	6765	0.7%	(0.7%)

16000	avg = 35469, max = 109392, ops = 2484028 (1817372|5083667)
	89	100%	(0.1%)
	233	99.9%	(0.4%)
	377	99.5%	(1.1%)
	610	98.4%	(4%)
	987	94.4%	(17.1%)
	1597	77.3%	(33.4%)
	2584	43.9%	(35.1%)
	4181	8.8%	(8.5%)
	6765	0.3%	(0.3%)

17000	avg = 37696, max = 111062, ops = 2538262 (1856671|5258837)
	144	100%	(0.1%)
	233	99.9%	(0.1%)
	377	99.8%	(1.1%)
	610	98.7%	(4.1%)
	987	94.6%	(13.8%)
	1597	80.8%	(33%)
	2584	47.8%	(35.4%)
	4181	12.4%	(11.9%)
	6765	0.5%	(0.5%)

18000	avg = 38300, max = 116035, ops = 2562981 (1924955|4929118)
	144	100%	(0.1%)
	233	99.9%	(0.2%)
	377	99.7%	(0.6%)
	610	99.1%	(4.4%)
	987	94.7%	(12.4%)
	1597	82.3%	(31.7%)
	2584	50.6%	(38.7%)
	4181	11.9%	(11.2%)
	6765	0.7%	(0.7%)

19000	avg = 39126, max = 107775, ops = 2560500 (1891899|5155232)
	144	100%	(0.1%)
	233	99.9%	(0.3%)
	377	99.6%	(1%)
	610	98.6%	(2.6%)
	987	96%	(15.1%)
	1597	80.9%	(28.3%)
	2584	52.6%	(39.1%)
	4181	13.5%	(12.4%)
	6765	1.1%	(1.1%)

20000	avg = 39592, max = 120666, ops = 2596901 (1867911|5600924)
	233	100%	(0.5%)
	377	99.5%	(1.1%)
	610	98.4%	(3.6%)
	987	94.8%	(12.6%)
	1597	82.2%	(30.1%)
	2584	52.1%	(37.6%)
	4181	14.5%	(13.2%)
	6765	1.3%	(1.3%)

21000	avg = 39926, max = 114978, ops = 2634763 (1985636|5219749)
	233	100%	(0.2%)
	377	99.8%	(0.8%)
	610	99%	(3.1%)
	987	95.9%	(11.4%)
	1597	84.5%	(29.8%)
	2584	54.7%	(41.1%)
	4181	13.6%	(12.2%)
	6765	1.4%	(1.4%)

22000	avg = 41115, max = 111643, ops = 2654468 (1915793|5497748)
	89	100%	(0.1%)
	233	99.9%	(0.1%)
	377	99.8%	(0.7%)
	610	99.1%	(3.6%)
	987	95.5%	(11%)
	1597	84.5%	(27.8%)
	2584	56.7%	(41.5%)
	4181	15.2%	(14.2%)
	6765	1%	(1%)

23000	avg = 40746, max = 107776, ops = 2674802 (2033471|4992239)
	144	100%	(0.1%)
	377	99.9%	(0.7%)
	610	99.2%	(2%)
	987	97.2%	(13.2%)
	1597	84%	(29.4%)
	2584	54.6%	(39.7%)
	4181	14.9%	(13.8%)
	6765	1.1%	(1.1%)

24000	avg = 41746, max = 128738, ops = 2676082 (1998761|5308570)
	233	100%	(0.3%)
	377	99.7%	(0.5%)
	610	99.2%	(3.8%)
	987	95.4%	(10.6%)
	1597	84.8%	(27.2%)
	2584	57.6%	(41%)
	4181	16.6%	(15.4%)
	6765	1.2%	(1.2%)

25000	avg = 42039, max = 113963, ops = 2496238 (1832829|5256109)
	233	100%	(0.1%)
	377	99.9%	(0.7%)
	610	99.2%	(2.2%)
	987	97%	(12.2%)
	1597	84.8%	(27.1%)
	2584	57.7%	(41.1%)
	4181	16.6%	(15%)
	6765	1.6%	(1.6%)

26000	avg = 42279, max = 113901, ops = 2464880 (1772303|5314673)
	233	100%	(0.1%)
	377	99.9%	(0.7%)
	610	99.2%	(2.4%)
	987	96.8%	(9.9%)
	1597	86.9%	(27.1%)
	2584	59.8%	(44.3%)
	4181	15.5%	(14.2%)
	6765	1.3%	(1.3%)

27000	avg = 43045, max = 128295, ops = 2408430 (1757830|4942760)
	233	100%	(0.1%)
	377	99.9%	(1%)
	610	98.9%	(2.8%)
	987	96.1%	(10.3%)
	1597	85.8%	(23.8%)
	2584	62%	(45%)
	4181	17%	(15.9%)
	6765	1.1%	(1.1%)

28000	avg = 43561, max = 129277, ops = 2407687 (1775467|4844548)
	55	100%	(0.1%)
	233	99.9%	(0.2%)
	377	99.7%	(0.6%)
	610	99.1%	(2.6%)
	987	96.5%	(9.8%)
	1597	86.7%	(26.2%)
	2584	60.5%	(42.3%)
	4181	18.2%	(16.3%)
	6765	1.9%	(1.9%)

29000	avg = 44245, max = 116584, ops = 2432776 (1822651|4654645)
	233	100%	(0.2%)
	377	99.8%	(0.7%)
	610	99.1%	(1.9%)
	987	97.2%	(10.7%)
	1597	86.5%	(24.4%)
	2584	62.1%	(42.9%)
	4181	19.2%	(17.2%)
	6765	2%	(2%)

30000	avg = 44580, max = 126585, ops = 2468807 (1784602|5285369)
	144	100%	(0.1%)
	233	99.9%	(0.2%)
	377	99.7%	(0.6%)
	610	99.1%	(2%)
	987	97.1%	(9.2%)
	1597	87.9%	(24.7%)
	2584	63.2%	(44.8%)
	4181	18.4%	(16.2%)
	6765	2.2%	(2.2%)

31000	avg = 44944, max = 167254, ops = 2434425 (1782126|4905647)
	233	100%	(0.2%)
	377	99.8%	(0.4%)
	610	99.4%	(3.2%)
	987	96.2%	(10.2%)
	1597	86%	(21.9%)
	2584	64.1%	(45.1%)
	4181	19%	(15.9%)
	6765	3.1%	(3%)
	10946	0.1%	(0.1%)

32000	avg = 46009, max = 116986, ops = 2424405 (1797635|4807109)
	144	100%	(0.1%)
	233	99.9%	(0.1%)
	377	99.8%	(0.4%)
	610	99.4%	(2%)
	987	97.4%	(9.7%)
	1597	87.7%	(24.1%)
	2584	63.6%	(41.5%)
	4181	22.1%	(18.5%)
	6765	3.6%	(3.6%)

33000	avg = 46896, max = 120492, ops = 2454725 (1782673|5026203)
	233	100%	(0.1%)
	377	99.9%	(0.8%)
	610	99.1%	(1.8%)
	987	97.3%	(9.6%)
	1597	87.7%	(21%)
	2584	66.7%	(43.7%)
	4181	23%	(20%)
	6765	3%	(3%)

34000	avg = 48052, max = 165784, ops = 2408141 (1740665|4989090)
	144	100%	(0.1%)
	233	99.9%	(0.3%)
	377	99.6%	(0.2%)
	610	99.4%	(1.3%)
	987	98.1%	(8.9%)
	1597	89.2%	(20.8%)
	2584	68.4%	(45.6%)
	4181	22.8%	(19.1%)
	6765	3.7%	(3.5%)
	10946	0.2%	(0.2%)

35000	avg = 46633, max = 165563, ops = 2443063 (1823166|4820788)
	144	100%	(0.1%)
	233	99.9%	(0.1%)
	377	99.8%	(0.3%)
	610	99.5%	(3.3%)
	987	96.2%	(8.1%)
	1597	88.1%	(22.1%)
	2584	66%	(43.8%)
	4181	22.2%	(19.1%)
	6765	3.1%	(2.9%)
	10946	0.2%	(0.2%)

36000	avg = 47063, max = 155557, ops = 2463382 (1833019|4781324)
	233	100%	(0.1%)
	377	99.9%	(0.5%)
	610	99.4%	(2.1%)
	987	97.3%	(10.2%)
	1597	87.1%	(21.2%)
	2584	65.9%	(42.7%)
	4181	23.2%	(19.7%)
	6765	3.5%	(3.4%)
	10946	0.1%	(0.1%)

37000	avg = 49394, max = 135363, ops = 2442222 (1797419|4985939)
	233	100%	(0.3%)
	377	99.7%	(0.6%)
	610	99.1%	(1.9%)
	987	97.2%	(8.3%)
	1597	88.9%	(20.1%)
	2584	68.8%	(42%)
	4181	26.8%	(22.5%)
	6765	4.3%	(4.3%)

2048-Demo: ./2584 --total=100000 --block=1000 --limit=1000 --play=load=weights.bin save=weights.bin alpha=0.0025 

1000	avg = 9936, max = 37814, ops = 2356382 (1749200|5206161)
	55	100%	(0.1%)
	89	99.9%	(0.4%)
	144	99.5%	(3.1%)
	233	96.4%	(8.7%)
	377	87.7%	(21.4%)
	610	66.3%	(34.3%)
	987	32%	(26.2%)
	1597	5.8%	(5.6%)
	2584	0.2%	(0.2%)

2000	avg = 15631, max = 41975, ops = 2399092 (1800235|5227924)
	144	100%	(0.3%)
	233	99.7%	(1.4%)
	377	98.3%	(6.7%)
	610	91.6%	(23.3%)
	987	68.3%	(46.8%)
	1597	21.5%	(20.4%)
	2584	1.1%	(1.1%)

3000	avg = 18325, max = 43864, ops = 2412191 (1754522|5208336)
	144	100%	(0.1%)
	233	99.9%	(1%)
	377	98.9%	(6.3%)
	610	92.6%	(16.6%)
	987	76%	(38.2%)
	1597	37.8%	(35.1%)
	2584	2.7%	(2.7%)

4000	avg = 21180, max = 49719, ops = 2477791 (1803543|5107510)
	89	100%	(0.1%)
	144	99.9%	(0.3%)
	233	99.6%	(0.8%)
	377	98.8%	(3.8%)
	610	95%	(14.2%)
	987	80.8%	(29.4%)
	1597	51.4%	(43.9%)
	2584	7.5%	(7.5%)

5000	avg = 22877, max = 62749, ops = 2450835 (1798685|5049335)
	144	100%	(0.1%)
	233	99.9%	(1.2%)
	377	98.7%	(2.4%)
	610	96.3%	(12.3%)
	987	84%	(28.4%)
	1597	55.6%	(43.8%)
	2584	11.8%	(11.6%)
	4181	0.2%	(0.2%)

6000	avg = 24154, max = 62861, ops = 2512973 (1899163|5050561)
	144	100%	(0.2%)
	233	99.8%	(0.9%)
	377	98.9%	(3.8%)
	610	95.1%	(10.7%)
	987	84.4%	(25.2%)
	1597	59.2%	(42%)
	2584	17.2%	(16.8%)
	4181	0.4%	(0.4%)

7000	avg = 25748, max = 70971, ops = 2530479 (1873868|5100690)
	233	100%	(0.7%)
	377	99.3%	(3.4%)
	610	95.9%	(9.6%)
	987	86.3%	(21.8%)
	1597	64.5%	(45.7%)
	2584	18.8%	(17.7%)
	4181	1.1%	(1.1%)

2048-Demo: ./2584 --total=100000 --block=1000 --limit=1000 --play=load=weights.bin save=weights.bin alpha=0.0025 

1000	avg = 9936, max = 37814, ops = 2361601 (1784360|5034259)
	55	100%	(0.1%)
	89	99.9%	(0.4%)
	144	99.5%	(3.1%)
	233	96.4%	(8.7%)
	377	87.7%	(21.4%)
	610	66.3%	(34.3%)
	987	32%	(26.2%)
	1597	5.8%	(5.6%)
	2584	0.2%	(0.2%)

2000	avg = 15631, max = 41975, ops = 2423120 (1808521|5076145)
	144	100%	(0.3%)
	233	99.7%	(1.4%)
	377	98.3%	(6.7%)
	610	91.6%	(23.3%)
	987	68.3%	(46.8%)
	1597	21.5%	(20.4%)
	2584	1.1%	(1.1%)

3000	avg = 18325, max = 43864, ops = 2438392 (1816676|4963746)
	144	100%	(0.1%)
	233	99.9%	(1%)
	377	98.9%	(6.3%)
	610	92.6%	(16.6%)
	987	76%	(38.2%)
	1597	37.8%	(35.1%)
	2584	2.7%	(2.7%)

4000	avg = 21180, max = 49719, ops = 2387531 (1786094|4874794)
	89	100%	(0.1%)
	144	99.9%	(0.3%)
	233	99.6%	(0.8%)
	377	98.8%	(3.8%)
	610	95%	(14.2%)
	987	80.8%	(29.4%)
	1597	51.4%	(43.9%)
	2584	7.5%	(7.5%)

5000	avg = 22877, max = 62749, ops = 2441186 (1767901|5244478)
	144	100%	(0.1%)
	233	99.9%	(1.2%)
	377	98.7%	(2.4%)
	610	96.3%	(12.3%)
	987	84%	(28.4%)
	1597	55.6%	(43.8%)
	2584	11.8%	(11.6%)
	4181	0.2%	(0.2%)

6000	avg = 24154, max = 62861, ops = 2393561 (1754998|4866313)
	144	100%	(0.2%)
	233	99.8%	(0.9%)
	377	98.9%	(3.8%)
	610	95.1%	(10.7%)
	987	84.4%	(25.2%)
	1597	59.2%	(42%)
	2584	17.2%	(16.8%)
	4181	0.4%	(0.4%)

7000	avg = 25748, max = 70971, ops = 2360123 (1719502|4963688)
	233	100%	(0.7%)
	377	99.3%	(3.4%)
	610	95.9%	(9.6%)
	987	86.3%	(21.8%)
	1597	64.5%	(45.7%)
	2584	18.8%	(17.7%)
	4181	1.1%	(1.1%)

8000	avg = 26521, max = 65681, ops = 2380534 (1726942|5130921)
	233	100%	(0.6%)
	377	99.4%	(3.2%)
	610	96.2%	(9.6%)
	987	86.6%	(21.4%)
	1597	65.2%	(42.6%)
	2584	22.6%	(20.8%)
	4181	1.8%	(1.8%)

9000	avg = 29788, max = 74950, ops = 2377724 (1758776|4701644)
	233	100%	(0.6%)
	377	99.4%	(2.3%)
	610	97.1%	(7.1%)
	987	90%	(18.3%)
	1597	71.7%	(40.9%)
	2584	30.8%	(27.6%)
	4181	3.2%	(3.2%)

10000	avg = 31725, max = 91625, ops = 2391934 (1739245|5020205)
	233	100%	(0.5%)
	377	99.5%	(2.3%)
	610	97.2%	(5.8%)
	987	91.4%	(17.9%)
	1597	73.5%	(36%)
	2584	37.5%	(32.7%)
	4181	4.8%	(4.7%)
	6765	0.1%	(0.1%)

11000	avg = 33303, max = 112093, ops = 2400414 (1721036|5266986)
	233	100%	(0.7%)
	377	99.3%	(1.5%)
	610	97.8%	(5.5%)
	987	92.3%	(16.5%)
	1597	75.8%	(34.8%)
	2584	41%	(33.8%)
	4181	7.2%	(6.9%)
	6765	0.3%	(0.3%)

12000	avg = 33660, max = 98646, ops = 2489897 (1824213|4989694)
	233	100%	(0.4%)
	377	99.6%	(1.5%)
	610	98.1%	(5.9%)
	987	92.2%	(17%)
	1597	75.2%	(33.8%)
	2584	41.4%	(33.5%)
	4181	7.9%	(7.8%)
	6765	0.1%	(0.1%)

13000	avg = 34288, max = 101768, ops = 2453681 (1783913|5148225)
	233	100%	(0.4%)
	377	99.6%	(0.8%)
	610	98.8%	(4.1%)
	987	94.7%	(18.7%)
	1597	76%	(34.3%)
	2584	41.7%	(33.4%)
	4181	8.3%	(8.1%)
	6765	0.2%	(0.2%)

14000	avg = 35095, max = 103717, ops = 2556266 (1872156|5225346)
	233	100%	(0.4%)
	377	99.6%	(1.6%)
	610	98%	(3.9%)
	987	94.1%	(16%)
	1597	78.1%	(34.3%)
	2584	43.8%	(35%)
	4181	8.8%	(8.6%)
	6765	0.2%	(0.2%)

15000	avg = 36334, max = 108577, ops = 2425109 (1767953|4996750)
	233	100%	(0.2%)
	377	99.8%	(1.5%)
	610	98.3%	(3.9%)
	987	94.4%	(16.7%)
	1597	77.7%	(31.4%)
	2584	46.3%	(35.9%)
	4181	10.4%	(9.7%)
	6765	0.7%	(0.7%)

16000	avg = 35469, max = 109392, ops = 2568952 (1920242|5051131)
	89	100%	(0.1%)
	233	99.9%	(0.4%)
	377	99.5%	(1.1%)
	610	98.4%	(4%)
	987	94.4%	(17.1%)
	1597	77.3%	(33.4%)
	2584	43.9%	(35.1%)
	4181	8.8%	(8.5%)
	6765	0.3%	(0.3%)

17000	avg = 37696, max = 111062, ops = 2640115 (1943584|5317736)
	144	100%	(0.1%)
	233	99.9%	(0.1%)
	377	99.8%	(1.1%)
	610	98.7%	(4.1%)
	987	94.6%	(13.8%)
	1597	80.8%	(33%)
	2584	47.8%	(35.4%)
	4181	12.4%	(11.9%)
	6765	0.5%	(0.5%)

18000	avg = 38300, max = 116035, ops = 2576676 (1883061|5553365)
	144	100%	(0.1%)
	233	99.9%	(0.2%)
	377	99.7%	(0.6%)
	610	99.1%	(4.4%)
	987	94.7%	(12.4%)
	1597	82.3%	(31.7%)
	2584	50.6%	(38.7%)
	4181	11.9%	(11.2%)
	6765	0.7%	(0.7%)

19000	avg = 39126, max = 107775, ops = 2236365 (1604791|4897470)
	144	100%	(0.1%)
	233	99.9%	(0.3%)
	377	99.6%	(1%)
	610	98.6%	(2.6%)
	987	96%	(15.1%)
	1597	80.9%	(28.3%)
	2584	52.6%	(39.1%)
	4181	13.5%	(12.4%)
	6765	1.1%	(1.1%)

20000	avg = 39592, max = 120666, ops = 2394720 (1730551|5105267)
	233	100%	(0.5%)
	377	99.5%	(1.1%)
	610	98.4%	(3.6%)
	987	94.8%	(12.6%)
	1597	82.2%	(30.1%)
	2584	52.1%	(37.6%)
	4181	14.5%	(13.2%)
	6765	1.3%	(1.3%)

21000	avg = 39926, max = 114978, ops = 2422371 (1789826|4829352)
	233	100%	(0.2%)
	377	99.8%	(0.8%)
	610	99%	(3.1%)
	987	95.9%	(11.4%)
	1597	84.5%	(29.8%)
	2584	54.7%	(41.1%)
	4181	13.6%	(12.2%)
	6765	1.4%	(1.4%)

22000	avg = 41115, max = 111643, ops = 2297136 (1654749|4937372)
	89	100%	(0.1%)
	233	99.9%	(0.1%)
	377	99.8%	(0.7%)
	610	99.1%	(3.6%)
	987	95.5%	(11%)
	1597	84.5%	(27.8%)
	2584	56.7%	(41.5%)
	4181	15.2%	(14.2%)
	6765	1%	(1%)

23000	avg = 40746, max = 107776, ops = 2443090 (1796901|4985237)
	144	100%	(0.1%)
	377	99.9%	(0.7%)
	610	99.2%	(2%)
	987	97.2%	(13.2%)
	1597	84%	(29.4%)
	2584	54.6%	(39.7%)
	4181	14.9%	(13.8%)
	6765	1.1%	(1.1%)

24000	avg = 41746, max = 128738, ops = 2276140 (1641936|4879883)
	233	100%	(0.3%)
	377	99.7%	(0.5%)
	610	99.2%	(3.8%)
	987	95.4%	(10.6%)
	1597	84.8%	(27.2%)
	2584	57.6%	(41%)
	4181	16.6%	(15.4%)
	6765	1.2%	(1.2%)

25000	avg = 42039, max = 113963, ops = 2329822 (1706073|4793958)
	233	100%	(0.1%)
	377	99.9%	(0.7%)
	610	99.2%	(2.2%)
	987	97%	(12.2%)
	1597	84.8%	(27.1%)
	2584	57.7%	(41.1%)
	4181	16.6%	(15%)
	6765	1.6%	(1.6%)

26000	avg = 42279, max = 113901, ops = 2320758 (1683688|4851306)
	233	100%	(0.1%)
	377	99.9%	(0.7%)
	610	99.2%	(2.4%)
	987	96.8%	(9.9%)
	1597	86.9%	(27.1%)
	2584	59.8%	(44.3%)
	4181	15.5%	(14.2%)
	6765	1.3%	(1.3%)

27000	avg = 43045, max = 128295, ops = 2329379 (1710997|4646934)
	233	100%	(0.1%)
	377	99.9%	(1%)
	610	98.9%	(2.8%)
	987	96.1%	(10.3%)
	1597	85.8%	(23.8%)
	2584	62%	(45%)
	4181	17%	(15.9%)
	6765	1.1%	(1.1%)

28000	avg = 43561, max = 129277, ops = 2372770 (1747429|4825915)
	55	100%	(0.1%)
	233	99.9%	(0.2%)
	377	99.7%	(0.6%)
	610	99.1%	(2.6%)
	987	96.5%	(9.8%)
	1597	86.7%	(26.2%)
	2584	60.5%	(42.3%)
	4181	18.2%	(16.3%)
	6765	1.9%	(1.9%)

29000	avg = 44245, max = 116584, ops = 2415833 (1741922|5308497)
	233	100%	(0.2%)
	377	99.8%	(0.7%)
	610	99.1%	(1.9%)
	987	97.2%	(10.7%)
	1597	86.5%	(24.4%)
	2584	62.1%	(42.9%)
	4181	19.2%	(17.2%)
	6765	2%	(2%)

30000	avg = 44580, max = 126585, ops = 2386002 (1748049|5042602)
	144	100%	(0.1%)
	233	99.9%	(0.2%)
	377	99.7%	(0.6%)
	610	99.1%	(2%)
	987	97.1%	(9.2%)
	1597	87.9%	(24.7%)
	2584	63.2%	(44.8%)
	4181	18.4%	(16.2%)
	6765	2.2%	(2.2%)

31000	avg = 44944, max = 167254, ops = 2353624 (1722537|4856344)
	233	100%	(0.2%)
	377	99.8%	(0.4%)
	610	99.4%	(3.2%)
	987	96.2%	(10.2%)
	1597	86%	(21.9%)
	2584	64.1%	(45.1%)
	4181	19%	(15.9%)
	6765	3.1%	(3%)
	10946	0.1%	(0.1%)

32000	avg = 46009, max = 116986, ops = 2447014 (1835365|4692517)
	144	100%	(0.1%)
	233	99.9%	(0.1%)
	377	99.8%	(0.4%)
	610	99.4%	(2%)
	987	97.4%	(9.7%)
	1597	87.7%	(24.1%)
	2584	63.6%	(41.5%)
	4181	22.1%	(18.5%)
	6765	3.6%	(3.6%)

33000	avg = 46896, max = 120492, ops = 2512474 (1895778|4729497)
	233	100%	(0.1%)
	377	99.9%	(0.8%)
	610	99.1%	(1.8%)
	987	97.3%	(9.6%)
	1597	87.7%	(21%)
	2584	66.7%	(43.7%)
	4181	23%	(20%)
	6765	3%	(3%)

34000	avg = 48052, max = 165784, ops = 2528585 (1825253|5446866)
	144	100%	(0.1%)
	233	99.9%	(0.3%)
	377	99.6%	(0.2%)
	610	99.4%	(1.3%)
	987	98.1%	(8.9%)
	1597	89.2%	(20.8%)
	2584	68.4%	(45.6%)
	4181	22.8%	(19.1%)
	6765	3.7%	(3.5%)
	10946	0.2%	(0.2%)

35000	avg = 46633, max = 165563, ops = 2521996 (1856330|5008769)
	144	100%	(0.1%)
	233	99.9%	(0.1%)
	377	99.8%	(0.3%)
	610	99.5%	(3.3%)
	987	96.2%	(8.1%)
	1597	88.1%	(22.1%)
	2584	66%	(43.8%)
	4181	22.2%	(19.1%)
	6765	3.1%	(2.9%)
	10946	0.2%	(0.2%)

36000	avg = 47063, max = 155557, ops = 2470201 (1792104|4964539)
	233	100%	(0.1%)
	377	99.9%	(0.5%)
	610	99.4%	(2.1%)
	987	97.3%	(10.2%)
	1597	87.1%	(21.2%)
	2584	65.9%	(42.7%)
	4181	23.2%	(19.7%)
	6765	3.5%	(3.4%)
	10946	0.1%	(0.1%)

37000	avg = 49394, max = 135363, ops = 2529259 (1853116|4980011)
	233	100%	(0.3%)
	377	99.7%	(0.6%)
	610	99.1%	(1.9%)
	987	97.2%	(8.3%)
	1597	88.9%	(20.1%)
	2584	68.8%	(42%)
	4181	26.8%	(22.5%)
	6765	4.3%	(4.3%)

38000	avg = 47363, max = 136235, ops = 2519191 (1843583|5077567)
	233	100%	(0.2%)
	377	99.8%	(0.3%)
	610	99.5%	(1.6%)
	987	97.9%	(9.7%)
	1597	88.2%	(23.9%)
	2584	64.3%	(41.4%)
	4181	22.9%	(18.9%)
	6765	4%	(4%)

2048-Demo: ./2584 --total=100000 --block=1000 --limit=1000 --play=load=weights.bin save=weights.bin alpha=0.0025 

1000	avg = 9936, max = 37814, ops = 2415092 (1805531|5309766)
	55	100%	(0.1%)
	89	99.9%	(0.4%)
	144	99.5%	(3.1%)
	233	96.4%	(8.7%)
	377	87.7%	(21.4%)
	610	66.3%	(34.3%)
	987	32%	(26.2%)
	1597	5.8%	(5.6%)
	2584	0.2%	(0.2%)

2000	avg = 15631, max = 41975, ops = 2544668 (1857689|5482944)
	144	100%	(0.3%)
	233	99.7%	(1.4%)
	377	98.3%	(6.7%)
	610	91.6%	(23.3%)
	987	68.3%	(46.8%)
	1597	21.5%	(20.4%)
	2584	1.1%	(1.1%)

3000	avg = 18325, max = 43864, ops = 2698536 (2018983|5396024)
	144	100%	(0.1%)
	233	99.9%	(1%)
	377	98.9%	(6.3%)
	610	92.6%	(16.6%)
	987	76%	(38.2%)
	1597	37.8%	(35.1%)
	2584	2.7%	(2.7%)

4000	avg = 21180, max = 49719, ops = 2747517 (2045105|5584585)
	89	100%	(0.1%)
	144	99.9%	(0.3%)
	233	99.6%	(0.8%)
	377	98.8%	(3.8%)
	610	95%	(14.2%)
	987	80.8%	(29.4%)
	1597	51.4%	(43.9%)
	2584	7.5%	(7.5%)

5000	avg = 22877, max = 62749, ops = 2687572 (2071838|5037619)
	144	100%	(0.1%)
	233	99.9%	(1.2%)
	377	98.7%	(2.4%)
	610	96.3%	(12.3%)
	987	84%	(28.4%)
	1597	55.6%	(43.8%)
	2584	11.8%	(11.6%)
	4181	0.2%	(0.2%)

6000	avg = 24154, max = 62861, ops = 2430780 (1738835|5177402)
	144	100%	(0.2%)
	233	99.8%	(0.9%)
	377	98.9%	(3.8%)
	610	95.1%	(10.7%)
	987	84.4%	(25.2%)
	1597	59.2%	(42%)
	2584	17.2%	(16.8%)
	4181	0.4%	(0.4%)

7000	avg = 25748, max = 70971, ops = 2377649 (1734411|4833853)
	233	100%	(0.7%)
	377	99.3%	(3.4%)
	610	95.9%	(9.6%)
	987	86.3%	(21.8%)
	1597	64.5%	(45.7%)
	2584	18.8%	(17.7%)
	4181	1.1%	(1.1%)

8000	avg = 26521, max = 65681, ops = 2358820 (1662634|5185044)
	233	100%	(0.6%)
	377	99.4%	(3.2%)
	610	96.2%	(9.6%)
	987	86.6%	(21.4%)
	1597	65.2%	(42.6%)
	2584	22.6%	(20.8%)
	4181	1.8%	(1.8%)

9000	avg = 29788, max = 74950, ops = 2246011 (1618325|4776011)
	233	100%	(0.6%)
	377	99.4%	(2.3%)
	610	97.1%	(7.1%)
	987	90%	(18.3%)
	1597	71.7%	(40.9%)
	2584	30.8%	(27.6%)
	4181	3.2%	(3.2%)

10000	avg = 31725, max = 91625, ops = 2401959 (1754156|5118816)
	233	100%	(0.5%)
	377	99.5%	(2.3%)
	610	97.2%	(5.8%)
	987	91.4%	(17.9%)
	1597	73.5%	(36%)
	2584	37.5%	(32.7%)
	4181	4.8%	(4.7%)
	6765	0.1%	(0.1%)

11000	avg = 33303, max = 112093, ops = 2451760 (1816533|4746997)
	233	100%	(0.7%)
	377	99.3%	(1.5%)
	610	97.8%	(5.5%)
	987	92.3%	(16.5%)
	1597	75.8%	(34.8%)
	2584	41%	(33.8%)
	4181	7.2%	(6.9%)
	6765	0.3%	(0.3%)

12000	avg = 33660, max = 98646, ops = 2384468 (1732897|5039758)
	233	100%	(0.4%)
	377	99.6%	(1.5%)
	610	98.1%	(5.9%)
	987	92.2%	(17%)
	1597	75.2%	(33.8%)
	2584	41.4%	(33.5%)
	4181	7.9%	(7.8%)
	6765	0.1%	(0.1%)

13000	avg = 34288, max = 101768, ops = 2405494 (1759307|4997054)
	233	100%	(0.4%)
	377	99.6%	(0.8%)
	610	98.8%	(4.1%)
	987	94.7%	(18.7%)
	1597	76%	(34.3%)
	2584	41.7%	(33.4%)
	4181	8.3%	(8.1%)
	6765	0.2%	(0.2%)

14000	avg = 35095, max = 103717, ops = 2414032 (1760291|4920877)
	233	100%	(0.4%)
	377	99.6%	(1.6%)
	610	98%	(3.9%)
	987	94.1%	(16%)
	1597	78.1%	(34.3%)
	2584	43.8%	(35%)
	4181	8.8%	(8.6%)
	6765	0.2%	(0.2%)

15000	avg = 36334, max = 108577, ops = 2350681 (1689027|5083581)
	233	100%	(0.2%)
	377	99.8%	(1.5%)
	610	98.3%	(3.9%)
	987	94.4%	(16.7%)
	1597	77.7%	(31.4%)
	2584	46.3%	(35.9%)
	4181	10.4%	(9.7%)
	6765	0.7%	(0.7%)

16000	avg = 35469, max = 109392, ops = 2415581 (1727797|5175339)
	89	100%	(0.1%)
	233	99.9%	(0.4%)
	377	99.5%	(1.1%)
	610	98.4%	(4%)
	987	94.4%	(17.1%)
	1597	77.3%	(33.4%)
	2584	43.9%	(35.1%)
	4181	8.8%	(8.5%)
	6765	0.3%	(0.3%)

17000	avg = 37696, max = 111062, ops = 2461174 (1812103|5005399)
	144	100%	(0.1%)
	233	99.9%	(0.1%)
	377	99.8%	(1.1%)
	610	98.7%	(4.1%)
	987	94.6%	(13.8%)
	1597	80.8%	(33%)
	2584	47.8%	(35.4%)
	4181	12.4%	(11.9%)
	6765	0.5%	(0.5%)

18000	avg = 38300, max = 116035, ops = 2289991 (1642066|4987365)
	144	100%	(0.1%)
	233	99.9%	(0.2%)
	377	99.7%	(0.6%)
	610	99.1%	(4.4%)
	987	94.7%	(12.4%)
	1597	82.3%	(31.7%)
	2584	50.6%	(38.7%)
	4181	11.9%	(11.2%)
	6765	0.7%	(0.7%)

19000	avg = 39126, max = 107775, ops = 2372606 (1748968|4842131)
	144	100%	(0.1%)
	233	99.9%	(0.3%)
	377	99.6%	(1%)
	610	98.6%	(2.6%)
	987	96%	(15.1%)
	1597	80.9%	(28.3%)
	2584	52.6%	(39.1%)
	4181	13.5%	(12.4%)
	6765	1.1%	(1.1%)

20000	avg = 39592, max = 120666, ops = 2410568 (1740126|4966099)
	233	100%	(0.5%)
	377	99.5%	(1.1%)
	610	98.4%	(3.6%)
	987	94.8%	(12.6%)
	1597	82.2%	(30.1%)
	2584	52.1%	(37.6%)
	4181	14.5%	(13.2%)
	6765	1.3%	(1.3%)

21000	avg = 39926, max = 114978, ops = 2469566 (1831210|4897180)
	233	100%	(0.2%)
	377	99.8%	(0.8%)
	610	99%	(3.1%)
	987	95.9%	(11.4%)
	1597	84.5%	(29.8%)
	2584	54.7%	(41.1%)
	4181	13.6%	(12.2%)
	6765	1.4%	(1.4%)

22000	avg = 41115, max = 111643, ops = 2374773 (1719891|4971612)
	89	100%	(0.1%)
	233	99.9%	(0.1%)
	377	99.8%	(0.7%)
	610	99.1%	(3.6%)
	987	95.5%	(11%)
	1597	84.5%	(27.8%)
	2584	56.7%	(41.5%)
	4181	15.2%	(14.2%)
	6765	1%	(1%)

23000	avg = 40746, max = 107776, ops = 2345527 (1723665|4745626)
	144	100%	(0.1%)
	377	99.9%	(0.7%)
	610	99.2%	(2%)
	987	97.2%	(13.2%)
	1597	84%	(29.4%)
	2584	54.6%	(39.7%)
	4181	14.9%	(13.8%)
	6765	1.1%	(1.1%)

24000	avg = 41746, max = 128738, ops = 2380009 (1726419|4860259)
	233	100%	(0.3%)
	377	99.7%	(0.5%)
	610	99.2%	(3.8%)
	987	95.4%	(10.6%)
	1597	84.8%	(27.2%)
	2584	57.6%	(41%)
	4181	16.6%	(15.4%)
	6765	1.2%	(1.2%)

25000	avg = 42039, max = 113963, ops = 2585484 (1898594|5196296)
	233	100%	(0.1%)
	377	99.9%	(0.7%)
	610	99.2%	(2.2%)
	987	97%	(12.2%)
	1597	84.8%	(27.1%)
	2584	57.7%	(41.1%)
	4181	16.6%	(15%)
	6765	1.6%	(1.6%)

26000	avg = 42279, max = 113901, ops = 2636581 (1900797|5615350)
	233	100%	(0.1%)
	377	99.9%	(0.7%)
	610	99.2%	(2.4%)
	987	96.8%	(9.9%)
	1597	86.9%	(27.1%)
	2584	59.8%	(44.3%)
	4181	15.5%	(14.2%)
	6765	1.3%	(1.3%)

27000	avg = 43045, max = 128295, ops = 2631244 (1982353|5002471)
	233	100%	(0.1%)
	377	99.9%	(1%)
	610	98.9%	(2.8%)
	987	96.1%	(10.3%)
	1597	85.8%	(23.8%)
	2584	62%	(45%)
	4181	17%	(15.9%)
	6765	1.1%	(1.1%)

28000	avg = 43561, max = 129277, ops = 2438894 (1774629|4998956)
	55	100%	(0.1%)
	233	99.9%	(0.2%)
	377	99.7%	(0.6%)
	610	99.1%	(2.6%)
	987	96.5%	(9.8%)
	1597	86.7%	(26.2%)
	2584	60.5%	(42.3%)
	4181	18.2%	(16.3%)
	6765	1.9%	(1.9%)

29000	avg = 44245, max = 116584, ops = 2402902 (1736372|5116366)
	233	100%	(0.2%)
	377	99.8%	(0.7%)
	610	99.1%	(1.9%)
	987	97.2%	(10.7%)
	1597	86.5%	(24.4%)
	2584	62.1%	(42.9%)
	4181	19.2%	(17.2%)
	6765	2%	(2%)

30000	avg = 44580, max = 126585, ops = 2470394 (1807277|5003207)
	144	100%	(0.1%)
	233	99.9%	(0.2%)
	377	99.7%	(0.6%)
	610	99.1%	(2%)
	987	97.1%	(9.2%)
	1597	87.9%	(24.7%)
	2584	63.2%	(44.8%)
	4181	18.4%	(16.2%)
	6765	2.2%	(2.2%)

31000	avg = 44944, max = 167254, ops = 2401149 (1736472|4893228)
	233	100%	(0.2%)
	377	99.8%	(0.4%)
	610	99.4%	(3.2%)
	987	96.2%	(10.2%)
	1597	86%	(21.9%)
	2584	64.1%	(45.1%)
	4181	19%	(15.9%)
	6765	3.1%	(3%)
	10946	0.1%	(0.1%)

32000	avg = 46009, max = 116986, ops = 2370384 (1784590|4709356)
	144	100%	(0.1%)
	233	99.9%	(0.1%)
	377	99.8%	(0.4%)
	610	99.4%	(2%)
	987	97.4%	(9.7%)
	1597	87.7%	(24.1%)
	2584	63.6%	(41.5%)
	4181	22.1%	(18.5%)
	6765	3.6%	(3.6%)

33000	avg = 46896, max = 120492, ops = 2495255 (1811712|5122614)
	233	100%	(0.1%)
	377	99.9%	(0.8%)
	610	99.1%	(1.8%)
	987	97.3%	(9.6%)
	1597	87.7%	(21%)
	2584	66.7%	(43.7%)
	4181	23%	(20%)
	6765	3%	(3%)

34000	avg = 48052, max = 165784, ops = 2401785 (1763913|5001274)
	144	100%	(0.1%)
	233	99.9%	(0.3%)
	377	99.6%	(0.2%)
	610	99.4%	(1.3%)
	987	98.1%	(8.9%)
	1597	89.2%	(20.8%)
	2584	68.4%	(45.6%)
	4181	22.8%	(19.1%)
	6765	3.7%	(3.5%)
	10946	0.2%	(0.2%)

35000	avg = 46633, max = 165563, ops = 2442313 (1791166|4958868)
	144	100%	(0.1%)
	233	99.9%	(0.1%)
	377	99.8%	(0.3%)
	610	99.5%	(3.3%)
	987	96.2%	(8.1%)
	1597	88.1%	(22.1%)
	2584	66%	(43.8%)
	4181	22.2%	(19.1%)
	6765	3.1%	(2.9%)
	10946	0.2%	(0.2%)

36000	avg = 47063, max = 155557, ops = 2573918 (1911577|5096843)
	233	100%	(0.1%)
	377	99.9%	(0.5%)
	610	99.4%	(2.1%)
	987	97.3%	(10.2%)
	1597	87.1%	(21.2%)
	2584	65.9%	(42.7%)
	4181	23.2%	(19.7%)
	6765	3.5%	(3.4%)
	10946	0.1%	(0.1%)

37000	avg = 49394, max = 135363, ops = 2536922 (1911502|4974096)
	233	100%	(0.3%)
	377	99.7%	(0.6%)
	610	99.1%	(1.9%)
	987	97.2%	(8.3%)
	1597	88.9%	(20.1%)
	2584	68.8%	(42%)
	4181	26.8%	(22.5%)
	6765	4.3%	(4.3%)

38000	avg = 47363, max = 136235, ops = 2510593 (1821171|5269298)
	233	100%	(0.2%)
	377	99.8%	(0.3%)
	610	99.5%	(1.6%)
	987	97.9%	(9.7%)
	1597	88.2%	(23.9%)
	2584	64.3%	(41.4%)
	4181	22.9%	(18.9%)
	6765	4%	(4%)

39000	avg = 48842, max = 155655, ops = 2466177 (1807057|5076784)
	144	100%	(0.1%)
	233	99.9%	(0.1%)
	377	99.8%	(0.5%)
	610	99.3%	(1.5%)
	987	97.8%	(7.6%)
	1597	90.2%	(20.6%)
	2584	69.6%	(44.9%)
	4181	24.7%	(21.1%)
	6765	3.6%	(3.5%)
	10946	0.1%	(0.1%)

40000	avg = 48123, max = 137667, ops = 2495980 (1853137|4997759)
	233	100%	(0.3%)
	377	99.7%	(0.4%)
	610	99.3%	(2.4%)
	987	96.9%	(9.8%)
	1597	87.1%	(19.7%)
	2584	67.4%	(43.7%)
	4181	23.7%	(18.5%)
	6765	5.2%	(5.2%)

41000	avg = 49585, max = 184490, ops = 2661091 (2000420|5204566)
	233	100%	(0.2%)
	377	99.8%	(0.4%)
	610	99.4%	(1.7%)
	987	97.7%	(8.9%)
	1597	88.8%	(19.4%)
	2584	69.4%	(42.6%)
	4181	26.8%	(22%)
	6765	4.8%	(4.6%)
	10946	0.2%	(0.2%)

42000	avg = 50482, max = 136682, ops = 2642487 (1947655|5247247)
	233	100%	(0.2%)
	377	99.8%	(0.1%)
	610	99.7%	(2.2%)
	987	97.5%	(7.5%)
	1597	90%	(19.1%)
	2584	70.9%	(43.5%)
	4181	27.4%	(22.6%)
	6765	4.8%	(4.8%)

43000	avg = 49031, max = 162299, ops = 2553127 (1885431|5015068)
	377	100%	(0.9%)
	610	99.1%	(1.7%)
	987	97.4%	(9.2%)
	1597	88.2%	(20.2%)
	2584	68%	(42.1%)
	4181	25.9%	(21.4%)
	6765	4.5%	(4.4%)
	10946	0.1%	(0.1%)

44000	avg = 51368, max = 167355, ops = 2507679 (1823441|5335470)
	233	100%	(0.1%)
	377	99.9%	(0.3%)
	610	99.6%	(1.8%)
	987	97.8%	(7.3%)
	1597	90.5%	(17.7%)
	2584	72.8%	(44.2%)
	4181	28.6%	(22.9%)
	6765	5.7%	(5.4%)
	10946	0.3%	(0.3%)

45000	avg = 51176, max = 176858, ops = 2442953 (1767557|5186244)
	89	100%	(0.1%)
	144	99.9%	(0.1%)
	233	99.8%	(0.1%)
	377	99.7%	(0.4%)
	610	99.3%	(1.9%)
	987	97.4%	(8.3%)
	1597	89.1%	(19.3%)
	2584	69.8%	(41.9%)
	4181	27.9%	(22.1%)
	6765	5.8%	(5.7%)
	10946	0.1%	(0.1%)

46000	avg = 52520, max = 188150, ops = 2337328 (1695800|5054614)
	144	100%	(0.1%)
	233	99.9%	(0.1%)
	377	99.8%	(0.1%)
	610	99.7%	(2.3%)
	987	97.4%	(8.2%)
	1597	89.2%	(18.6%)
	2584	70.6%	(38.9%)
	4181	31.7%	(24.5%)
	6765	7.2%	(6.7%)
	10946	0.5%	(0.5%)

47000	avg = 51996, max = 192680, ops = 2268555 (1632799|4819593)
	377	100%	(0.5%)
	610	99.5%	(1.2%)
	987	98.3%	(8.2%)
	1597	90.1%	(18.2%)
	2584	71.9%	(42.5%)
	4181	29.4%	(23.2%)
	6765	6.2%	(5.9%)
	10946	0.3%	(0.3%)

48000	avg = 52258, max = 212350, ops = 2527176 (1826636|5443906)
	377	100%	(0.3%)
	610	99.7%	(1.5%)
	987	98.2%	(6.8%)
	1597	91.4%	(18.6%)
	2584	72.8%	(44.3%)
	4181	28.5%	(22.2%)
	6765	6.3%	(6%)
	10946	0.3%	(0.3%)

49000	avg = 53593, max = 177758, ops = 2518107 (1847721|5082975)
	144	100%	(0.1%)
	233	99.9%	(0.1%)
	377	99.8%	(0.3%)
	610	99.5%	(1%)
	987	98.5%	(7.3%)
	1597	91.2%	(19.1%)
	2584	72.1%	(40.7%)
	4181	31.4%	(24%)
	6765	7.4%	(6.9%)
	10946	0.5%	(0.5%)

50000	avg = 52446, max = 176944, ops = 2513622 (1846775|4963121)
	233	100%	(0.1%)
	377	99.9%	(0.1%)
	610	99.8%	(1.3%)
	987	98.5%	(8.1%)
	1597	90.4%	(20.2%)
	2584	70.2%	(40.8%)
	4181	29.4%	(21.6%)
	6765	7.8%	(7.3%)
	10946	0.5%	(0.5%)

51000	avg = 53375, max = 173949, ops = 2508468 (1826778|5091013)
	144	100%	(0.1%)
	233	99.9%	(0.1%)
	377	99.8%	(0.4%)
	610	99.4%	(1.4%)
	987	98%	(8%)
	1597	90%	(19.1%)
	2584	70.9%	(38.9%)
	4181	32%	(23.5%)
	6765	8.5%	(8.4%)
	10946	0.1%	(0.1%)

52000	avg = 55357, max = 207767, ops = 2498981 (1837703|5202168)
	233	100%	(0.1%)
	377	99.9%	(0.6%)
	610	99.3%	(1.9%)
	987	97.4%	(9.1%)
	1597	88.3%	(15.4%)
	2584	72.9%	(38.1%)
	4181	34.8%	(25.9%)
	6765	8.9%	(8.4%)
	10946	0.5%	(0.5%)

53000	avg = 55289, max = 174048, ops = 2524378 (1845816|5257380)
	233	100%	(0.2%)
	377	99.8%	(0.7%)
	610	99.1%	(1.6%)
	987	97.5%	(6.9%)
	1597	90.6%	(16.9%)
	2584	73.7%	(40.5%)
	4181	33.2%	(24%)
	6765	9.2%	(8.7%)
	10946	0.5%	(0.5%)

