B<< HollowNoGo-Demo: /home/sciencethebird/Desktop/TCG_2021/Project_4/pj-4-judge-v1/./nogo --shell --name=Hollow-Black --black=search=MCTS total_time=28000 worker=16 exploration=0.5 
B<< 
B<< 28000, 42.1296
B<< time: 1516
B>> protocol_version
B<< time: 1474
B<< time: 1432
B<< time: 1390
B<< time: 1348
B<< time: 1306
B<< time: 1263
B<< time: 1221
B<< time: 1179
B<< time: 1137
B<< time: 1095
B<< time: 1053
B<< time: 1011
B<< time: 968
B<< time: 926
B<< time: 884
B<< time: 842
B<< time: 800
B<< time: 758
B<< time: 716
B<< time: 674
B<< time: 631
B<< time: 589
B<< time: 547
B<< time: 505
B<< time: 463
B<< time: 421
B<< time: 379
B<< time: 337
B<< time: 294
B<< time: 252
B<< time: 210
B<< time: 168
B<< time: 126
B<< time: 84
B<< time: 42
B<< = 2
B<< 
B>> name
B<< = Hollow-Black
B<< 
B>> version
B<< = 2021
B<< 
B>> list_commands
B<< = play
B<< genmove
B<< clear_board
B<< showboard
B<< boardsize
B<< name
B<< version
B<< protocol_version
B<< list_commands
B<< quit
B<< 
B<< 
W>> protocol_version
Connect failed; retrying in 5 sec...
Connect failed; retrying in 5 sec...
java.net.ConnectException:
Connection refused (Connection refused)
W>> name
W>> version
W>> list_commands
The Go program terminated unexpectedly.
