B>> protocol_version
B<< HollowNoGo-Demo: ./nogo --shell --name=Hollow --white=search=MCTS N=10000 worker=16 exploration=0.5 --black=search=MCTS N=10000 worker=16 exploration=0.5 
B<< 
B<< = 2
B<< 
B>> name
B<< = Hollow
B<< 
B>> version
B<< = 2021
B<< 
B>> list_commands
B<< = play
B<< genmove
B<< clear_board
B<< showboard
B<< boardsize
B<< name
B<< version
B<< protocol_version
B<< list_commands
B<< quit
B<< 
B<< 
W>> protocol_version
W<< HollowNoGo-Demo: /home/sciencethebird/Desktop/TCG_2021/Project_4/pj-4-judge-v1/./nogo --shell --name=Hollow-White --white=search=MCTS total_time=280000 worker=16 exploration=0.5 
W<< 
W<< 280000, 421.296
W<< time: 15166
W<< time: 14745
W<< time: 14324
W<< time: 13902
W<< time: 13481
W<< time: 13060
W<< time: 12638
W<< time: 12217
W<< time: 11796
W<< time: 11375
W<< time: 10953
W<< time: 10532
W<< time: 10111
W<< time: 9689
W<< time: 9268
W<< time: 8847
W<< time: 8425
W<< time: 8004
W<< time: 7583
W<< time: 7162
W<< time: 6740
W<< time: 6319
W<< time: 5898
W<< time: 5476
W<< time: 5055
W<< time: 4634
W<< time: 4212
W<< time: 3791
W<< time: 3370
W<< time: 2949
W<< time: 2527
W<< time: 2106
W<< time: 1685
W<< time: 1263
W<< time: 842
W<< time: 421
W<< = 2
W<< 
W>> name
W<< = Hollow-White
W<< 
W>> version
W<< = 2021
W<< 
W>> list_commands
W<< = play
W<< genmove
W<< clear_board
W<< showboard
W<< boardsize
W<< name
W<< version
W<< protocol_version
W<< list_commands
W<< quit
W<< 
W<< 
B>> boardsize 9
B<< = 
B<< 
B>> clear_board
B<< = 
B<< 
W>> boardsize 9
W<< = 
W<< 
W>> clear_board
W<< = 
W<< 
============================================
Game 0
============================================
B>> boardsize 9
B<< = 
B<< 
B>> clear_board
B<< = 
B<< 
W>> boardsize 9
W<< = 
W<< 
W>> clear_board
W<< = 
W<< 
B>> genmove b
B<< MCTS: 10001 simulation done, duration: 971
B<< MCTS: 10001 simulation done, duration: 1008
B<< MCTS: 10001 simulation done, duration: 1013
B<< MCTS: 10001 simulation done, duration: 1013
B<< MCTS: 10001 simulation done, duration: 1014
B<< MCTS: 10001 simulation done, duration: 1014
B<< MCTS: 10001 simulation done, duration: 1014
B<< MCTS: 10001 simulation done, duration: 1015
B<< MCTS: 10001 simulation done, duration: 1016
B<< MCTS: 10001 simulation done, duration: 1017
B<< MCTS: 10001 simulation done, duration: 1017
B<< MCTS: 10001 simulation done, duration: 1017
B<< MCTS: 10001 simulation done, duration: 1036
B<< MCTS: 10001 simulation done, duration: 1130
B<< MCTS: 10001 simulation done, duration: 1264
B<< MCTS: 10001 simulation done, duration: 1268
B<< = D3
B<< 
W>> play B D3
W<< = 
W<< 
W>> genmove w
W<< MCTS: 170189 simulation done, duration: 15167
W<< MCTS: 168507 simulation done, duration: 15167
W<< MCTS: 170073 simulation done, duration: 15167
W<< MCTS: 168103 simulation done, duration: 15167
W<< MCTS: 168668 simulation done, duration: 15167
W<< MCTS: 165780 simulation done, duration: 15167
W<< MCTS: 172864 simulation done, duration: 15167
W<< MCTS: 168067 simulation done, duration: 15167
W<< MCTS: 173993 simulation done, duration: 15167
W<< MCTS: 169499 simulation done, duration: 15167
W<< MCTS: 168054 simulation done, duration: 15167
W<< MCTS: 171985 simulation done, duration: 15167
W<< MCTS: 171292 simulation done, duration: 15167
W<< MCTS: 176558 simulation done, duration: 15167
W<< MCTS: 163142 simulation done, duration: 15167
W<< MCTS: 169243 simulation done, duration: 15167
W<< step: 0
W<< best action;W[ba]best count: 57406
W<< memory release time: 771
W<< = B9
W<< 
B>> play W B9
B<< = 
B<< 
B>> genmove b
B<< MCTS: 10001 simulation done, duration: 949
B<< MCTS: 10001 simulation done, duration: 1008
B<< MCTS: 10001 simulation done, duration: 1016
B<< MCTS: 10001 simulation done, duration: 1017
B<< MCTS: 10001 simulation done, duration: 1028
B<< MCTS: 10001 simulation done, duration: 1041
B<< MCTS: 10001 simulation done, duration: 1062
B<< MCTS: 10001 simulation done, duration: 1071
B<< MCTS: 10001 simulation done, duration: 1072
B<< MCTS: 10001 simulation done, duration: 1077
B<< MCTS: 10001 simulation done, duration: 1079
B<< MCTS: 10001 simulation done, duration: 1093
B<< MCTS: 10001 simulation done, duration: 1158
B<< MCTS: 10001 simulation done, duration: 1171
B<< MCTS: 10001 simulation done, duration: 1179
B<< MCTS: 10001 simulation done, duration: 1219
B<< = G8
B<< 
W>> play B G8
W<< = 
W<< 
W>> genmove w
W<< MCTS: 158436 simulation done, duration: 14746
W<< MCTS: 163209 simulation done, duration: 14746
W<< MCTS: 167894 simulation done, duration: 14746
W<< MCTS: 164174 simulation done, duration: 14746
W<< MCTS: 165140 simulation done, duration: 14746
W<< MCTS: 162197 simulation done, duration: 14746
W<< MCTS: 164907 simulation done, duration: 14746
W<< MCTS: 172051 simulation done, duration: 14746
W<< MCTS: 169039 simulation done, duration: 14746
W<< MCTS: 170473 simulation done, duration: 14746
W<< MCTS: 170719 simulation done, duration: 14746
W<< MCTS: 161758 simulation done, duration: 14746
W<< MCTS: 162988 simulation done, duration: 14746
W<< MCTS: 156866 simulation done, duration: 14746
W<< MCTS: 173460 simulation done, duration: 14746
W<< MCTS: 167582 simulation done, duration: 14746
W<< step: 1
W<< best action;W[ab]best count: 97540
W<< memory release time: 793
W<< = A8
W<< 
B>> play W A8
B<< = 
B<< 
B>> genmove b
B<< MCTS: 10001 simulation done, duration: 970
B<< MCTS: 10001 simulation done, duration: 997
B<< MCTS: 10001 simulation done, duration: 1017
B<< MCTS: 10001 simulation done, duration: 1022
B<< MCTS: 10001 simulation done, duration: 1022
B<< MCTS: 10001 simulation done, duration: 1025
B<< MCTS: 10001 simulation done, duration: 1024
B<< MCTS: 10001 simulation done, duration: 1025
B<< MCTS: 10001 simulation done, duration: 1051
B<< MCTS: 10001 simulation done, duration: 1053
B<< MCTS: 10001 simulation done, duration: 1074
B<< MCTS: 10001 simulation done, duration: 1088
B<< MCTS: 10001 simulation done, duration: 1136
B<< MCTS: 10001 simulation done, duration: 1136
B<< MCTS: 10001 simulation done, duration: 1245
B<< MCTS: 10001 simulation done, duration: 1247
B<< = H7
B<< 
W>> play B H7
W<< = 
W<< 
W>> genmove w
W<< MCTS: 174600 simulation done, duration: 14325
W<< MCTS: 161158 simulation done, duration: 14325
W<< MCTS: 164672 simulation done, duration: 14325
W<< MCTS: 165541 simulation done, duration: 14325
W<< MCTS: 162476 simulation done, duration: 14325
W<< MCTS: 172007 simulation done, duration: 14325
W<< MCTS: 168600 simulation done, duration: 14325
W<< MCTS: 170943 simulation done, duration: 14325
W<< MCTS: 160140 simulation done, duration: 14325
W<< MCTS: 161575 simulation done, duration: 14325
W<< MCTS: 159098 simulation done, duration: 14325
W<< MCTS: 161402 simulation done, duration: 14325
W<< MCTS: 154639 simulation done, duration: 14325
W<< MCTS: 155763 simulation done, duration: 14325
W<< MCTS: 164785 simulation done, duration: 14325
W<< MCTS: 164677 simulation done, duration: 14325
W<< step: 2
W<< best action;W[ai]best count: 55220
W<< memory release time: 630
W<< = A1
W<< 
B>> play W A1
B<< = 
B<< 
B>> genmove b
B<< MCTS: 10001 simulation done, duration: 932
B<< MCTS: 10001 simulation done, duration: 1016
B<< MCTS: 10001 simulation done, duration: 1022
B<< MCTS: 10001 simulation done, duration: 1025
B<< MCTS: 10001 simulation done, duration: 1028
B<< MCTS: 10001 simulation done, duration: 1064
B<< MCTS: 10001 simulation done, duration: 1065
B<< MCTS: 10001 simulation done, duration: 1071
B<< MCTS: 10001 simulation done, duration: 1073
B<< MCTS: 10001 simulation done, duration: 1076
B<< MCTS: 10001 simulation done, duration: 1078
B<< MCTS: 10001 simulation done, duration: 1079
B<< MCTS: 10001 simulation done, duration: 1194
B<< MCTS: 10001 simulation done, duration: 1196
B<< MCTS: 10001 simulation done, duration: 1277
B<< MCTS: 10001 simulation done, duration: 1276
B<< = F7
B<< 
W>> play B F7
W<< = 
W<< 
W>> genmove w
