B<< HollowNoGo-Demo: /home/sciencethebird/Desktop/TCG_2021/Project_4/pj-4-judge-v1/./nogo --shell --name=Hollow-Black --black=search=MCTS N=10000 worker=1 exploration=0.5 
B<< 
B>> protocol_version
B<< = 2
B<< 
B>> name
B<< = Hollow-Black
B<< 
B>> version
B<< = 2021
B<< 
B>> list_commands
B<< = play
B<< genmove
B<< clear_board
B<< showboard
B<< boardsize
B<< name
B<< version
B<< protocol_version
B<< list_commands
B<< quit
B<< 
B<< 
W>> protocol_version
W<< HollowNoGo-Demo: ./nogo --shell --name=Hollow --white=search=MCTS N=10000 worker=1 exploration=0.5 --black=search=MCTS N=10000 worker=1 exploration=0.5 
W<< 
W<< = 2
W<< 
W>> name
W<< = Hollow
W<< 
W>> version
W<< = 2021
W<< 
W>> list_commands
W<< = play
W<< genmove
W<< clear_board
W<< showboard
W<< boardsize
W<< name
W<< version
W<< protocol_version
W<< list_commands
W<< quit
W<< 
W<< 
B>> boardsize 9
B<< = 
B<< 
B>> clear_board
B<< = 
B<< 
W>> boardsize 9
W<< = 
W<< 
W>> clear_board
W<< = 
W<< 
============================================
Game 0
============================================
B>> boardsize 9
B<< = 
B<< 
B>> clear_board
B<< = 
B<< 
W>> boardsize 9
W<< = 
W<< 
W>> clear_board
W<< = 
W<< 
B>> genmove b
B<< = A3
B<< 
W>> play B A3
W<< = 
W<< 
W>> genmove w
W<< MCTS: 10001 simulation done, duration: 1042
W<< action: ;W[ai] , ac: 232
W<< action: ;W[ah] , ac: 71
W<< action: ;W[af] , ac: 52
W<< action: ;W[ae] , ac: 151
W<< action: ;W[ad] , ac: 128
W<< action: ;W[ac] , ac: 134
W<< action: ;W[ab] , ac: 187
W<< action: ;W[aa] , ac: 217
W<< action: ;W[bi] , ac: 114
W<< action: ;W[bh] , ac: 73
W<< action: ;W[bg] , ac: 171
W<< action: ;W[bf] , ac: 192
W<< action: ;W[be] , ac: 163
W<< action: ;W[bd] , ac: 141
W<< action: ;W[bc] , ac: 34
W<< action: ;W[bb] , ac: 212
W<< action: ;W[ba] , ac: 171
W<< action: ;W[ci] , ac: 60
W<< action: ;W[ch] , ac: 132
W<< action: ;W[cg] , ac: 178
W<< action: ;W[cf] , ac: 91
W<< action: ;W[ce] , ac: 132
W<< action: ;W[cd] , ac: 62
W<< action: ;W[cc] , ac: 156
W<< action: ;W[cb] , ac: 161
W<< action: ;W[ca] , ac: 166
W<< action: ;W[di] , ac: 221
W<< action: ;W[dh] , ac: 26
W<< action: ;W[dg] , ac: 78
W<< action: ;W[dc] , ac: 304
W<< action: ;W[db] , ac: 95
W<< action: ;W[da] , ac: 232
W<< action: ;W[ei] , ac: 171
W<< action: ;W[eh] , ac: 78
W<< action: ;W[eg] , ac: 116
W<< action: ;W[ec] , ac: 199
W<< action: ;W[eb] , ac: 153
W<< action: ;W[ea] , ac: 137
W<< action: ;W[fi] , ac: 170
W<< action: ;W[fh] , ac: 185
W<< action: ;W[fg] , ac: 125
W<< action: ;W[fc] , ac: 149
W<< action: ;W[fb] , ac: 135
W<< action: ;W[fa] , ac: 195
W<< action: ;W[gi] , ac: 121
W<< action: ;W[gh] , ac: 56
W<< action: ;W[gg] , ac: 40
W<< action: ;W[gf] , ac: 135
W<< action: ;W[ge] , ac: 78
W<< action: ;W[gd] , ac: 212
W<< action: ;W[gc] , ac: 65
W<< action: ;W[gb] , ac: 56
W<< action: ;W[ga] , ac: 190
W<< action: ;W[hi] , ac: 125
W<< action: ;W[hh] , ac: 190
W<< action: ;W[hg] , ac: 264
W<< action: ;W[hf] , ac: 149
W<< action: ;W[he] , ac: 132
W<< action: ;W[hd] , ac: 112
W<< action: ;W[hc] , ac: 78
W<< action: ;W[hb] , ac: 121
W<< action: ;W[ha] , ac: 156
W<< action: ;W[ii] , ac: 128
W<< action: ;W[ih] , ac: 144
W<< action: ;W[ig] , ac: 96
W<< action: ;W[if] , ac: 130
W<< action: ;W[ie] , ac: 302
W<< action: ;W[id] , ac: 113
W<< action: ;W[ic] , ac: 120
W<< action: ;W[ib] , ac: 168
W<< action: ;W[ia] , ac: 170
W<< = D7
W<< 
B>> play W D7
B<< = 
B<< 
B>> genmove b
