B<< HollowNoGo-Demo: /home/sciencethebird/Desktop/TCG_2021/Project_4/pj-4-judge-v1/./nogo --shell --name=Hollow-Black --black=search=MCTS total_time=60000 worker=8 exploration=0.5 
B<< 
B<< 60000, 90.2778
B<< time: 3250
B<< time: 3159
B<< time: 3069
B<< time: 2979
B<< time: 2888
B<< time: 2798
B>> protocol_version
B<< time: 2708
B<< time: 2618
B<< time: 2527
B<< time: 2437
B<< time: 2347
B<< time: 2256
B<< time: 2166
B<< time: 2076
B<< time: 1986
B<< time: 1895
B<< time: 1805
B<< time: 1715
B<< time: 1625
B<< time: 1534
B<< time: 1444
B<< time: 1354
B<< time: 1263
B<< time: 1173
B<< time: 1083
B<< time: 993
B<< time: 902
B<< time: 812
B<< time: 722
B<< time: 631
B<< time: 541
B<< time: 451
B<< time: 361
B<< time: 270
B<< time: 180
B<< time: 90
B<< = 2
B<< 
B>> name
B<< = Hollow-Black
B<< 
B>> version
B<< = 2021
B<< 
B>> list_commands
B<< = play
B<< genmove
B<< clear_board
B<< showboard
B<< boardsize
B<< name
B<< version
B<< protocol_version
B<< list_commands
B<< quit
B<< 
B<< 
W>> protocol_version
W<< HollowNoGo-Demo: ./nogo --shell --name=Hollow --white=search=MCTS N=10000 worker=16 exploration=0.5 --black=search=MCTS N=10000 worker=16 exploration=0.5 
W<< 
W<< = 2
W<< 
W>> name
W<< = Hollow
W<< 
W>> version
W<< = 2021
W<< 
W>> list_commands
W<< = play
W<< genmove
W<< clear_board
W<< showboard
W<< boardsize
W<< name
W<< version
W<< protocol_version
W<< list_commands
W<< quit
W<< 
W<< 
B>> boardsize 9
B<< = 
B<< 
B>> clear_board
B<< = 
B<< 
W>> boardsize 9
W<< = 
W<< 
W>> clear_board
W<< = 
W<< 
============================================
Game 0
============================================
B>> boardsize 9
B<< = 
B<< 
B>> clear_board
B<< = 
B<< 
W>> boardsize 9
W<< = 
W<< 
W>> clear_board
W<< = 
W<< 
B>> genmove b
B<< MCTS: 52294 simulation done, duration: 3251
B<< MCTS: 51963 simulation done, duration: 3251
B<< MCTS: 55158 simulation done, duration: 3251
B<< MCTS: 51713 simulation done, duration: 3251
B<< MCTS: 54831 simulation done, duration: 3251
B<< MCTS: 51013 simulation done, duration: 3251
B<< MCTS: 51001 simulation done, duration: 3251
B<< MCTS: 52183 simulation done, duration: 3251
B<< step: 0
B<< best action;B[aa]best count: 9445
B<< memory release time: 108
B<< = A9
B<< 
W>> play B A9
W<< = 
W<< 
W>> genmove w
W<< MCTS: 10001 simulation done, duration: 938
W<< MCTS: 10001 simulation done, duration: 1009
W<< MCTS: 10001 simulation done, duration: 1009
W<< MCTS: 10001 simulation done, duration: 1011
W<< MCTS: 10001 simulation done, duration: 1015
W<< MCTS: 10001 simulation done, duration: 1016
W<< MCTS: 10001 simulation done, duration: 1018
W<< MCTS: 10001 simulation done, duration: 1020
W<< MCTS: 10001 simulation done, duration: 1017
W<< MCTS: 10001 simulation done, duration: 1050
W<< MCTS: 10001 simulation done, duration: 1076
W<< MCTS: 10001 simulation done, duration: 1104
W<< MCTS: 10001 simulation done, duration: 1105
W<< MCTS: 10001 simulation done, duration: 1135
W<< MCTS: 10001 simulation done, duration: 1270
W<< MCTS: 10001 simulation done, duration: 1285
W<< = A2
W<< 
B>> play W A2
B<< = 
B<< 
B>> genmove b
B<< MCTS: 55908 simulation done, duration: 3160
B<< MCTS: 54338 simulation done, duration: 3160
B<< MCTS: 53671 simulation done, duration: 3160
B<< MCTS: 53731 simulation done, duration: 3160
B<< MCTS: 53189 simulation done, duration: 3160
B<< MCTS: 51455 simulation done, duration: 3160
B<< MCTS: 48220 simulation done, duration: 3160
B<< MCTS: 49593 simulation done, duration: 3160
B<< step: 1
B<< best action;B[ai]best count: 9083
B<< memory release time: 125
B<< = A1
B<< 
W>> play B A1
W<< = 
W<< 
W>> genmove w
W<< MCTS: 10001 simulation done, duration: 950
W<< MCTS: 10001 simulation done, duration: 1001
W<< MCTS: 10001 simulation done, duration: 1014
W<< MCTS: 10001 simulation done, duration: 1014
W<< MCTS: 10001 simulation done, duration: 1015
W<< MCTS: 10001 simulation done, duration: 1016
W<< MCTS: 10001 simulation done, duration: 1017
W<< MCTS: 10001 simulation done, duration: 1017
W<< MCTS: 10001 simulation done, duration: 1043
W<< MCTS: 10001 simulation done, duration: 1047
W<< MCTS: 10001 simulation done, duration: 1054
W<< MCTS: 10001 simulation done, duration: 1064
W<< MCTS: 10001 simulation done, duration: 1132
W<< MCTS: 10001 simulation done, duration: 1155
W<< MCTS: 10001 simulation done, duration: 1225
W<< MCTS: 10001 simulation done, duration: 1247
W<< = G4
W<< 
B>> play W G4
B<< = 
B<< 
B>> genmove b
B<< MCTS: 51900 simulation done, duration: 3070
B<< MCTS: 52724 simulation done, duration: 3070
B<< MCTS: 52112 simulation done, duration: 3070
B<< MCTS: 51798 simulation done, duration: 3070
B<< MCTS: 52073 simulation done, duration: 3070
B<< MCTS: 52966 simulation done, duration: 3070
B<< MCTS: 53718 simulation done, duration: 3070
B<< MCTS: 53806 simulation done, duration: 3070
B<< step: 2
B<< best action;B[ac]best count: 9761
B<< memory release time: 93
B<< = A7
B<< 
W>> play B A7
W<< = 
W<< 
W>> genmove w
W<< MCTS: 10001 simulation done, duration: 1004
W<< MCTS: 10001 simulation done, duration: 1016
W<< MCTS: 10001 simulation done, duration: 1016
W<< MCTS: 10001 simulation done, duration: 1016
W<< MCTS: 10001 simulation done, duration: 1016
W<< MCTS: 10001 simulation done, duration: 1023
W<< MCTS: 10001 simulation done, duration: 1037
W<< MCTS: 10001 simulation done, duration: 1051
W<< MCTS: 10001 simulation done, duration: 1055
W<< MCTS: 10001 simulation done, duration: 1057
W<< MCTS: 10001 simulation done, duration: 1069
W<< MCTS: 10001 simulation done, duration: 1072
W<< MCTS: 10001 simulation done, duration: 1073
W<< MCTS: 10001 simulation done, duration: 1125
W<< MCTS: 10001 simulation done, duration: 1175
W<< MCTS: 10001 simulation done, duration: 1211
W<< = H1
W<< 
B>> play W H1
B<< = 
B<< 
B>> genmove b
B<< MCTS: 52886 simulation done, duration: 2980
B<< MCTS: 51739 simulation done, duration: 2980
B<< MCTS: 52765 simulation done, duration: 2980
B<< MCTS: 52584 simulation done, duration: 2980
B<< MCTS: 51970 simulation done, duration: 2980
B<< MCTS: 50633 simulation done, duration: 2980
B<< MCTS: 51797 simulation done, duration: 2980
B<< MCTS: 51380 simulation done, duration: 2980
B<< step: 3
B<< best action;B[ii]best count: 13186
B<< memory release time: 103
B<< = J1
B<< 
W>> play B J1
W<< = 
W<< 
W>> genmove w
W<< MCTS: 10001 simulation done, duration: 998
W<< MCTS: 10001 simulation done, duration: 1004
W<< MCTS: 10001 simulation done, duration: 1021
W<< MCTS: 10001 simulation done, duration: 1020
W<< MCTS: 10001 simulation done, duration: 1021
W<< MCTS: 10001 simulation done, duration: 1022
W<< MCTS: 10001 simulation done, duration: 1042
W<< MCTS: 10001 simulation done, duration: 1066
W<< MCTS: 10001 simulation done, duration: 1066
W<< MCTS: 10001 simulation done, duration: 1071
W<< MCTS: 10001 simulation done, duration: 1074
W<< MCTS: 10001 simulation done, duration: 1104
W<< MCTS: 10001 simulation done, duration: 1105
W<< MCTS: 10001 simulation done, duration: 1116
W<< MCTS: 10001 simulation done, duration: 1347
W<< MCTS: 10001 simulation done, duration: 1349
W<< = J3
W<< 
B>> play W J3
B<< = 
B<< 
B>> genmove b
B<< MCTS: 52034 simulation done, duration: 2889
B<< MCTS: 52450 simulation done, duration: 2889
B<< MCTS: 51036 simulation done, duration: 2889
B<< MCTS: 50500 simulation done, duration: 2889
B<< MCTS: 51876 simulation done, duration: 2889
B<< MCTS: 51884 simulation done, duration: 2889
B<< MCTS: 51217 simulation done, duration: 2889
B<< MCTS: 51834 simulation done, duration: 2889
B<< step: 4
B<< best action;B[bb]best count: 11094
B<< memory release time: 92
B<< = B8
B<< 
W>> play B B8
W<< = 
W<< 
W>> genmove w
W<< MCTS: 10001 simulation done, duration: 960
W<< MCTS: 10001 simulation done, duration: 1026
W<< MCTS: 10001 simulation done, duration: 1029
W<< MCTS: 10001 simulation done, duration: 1031
W<< MCTS: 10001 simulation done, duration: 1032
W<< MCTS: 10001 simulation done, duration: 1034
W<< MCTS: 10001 simulation done, duration: 1063
W<< MCTS: 10001 simulation done, duration: 1069
W<< MCTS: 10001 simulation done, duration: 1072
W<< MCTS: 10001 simulation done, duration: 1086
W<< MCTS: 10001 simulation done, duration: 1156
W<< MCTS: 10001 simulation done, duration: 1179
W<< MCTS: 10001 simulation done, duration: 1234
W<< MCTS: 10001 simulation done, duration: 1236
W<< MCTS: 10001 simulation done, duration: 1292
W<< MCTS: 10001 simulation done, duration: 1316
W<< = B9
W<< 
B>> play W B9
B<< = 
B<< 
B>> genmove b
B<< MCTS: 48733 simulation done, duration: 2799
B<< MCTS: 48317 simulation done, duration: 2799
B<< MCTS: 48656 simulation done, duration: 2799
B<< MCTS: 49935 simulation done, duration: 2799
B<< MCTS: 47848 simulation done, duration: 2799
B<< MCTS: 49671 simulation done, duration: 2799
B<< MCTS: 48575 simulation done, duration: 2799
B<< MCTS: 47919 simulation done, duration: 2799
B<< step: 5
B<< best action;B[ia]best count: 11610
B<< memory release time: 86
B<< = J9
B<< 
W>> play B J9
W<< = 
W<< 
W>> genmove w
W<< MCTS: 10001 simulation done, duration: 905
W<< MCTS: 10001 simulation done, duration: 1011
W<< MCTS: 10001 simulation done, duration: 1012
W<< MCTS: 10001 simulation done, duration: 1016
W<< MCTS: 10001 simulation done, duration: 1018
W<< MCTS: 10001 simulation done, duration: 1020
W<< MCTS: 10001 simulation done, duration: 1047
W<< MCTS: 10001 simulation done, duration: 1050
W<< MCTS: 10001 simulation done, duration: 1055
W<< MCTS: 10001 simulation done, duration: 1059
W<< MCTS: 10001 simulation done, duration: 1074
W<< MCTS: 10001 simulation done, duration: 1076
W<< MCTS: 10001 simulation done, duration: 1143
W<< MCTS: 10001 simulation done, duration: 1158
W<< MCTS: 10001 simulation done, duration: 1172
W<< MCTS: 10001 simulation done, duration: 1221
W<< = E9
W<< 
B>> play W E9
B<< = 
B<< 
B>> genmove b
B<< MCTS: 47802 simulation done, duration: 2709
B<< MCTS: 49685 simulation done, duration: 2709
B<< MCTS: 49421 simulation done, duration: 2709
B<< MCTS: 49453 simulation done, duration: 2709
B<< MCTS: 48206 simulation done, duration: 2709
B<< MCTS: 48311 simulation done, duration: 2709
B<< MCTS: 48587 simulation done, duration: 2709
B<< MCTS: 47260 simulation done, duration: 2709
B<< step: 6
B<< best action;B[da]best count: 11898
B<< memory release time: 89
B<< = D9
B<< 
W>> play B D9
W<< = 
W<< 
W>> genmove w
