B<< HollowNoGo-Demo: /home/sciencethebird/Desktop/TCG_2021/Project_4/pj-4-judge-v1/./nogo --shell --name=Hollow-Black --black=search=MCTS N=10000 worker=16 exploration=0.5 
B<< 
B>> protocol_version
B<< = 2
B<< 
B>> name
B<< = Hollow-Black
B<< 
B>> version
B<< = 2021
B<< 
B>> list_commands
B<< = play
B<< genmove
B<< clear_board
B<< showboard
B<< boardsize
B<< name
B<< version
B<< protocol_version
B<< list_commands
B<< quit
B<< 
B<< 
W>> protocol_version
W<< HollowNoGo-Demo: ./nogo --shell --name=Hollow --white=search=MCTS N=5000 worker=8 exploration=0.5 --black=search=MCTS N=5000 worker=8 exploration=0.5 
W<< 
W<< = 2
W<< 
W>> name
W<< = Hollow
W<< 
W>> version
W<< = 2021
W<< 
W>> list_commands
W<< = play
W<< genmove
W<< clear_board
W<< showboard
W<< boardsize
W<< name
W<< version
W<< protocol_version
W<< list_commands
W<< quit
W<< 
W<< 
B>> boardsize 9
B<< = 
B<< 
B>> clear_board
B<< = 
B<< 
W>> boardsize 9
W<< = 
W<< 
W>> clear_board
W<< = 
W<< 
============================================
Game 0
============================================
B>> boardsize 9
B<< = 
B<< 
B>> clear_board
B<< = 
B<< 
W>> boardsize 9
W<< = 
W<< 
W>> clear_board
W<< = 
W<< 
B>> genmove b
B<< MCTS: 10001 simulation done, duration: 1191
B<< MCTS: 10001 simulation done, duration: 1198
B<< MCTS: 10001 simulation done, duration: 1204
B<< MCTS: 10001 simulation done, duration: 1205
B<< MCTS: 10001 simulation done, duration: 1210
B<< MCTS: 10001 simulation done, duration: 1224
B<< MCTS: 10001 simulation done, duration: 1226
B<< MCTS: 10001 simulation done, duration: 1234
B<< MCTS: 10001 simulation done, duration: 1244
B<< MCTS: 10001 simulation done, duration: 1241
B<< MCTS: 10001 simulation done, duration: 1247
B<< MCTS: 10001 simulation done, duration: 1252
B<< MCTS: 10001 simulation done, duration: 1253
B<< MCTS: 10001 simulation done, duration: 1254
B<< MCTS: 10001 simulation done, duration: 1279
B<< MCTS: 10001 simulation done, duration: 1299
B<< = A6
B<< 
W>> play B A6
W<< = 
W<< 
W>> genmove w
W<< MCTS: 5001 simulation done, duration: 572
W<< MCTS: 5001 simulation done, duration: 615
W<< MCTS: 5001 simulation done, duration: 622
W<< MCTS: 5001 simulation done, duration: 623
W<< MCTS: 5001 simulation done, duration: 623
W<< MCTS: 5001 simulation done, duration: 624
W<< MCTS: 5001 simulation done, duration: 624
W<< MCTS: 5001 simulation done, duration: 624
W<< action: ;W[ai] , ac: 696
W<< action: ;W[ah] , ac: 542
W<< action: ;W[ag] , ac: 596
W<< action: ;W[af] , ac: 708
W<< action: ;W[ae] , ac: 603
W<< action: ;W[ac] , ac: 472
W<< action: ;W[ab] , ac: 706
W<< action: ;W[aa] , ac: 646
W<< action: ;W[bi] , ac: 595
W<< action: ;W[bh] , ac: 609
W<< action: ;W[bg] , ac: 586
W<< action: ;W[bf] , ac: 428
W<< action: ;W[be] , ac: 502
W<< action: ;W[bd] , ac: 614
W<< action: ;W[bc] , ac: 499
W<< action: ;W[bb] , ac: 479
W<< action: ;W[ba] , ac: 637
W<< action: ;W[ci] , ac: 685
W<< action: ;W[ch] , ac: 566
W<< action: ;W[cg] , ac: 540
W<< action: ;W[cf] , ac: 591
W<< action: ;W[ce] , ac: 665
W<< action: ;W[cd] , ac: 453
W<< action: ;W[cc] , ac: 462
W<< action: ;W[cb] , ac: 372
W<< action: ;W[ca] , ac: 652
W<< action: ;W[di] , ac: 539
W<< action: ;W[dh] , ac: 541
W<< action: ;W[dg] , ac: 838
W<< action: ;W[dc] , ac: 415
W<< action: ;W[db] , ac: 520
W<< action: ;W[da] , ac: 574
W<< action: ;W[ei] , ac: 513
W<< action: ;W[eh] , ac: 592
W<< action: ;W[eg] , ac: 646
W<< action: ;W[ec] , ac: 545
W<< action: ;W[eb] , ac: 482
W<< action: ;W[ea] , ac: 507
W<< action: ;W[fi] , ac: 460
W<< action: ;W[fh] , ac: 726
W<< action: ;W[fg] , ac: 550
W<< action: ;W[fc] , ac: 456
W<< action: ;W[fb] , ac: 567
W<< action: ;W[fa] , ac: 667
W<< action: ;W[gi] , ac: 669
W<< action: ;W[gh] , ac: 502
W<< action: ;W[gg] , ac: 663
W<< action: ;W[gf] , ac: 350
W<< action: ;W[ge] , ac: 612
W<< action: ;W[gd] , ac: 500
W<< action: ;W[gc] , ac: 520
W<< action: ;W[gb] , ac: 502
W<< action: ;W[ga] , ac: 458
W<< action: ;W[hi] , ac: 689
W<< action: ;W[hh] , ac: 427
W<< action: ;W[hg] , ac: 500
W<< action: ;W[hf] , ac: 429
W<< action: ;W[he] , ac: 442
W<< action: ;W[hd] , ac: 518
W<< action: ;W[hc] , ac: 383
W<< action: ;W[hb] , ac: 641
W<< action: ;W[ha] , ac: 575
W<< action: ;W[ii] , ac: 675
W<< action: ;W[ih] , ac: 515
W<< action: ;W[ig] , ac: 504
W<< action: ;W[if] , ac: 460
W<< action: ;W[ie] , ac: 742
W<< action: ;W[id] , ac: 677
W<< action: ;W[ic] , ac: 676
W<< action: ;W[ib] , ac: 676
W<< action: ;W[ia] , ac: 661
W<< = D3
W<< 
B>> play W D3
B<< = 
B<< 
B>> genmove b
B<< MCTS: 10001 simulation done, duration: 1188
B<< MCTS: 10001 simulation done, duration: 1186
B<< MCTS: 10001 simulation done, duration: 1195
B<< MCTS: 10001 simulation done, duration: 1198
B<< MCTS: 10001 simulation done, duration: 1198
B<< MCTS: 10001 simulation done, duration: 1198
B<< MCTS: 10001 simulation done, duration: 1208
B<< MCTS: 10001 simulation done, duration: 1239
B<< MCTS: 10001 simulation done, duration: 1232
B<< MCTS: 10001 simulation done, duration: 1246
B<< MCTS: 10001 simulation done, duration: 1250
B<< MCTS: 10001 simulation done, duration: 1269
B<< MCTS: 10001 simulation done, duration: 1271
B<< MCTS: 10001 simulation done, duration: 1280
B<< MCTS: 10001 simulation done, duration: 1303
B<< MCTS: 10001 simulation done, duration: 1332
B<< = A1
B<< 
W>> play B A1
W<< = 
W<< 
W>> genmove w
W<< MCTS: 5001 simulation done, duration: 599
W<< MCTS: 5001 simulation done, duration: 604
W<< MCTS: 5001 simulation done, duration: 611
W<< MCTS: 5001 simulation done, duration: 611
W<< MCTS: 5001 simulation done, duration: 613
W<< MCTS: 5001 simulation done, duration: 613
W<< MCTS: 5001 simulation done, duration: 614
W<< MCTS: 5001 simulation done, duration: 614
W<< action: ;W[ah] , ac: 615
W<< action: ;W[ag] , ac: 571
W<< action: ;W[af] , ac: 438
W<< action: ;W[ae] , ac: 801
W<< action: ;W[ac] , ac: 782
W<< action: ;W[ab] , ac: 790
W<< action: ;W[aa] , ac: 602
W<< action: ;W[bi] , ac: 579
W<< action: ;W[bh] , ac: 512
W<< action: ;W[bg] , ac: 605
W<< action: ;W[bf] , ac: 481
W<< action: ;W[be] , ac: 636
W<< action: ;W[bd] , ac: 508
W<< action: ;W[bc] , ac: 567
W<< action: ;W[bb] , ac: 778
W<< action: ;W[ba] , ac: 470
W<< action: ;W[ci] , ac: 510
W<< action: ;W[ch] , ac: 501
W<< action: ;W[cg] , ac: 373
W<< action: ;W[cf] , ac: 667
W<< action: ;W[ce] , ac: 566
W<< action: ;W[cd] , ac: 685
W<< action: ;W[cc] , ac: 628
W<< action: ;W[cb] , ac: 569
W<< action: ;W[ca] , ac: 425
W<< action: ;W[di] , ac: 536
W<< action: ;W[dh] , ac: 635
W<< action: ;W[dc] , ac: 720
W<< action: ;W[db] , ac: 490
W<< action: ;W[da] , ac: 553
W<< action: ;W[ei] , ac: 542
W<< action: ;W[eh] , ac: 419
W<< action: ;W[eg] , ac: 664
W<< action: ;W[ec] , ac: 561
W<< action: ;W[eb] , ac: 574
W<< action: ;W[ea] , ac: 728
W<< action: ;W[fi] , ac: 791
W<< action: ;W[fh] , ac: 538
W<< action: ;W[fg] , ac: 610
W<< action: ;W[fc] , ac: 542
W<< action: ;W[fb] , ac: 600
W<< action: ;W[fa] , ac: 499
W<< action: ;W[gi] , ac: 544
W<< action: ;W[gh] , ac: 555
W<< action: ;W[gg] , ac: 483
W<< action: ;W[gf] , ac: 582
W<< action: ;W[ge] , ac: 547
W<< action: ;W[gd] , ac: 432
W<< action: ;W[gc] , ac: 551
W<< action: ;W[gb] , ac: 539
W<< action: ;W[ga] , ac: 495
W<< action: ;W[hi] , ac: 701
W<< action: ;W[hh] , ac: 718
W<< action: ;W[hg] , ac: 529
W<< action: ;W[hf] , ac: 686
W<< action: ;W[he] , ac: 583
W<< action: ;W[hd] , ac: 438
W<< action: ;W[hc] , ac: 457
W<< action: ;W[hb] , ac: 587
W<< action: ;W[ha] , ac: 429
W<< action: ;W[ii] , ac: 554
W<< action: ;W[ih] , ac: 591
W<< action: ;W[ig] , ac: 672
W<< action: ;W[if] , ac: 557
W<< action: ;W[ie] , ac: 516
W<< action: ;W[id] , ac: 606
W<< action: ;W[ic] , ac: 574
W<< action: ;W[ib] , ac: 707
W<< action: ;W[ia] , ac: 714
W<< = A5
W<< 
B>> play W A5
B<< = 
B<< 
B>> genmove b
B<< MCTS: 10001 simulation done, duration: 1177
B<< MCTS: 10001 simulation done, duration: 1182
B<< MCTS: 10001 simulation done, duration: 1184
B<< MCTS: 10001 simulation done, duration: 1184
B<< MCTS: 10001 simulation done, duration: 1194
B<< MCTS: 10001 simulation done, duration: 1206
B<< MCTS: 10001 simulation done, duration: 1202
B<< MCTS: 10001 simulation done, duration: 1246
B<< MCTS: 10001 simulation done, duration: 1260
B<< MCTS: 10001 simulation done, duration: 1262
B<< MCTS: 10001 simulation done, duration: 1276
B<< MCTS: 10001 simulation done, duration: 1283
B<< MCTS: 10001 simulation done, duration: 1303
B<< MCTS: 10001 simulation done, duration: 1313
B<< MCTS: 10001 simulation done, duration: 1322
B<< MCTS: 10001 simulation done, duration: 1396
B<< = J7
B<< 
W>> play B J7
W<< = 
W<< 
W>> genmove w
W<< MCTS: 5001 simulation done, duration: 568
W<< MCTS: 5001 simulation done, duration: 596
W<< MCTS: 5001 simulation done, duration: 600
W<< MCTS: 5001 simulation done, duration: 602
W<< MCTS: 5001 simulation done, duration: 602
W<< MCTS: 5001 simulation done, duration: 604
W<< MCTS: 5001 simulation done, duration: 604
W<< MCTS: 5001 simulation done, duration: 606
W<< action: ;W[ah] , ac: 778
W<< action: ;W[ag] , ac: 667
W<< action: ;W[af] , ac: 433
W<< action: ;W[ac] , ac: 637
W<< action: ;W[ab] , ac: 641
W<< action: ;W[aa] , ac: 618
W<< action: ;W[bi] , ac: 655
W<< action: ;W[bh] , ac: 619
W<< action: ;W[bg] , ac: 604
W<< action: ;W[bf] , ac: 531
W<< action: ;W[be] , ac: 600
W<< action: ;W[bd] , ac: 433
W<< action: ;W[bc] , ac: 662
W<< action: ;W[bb] , ac: 629
W<< action: ;W[ba] , ac: 758
W<< action: ;W[ci] , ac: 664
W<< action: ;W[ch] , ac: 718
W<< action: ;W[cg] , ac: 668
W<< action: ;W[cf] , ac: 706
W<< action: ;W[ce] , ac: 565
W<< action: ;W[cd] , ac: 598
W<< action: ;W[cc] , ac: 561
W<< action: ;W[cb] , ac: 556
W<< action: ;W[ca] , ac: 536
W<< action: ;W[di] , ac: 518
W<< action: ;W[dh] , ac: 491
W<< action: ;W[dc] , ac: 505
W<< action: ;W[db] , ac: 474
W<< action: ;W[da] , ac: 693
W<< action: ;W[ei] , ac: 672
W<< action: ;W[eh] , ac: 595
W<< action: ;W[eg] , ac: 540
W<< action: ;W[ec] , ac: 566
W<< action: ;W[eb] , ac: 534
W<< action: ;W[ea] , ac: 713
W<< action: ;W[fi] , ac: 645
W<< action: ;W[fh] , ac: 334
W<< action: ;W[fg] , ac: 592
W<< action: ;W[fc] , ac: 384
W<< action: ;W[fb] , ac: 634
W<< action: ;W[fa] , ac: 649
W<< action: ;W[gi] , ac: 684
W<< action: ;W[gh] , ac: 507
W<< action: ;W[gg] , ac: 573
W<< action: ;W[gf] , ac: 855
W<< action: ;W[ge] , ac: 444
W<< action: ;W[gd] , ac: 619
W<< action: ;W[gc] , ac: 462
W<< action: ;W[gb] , ac: 650
W<< action: ;W[ga] , ac: 790
W<< action: ;W[hi] , ac: 725
W<< action: ;W[hh] , ac: 608
W<< action: ;W[hg] , ac: 487
W<< action: ;W[hf] , ac: 452
W<< action: ;W[he] , ac: 460
W<< action: ;W[hd] , ac: 512
W<< action: ;W[hc] , ac: 404
W<< action: ;W[hb] , ac: 574
W<< action: ;W[ha] , ac: 630
W<< action: ;W[ii] , ac: 643
W<< action: ;W[ih] , ac: 482
W<< action: ;W[ig] , ac: 698
W<< action: ;W[if] , ac: 605
W<< action: ;W[ie] , ac: 635
W<< action: ;W[id] , ac: 713
W<< action: ;W[ib] , ac: 585
W<< action: ;W[ia] , ac: 835
W<< = G4
W<< 
B>> play W G4
B<< = 
B<< 
B>> genmove b
B<< MCTS: 10001 simulation done, duration: 1172
B<< MCTS: 10001 simulation done, duration: 1176
B<< MCTS: 10001 simulation done, duration: 1178
B<< MCTS: 10001 simulation done, duration: 1189
B<< MCTS: 10001 simulation done, duration: 1204
B<< MCTS: 10001 simulation done, duration: 1211
B<< MCTS: 10001 simulation done, duration: 1215
B<< MCTS: 10001 simulation done, duration: 1220
B<< MCTS: 10001 simulation done, duration: 1221
B<< MCTS: 10001 simulation done, duration: 1228
B<< MCTS: 10001 simulation done, duration: 1237
B<< MCTS: 10001 simulation done, duration: 1244
B<< MCTS: 10001 simulation done, duration: 1242
B<< MCTS: 10001 simulation done, duration: 1244
B<< MCTS: 10001 simulation done, duration: 1308
B<< MCTS: 10001 simulation done, duration: 1324
B<< = A9
B<< 
W>> play B A9
W<< = 
W<< 
W>> genmove w
W<< MCTS: 5001 simulation done, duration: 554
W<< MCTS: 5001 simulation done, duration: 589
W<< MCTS: 5001 simulation done, duration: 590
W<< MCTS: 5001 simulation done, duration: 590
W<< MCTS: 5001 simulation done, duration: 591
W<< MCTS: 5001 simulation done, duration: 592
W<< MCTS: 5001 simulation done, duration: 592
W<< MCTS: 5001 simulation done, duration: 593
W<< action: ;W[ah] , ac: 670
W<< action: ;W[ag] , ac: 639
W<< action: ;W[af] , ac: 556
W<< action: ;W[ac] , ac: 457
W<< action: ;W[ab] , ac: 550
W<< action: ;W[bi] , ac: 413
W<< action: ;W[bh] , ac: 473
W<< action: ;W[bg] , ac: 602
W<< action: ;W[bf] , ac: 568
W<< action: ;W[be] , ac: 568
W<< action: ;W[bd] , ac: 637
W<< action: ;W[bc] , ac: 576
W<< action: ;W[bb] , ac: 729
W<< action: ;W[ba] , ac: 685
W<< action: ;W[ci] , ac: 648
W<< action: ;W[ch] , ac: 662
W<< action: ;W[cg] , ac: 560
W<< action: ;W[cf] , ac: 509
W<< action: ;W[ce] , ac: 743
W<< action: ;W[cd] , ac: 737
W<< action: ;W[cc] , ac: 691
W<< action: ;W[cb] , ac: 578
W<< action: ;W[ca] , ac: 576
W<< action: ;W[di] , ac: 620
W<< action: ;W[dh] , ac: 602
W<< action: ;W[dc] , ac: 461
W<< action: ;W[db] , ac: 685
W<< action: ;W[da] , ac: 847
W<< action: ;W[ei] , ac: 666
W<< action: ;W[eh] , ac: 811
W<< action: ;W[eg] , ac: 652
W<< action: ;W[ec] , ac: 549
W<< action: ;W[eb] , ac: 428
W<< action: ;W[ea] , ac: 735
W<< action: ;W[fi] , ac: 687
W<< action: ;W[fh] , ac: 514
W<< action: ;W[fg] , ac: 690
W<< action: ;W[fc] , ac: 525
W<< action: ;W[fb] , ac: 622
W<< action: ;W[fa] , ac: 607
W<< action: ;W[gi] , ac: 435
W<< action: ;W[gh] , ac: 696
W<< action: ;W[gg] , ac: 476
W<< action: ;W[ge] , ac: 602
W<< action: ;W[gd] , ac: 612
W<< action: ;W[gc] , ac: 626
W<< action: ;W[gb] , ac: 595
W<< action: ;W[ga] , ac: 687
W<< action: ;W[hi] , ac: 402
W<< action: ;W[hh] , ac: 607
W<< action: ;W[hg] , ac: 557
W<< action: ;W[hf] , ac: 372
W<< action: ;W[he] , ac: 610
W<< action: ;W[hd] , ac: 607
W<< action: ;W[hc] , ac: 648
W<< action: ;W[hb] , ac: 688
W<< action: ;W[ha] , ac: 769
W<< action: ;W[ii] , ac: 665
W<< action: ;W[ih] , ac: 557
W<< action: ;W[ig] , ac: 603
W<< action: ;W[if] , ac: 627
W<< action: ;W[ie] , ac: 1006
W<< action: ;W[id] , ac: 626
W<< action: ;W[ib] , ac: 762
W<< action: ;W[ia] , ac: 645
W<< = J5
W<< 
B>> play W J5
B<< = 
B<< 
B>> genmove b
B<< MCTS: 10001 simulation done, duration: 1187
B<< MCTS: 10001 simulation done, duration: 1201
B<< MCTS: 10001 simulation done, duration: 1203
B<< MCTS: 10001 simulation done, duration: 1191
B<< MCTS: 10001 simulation done, duration: 1209
B<< MCTS: 10001 simulation done, duration: 1210
B<< MCTS: 10001 simulation done, duration: 1211
B<< MCTS: 10001 simulation done, duration: 1213
B<< MCTS: 10001 simulation done, duration: 1213
B<< MCTS: 10001 simulation done, duration: 1215
B<< MCTS: 10001 simulation done, duration: 1229
B<< MCTS: 10001 simulation done, duration: 1232
B<< MCTS: 10001 simulation done, duration: 1240
B<< MCTS: 10001 simulation done, duration: 1246
B<< MCTS: 10001 simulation done, duration: 1258
B<< MCTS: 10001 simulation done, duration: 1268
B<< = C5
B<< 
W>> play B C5
W<< = 
W<< 
W>> genmove w
W<< MCTS: 5001 simulation done, duration: 548
W<< MCTS: 5001 simulation done, duration: 579
W<< MCTS: 5001 simulation done, duration: 580
W<< MCTS: 5001 simulation done, duration: 580
W<< MCTS: 5001 simulation done, duration: 581
W<< MCTS: 5001 simulation done, duration: 582
W<< MCTS: 5001 simulation done, duration: 582
W<< MCTS: 5001 simulation done, duration: 582
W<< action: ;W[ah] , ac: 721
W<< action: ;W[ag] , ac: 738
W<< action: ;W[af] , ac: 758
W<< action: ;W[ac] , ac: 632
W<< action: ;W[ab] , ac: 593
W<< action: ;W[bi] , ac: 525
W<< action: ;W[bh] , ac: 522
W<< action: ;W[bg] , ac: 400
W<< action: ;W[bf] , ac: 624
W<< action: ;W[be] , ac: 459
W<< action: ;W[bd] , ac: 522
W<< action: ;W[bc] , ac: 655
W<< action: ;W[bb] , ac: 704
W<< action: ;W[ba] , ac: 814
W<< action: ;W[ci] , ac: 589
W<< action: ;W[ch] , ac: 599
W<< action: ;W[cg] , ac: 615
W<< action: ;W[cf] , ac: 690
W<< action: ;W[cd] , ac: 726
W<< action: ;W[cc] , ac: 740
W<< action: ;W[cb] , ac: 501
W<< action: ;W[ca] , ac: 590
W<< action: ;W[di] , ac: 600
W<< action: ;W[dh] , ac: 444
W<< action: ;W[dc] , ac: 728
W<< action: ;W[db] , ac: 426
W<< action: ;W[da] , ac: 813
W<< action: ;W[ei] , ac: 573
W<< action: ;W[eh] , ac: 620
W<< action: ;W[eg] , ac: 676
W<< action: ;W[ec] , ac: 728
W<< action: ;W[eb] , ac: 486
W<< action: ;W[ea] , ac: 665
W<< action: ;W[fi] , ac: 1015
W<< action: ;W[fh] , ac: 563
W<< action: ;W[fg] , ac: 811
W<< action: ;W[fc] , ac: 589
W<< action: ;W[fb] , ac: 539
W<< action: ;W[fa] , ac: 755
W<< action: ;W[gi] , ac: 799
W<< action: ;W[gh] , ac: 567
W<< action: ;W[gg] , ac: 767
W<< action: ;W[ge] , ac: 477
W<< action: ;W[gd] , ac: 690
W<< action: ;W[gc] , ac: 533
W<< action: ;W[gb] , ac: 629
W<< action: ;W[ga] , ac: 558
W<< action: ;W[hi] , ac: 600
W<< action: ;W[hh] , ac: 710
W<< action: ;W[hg] , ac: 650
W<< action: ;W[hf] , ac: 728
W<< action: ;W[he] , ac: 599
W<< action: ;W[hd] , ac: 526
W<< action: ;W[hc] , ac: 760
W<< action: ;W[hb] , ac: 575
W<< action: ;W[ha] , ac: 566
W<< action: ;W[ii] , ac: 629
W<< action: ;W[ih] , ac: 711
W<< action: ;W[ig] , ac: 450
W<< action: ;W[if] , ac: 775
W<< action: ;W[id] , ac: 691
W<< action: ;W[ib] , ac: 683
W<< action: ;W[ia] , ac: 587
W<< = F1
W<< 
B>> play W F1
B<< = 
B<< 
B>> genmove b
B<< MCTS: 10001 simulation done, duration: 1160
B<< MCTS: 10001 simulation done, duration: 1160
B<< MCTS: 10001 simulation done, duration: 1162
B<< MCTS: 10001 simulation done, duration: 1159
B<< MCTS: 10001 simulation done, duration: 1166
B<< MCTS: 10001 simulation done, duration: 1168
B<< MCTS: 10001 simulation done, duration: 1159
B<< MCTS: 10001 simulation done, duration: 1173
B<< MCTS: 10001 simulation done, duration: 1174
B<< MCTS: 10001 simulation done, duration: 1165
B<< MCTS: 10001 simulation done, duration: 1180
B<< MCTS: 10001 simulation done, duration: 1181
B<< MCTS: 10001 simulation done, duration: 1184
B<< MCTS: 10001 simulation done, duration: 1187
B<< MCTS: 10001 simulation done, duration: 1207
B<< MCTS: 10001 simulation done, duration: 1214
B<< = J1
B<< 
W>> play B J1
W<< = 
W<< 
W>> genmove w
W<< MCTS: 5001 simulation done, duration: 538
W<< MCTS: 5001 simulation done, duration: 569
W<< MCTS: 5001 simulation done, duration: 569
W<< MCTS: 5001 simulation done, duration: 570
W<< MCTS: 5001 simulation done, duration: 570
W<< MCTS: 5001 simulation done, duration: 570
W<< MCTS: 5001 simulation done, duration: 572
W<< MCTS: 5001 simulation done, duration: 572
W<< action: ;W[ah] , ac: 733
W<< action: ;W[ag] , ac: 640
W<< action: ;W[af] , ac: 741
W<< action: ;W[ac] , ac: 720
W<< action: ;W[ab] , ac: 688
W<< action: ;W[bi] , ac: 534
W<< action: ;W[bh] , ac: 571
W<< action: ;W[bg] , ac: 672
W<< action: ;W[bf] , ac: 643
W<< action: ;W[be] , ac: 559
W<< action: ;W[bd] , ac: 518
W<< action: ;W[bc] , ac: 590
W<< action: ;W[bb] , ac: 489
W<< action: ;W[ba] , ac: 783
W<< action: ;W[ci] , ac: 738
W<< action: ;W[ch] , ac: 489
W<< action: ;W[cg] , ac: 503
W<< action: ;W[cf] , ac: 714
W<< action: ;W[cd] , ac: 649
W<< action: ;W[cc] , ac: 575
W<< action: ;W[cb] , ac: 660
W<< action: ;W[ca] , ac: 576
W<< action: ;W[di] , ac: 650
W<< action: ;W[dh] , ac: 648
W<< action: ;W[dc] , ac: 481
W<< action: ;W[db] , ac: 652
W<< action: ;W[da] , ac: 588
W<< action: ;W[ei] , ac: 468
W<< action: ;W[eh] , ac: 679
W<< action: ;W[eg] , ac: 589
W<< action: ;W[ec] , ac: 862
W<< action: ;W[eb] , ac: 444
W<< action: ;W[ea] , ac: 532
W<< action: ;W[fh] , ac: 628
W<< action: ;W[fg] , ac: 802
W<< action: ;W[fc] , ac: 556
W<< action: ;W[fb] , ac: 881
W<< action: ;W[fa] , ac: 678
W<< action: ;W[gi] , ac: 522
W<< action: ;W[gh] , ac: 705
W<< action: ;W[gg] , ac: 492
W<< action: ;W[ge] , ac: 542
W<< action: ;W[gd] , ac: 713
W<< action: ;W[gc] , ac: 696
W<< action: ;W[gb] , ac: 617
W<< action: ;W[ga] , ac: 971
W<< action: ;W[hi] , ac: 631
W<< action: ;W[hh] , ac: 793
W<< action: ;W[hg] , ac: 949
W<< action: ;W[hf] , ac: 516
W<< action: ;W[he] , ac: 942
W<< action: ;W[hd] , ac: 539
W<< action: ;W[hc] , ac: 749
W<< action: ;W[hb] , ac: 665
W<< action: ;W[ha] , ac: 975
W<< action: ;W[ih] , ac: 592
W<< action: ;W[ig] , ac: 594
W<< action: ;W[if] , ac: 579
W<< action: ;W[id] , ac: 511
W<< action: ;W[ib] , ac: 849
W<< action: ;W[ia] , ac: 943
W<< = H9
W<< 
B>> play W H9
B<< = 
B<< 
B>> genmove b
B<< MCTS: 10001 simulation done, duration: 1154
B<< MCTS: 10001 simulation done, duration: 1148
B<< MCTS: 10001 simulation done, duration: 1156
B<< MCTS: 10001 simulation done, duration: 1150
B<< MCTS: 10001 simulation done, duration: 1163
B<< MCTS: 10001 simulation done, duration: 1164
B<< MCTS: 10001 simulation done, duration: 1166
B<< MCTS: 10001 simulation done, duration: 1167
B<< MCTS: 10001 simulation done, duration: 1170
B<< MCTS: 10001 simulation done, duration: 1171
B<< MCTS: 10001 simulation done, duration: 1171
B<< MCTS: 10001 simulation done, duration: 1175
B<< MCTS: 10001 simulation done, duration: 1175
B<< MCTS: 10001 simulation done, duration: 1175
B<< MCTS: 10001 simulation done, duration: 1181
B<< MCTS: 10001 simulation done, duration: 1190
B<< = E9
B<< 
W>> play B E9
W<< = 
W<< 
W>> genmove w
W<< MCTS: 5001 simulation done, duration: 518
W<< MCTS: 5001 simulation done, duration: 560
W<< MCTS: 5001 simulation done, duration: 560
W<< MCTS: 5001 simulation done, duration: 561
W<< MCTS: 5001 simulation done, duration: 562
W<< MCTS: 5001 simulation done, duration: 562
W<< MCTS: 5001 simulation done, duration: 563
W<< MCTS: 5001 simulation done, duration: 563
W<< action: ;W[ah] , ac: 617
W<< action: ;W[ag] , ac: 938
W<< action: ;W[af] , ac: 503
W<< action: ;W[ac] , ac: 786
W<< action: ;W[ab] , ac: 741
W<< action: ;W[bi] , ac: 601
W<< action: ;W[bh] , ac: 652
W<< action: ;W[bg] , ac: 587
W<< action: ;W[bf] , ac: 711
W<< action: ;W[be] , ac: 422
W<< action: ;W[bd] , ac: 497
W<< action: ;W[bc] , ac: 605
W<< action: ;W[bb] , ac: 572
W<< action: ;W[ba] , ac: 636
W<< action: ;W[ci] , ac: 533
W<< action: ;W[ch] , ac: 531
W<< action: ;W[cg] , ac: 633
W<< action: ;W[cf] , ac: 932
W<< action: ;W[cd] , ac: 743
W<< action: ;W[cc] , ac: 804
W<< action: ;W[cb] , ac: 638
W<< action: ;W[ca] , ac: 665
W<< action: ;W[di] , ac: 720
W<< action: ;W[dh] , ac: 503
W<< action: ;W[dc] , ac: 585
W<< action: ;W[db] , ac: 691
W<< action: ;W[da] , ac: 637
W<< action: ;W[ei] , ac: 752
W<< action: ;W[eh] , ac: 676
W<< action: ;W[eg] , ac: 542
W<< action: ;W[ec] , ac: 925
W<< action: ;W[eb] , ac: 698
W<< action: ;W[fh] , ac: 649
W<< action: ;W[fg] , ac: 790
W<< action: ;W[fc] , ac: 567
W<< action: ;W[fb] , ac: 499
W<< action: ;W[fa] , ac: 672
W<< action: ;W[gi] , ac: 609
W<< action: ;W[gh] , ac: 705
W<< action: ;W[gg] , ac: 629
W<< action: ;W[ge] , ac: 648
W<< action: ;W[gd] , ac: 775
W<< action: ;W[gc] , ac: 674
W<< action: ;W[gb] , ac: 613
W<< action: ;W[ga] , ac: 845
W<< action: ;W[hi] , ac: 651
W<< action: ;W[hh] , ac: 714
W<< action: ;W[hg] , ac: 625
W<< action: ;W[hf] , ac: 686
W<< action: ;W[he] , ac: 844
W<< action: ;W[hd] , ac: 660
W<< action: ;W[hc] , ac: 681
W<< action: ;W[hb] , ac: 767
W<< action: ;W[ih] , ac: 640
W<< action: ;W[ig] , ac: 800
W<< action: ;W[if] , ac: 529
W<< action: ;W[id] , ac: 1061
W<< action: ;W[ib] , ac: 901
W<< action: ;W[ia] , ac: 698
W<< = J6
W<< 
B>> play W J6
B<< = 
B<< 
B>> genmove b
B<< MCTS: 10001 simulation done, duration: 1145
B<< MCTS: 10001 simulation done, duration: 1146
B<< MCTS: 10001 simulation done, duration: 1149
B<< MCTS: 10001 simulation done, duration: 1149
B<< MCTS: 10001 simulation done, duration: 1151
B<< MCTS: 10001 simulation done, duration: 1140
B<< MCTS: 10001 simulation done, duration: 1140
B<< MCTS: 10001 simulation done, duration: 1150
B<< MCTS: 10001 simulation done, duration: 1162
B<< MCTS: 10001 simulation done, duration: 1175
B<< MCTS: 10001 simulation done, duration: 1177
B<< MCTS: 10001 simulation done, duration: 1181
B<< MCTS: 10001 simulation done, duration: 1183
B<< MCTS: 10001 simulation done, duration: 1198
B<< MCTS: 10001 simulation done, duration: 1212
B<< MCTS: 10001 simulation done, duration: 1249
B<< = A3
B<< 
W>> play B A3
W<< = 
W<< 
W>> genmove w
W<< MCTS: 5001 simulation done, duration: 508
W<< MCTS: 5001 simulation done, duration: 550
W<< MCTS: 5001 simulation done, duration: 551
W<< MCTS: 5001 simulation done, duration: 553
W<< MCTS: 5001 simulation done, duration: 553
W<< MCTS: 5001 simulation done, duration: 553
W<< MCTS: 5001 simulation done, duration: 554
W<< MCTS: 5001 simulation done, duration: 556
W<< action: ;W[ah] , ac: 738
W<< action: ;W[af] , ac: 473
W<< action: ;W[ac] , ac: 848
W<< action: ;W[ab] , ac: 807
W<< action: ;W[bi] , ac: 746
W<< action: ;W[bh] , ac: 599
W<< action: ;W[bg] , ac: 607
W<< action: ;W[bf] , ac: 771
W<< action: ;W[be] , ac: 583
W<< action: ;W[bd] , ac: 557
W<< action: ;W[bc] , ac: 692
W<< action: ;W[bb] , ac: 776
W<< action: ;W[ba] , ac: 785
W<< action: ;W[ci] , ac: 899
W<< action: ;W[ch] , ac: 676
W<< action: ;W[cg] , ac: 642
W<< action: ;W[cf] , ac: 885
W<< action: ;W[cd] , ac: 675
W<< action: ;W[cc] , ac: 703
W<< action: ;W[cb] , ac: 655
W<< action: ;W[ca] , ac: 827
W<< action: ;W[di] , ac: 867
W<< action: ;W[dh] , ac: 687
W<< action: ;W[dc] , ac: 677
W<< action: ;W[db] , ac: 622
W<< action: ;W[da] , ac: 1028
W<< action: ;W[ei] , ac: 728
W<< action: ;W[eh] , ac: 541
W<< action: ;W[eg] , ac: 463
W<< action: ;W[ec] , ac: 569
W<< action: ;W[eb] , ac: 580
W<< action: ;W[fh] , ac: 559
W<< action: ;W[fg] , ac: 795
W<< action: ;W[fc] , ac: 594
W<< action: ;W[fb] , ac: 609
W<< action: ;W[fa] , ac: 713
W<< action: ;W[gi] , ac: 661
W<< action: ;W[gh] , ac: 955
W<< action: ;W[gg] , ac: 579
W<< action: ;W[ge] , ac: 591
W<< action: ;W[gd] , ac: 1005
W<< action: ;W[gc] , ac: 723
W<< action: ;W[gb] , ac: 620
W<< action: ;W[ga] , ac: 682
W<< action: ;W[hi] , ac: 682
W<< action: ;W[hh] , ac: 886
W<< action: ;W[hg] , ac: 781
W<< action: ;W[hf] , ac: 706
W<< action: ;W[he] , ac: 692
W<< action: ;W[hd] , ac: 681
W<< action: ;W[hc] , ac: 642
W<< action: ;W[hb] , ac: 505
W<< action: ;W[ih] , ac: 635
W<< action: ;W[ig] , ac: 846
W<< action: ;W[if] , ac: 624
W<< action: ;W[ib] , ac: 651
W<< action: ;W[ia] , ac: 885
W<< = D9
W<< 
B>> play W D9
B<< = 
B<< 
B>> genmove b
B<< MCTS: 10001 simulation done, duration: 1126
B<< MCTS: 10001 simulation done, duration: 1126
B<< MCTS: 10001 simulation done, duration: 1129
B<< MCTS: 10001 simulation done, duration: 1124
B<< MCTS: 10001 simulation done, duration: 1130
B<< MCTS: 10001 simulation done, duration: 1130
B<< MCTS: 10001 simulation done, duration: 1130
B<< MCTS: 10001 simulation done, duration: 1127
B<< MCTS: 10001 simulation done, duration: 1137
B<< MCTS: 10001 simulation done, duration: 1141
B<< MCTS: 10001 simulation done, duration: 1142
B<< MCTS: 10001 simulation done, duration: 1137
B<< MCTS: 10001 simulation done, duration: 1151
B<< MCTS: 10001 simulation done, duration: 1161
B<< MCTS: 10001 simulation done, duration: 1162
B<< MCTS: 10001 simulation done, duration: 1164
B<< = F3
B<< 
W>> play B F3
W<< = 
W<< 
W>> genmove w
W<< MCTS: 5001 simulation done, duration: 488
W<< MCTS: 5001 simulation done, duration: 528
W<< MCTS: 5001 simulation done, duration: 528
W<< MCTS: 5001 simulation done, duration: 528
W<< MCTS: 5001 simulation done, duration: 528
W<< MCTS: 5001 simulation done, duration: 530
W<< MCTS: 5001 simulation done, duration: 531
W<< MCTS: 5001 simulation done, duration: 531
W<< action: ;W[ah] , ac: 603
W<< action: ;W[af] , ac: 746
W<< action: ;W[ac] , ac: 932
W<< action: ;W[ab] , ac: 851
W<< action: ;W[bi] , ac: 788
W<< action: ;W[bh] , ac: 737
W<< action: ;W[bg] , ac: 866
W<< action: ;W[bf] , ac: 829
W<< action: ;W[be] , ac: 660
W<< action: ;W[bd] , ac: 694
W<< action: ;W[bc] , ac: 1000
W<< action: ;W[bb] , ac: 773
W<< action: ;W[ba] , ac: 628
W<< action: ;W[ci] , ac: 938
W<< action: ;W[ch] , ac: 576
W<< action: ;W[cg] , ac: 639
W<< action: ;W[cf] , ac: 684
W<< action: ;W[cd] , ac: 860
W<< action: ;W[cc] , ac: 651
W<< action: ;W[cb] , ac: 797
W<< action: ;W[ca] , ac: 821
W<< action: ;W[di] , ac: 999
W<< action: ;W[dh] , ac: 743
W<< action: ;W[dc] , ac: 501
W<< action: ;W[db] , ac: 715
W<< action: ;W[ei] , ac: 701
W<< action: ;W[eh] , ac: 658
W<< action: ;W[eg] , ac: 783
W<< action: ;W[ec] , ac: 682
W<< action: ;W[eb] , ac: 667
W<< action: ;W[fh] , ac: 647
W<< action: ;W[fc] , ac: 763
W<< action: ;W[fb] , ac: 732
W<< action: ;W[fa] , ac: 764
W<< action: ;W[gi] , ac: 589
W<< action: ;W[gh] , ac: 747
W<< action: ;W[gg] , ac: 575
W<< action: ;W[ge] , ac: 467
W<< action: ;W[gd] , ac: 888
W<< action: ;W[gc] , ac: 706
W<< action: ;W[gb] , ac: 715
W<< action: ;W[ga] , ac: 683
W<< action: ;W[hi] , ac: 685
W<< action: ;W[hh] , ac: 582
W<< action: ;W[hg] , ac: 968
W<< action: ;W[hf] , ac: 675
W<< action: ;W[he] , ac: 646
W<< action: ;W[hd] , ac: 648
W<< action: ;W[hc] , ac: 805
W<< action: ;W[hb] , ac: 519
W<< action: ;W[ih] , ac: 725
W<< action: ;W[ig] , ac: 728
W<< action: ;W[if] , ac: 610
W<< action: ;W[ib] , ac: 906
W<< action: ;W[ia] , ac: 713
W<< = B7
W<< 
B>> play W B7
B<< = 
B<< 
B>> genmove b
B<< MCTS: 10001 simulation done, duration: 1094
B<< MCTS: 10001 simulation done, duration: 1095
B<< MCTS: 10001 simulation done, duration: 1098
B<< MCTS: 10001 simulation done, duration: 1098
B<< MCTS: 10001 simulation done, duration: 1099
B<< MCTS: 10001 simulation done, duration: 1102
B<< MCTS: 10001 simulation done, duration: 1103
B<< MCTS: 10001 simulation done, duration: 1103
B<< MCTS: 10001 simulation done, duration: 1103
B<< MCTS: 10001 simulation done, duration: 1106
B<< MCTS: 10001 simulation done, duration: 1107
B<< MCTS: 10001 simulation done, duration: 1107
B<< MCTS: 10001 simulation done, duration: 1108
B<< MCTS: 10001 simulation done, duration: 1098
B<< MCTS: 10001 simulation done, duration: 1109
B<< MCTS: 10001 simulation done, duration: 1121
B<< = J4
B<< 
W>> play B J4
W<< = 
W<< 
W>> genmove w
W<< MCTS: 5001 simulation done, duration: 487
W<< MCTS: 5001 simulation done, duration: 512
W<< MCTS: 5001 simulation done, duration: 513
W<< MCTS: 5001 simulation done, duration: 513
W<< MCTS: 5001 simulation done, duration: 514
W<< MCTS: 5001 simulation done, duration: 514
W<< MCTS: 5001 simulation done, duration: 514
W<< MCTS: 5001 simulation done, duration: 514
W<< action: ;W[ah] , ac: 752
W<< action: ;W[af] , ac: 576
W<< action: ;W[ac] , ac: 698
W<< action: ;W[ab] , ac: 703
W<< action: ;W[bi] , ac: 776
W<< action: ;W[bh] , ac: 946
W<< action: ;W[bg] , ac: 858
W<< action: ;W[bf] , ac: 808
W<< action: ;W[be] , ac: 713
W<< action: ;W[bd] , ac: 507
W<< action: ;W[bb] , ac: 794
W<< action: ;W[ba] , ac: 826
W<< action: ;W[ci] , ac: 944
W<< action: ;W[ch] , ac: 897
W<< action: ;W[cg] , ac: 595
W<< action: ;W[cf] , ac: 708
W<< action: ;W[cd] , ac: 881
W<< action: ;W[cc] , ac: 886
W<< action: ;W[cb] , ac: 1158
W<< action: ;W[ca] , ac: 585
W<< action: ;W[di] , ac: 531
W<< action: ;W[dh] , ac: 750
W<< action: ;W[dc] , ac: 947
W<< action: ;W[db] , ac: 654
W<< action: ;W[ei] , ac: 628
W<< action: ;W[eh] , ac: 759
W<< action: ;W[eg] , ac: 621
W<< action: ;W[ec] , ac: 902
W<< action: ;W[eb] , ac: 519
W<< action: ;W[fh] , ac: 624
W<< action: ;W[fc] , ac: 938
W<< action: ;W[fb] , ac: 803
W<< action: ;W[fa] , ac: 997
W<< action: ;W[gi] , ac: 764
W<< action: ;W[gh] , ac: 811
W<< action: ;W[gg] , ac: 658
W<< action: ;W[ge] , ac: 795
W<< action: ;W[gd] , ac: 615
W<< action: ;W[gc] , ac: 966
W<< action: ;W[gb] , ac: 874
W<< action: ;W[ga] , ac: 535
W<< action: ;W[hi] , ac: 872
W<< action: ;W[hh] , ac: 711
W<< action: ;W[hg] , ac: 687
W<< action: ;W[hf] , ac: 566
W<< action: ;W[he] , ac: 581
W<< action: ;W[hd] , ac: 687
W<< action: ;W[hc] , ac: 786
W<< action: ;W[hb] , ac: 719
W<< action: ;W[ih] , ac: 731
W<< action: ;W[ig] , ac: 874
W<< action: ;W[ib] , ac: 914
W<< action: ;W[ia] , ac: 578
W<< = C8
W<< 
B>> play W C8
B<< = 
B<< 
B>> genmove b
B<< MCTS: 10001 simulation done, duration: 1075
B<< MCTS: 10001 simulation done, duration: 1087
B<< MCTS: 10001 simulation done, duration: 1087
B<< MCTS: 10001 simulation done, duration: 1097
B<< MCTS: 10001 simulation done, duration: 1090
B<< MCTS: 10001 simulation done, duration: 1105
B<< MCTS: 10001 simulation done, duration: 1116
B<< MCTS: 10001 simulation done, duration: 1125
B<< MCTS: 10001 simulation done, duration: 1143
B<< MCTS: 10001 simulation done, duration: 1144
B<< MCTS: 10001 simulation done, duration: 1152
B<< MCTS: 10001 simulation done, duration: 1161
B<< MCTS: 10001 simulation done, duration: 1193
B<< MCTS: 10001 simulation done, duration: 1206
B<< MCTS: 10001 simulation done, duration: 1217
B<< MCTS: 10001 simulation done, duration: 1229
B<< = C7
B<< 
W>> play B C7
W<< = 
W<< 
W>> genmove w
W<< MCTS: 5001 simulation done, duration: 463
W<< MCTS: 5001 simulation done, duration: 497
W<< MCTS: 5001 simulation done, duration: 497
W<< MCTS: 5001 simulation done, duration: 497
W<< MCTS: 5001 simulation done, duration: 498
W<< MCTS: 5001 simulation done, duration: 498
W<< MCTS: 5001 simulation done, duration: 499
W<< MCTS: 5001 simulation done, duration: 499
W<< action: ;W[ah] , ac: 641
W<< action: ;W[af] , ac: 797
W<< action: ;W[ac] , ac: 846
W<< action: ;W[ab] , ac: 727
W<< action: ;W[bi] , ac: 847
W<< action: ;W[bh] , ac: 883
W<< action: ;W[bg] , ac: 579
W<< action: ;W[bf] , ac: 586
W<< action: ;W[be] , ac: 809
W<< action: ;W[bd] , ac: 1097
W<< action: ;W[bb] , ac: 633
W<< action: ;W[ba] , ac: 1291
W<< action: ;W[ci] , ac: 791
W<< action: ;W[ch] , ac: 686
W<< action: ;W[cg] , ac: 702
W<< action: ;W[cf] , ac: 928
W<< action: ;W[cd] , ac: 686
W<< action: ;W[ca] , ac: 782
W<< action: ;W[di] , ac: 845
W<< action: ;W[dh] , ac: 535
W<< action: ;W[dc] , ac: 851
W<< action: ;W[db] , ac: 644
W<< action: ;W[ei] , ac: 835
W<< action: ;W[eh] , ac: 724
W<< action: ;W[eg] , ac: 834
W<< action: ;W[ec] , ac: 907
W<< action: ;W[eb] , ac: 637
W<< action: ;W[fh] , ac: 678
W<< action: ;W[fc] , ac: 782
W<< action: ;W[fb] , ac: 811
W<< action: ;W[fa] , ac: 662
W<< action: ;W[gi] , ac: 702
W<< action: ;W[gh] , ac: 1014
W<< action: ;W[gg] , ac: 825
W<< action: ;W[ge] , ac: 702
W<< action: ;W[gd] , ac: 914
W<< action: ;W[gc] , ac: 879
W<< action: ;W[gb] , ac: 857
W<< action: ;W[ga] , ac: 859
W<< action: ;W[hi] , ac: 533
W<< action: ;W[hh] , ac: 695
W<< action: ;W[hg] , ac: 700
W<< action: ;W[hf] , ac: 927
W<< action: ;W[he] , ac: 567
W<< action: ;W[hd] , ac: 836
W<< action: ;W[hc] , ac: 818
W<< action: ;W[hb] , ac: 610
W<< action: ;W[ih] , ac: 816
W<< action: ;W[ig] , ac: 840
W<< action: ;W[ib] , ac: 1199
W<< action: ;W[ia] , ac: 659
W<< = B9
W<< 
B>> play W B9
B<< = 
B<< 
B>> genmove b
B<< MCTS: 10001 simulation done, duration: 1068
B<< MCTS: 10001 simulation done, duration: 1069
B<< MCTS: 10001 simulation done, duration: 1069
B<< MCTS: 10001 simulation done, duration: 1070
B<< MCTS: 10001 simulation done, duration: 1071
B<< MCTS: 10001 simulation done, duration: 1069
B<< MCTS: 10001 simulation done, duration: 1070
B<< MCTS: 10001 simulation done, duration: 1082
B<< MCTS: 10001 simulation done, duration: 1093
B<< MCTS: 10001 simulation done, duration: 1098
B<< MCTS: 10001 simulation done, duration: 1099
B<< MCTS: 10001 simulation done, duration: 1105
B<< MCTS: 10001 simulation done, duration: 1109
B<< MCTS: 10001 simulation done, duration: 1117
B<< MCTS: 10001 simulation done, duration: 1143
B<< MCTS: 10001 simulation done, duration: 1151
B<< = F7
B<< 
W>> play B F7
W<< = 
W<< 
W>> genmove w
W<< MCTS: 5001 simulation done, duration: 457
W<< MCTS: 5001 simulation done, duration: 484
W<< MCTS: 5001 simulation done, duration: 489
W<< MCTS: 5001 simulation done, duration: 491
W<< MCTS: 5001 simulation done, duration: 492
W<< MCTS: 5001 simulation done, duration: 492
W<< MCTS: 5001 simulation done, duration: 493
W<< MCTS: 5001 simulation done, duration: 493
W<< action: ;W[ah] , ac: 644
W<< action: ;W[af] , ac: 761
W<< action: ;W[ac] , ac: 942
W<< action: ;W[bi] , ac: 927
W<< action: ;W[bh] , ac: 714
W<< action: ;W[bg] , ac: 847
W<< action: ;W[bf] , ac: 834
W<< action: ;W[be] , ac: 686
W<< action: ;W[bd] , ac: 817
W<< action: ;W[bb] , ac: 1048
W<< action: ;W[ci] , ac: 1036
W<< action: ;W[ch] , ac: 796
W<< action: ;W[cg] , ac: 646
W<< action: ;W[cf] , ac: 735
W<< action: ;W[cd] , ac: 885
W<< action: ;W[ca] , ac: 468
W<< action: ;W[di] , ac: 984
W<< action: ;W[dh] , ac: 792
W<< action: ;W[dc] , ac: 1216
W<< action: ;W[db] , ac: 596
W<< action: ;W[ei] , ac: 651
W<< action: ;W[eh] , ac: 774
W<< action: ;W[eg] , ac: 624
W<< action: ;W[ec] , ac: 927
W<< action: ;W[eb] , ac: 791
W<< action: ;W[fh] , ac: 926
W<< action: ;W[fb] , ac: 793
W<< action: ;W[fa] , ac: 961
W<< action: ;W[gi] , ac: 840
W<< action: ;W[gh] , ac: 1109
W<< action: ;W[gg] , ac: 569
W<< action: ;W[ge] , ac: 713
W<< action: ;W[gd] , ac: 638
W<< action: ;W[gc] , ac: 823
W<< action: ;W[gb] , ac: 1133
W<< action: ;W[ga] , ac: 667
W<< action: ;W[hi] , ac: 964
W<< action: ;W[hh] , ac: 838
W<< action: ;W[hg] , ac: 958
W<< action: ;W[hf] , ac: 697
W<< action: ;W[he] , ac: 930
W<< action: ;W[hd] , ac: 816
W<< action: ;W[hc] , ac: 701
W<< action: ;W[hb] , ac: 937
W<< action: ;W[ih] , ac: 715
W<< action: ;W[ig] , ac: 1066
W<< action: ;W[ib] , ac: 1231
W<< action: ;W[ia] , ac: 842
W<< = J8
W<< 
B>> play W J8
B<< = 
B<< 
B>> genmove b
B<< MCTS: 10001 simulation done, duration: 1057
B<< MCTS: 10001 simulation done, duration: 1058
B<< MCTS: 10001 simulation done, duration: 1058
B<< MCTS: 10001 simulation done, duration: 1067
B<< MCTS: 10001 simulation done, duration: 1069
B<< MCTS: 10001 simulation done, duration: 1072
B<< MCTS: 10001 simulation done, duration: 1075
B<< MCTS: 10001 simulation done, duration: 1077
B<< MCTS: 10001 simulation done, duration: 1087
B<< MCTS: 10001 simulation done, duration: 1076
B<< MCTS: 10001 simulation done, duration: 1090
B<< MCTS: 10001 simulation done, duration: 1091
B<< MCTS: 10001 simulation done, duration: 1096
B<< MCTS: 10001 simulation done, duration: 1108
B<< MCTS: 10001 simulation done, duration: 1120
B<< MCTS: 10001 simulation done, duration: 1129
B<< = D8
B<< 
W>> play B D8
W<< = 
W<< 
W>> genmove w
W<< MCTS: 5001 simulation done, duration: 442
W<< MCTS: 5001 simulation done, duration: 474
W<< MCTS: 5001 simulation done, duration: 474
W<< MCTS: 5001 simulation done, duration: 475
W<< MCTS: 5001 simulation done, duration: 477
W<< MCTS: 5001 simulation done, duration: 477
W<< MCTS: 5001 simulation done, duration: 478
W<< MCTS: 5001 simulation done, duration: 478
W<< action: ;W[ah] , ac: 804
W<< action: ;W[af] , ac: 664
W<< action: ;W[ac] , ac: 816
W<< action: ;W[bi] , ac: 1158
W<< action: ;W[bh] , ac: 862
W<< action: ;W[bg] , ac: 774
W<< action: ;W[bf] , ac: 644
W<< action: ;W[be] , ac: 622
W<< action: ;W[bd] , ac: 802
W<< action: ;W[bb] , ac: 1006
W<< action: ;W[ci] , ac: 1145
W<< action: ;W[ch] , ac: 834
W<< action: ;W[cg] , ac: 768
W<< action: ;W[cf] , ac: 1137
W<< action: ;W[cd] , ac: 861
W<< action: ;W[ca] , ac: 891
W<< action: ;W[di] , ac: 1129
W<< action: ;W[dh] , ac: 1126
W<< action: ;W[dc] , ac: 1552
W<< action: ;W[ei] , ac: 994
W<< action: ;W[eh] , ac: 1125
W<< action: ;W[eg] , ac: 845
W<< action: ;W[ec] , ac: 1112
W<< action: ;W[eb] , ac: 857
W<< action: ;W[fh] , ac: 667
W<< action: ;W[fb] , ac: 795
W<< action: ;W[fa] , ac: 1069
W<< action: ;W[gi] , ac: 798
W<< action: ;W[gh] , ac: 1010
W<< action: ;W[gg] , ac: 916
W<< action: ;W[ge] , ac: 695
W<< action: ;W[gd] , ac: 986
W<< action: ;W[gc] , ac: 951
W<< action: ;W[gb] , ac: 961
W<< action: ;W[ga] , ac: 997
W<< action: ;W[hi] , ac: 824
W<< action: ;W[hh] , ac: 715
W<< action: ;W[hg] , ac: 798
W<< action: ;W[hf] , ac: 814
W<< action: ;W[he] , ac: 487
W<< action: ;W[hd] , ac: 694
W<< action: ;W[hb] , ac: 907
W<< action: ;W[ih] , ac: 804
W<< action: ;W[ig] , ac: 947
W<< action: ;W[ia] , ac: 645
W<< = D7
W<< 
B>> play W D7
B<< = 
B<< 
B>> genmove b
B<< MCTS: 10001 simulation done, duration: 1026
B<< MCTS: 10001 simulation done, duration: 1028
B<< MCTS: 10001 simulation done, duration: 1029
B<< MCTS: 10001 simulation done, duration: 1031
B<< MCTS: 10001 simulation done, duration: 1031
B<< MCTS: 10001 simulation done, duration: 1032
B<< MCTS: 10001 simulation done, duration: 1034
B<< MCTS: 10001 simulation done, duration: 1037
B<< MCTS: 10001 simulation done, duration: 1033
B<< MCTS: 10001 simulation done, duration: 1043
B<< MCTS: 10001 simulation done, duration: 1048
B<< MCTS: 10001 simulation done, duration: 1053
B<< MCTS: 10001 simulation done, duration: 1053
B<< MCTS: 10001 simulation done, duration: 1055
B<< MCTS: 10001 simulation done, duration: 1065
B<< MCTS: 10001 simulation done, duration: 1066
B<< = B4
B<< 
W>> play B B4
W<< = 
W<< 
W>> genmove w
W<< MCTS: 5001 simulation done, duration: 432
W<< MCTS: 5001 simulation done, duration: 465
W<< MCTS: 5001 simulation done, duration: 466
W<< MCTS: 5001 simulation done, duration: 467
W<< MCTS: 5001 simulation done, duration: 469
W<< MCTS: 5001 simulation done, duration: 469
W<< MCTS: 5001 simulation done, duration: 469
W<< MCTS: 5001 simulation done, duration: 470
W<< action: ;W[ah] , ac: 1076
W<< action: ;W[af] , ac: 1148
W<< action: ;W[ac] , ac: 706
W<< action: ;W[bi] , ac: 789
W<< action: ;W[bh] , ac: 1031
W<< action: ;W[bg] , ac: 1118
W<< action: ;W[be] , ac: 1109
W<< action: ;W[bd] , ac: 1234
W<< action: ;W[bb] , ac: 1098
W<< action: ;W[ci] , ac: 1085
W<< action: ;W[ch] , ac: 1308
W<< action: ;W[cg] , ac: 1005
W<< action: ;W[cf] , ac: 1132
W<< action: ;W[ca] , ac: 692
W<< action: ;W[di] , ac: 1361
W<< action: ;W[dh] , ac: 1043
W<< action: ;W[ei] , ac: 947
W<< action: ;W[eh] , ac: 787
W<< action: ;W[eg] , ac: 842
W<< action: ;W[ec] , ac: 1135
W<< action: ;W[fh] , ac: 783
W<< action: ;W[fb] , ac: 907
W<< action: ;W[fa] , ac: 978
W<< action: ;W[gi] , ac: 710
W<< action: ;W[gh] , ac: 1178
W<< action: ;W[gg] , ac: 844
W<< action: ;W[ge] , ac: 807
W<< action: ;W[gd] , ac: 818
W<< action: ;W[gc] , ac: 823
W<< action: ;W[gb] , ac: 944
W<< action: ;W[ga] , ac: 939
W<< action: ;W[hi] , ac: 890
W<< action: ;W[hh] , ac: 1353
W<< action: ;W[hg] , ac: 955
W<< action: ;W[hf] , ac: 780
W<< action: ;W[he] , ac: 903
W<< action: ;W[hd] , ac: 1044
W<< action: ;W[hb] , ac: 1239
W<< action: ;W[ih] , ac: 717
W<< action: ;W[ig] , ac: 935
W<< action: ;W[ia] , ac: 815
W<< = D1
W<< 
B>> play W D1
B<< = 
B<< 
B>> genmove b
B<< MCTS: 10001 simulation done, duration: 1019
B<< MCTS: 10001 simulation done, duration: 1022
B<< MCTS: 10001 simulation done, duration: 1024
B<< MCTS: 10001 simulation done, duration: 1026
B<< MCTS: 10001 simulation done, duration: 1029
B<< MCTS: 10001 simulation done, duration: 1031
B<< MCTS: 10001 simulation done, duration: 1032
B<< MCTS: 10001 simulation done, duration: 1019
B<< MCTS: 10001 simulation done, duration: 1032
B<< MCTS: 10001 simulation done, duration: 1034
B<< MCTS: 10001 simulation done, duration: 1023
B<< MCTS: 10001 simulation done, duration: 1036
B<< MCTS: 10001 simulation done, duration: 1039
B<< MCTS: 10001 simulation done, duration: 1044
B<< MCTS: 10001 simulation done, duration: 1046
B<< MCTS: 10001 simulation done, duration: 1079
B<< = C3
B<< 
W>> play B C3
W<< = 
W<< 
W>> genmove w
W<< MCTS: 5001 simulation done, duration: 433
W<< MCTS: 5001 simulation done, duration: 463
W<< MCTS: 5001 simulation done, duration: 464
W<< MCTS: 5001 simulation done, duration: 464
W<< MCTS: 5001 simulation done, duration: 465
W<< MCTS: 5001 simulation done, duration: 465
W<< MCTS: 5001 simulation done, duration: 465
W<< MCTS: 5001 simulation done, duration: 466
W<< action: ;W[ah] , ac: 1364
W<< action: ;W[af] , ac: 1213
W<< action: ;W[ac] , ac: 718
W<< action: ;W[bi] , ac: 1156
W<< action: ;W[bh] , ac: 1291
W<< action: ;W[bg] , ac: 1821
W<< action: ;W[be] , ac: 1063
W<< action: ;W[bd] , ac: 1915
W<< action: ;W[bb] , ac: 1152
W<< action: ;W[ci] , ac: 916
W<< action: ;W[ch] , ac: 978
W<< action: ;W[ca] , ac: 691
W<< action: ;W[dh] , ac: 765
W<< action: ;W[ei] , ac: 985
W<< action: ;W[eh] , ac: 1073
W<< action: ;W[eg] , ac: 839
W<< action: ;W[ec] , ac: 815
W<< action: ;W[fh] , ac: 1177
W<< action: ;W[fb] , ac: 1185
W<< action: ;W[fa] , ac: 1564
W<< action: ;W[gi] , ac: 921
W<< action: ;W[gh] , ac: 723
W<< action: ;W[gg] , ac: 949
W<< action: ;W[ge] , ac: 1090
W<< action: ;W[gd] , ac: 1077
W<< action: ;W[gc] , ac: 1062
W<< action: ;W[gb] , ac: 856
W<< action: ;W[ga] , ac: 1195
W<< action: ;W[hi] , ac: 1063
W<< action: ;W[hh] , ac: 1068
W<< action: ;W[hg] , ac: 780
W<< action: ;W[hf] , ac: 1170
W<< action: ;W[he] , ac: 743
W<< action: ;W[hd] , ac: 777
W<< action: ;W[hb] , ac: 1006
W<< action: ;W[ih] , ac: 941
W<< action: ;W[ig] , ac: 1153
W<< action: ;W[ia] , ac: 753
W<< = B6
W<< 
B>> play W B6
B<< = 
B<< 
B>> genmove b
B<< MCTS: 10001 simulation done, duration: 1019
B<< MCTS: 10001 simulation done, duration: 1021
B<< MCTS: 10001 simulation done, duration: 1022
B<< MCTS: 10001 simulation done, duration: 1023
B<< MCTS: 10001 simulation done, duration: 1023
B<< MCTS: 10001 simulation done, duration: 1024
B<< MCTS: 10001 simulation done, duration: 1025
B<< MCTS: 10001 simulation done, duration: 1026
B<< MCTS: 10001 simulation done, duration: 1029
B<< MCTS: 10001 simulation done, duration: 1014
B<< MCTS: 10001 simulation done, duration: 1044
B<< MCTS: 10001 simulation done, duration: 1042
B<< MCTS: 10001 simulation done, duration: 1059
B<< MCTS: 10001 simulation done, duration: 1073
B<< MCTS: 10001 simulation done, duration: 1069
B<< MCTS: 10001 simulation done, duration: 1076
B<< = B2
B<< 
W>> play B B2
W<< = 
W<< 
W>> genmove w
W<< MCTS: 5001 simulation done, duration: 432
W<< MCTS: 5001 simulation done, duration: 462
W<< MCTS: 5001 simulation done, duration: 463
W<< MCTS: 5001 simulation done, duration: 463
W<< MCTS: 5001 simulation done, duration: 463
W<< MCTS: 5001 simulation done, duration: 464
W<< MCTS: 5001 simulation done, duration: 465
W<< MCTS: 5001 simulation done, duration: 468
W<< action: ;W[af] , ac: 1867
W<< action: ;W[bi] , ac: 1946
W<< action: ;W[be] , ac: 1360
W<< action: ;W[bb] , ac: 1742
W<< action: ;W[ci] , ac: 661
W<< action: ;W[ch] , ac: 1453
W<< action: ;W[ca] , ac: 1103
W<< action: ;W[dh] , ac: 943
W<< action: ;W[ei] , ac: 1037
W<< action: ;W[eh] , ac: 1251
W<< action: ;W[eg] , ac: 774
W<< action: ;W[ec] , ac: 1067
W<< action: ;W[fh] , ac: 1051
W<< action: ;W[fb] , ac: 1016
W<< action: ;W[fa] , ac: 1537
W<< action: ;W[gi] , ac: 1080
W<< action: ;W[gh] , ac: 1336
W<< action: ;W[gg] , ac: 1057
W<< action: ;W[ge] , ac: 1212
W<< action: ;W[gd] , ac: 1340
W<< action: ;W[gc] , ac: 984
W<< action: ;W[gb] , ac: 1502
W<< action: ;W[ga] , ac: 1102
W<< action: ;W[hi] , ac: 1226
W<< action: ;W[hh] , ac: 922
W<< action: ;W[hg] , ac: 1673
W<< action: ;W[hf] , ac: 1179
W<< action: ;W[he] , ac: 1070
W<< action: ;W[hd] , ac: 1222
W<< action: ;W[hb] , ac: 1199
W<< action: ;W[ih] , ac: 953
W<< action: ;W[ig] , ac: 1255
W<< action: ;W[ia] , ac: 888
W<< = B1
W<< 
B>> play W B1
B<< = 
B<< 
B>> genmove b
B<< MCTS: 10001 simulation done, duration: 1007
B<< MCTS: 10001 simulation done, duration: 1011
B<< MCTS: 10001 simulation done, duration: 1013
B<< MCTS: 10001 simulation done, duration: 1014
B<< MCTS: 10001 simulation done, duration: 1013
B<< MCTS: 10001 simulation done, duration: 1013
B<< MCTS: 10001 simulation done, duration: 1020
B<< MCTS: 10001 simulation done, duration: 1043
B<< MCTS: 10001 simulation done, duration: 1045
B<< MCTS: 10001 simulation done, duration: 1049
B<< MCTS: 10001 simulation done, duration: 1053
B<< MCTS: 10001 simulation done, duration: 1062
B<< MCTS: 10001 simulation done, duration: 1081
B<< MCTS: 10001 simulation done, duration: 1121
B<< MCTS: 10001 simulation done, duration: 1123
B<< MCTS: 10001 simulation done, duration: 1186
B<< = B5
B<< 
W>> play B B5
W<< = 
W<< 
W>> genmove w
W<< MCTS: 5001 simulation done, duration: 420
W<< MCTS: 5001 simulation done, duration: 448
W<< MCTS: 5001 simulation done, duration: 449
W<< MCTS: 5001 simulation done, duration: 449
W<< MCTS: 5001 simulation done, duration: 450
W<< MCTS: 5001 simulation done, duration: 451
W<< MCTS: 5001 simulation done, duration: 451
W<< MCTS: 5001 simulation done, duration: 451
W<< action: ;W[bb] , ac: 1755
W<< action: ;W[ci] , ac: 791
W<< action: ;W[ch] , ac: 1680
W<< action: ;W[ca] , ac: 871
W<< action: ;W[dh] , ac: 1327
W<< action: ;W[ei] , ac: 1242
W<< action: ;W[eh] , ac: 2449
W<< action: ;W[eg] , ac: 1026
W<< action: ;W[ec] , ac: 995
W<< action: ;W[fh] , ac: 909
W<< action: ;W[fb] , ac: 1510
W<< action: ;W[fa] , ac: 1262
W<< action: ;W[gi] , ac: 1504
W<< action: ;W[gh] , ac: 1526
W<< action: ;W[gg] , ac: 1366
W<< action: ;W[ge] , ac: 994
W<< action: ;W[gd] , ac: 1305
W<< action: ;W[gc] , ac: 1276
W<< action: ;W[gb] , ac: 1138
W<< action: ;W[ga] , ac: 1498
W<< action: ;W[hi] , ac: 1601
W<< action: ;W[hh] , ac: 1532
W<< action: ;W[hg] , ac: 1565
W<< action: ;W[hf] , ac: 965
W<< action: ;W[he] , ac: 1337
W<< action: ;W[hd] , ac: 1486
W<< action: ;W[hb] , ac: 1632
W<< action: ;W[ih] , ac: 1060
W<< action: ;W[ig] , ac: 1539
W<< action: ;W[ia] , ac: 867
W<< = E2
W<< 
B>> play W E2
B<< = 
B<< 
B>> genmove b
B<< MCTS: 10001 simulation done, duration: 1003
B<< MCTS: 10001 simulation done, duration: 1003
B<< MCTS: 10001 simulation done, duration: 1004
B<< MCTS: 10001 simulation done, duration: 1005
B<< MCTS: 10001 simulation done, duration: 1006
B<< MCTS: 10001 simulation done, duration: 1007
B<< MCTS: 10001 simulation done, duration: 1008
B<< MCTS: 10001 simulation done, duration: 1009
B<< MCTS: 10001 simulation done, duration: 999
B<< MCTS: 10001 simulation done, duration: 1014
B<< MCTS: 10001 simulation done, duration: 1004
B<< MCTS: 10001 simulation done, duration: 1019
B<< MCTS: 10001 simulation done, duration: 1034
B<< MCTS: 10001 simulation done, duration: 1056
B<< MCTS: 10001 simulation done, duration: 1065
B<< MCTS: 10001 simulation done, duration: 1093
B<< = D2
B<< 
W>> play B D2
W<< = 
W<< 
W>> genmove w
W<< MCTS: 5001 simulation done, duration: 410
W<< MCTS: 5001 simulation done, duration: 440
W<< MCTS: 5001 simulation done, duration: 441
W<< MCTS: 5001 simulation done, duration: 441
W<< MCTS: 5001 simulation done, duration: 442
W<< MCTS: 5001 simulation done, duration: 442
W<< MCTS: 5001 simulation done, duration: 443
W<< MCTS: 5001 simulation done, duration: 444
W<< action: ;W[bb] , ac: 1993
W<< action: ;W[ci] , ac: 967
W<< action: ;W[ca] , ac: 1036
W<< action: ;W[ei] , ac: 873
W<< action: ;W[eg] , ac: 911
W<< action: ;W[ec] , ac: 1509
W<< action: ;W[fh] , ac: 1592
W<< action: ;W[fb] , ac: 1142
W<< action: ;W[fa] , ac: 2178
W<< action: ;W[gi] , ac: 1585
W<< action: ;W[gh] , ac: 2043
W<< action: ;W[gg] , ac: 1217
W<< action: ;W[ge] , ac: 1391
W<< action: ;W[gd] , ac: 2624
W<< action: ;W[gc] , ac: 1006
W<< action: ;W[gb] , ac: 2096
W<< action: ;W[ga] , ac: 1778
W<< action: ;W[hi] , ac: 1796
W<< action: ;W[hh] , ac: 1808
W<< action: ;W[hg] , ac: 1360
W<< action: ;W[hf] , ac: 1215
W<< action: ;W[he] , ac: 1438
W<< action: ;W[hd] , ac: 1281
W<< action: ;W[hb] , ac: 1313
W<< action: ;W[ih] , ac: 1131
W<< action: ;W[ig] , ac: 1504
W<< action: ;W[ia] , ac: 1221
W<< = G6
W<< 
B>> play W G6
B<< = 
B<< 
B>> genmove b
B<< MCTS: 10001 simulation done, duration: 974
B<< MCTS: 10001 simulation done, duration: 976
B<< MCTS: 10001 simulation done, duration: 975
B<< MCTS: 10001 simulation done, duration: 976
B<< MCTS: 10001 simulation done, duration: 977
B<< MCTS: 10001 simulation done, duration: 975
B<< MCTS: 10001 simulation done, duration: 979
B<< MCTS: 10001 simulation done, duration: 984
B<< MCTS: 10001 simulation done, duration: 986
B<< MCTS: 10001 simulation done, duration: 989
B<< MCTS: 10001 simulation done, duration: 994
B<< MCTS: 10001 simulation done, duration: 995
B<< MCTS: 10001 simulation done, duration: 1003
B<< MCTS: 10001 simulation done, duration: 991
B<< MCTS: 10001 simulation done, duration: 1017
B<< MCTS: 10001 simulation done, duration: 1023
B<< = G9
B<< 
W>> play B G9
W<< = 
W<< 
W>> genmove w
W<< MCTS: 5001 simulation done, duration: 414
W<< MCTS: 5001 simulation done, duration: 420
W<< MCTS: 5001 simulation done, duration: 424
W<< MCTS: 5001 simulation done, duration: 424
W<< MCTS: 5001 simulation done, duration: 424
W<< MCTS: 5001 simulation done, duration: 424
W<< MCTS: 5001 simulation done, duration: 425
W<< MCTS: 5001 simulation done, duration: 425
W<< action: ;W[bb] , ac: 1811
W<< action: ;W[ci] , ac: 1002
W<< action: ;W[ca] , ac: 1337
W<< action: ;W[ei] , ac: 1235
W<< action: ;W[eg] , ac: 968
W<< action: ;W[ec] , ac: 1012
W<< action: ;W[fh] , ac: 1622
W<< action: ;W[fb] , ac: 1213
W<< action: ;W[fa] , ac: 2877
W<< action: ;W[gi] , ac: 1536
W<< action: ;W[gh] , ac: 2144
W<< action: ;W[gg] , ac: 1136
W<< action: ;W[ge] , ac: 1395
W<< action: ;W[gc] , ac: 1134
W<< action: ;W[gb] , ac: 1206
W<< action: ;W[hi] , ac: 2021
W<< action: ;W[hh] , ac: 1822
W<< action: ;W[hg] , ac: 2206
W<< action: ;W[hf] , ac: 1670
W<< action: ;W[he] , ac: 2138
W<< action: ;W[hd] , ac: 1162
W<< action: ;W[hb] , ac: 2073
W<< action: ;W[ih] , ac: 1687
W<< action: ;W[ig] , ac: 1728
W<< action: ;W[ia] , ac: 1873
W<< = F9
W<< 
B>> play W F9
B<< = 
B<< 
B>> genmove b
B<< MCTS: 10001 simulation done, duration: 931
B<< MCTS: 10001 simulation done, duration: 932
B<< MCTS: 10001 simulation done, duration: 933
B<< MCTS: 10001 simulation done, duration: 933
B<< MCTS: 10001 simulation done, duration: 935
B<< MCTS: 10001 simulation done, duration: 936
B<< MCTS: 10001 simulation done, duration: 936
B<< MCTS: 10001 simulation done, duration: 939
B<< MCTS: 10001 simulation done, duration: 939
B<< MCTS: 10001 simulation done, duration: 935
B<< MCTS: 10001 simulation done, duration: 927
B<< MCTS: 10001 simulation done, duration: 941
B<< MCTS: 10001 simulation done, duration: 950
B<< MCTS: 10001 simulation done, duration: 949
B<< MCTS: 10001 simulation done, duration: 953
B<< MCTS: 10001 simulation done, duration: 982
B<< = H8
B<< 
W>> play B H8
W<< = 
W<< 
W>> genmove w
W<< MCTS: 5001 simulation done, duration: 382
W<< MCTS: 5001 simulation done, duration: 389
W<< MCTS: 5001 simulation done, duration: 390
W<< MCTS: 5001 simulation done, duration: 390
W<< MCTS: 5001 simulation done, duration: 391
W<< MCTS: 5001 simulation done, duration: 391
W<< MCTS: 5001 simulation done, duration: 391
W<< MCTS: 5001 simulation done, duration: 392
W<< action: ;W[bb] , ac: 2769
W<< action: ;W[ci] , ac: 1100
W<< action: ;W[ca] , ac: 1504
W<< action: ;W[ei] , ac: 1185
W<< action: ;W[eg] , ac: 1290
W<< action: ;W[ec] , ac: 1629
W<< action: ;W[fh] , ac: 2179
W<< action: ;W[fb] , ac: 1586
W<< action: ;W[gi] , ac: 2022
W<< action: ;W[gh] , ac: 2395
W<< action: ;W[gg] , ac: 1936
W<< action: ;W[ge] , ac: 1541
W<< action: ;W[gc] , ac: 1454
W<< action: ;W[hi] , ac: 2341
W<< action: ;W[hh] , ac: 2130
W<< action: ;W[hg] , ac: 2494
W<< action: ;W[hf] , ac: 1658
W<< action: ;W[he] , ac: 2849
W<< action: ;W[hd] , ac: 1854
W<< action: ;W[ih] , ac: 2111
W<< action: ;W[ig] , ac: 1981
W<< = H5
W<< 
B>> play W H5
B<< = 
B<< 
B>> genmove b
B<< MCTS: 10001 simulation done, duration: 886
B<< MCTS: 10001 simulation done, duration: 891
B<< MCTS: 10001 simulation done, duration: 891
B<< MCTS: 10001 simulation done, duration: 890
B<< MCTS: 10001 simulation done, duration: 888
B<< MCTS: 10001 simulation done, duration: 891
B<< MCTS: 10001 simulation done, duration: 892
B<< MCTS: 10001 simulation done, duration: 894
B<< MCTS: 10001 simulation done, duration: 896
B<< MCTS: 10001 simulation done, duration: 897
B<< MCTS: 10001 simulation done, duration: 900
B<< MCTS: 10001 simulation done, duration: 902
B<< MCTS: 10001 simulation done, duration: 903
B<< MCTS: 10001 simulation done, duration: 903
B<< MCTS: 10001 simulation done, duration: 906
B<< MCTS: 10001 simulation done, duration: 891
B<< = B8
B<< 
W>> play B B8
W<< = 
W<< 
W>> genmove w
W<< MCTS: 5001 simulation done, duration: 352
W<< MCTS: 5001 simulation done, duration: 358
W<< MCTS: 5001 simulation done, duration: 358
W<< MCTS: 5001 simulation done, duration: 359
W<< MCTS: 5001 simulation done, duration: 359
W<< MCTS: 5001 simulation done, duration: 359
W<< MCTS: 5001 simulation done, duration: 360
W<< MCTS: 5001 simulation done, duration: 361
W<< action: ;W[ci] , ac: 1362
W<< action: ;W[ei] , ac: 1504
W<< action: ;W[eg] , ac: 1841
W<< action: ;W[ec] , ac: 1768
W<< action: ;W[fh] , ac: 2343
W<< action: ;W[fb] , ac: 1810
W<< action: ;W[gi] , ac: 1954
W<< action: ;W[gh] , ac: 3360
W<< action: ;W[gg] , ac: 2242
W<< action: ;W[ge] , ac: 1344
W<< action: ;W[gc] , ac: 2087
W<< action: ;W[hi] , ac: 2603
W<< action: ;W[hh] , ac: 3321
W<< action: ;W[hg] , ac: 3046
W<< action: ;W[hf] , ac: 2115
W<< action: ;W[hd] , ac: 2562
W<< action: ;W[ih] , ac: 2167
W<< action: ;W[ig] , ac: 2579
W<< = G2
W<< 
B>> play W G2
B<< = 
B<< 
B>> genmove b
B<< MCTS: 10001 simulation done, duration: 823
B<< MCTS: 10001 simulation done, duration: 823
B<< MCTS: 10001 simulation done, duration: 823
B<< MCTS: 10001 simulation done, duration: 826
B<< MCTS: 10001 simulation done, duration: 828
B<< MCTS: 10001 simulation done, duration: 830
B<< MCTS: 10001 simulation done, duration: 832
B<< MCTS: 10001 simulation done, duration: 832
B<< MCTS: 10001 simulation done, duration: 833
B<< MCTS: 10001 simulation done, duration: 826
B<< MCTS: 10001 simulation done, duration: 833
B<< MCTS: 10001 simulation done, duration: 850
B<< MCTS: 10001 simulation done, duration: 854
B<< MCTS: 10001 simulation done, duration: 861
B<< MCTS: 10001 simulation done, duration: 874
B<< MCTS: 10001 simulation done, duration: 879
B<< = G1
B<< 
W>> play B G1
W<< = 
W<< 
W>> genmove w
W<< MCTS: 5001 simulation done, duration: 323
W<< MCTS: 5001 simulation done, duration: 334
W<< MCTS: 5001 simulation done, duration: 334
W<< MCTS: 5001 simulation done, duration: 335
W<< MCTS: 5001 simulation done, duration: 335
W<< MCTS: 5001 simulation done, duration: 335
W<< MCTS: 5001 simulation done, duration: 336
W<< MCTS: 5001 simulation done, duration: 337
W<< action: ;W[ci] , ac: 1857
W<< action: ;W[ei] , ac: 2034
W<< action: ;W[eg] , ac: 2287
W<< action: ;W[ec] , ac: 2237
W<< action: ;W[fh] , ac: 2379
W<< action: ;W[fb] , ac: 2542
W<< action: ;W[gg] , ac: 2786
W<< action: ;W[ge] , ac: 1880
W<< action: ;W[gc] , ac: 2477
W<< action: ;W[hh] , ac: 3472
W<< action: ;W[hg] , ac: 3562
W<< action: ;W[hf] , ac: 2359
W<< action: ;W[hd] , ac: 3300
W<< action: ;W[ih] , ac: 3402
W<< action: ;W[ig] , ac: 3434
W<< = H3
W<< 
B>> play W H3
B<< = 
B<< 
B>> genmove b
B<< MCTS: 10001 simulation done, duration: 756
B<< MCTS: 10001 simulation done, duration: 760
B<< MCTS: 10001 simulation done, duration: 760
B<< MCTS: 10001 simulation done, duration: 762
B<< MCTS: 10001 simulation done, duration: 763
B<< MCTS: 10001 simulation done, duration: 763
B<< MCTS: 10001 simulation done, duration: 764
B<< MCTS: 10001 simulation done, duration: 764
B<< MCTS: 10001 simulation done, duration: 766
B<< MCTS: 10001 simulation done, duration: 765
B<< MCTS: 10001 simulation done, duration: 766
B<< MCTS: 10001 simulation done, duration: 766
B<< MCTS: 10001 simulation done, duration: 769
B<< MCTS: 10001 simulation done, duration: 751
B<< MCTS: 10001 simulation done, duration: 774
B<< MCTS: 10001 simulation done, duration: 774
B<< = H4
B<< 
W>> play B H4
W<< = 
W<< 
W>> genmove w
W<< MCTS: 5001 simulation done, duration: 291
W<< MCTS: 5001 simulation done, duration: 298
W<< MCTS: 5001 simulation done, duration: 299
W<< MCTS: 5001 simulation done, duration: 300
W<< MCTS: 5001 simulation done, duration: 300
W<< MCTS: 5001 simulation done, duration: 301
W<< MCTS: 5001 simulation done, duration: 301
W<< MCTS: 5001 simulation done, duration: 302
W<< action: ;W[ci] , ac: 2435
W<< action: ;W[ei] , ac: 2424
W<< action: ;W[eg] , ac: 2761
W<< action: ;W[ec] , ac: 2798
W<< action: ;W[fh] , ac: 3500
W<< action: ;W[fb] , ac: 2920
W<< action: ;W[gg] , ac: 3365
W<< action: ;W[ge] , ac: 2364
W<< action: ;W[gc] , ac: 2831
W<< action: ;W[hh] , ac: 3519
W<< action: ;W[hd] , ac: 3422
W<< action: ;W[ih] , ac: 7669
W<< = J2
W<< 
B>> play W J2
B<< = 
B<< 
B>> genmove b
B<< MCTS: 10001 simulation done, duration: 675
B<< MCTS: 10001 simulation done, duration: 678
B<< MCTS: 10001 simulation done, duration: 679
B<< MCTS: 10001 simulation done, duration: 682
B<< MCTS: 10001 simulation done, duration: 683
B<< MCTS: 10001 simulation done, duration: 684
B<< MCTS: 10001 simulation done, duration: 683
B<< MCTS: 10001 simulation done, duration: 684
B<< MCTS: 10001 simulation done, duration: 685
B<< MCTS: 10001 simulation done, duration: 687
B<< MCTS: 10001 simulation done, duration: 675
B<< MCTS: 10001 simulation done, duration: 688
B<< MCTS: 10001 simulation done, duration: 694
B<< MCTS: 10001 simulation done, duration: 701
B<< MCTS: 10001 simulation done, duration: 679
B<< MCTS: 10001 simulation done, duration: 701
B<< = F2
B<< 
W>> play B F2
W<< = 
W<< 
W>> genmove w
W<< MCTS: 5001 simulation done, duration: 250
W<< MCTS: 5001 simulation done, duration: 251
W<< MCTS: 5001 simulation done, duration: 251
W<< MCTS: 5001 simulation done, duration: 251
W<< MCTS: 5001 simulation done, duration: 251
W<< MCTS: 5001 simulation done, duration: 251
W<< MCTS: 5001 simulation done, duration: 252
W<< MCTS: 5001 simulation done, duration: 252
W<< action: ;W[ci] , ac: 3286
W<< action: ;W[ei] , ac: 3483
W<< action: ;W[eg] , ac: 4305
W<< action: ;W[ec] , ac: 3559
W<< action: ;W[fb] , ac: 3638
W<< action: ;W[gg] , ac: 3993
W<< action: ;W[ge] , ac: 2960
W<< action: ;W[gc] , ac: 3759
W<< action: ;W[hh] , ac: 6258
W<< action: ;W[hd] , ac: 4767
W<< = H2
W<< 
B>> play W H2
B<< = 
B<< 
B>> genmove b
B<< MCTS: 10001 simulation done, duration: 581
B<< MCTS: 10001 simulation done, duration: 584
B<< MCTS: 10001 simulation done, duration: 584
B<< MCTS: 10001 simulation done, duration: 585
B<< MCTS: 10001 simulation done, duration: 586
B<< MCTS: 10001 simulation done, duration: 589
B<< MCTS: 10001 simulation done, duration: 590
B<< MCTS: 10001 simulation done, duration: 590
B<< MCTS: 10001 simulation done, duration: 591
B<< MCTS: 10001 simulation done, duration: 592
B<< MCTS: 10001 simulation done, duration: 593
B<< MCTS: 10001 simulation done, duration: 593
B<< MCTS: 10001 simulation done, duration: 597
B<< MCTS: 10001 simulation done, duration: 590
B<< MCTS: 10001 simulation done, duration: 600
B<< MCTS: 10001 simulation done, duration: 596
B<< = G3
B<< 
W>> play B G3
W<< = 
W<< 
W>> genmove w
W<< MCTS: 5001 simulation done, duration: 215
W<< MCTS: 5001 simulation done, duration: 217
W<< MCTS: 5001 simulation done, duration: 217
W<< MCTS: 5001 simulation done, duration: 217
W<< MCTS: 5001 simulation done, duration: 217
W<< MCTS: 5001 simulation done, duration: 217
W<< MCTS: 5001 simulation done, duration: 217
W<< MCTS: 5001 simulation done, duration: 218
W<< action: ;W[ci] , ac: 5713
W<< action: ;W[ei] , ac: 5717
W<< action: ;W[ec] , ac: 5714
W<< action: ;W[fb] , ac: 5716
W<< action: ;W[ge] , ac: 5713
W<< action: ;W[gc] , ac: 5717
W<< action: ;W[hd] , ac: 5718
W<< = H6
W<< 
B>> play W H6
B<< = 
B<< 
B>> genmove b
B<< MCTS: 10001 simulation done, duration: 519
B<< MCTS: 10001 simulation done, duration: 520
B<< MCTS: 10001 simulation done, duration: 519
B<< MCTS: 10001 simulation done, duration: 521
B<< MCTS: 10001 simulation done, duration: 523
B<< MCTS: 10001 simulation done, duration: 525
B<< MCTS: 10001 simulation done, duration: 526
B<< MCTS: 10001 simulation done, duration: 525
B<< MCTS: 10001 simulation done, duration: 529
B<< MCTS: 10001 simulation done, duration: 528
B<< MCTS: 10001 simulation done, duration: 528
B<< MCTS: 10001 simulation done, duration: 530
B<< MCTS: 10001 simulation done, duration: 533
B<< MCTS: 10001 simulation done, duration: 533
B<< MCTS: 10001 simulation done, duration: 522
B<< MCTS: 10001 simulation done, duration: 559
B<< = E8
B<< 
W>> play B E8
W<< = 
W<< 
W>> genmove w
W<< MCTS: 5001 simulation done, duration: 181
W<< MCTS: 5001 simulation done, duration: 183
W<< MCTS: 5001 simulation done, duration: 183
W<< MCTS: 5001 simulation done, duration: 184
W<< MCTS: 5001 simulation done, duration: 184
W<< MCTS: 5001 simulation done, duration: 184
W<< MCTS: 5001 simulation done, duration: 184
W<< MCTS: 5001 simulation done, duration: 185
W<< action: ;W[ci] , ac: 8003
W<< action: ;W[ei] , ac: 8000
W<< action: ;W[fb] , ac: 8002
W<< action: ;W[ge] , ac: 8002
W<< action: ;W[gc] , ac: 8001
W<< = C1
W<< 
B>> play W C1
B<< = 
B<< 
B>> genmove b
B<< MCTS: 10001 simulation done, duration: 413
B<< MCTS: 10001 simulation done, duration: 413
B<< MCTS: 10001 simulation done, duration: 419
B<< MCTS: 10001 simulation done, duration: 421
B<< MCTS: 10001 simulation done, duration: 421
B<< MCTS: 10001 simulation done, duration: 422
B<< MCTS: 10001 simulation done, duration: 421
B<< MCTS: 10001 simulation done, duration: 423
B<< MCTS: 10001 simulation done, duration: 427
B<< MCTS: 10001 simulation done, duration: 413
B<< MCTS: 10001 simulation done, duration: 428
B<< MCTS: 10001 simulation done, duration: 429
B<< MCTS: 10001 simulation done, duration: 428
B<< MCTS: 10001 simulation done, duration: 431
B<< MCTS: 10001 simulation done, duration: 431
B<< MCTS: 10001 simulation done, duration: 436
B<< = C6
B<< 
W>> play B C6
W<< = 
W<< 
W>> genmove w
W<< MCTS: 5001 simulation done, duration: 134
W<< MCTS: 5001 simulation done, duration: 136
W<< MCTS: 5001 simulation done, duration: 137
W<< MCTS: 5001 simulation done, duration: 137
W<< MCTS: 5001 simulation done, duration: 137
W<< MCTS: 5001 simulation done, duration: 137
W<< MCTS: 5001 simulation done, duration: 138
W<< MCTS: 5001 simulation done, duration: 138
W<< action: ;W[ei] , ac: 10002
W<< action: ;W[fb] , ac: 10001
W<< action: ;W[ge] , ac: 10002
W<< action: ;W[gc] , ac: 10003
W<< = G7
W<< 
B>> play W G7
B<< = 
B<< 
B>> genmove b
B<< MCTS: 10001 simulation done, duration: 316
B<< MCTS: 10001 simulation done, duration: 317
B<< MCTS: 10001 simulation done, duration: 330
B<< MCTS: 10001 simulation done, duration: 326
B<< MCTS: 10001 simulation done, duration: 336
B<< MCTS: 10001 simulation done, duration: 337
B<< MCTS: 10001 simulation done, duration: 339
B<< MCTS: 10001 simulation done, duration: 331
B<< MCTS: 10001 simulation done, duration: 340
B<< MCTS: 10001 simulation done, duration: 343
B<< MCTS: 10001 simulation done, duration: 346
B<< MCTS: 10001 simulation done, duration: 345
B<< MCTS: 10001 simulation done, duration: 347
B<< MCTS: 10001 simulation done, duration: 348
B<< MCTS: 10001 simulation done, duration: 352
B<< MCTS: 10001 simulation done, duration: 358
B<< = G8
B<< 
W>> play B G8
W<< = 
W<< 
W>> genmove w
W<< MCTS: 5001 simulation done, duration: 99
W<< MCTS: 5001 simulation done, duration: 105
W<< MCTS: 5001 simulation done, duration: 105
W<< MCTS: 5001 simulation done, duration: 105
W<< MCTS: 5001 simulation done, duration: 105
W<< MCTS: 5001 simulation done, duration: 106
W<< MCTS: 5001 simulation done, duration: 106
W<< MCTS: 5001 simulation done, duration: 106
W<< action: ;W[ei] , ac: 20006
W<< action: ;W[ge] , ac: 20002
W<< = E1
W<< 
B>> play W E1
B<< = 
B<< 
B>> genmove b
B<< MCTS: 10001 simulation done, duration: 273
B<< MCTS: 10001 simulation done, duration: 275
B<< MCTS: 10001 simulation done, duration: 277
B<< MCTS: 10001 simulation done, duration: 275
B<< MCTS: 10001 simulation done, duration: 282
B<< MCTS: 10001 simulation done, duration: 282
B<< MCTS: 10001 simulation done, duration: 281
B<< MCTS: 10001 simulation done, duration: 282
B<< MCTS: 10001 simulation done, duration: 283
B<< MCTS: 10001 simulation done, duration: 285
B<< MCTS: 10001 simulation done, duration: 285
B<< MCTS: 10001 simulation done, duration: 289
B<< MCTS: 10001 simulation done, duration: 290
B<< MCTS: 10001 simulation done, duration: 291
B<< MCTS: 10001 simulation done, duration: 294
B<< MCTS: 10001 simulation done, duration: 289
B<< = A8
B<< 
W>> play B A8
W<< = 
W<< 
W>> genmove w
W<< MCTS: 5001 simulation done, duration: 93
W<< MCTS: 5001 simulation done, duration: 99
W<< MCTS: 5001 simulation done, duration: 99
W<< MCTS: 5001 simulation done, duration: 99
W<< MCTS: 5001 simulation done, duration: 100
W<< MCTS: 5001 simulation done, duration: 100
W<< MCTS: 5001 simulation done, duration: 100
W<< MCTS: 5001 simulation done, duration: 100
W<< action: ;W[ge] , ac: 40008
W<< = G5
W<< 
B>> play W G5
B<< = 
B<< 
B>> genmove b
B<< MCTS: 10001 simulation done, duration: 272
B<< MCTS: 10001 simulation done, duration: 275
B<< MCTS: 10001 simulation done, duration: 276
B<< MCTS: 10001 simulation done, duration: 279
B<< MCTS: 10001 simulation done, duration: 280
B<< MCTS: 10001 simulation done, duration: 281
B<< MCTS: 10001 simulation done, duration: 282
B<< MCTS: 10001 simulation done, duration: 283
B<< MCTS: 10001 simulation done, duration: 284
B<< MCTS: 10001 simulation done, duration: 285
B<< MCTS: 10001 simulation done, duration: 288
B<< MCTS: 10001 simulation done, duration: 288
B<< MCTS: 10001 simulation done, duration: 288
B<< MCTS: 10001 simulation done, duration: 288
B<< MCTS: 10001 simulation done, duration: 291
B<< MCTS: 10001 simulation done, duration: 280
B<< = C2
B<< 
W>> play B C2
W<< = 
W<< 
W>> genmove w
W<< MCTS: 5001 simulation done, duration: 87
W<< MCTS: 5001 simulation done, duration: 89
W<< MCTS: 5001 simulation done, duration: 89
W<< MCTS: 5001 simulation done, duration: 89
W<< MCTS: 5001 simulation done, duration: 89
W<< MCTS: 5001 simulation done, duration: 89
W<< MCTS: 5001 simulation done, duration: 90
W<< MCTS: 5001 simulation done, duration: 90
W<< = resign
W<< 
B>> quit
W>> quit
