B<< HollowNoGo-Demo: /home/sciencethebird/Desktop/TCG_2021/Project_4/pj-4-judge-v1/./nogo --shell --name=Hollow-Black --black=search=MCTS N=10000 worker=1 exploration=0.5 
B<< 
B>> protocol_version
B<< = 2
B<< 
B>> name
B<< = Hollow-Black
B<< 
B>> version
B<< = 2021
B<< 
B>> list_commands
B<< = play
B<< genmove
B<< clear_board
B<< showboard
B<< boardsize
B<< name
B<< version
B<< protocol_version
B<< list_commands
B<< quit
B<< 
B<< 
W>> protocol_version
W<< HollowNoGo-Demo: ./nogo --shell --name=Hollow --white=search=MCTS N=10000 worker=1 exploration=0.5 --black=search=MCTS N=10000 worker=1 exploration=0.5 
W<< 
W<< = 2
W<< 
W>> name
W<< = Hollow
W<< 
W>> version
W<< = 2021
W<< 
W>> list_commands
W<< = play
W<< genmove
W<< clear_board
W<< showboard
W<< boardsize
W<< name
W<< version
W<< protocol_version
W<< list_commands
W<< quit
W<< 
W<< 
B>> boardsize 9
B<< = 
B<< 
B>> clear_board
B<< = 
B<< 
W>> boardsize 9
W<< = 
W<< 
W>> clear_board
W<< = 
W<< 
============================================
Game 0
============================================
B>> boardsize 9
B<< = 
B<< 
B>> clear_board
B<< = 
B<< 
W>> boardsize 9
W<< = 
W<< 
W>> clear_board
W<< = 
W<< 
B>> genmove b
B<< MCTS: 10001 simulation done, duration: 467
B<< = A3
B<< 
W>> play B A3
W<< = 
W<< 
W>> genmove w
W<< MCTS: 10001 simulation done, duration: 825
W<< = D7
W<< 
B>> play W D7
B<< = 
B<< 
B>> genmove b
B<< MCTS: 10001 simulation done, duration: 469
B<< = A9
B<< 
W>> play B A9
W<< = 
W<< 
W>> genmove w
W<< MCTS: 10001 simulation done, duration: 823
W<< = G7
W<< 
B>> play W G7
B<< = 
B<< 
B>> genmove b
B<< MCTS: 10001 simulation done, duration: 467
B<< = H2
B<< 
W>> play B H2
W<< = 
W<< 
W>> genmove w
W<< MCTS: 10001 simulation done, duration: 827
W<< = C2
W<< 
B>> play W C2
B<< = 
B<< 
B>> genmove b
B<< MCTS: 10001 simulation done, duration: 462
B<< = B2
B<< 
W>> play B B2
W<< = 
W<< 
W>> genmove w
W<< MCTS: 10001 simulation done, duration: 816
W<< = A7
W<< 
B>> play W A7
B<< = 
B<< 
B>> genmove b
B<< MCTS: 10001 simulation done, duration: 451
B<< = H1
B<< 
W>> play B H1
W<< = 
W<< 
W>> genmove w
W<< MCTS: 10001 simulation done, duration: 822
W<< = G2
W<< 
B>> play W G2
B<< = 
B<< 
B>> genmove b
B<< MCTS: 10001 simulation done, duration: 450
B<< = G1
B<< 
W>> play B G1
W<< = 
W<< 
W>> genmove w
W<< MCTS: 10001 simulation done, duration: 807
W<< = D1
W<< 
B>> play W D1
B<< = 
B<< 
B>> genmove b
B<< MCTS: 10001 simulation done, duration: 438
B<< = A5
B<< 
W>> play B A5
W<< = 
W<< 
W>> genmove w
W<< MCTS: 10001 simulation done, duration: 800
W<< = J4
W<< 
B>> play W J4
B<< = 
B<< 
B>> genmove b
B<< MCTS: 10001 simulation done, duration: 444
B<< = B4
B<< 
W>> play B B4
W<< = 
W<< 
W>> genmove w
W<< MCTS: 10001 simulation done, duration: 807
W<< = A2
W<< 
B>> play W A2
B<< = 
B<< 
B>> genmove b
B<< MCTS: 10001 simulation done, duration: 440
B<< = C3
B<< 
W>> play B C3
W<< = 
W<< 
W>> genmove w
W<< MCTS: 10001 simulation done, duration: 801
W<< = B1
W<< 
B>> play W B1
B<< = 
B<< 
B>> genmove b
B<< MCTS: 10001 simulation done, duration: 422
B<< = J2
B<< 
W>> play B J2
W<< = 
W<< 
W>> genmove w
W<< MCTS: 10001 simulation done, duration: 775
W<< = B5
W<< 
B>> play W B5
B<< = 
B<< 
B>> genmove b
B<< MCTS: 10001 simulation done, duration: 414
B<< = C6
B<< 
W>> play B C6
W<< = 
W<< 
W>> genmove w
W<< MCTS: 10001 simulation done, duration: 752
W<< = C4
W<< 
B>> play W C4
B<< = 
B<< 
B>> genmove b
B<< MCTS: 10001 simulation done, duration: 388
B<< = G9
B<< 
W>> play B G9
W<< = 
W<< 
W>> genmove w
W<< MCTS: 10001 simulation done, duration: 725
W<< = E3
W<< 
B>> play W E3
B<< = 
B<< 
B>> genmove b
B<< MCTS: 10001 simulation done, duration: 388
B<< = D2
B<< 
W>> play B D2
W<< = 
W<< 
W>> genmove w
W<< MCTS: 10001 simulation done, duration: 702
W<< = J8
W<< 
B>> play W J8
B<< = 
B<< 
B>> genmove b
B<< MCTS: 10001 simulation done, duration: 372
B<< = E1
B<< 
W>> play B E1
W<< = 
W<< 
W>> genmove w
W<< MCTS: 10001 simulation done, duration: 685
W<< = F7
W<< 
B>> play W F7
B<< = 
B<< 
B>> genmove b
B<< MCTS: 10001 simulation done, duration: 370
B<< = J9
B<< 
W>> play B J9
W<< = 
W<< 
W>> genmove w
W<< MCTS: 10001 simulation done, duration: 697
W<< = E8
W<< 
B>> play W E8
B<< = 
B<< 
B>> genmove b
B<< MCTS: 10001 simulation done, duration: 376
B<< = F3
B<< 
W>> play B F3
W<< = 
W<< 
W>> genmove w
W<< MCTS: 10001 simulation done, duration: 708
W<< = F1
W<< 
B>> play W F1
B<< = 
B<< 
B>> genmove b
B<< MCTS: 10001 simulation done, duration: 350
B<< = J5
B<< 
W>> play B J5
W<< = 
W<< 
W>> genmove w
W<< MCTS: 10001 simulation done, duration: 668
W<< = H3
W<< 
B>> play W H3
B<< = 
B<< 
B>> genmove b
B<< MCTS: 10001 simulation done, duration: 342
B<< = E9
B<< 
W>> play B E9
W<< = 
W<< 
W>> genmove w
W<< MCTS: 10001 simulation done, duration: 631
W<< = D3
W<< 
B>> play W D3
B<< = 
B<< 
B>> genmove b
B<< MCTS: 10001 simulation done, duration: 327
B<< = H4
B<< 
W>> play B H4
W<< = 
W<< 
W>> genmove w
W<< MCTS: 10001 simulation done, duration: 594
W<< = J3
W<< 
B>> play W J3
B<< = 
B<< 
B>> genmove b
B<< MCTS: 10001 simulation done, duration: 314
B<< = H7
B<< 
W>> play B H7
W<< = 
W<< 
W>> genmove w
W<< MCTS: 10001 simulation done, duration: 545
W<< = A6
W<< 
B>> play W A6
B<< = 
B<< 
B>> genmove b
B<< MCTS: 10001 simulation done, duration: 283
B<< = F8
B<< 
W>> play B F8
W<< = 
W<< 
W>> genmove w
W<< MCTS: 10001 simulation done, duration: 502
W<< = D9
W<< 
B>> play W D9
B<< = 
B<< 
B>> genmove b
B<< MCTS: 10001 simulation done, duration: 267
B<< = G6
B<< 
W>> play B G6
W<< = 
W<< 
W>> genmove w
W<< MCTS: 10001 simulation done, duration: 460
W<< = C8
W<< 
B>> play W C8
B<< = 
B<< 
B>> genmove b
B<< MCTS: 10001 simulation done, duration: 277
B<< = C9
B<< 
W>> play B C9
W<< = 
W<< 
W>> genmove w
W<< MCTS: 10001 simulation done, duration: 430
W<< = B8
W<< 
B>> play W B8
B<< = 
B<< 
B>> genmove b
B<< MCTS: 10001 simulation done, duration: 257
B<< = B6
B<< 
W>> play B B6
W<< = 
W<< 
W>> genmove w
W<< MCTS: 10001 simulation done, duration: 410
W<< = J6
W<< 
B>> play W J6
B<< = 
B<< 
B>> genmove b
B<< MCTS: 10001 simulation done, duration: 238
B<< = B7
B<< 
W>> play B B7
W<< = 
W<< 
W>> genmove w
W<< MCTS: 10001 simulation done, duration: 363
W<< = G5
W<< 
B>> play W G5
B<< = 
B<< 
B>> genmove b
B<< MCTS: 10001 simulation done, duration: 216
B<< = H8
B<< 
W>> play B H8
W<< = 
W<< 
W>> genmove w
W<< MCTS: 10001 simulation done, duration: 322
W<< = G4
W<< 
B>> play W G4
B<< = 
B<< 
B>> genmove b
B<< MCTS: 10001 simulation done, duration: 200
B<< = G8
B<< 
W>> play B G8
W<< = 
W<< 
W>> genmove w
W<< MCTS: 10001 simulation done, duration: 262
W<< = C7
W<< 
B>> play W C7
B<< = 
B<< 
B>> genmove b
B<< MCTS: 10001 simulation done, duration: 177
B<< = H5
B<< 
W>> play B H5
W<< = 
W<< 
W>> genmove w
W<< MCTS: 10001 simulation done, duration: 214
W<< = J7
W<< 
B>> play W J7
B<< = 
B<< 
B>> genmove b
B<< MCTS: 10001 simulation done, duration: 140
B<< = F9
B<< 
W>> play B F9
W<< = 
W<< 
W>> genmove w
W<< MCTS: 10001 simulation done, duration: 119
W<< = A1
W<< 
B>> play W A1
B<< = 
B<< 
B>> genmove b
B<< MCTS: 10001 simulation done, duration: 73
B<< = H9
B<< 
W>> play B H9
W<< = 
W<< 
W>> genmove w
W<< MCTS: 10001 simulation done, duration: 83
W<< = E7
W<< 
B>> play W E7
B<< = 
B<< 
B>> genmove b
B<< MCTS: 10001 simulation done, duration: 68
B<< = A4
B<< 
W>> play B A4
W<< = 
W<< 
W>> genmove w
W<< MCTS: 10001 simulation done, duration: 76
W<< = D8
W<< 
B>> play W D8
B<< = 
B<< 
B>> genmove b
B<< MCTS: 10001 simulation done, duration: 58
B<< = B9
B<< 
W>> play B B9
W<< = 
W<< 
W>> genmove w
W<< MCTS: 10001 simulation done, duration: 73
W<< = F2
W<< 
B>> play W F2
B<< = 
B<< 
B>> genmove b
B<< MCTS: 10001 simulation done, duration: 61
B<< = resign
B<< 
B>> quit
W>> quit
