B>> protocol_version
B<< HollowNoGo-Demo: ./nogo --shell --name=Hollow --white=search=MCTS N=10000 worker=1 exploration=0.5 --black=search=MCTS N=10000 worker=1 exploration=0.5 
B<< 
B<< = 2
B<< 
B>> name
B<< = Hollow
B<< 
B>> version
B<< = 2021
B<< 
B>> list_commands
B<< = play
B<< genmove
B<< clear_board
B<< showboard
B<< boardsize
B<< name
B<< version
B<< protocol_version
B<< list_commands
B<< quit
B<< 
B<< 
W>> protocol_version
W<< HollowNoGo-Demo: /home/sciencethebird/Desktop/TCG_2021/Project_4/pj-4-judge-v1/./nogo --shell --name=Hollow-White --white=search=MCTS N=10000 worker=1 exploration=0.5 
W<< 
W<< = 2
W<< 
W>> name
W<< = Hollow-White
W<< 
W>> version
W<< = 2021
W<< 
W>> list_commands
W<< = play
W<< genmove
W<< clear_board
W<< showboard
W<< boardsize
W<< name
W<< version
W<< protocol_version
W<< list_commands
W<< quit
W<< 
W<< 
B>> boardsize 9
B<< = 
B<< 
B>> clear_board
B<< = 
B<< 
W>> boardsize 9
W<< = 
W<< 
W>> clear_board
W<< = 
W<< 
============================================
Game 0
============================================
B>> boardsize 9
B<< = 
B<< 
B>> clear_board
B<< = 
B<< 
W>> boardsize 9
W<< = 
W<< 
W>> clear_board
W<< = 
W<< 
B>> genmove b
B<< MCTS: 10001 simulation done, duration: 822
B<< = A3
B<< 
W>> play B A3
W<< = 
W<< 
W>> genmove w
W<< MCTS: 10001 simulation done, duration: 469
W<< = D7
W<< 
B>> play W D7
B<< = 
B<< 
B>> genmove b
B<< MCTS: 10001 simulation done, duration: 817
B<< = A9
B<< 
W>> play B A9
W<< = 
W<< 
W>> genmove w
W<< MCTS: 10001 simulation done, duration: 468
W<< = G7
W<< 
B>> play W G7
B<< = 
B<< 
B>> genmove b
B<< MCTS: 10001 simulation done, duration: 822
B<< = H2
B<< 
W>> play B H2
W<< = 
W<< 
W>> genmove w
W<< MCTS: 10001 simulation done, duration: 464
W<< = C2
W<< 
B>> play W C2
B<< = 
B<< 
B>> genmove b
B<< MCTS: 10001 simulation done, duration: 821
B<< = B2
B<< 
W>> play B B2
W<< = 
W<< 
W>> genmove w
W<< MCTS: 10001 simulation done, duration: 457
W<< = A7
W<< 
B>> play W A7
B<< = 
B<< 
B>> genmove b
B<< MCTS: 10001 simulation done, duration: 814
B<< = H1
B<< 
W>> play B H1
W<< = 
W<< 
W>> genmove w
W<< MCTS: 10001 simulation done, duration: 446
W<< = G2
W<< 
B>> play W G2
B<< = 
B<< 
B>> genmove b
B<< MCTS: 10001 simulation done, duration: 819
B<< = G1
B<< 
W>> play B G1
W<< = 
W<< 
W>> genmove w
W<< MCTS: 10001 simulation done, duration: 440
W<< = D1
W<< 
B>> play W D1
B<< = 
B<< 
B>> genmove b
B<< MCTS: 10001 simulation done, duration: 806
B<< = A5
B<< 
W>> play B A5
W<< = 
W<< 
W>> genmove w
W<< MCTS: 10001 simulation done, duration: 428
W<< = J4
W<< 
B>> play W J4
B<< = 
B<< 
B>> genmove b
B<< MCTS: 10001 simulation done, duration: 797
B<< = B4
B<< 
W>> play B B4
W<< = 
W<< 
W>> genmove w
W<< MCTS: 10001 simulation done, duration: 433
W<< = A2
W<< 
B>> play W A2
B<< = 
B<< 
B>> genmove b
B<< MCTS: 10001 simulation done, duration: 798
B<< = C3
B<< 
W>> play B C3
W<< = 
W<< 
W>> genmove w
W<< MCTS: 10001 simulation done, duration: 432
W<< = B1
W<< 
B>> play W B1
B<< = 
B<< 
B>> genmove b
B<< MCTS: 10001 simulation done, duration: 778
B<< = J2
B<< 
W>> play B J2
W<< = 
W<< 
W>> genmove w
W<< MCTS: 10001 simulation done, duration: 407
W<< = B5
W<< 
B>> play W B5
B<< = 
B<< 
B>> genmove b
B<< MCTS: 10001 simulation done, duration: 752
B<< = C6
B<< 
W>> play B C6
W<< = 
W<< 
W>> genmove w
W<< MCTS: 10001 simulation done, duration: 395
W<< = C4
W<< 
B>> play W C4
B<< = 
B<< 
B>> genmove b
B<< MCTS: 10001 simulation done, duration: 728
B<< = G9
B<< 
W>> play B G9
W<< = 
W<< 
W>> genmove w
W<< MCTS: 10001 simulation done, duration: 384
W<< = E3
W<< 
B>> play W E3
B<< = 
B<< 
B>> genmove b
B<< MCTS: 10001 simulation done, duration: 712
B<< = D2
B<< 
W>> play B D2
W<< = 
W<< 
W>> genmove w
W<< MCTS: 10001 simulation done, duration: 376
W<< = J8
W<< 
B>> play W J8
B<< = 
B<< 
B>> genmove b
B<< MCTS: 10001 simulation done, duration: 723
B<< = E1
B<< 
W>> play B E1
W<< = 
W<< 
W>> genmove w
W<< MCTS: 10001 simulation done, duration: 361
W<< = F7
W<< 
B>> play W F7
B<< = 
B<< 
B>> genmove b
B<< MCTS: 10001 simulation done, duration: 693
B<< = J9
B<< 
W>> play B J9
W<< = 
W<< 
W>> genmove w
W<< MCTS: 10001 simulation done, duration: 369
W<< = E8
W<< 
B>> play W E8
B<< = 
B<< 
B>> genmove b
B<< MCTS: 10001 simulation done, duration: 706
B<< = F3
B<< 
W>> play B F3
W<< = 
W<< 
W>> genmove w
W<< MCTS: 10001 simulation done, duration: 365
W<< = F1
W<< 
B>> play W F1
B<< = 
B<< 
B>> genmove b
B<< MCTS: 10001 simulation done, duration: 678
B<< = J5
B<< 
W>> play B J5
W<< = 
W<< 
W>> genmove w
W<< MCTS: 10001 simulation done, duration: 344
W<< = H3
W<< 
B>> play W H3
B<< = 
B<< 
B>> genmove b
B<< MCTS: 10001 simulation done, duration: 643
B<< = E9
B<< 
W>> play B E9
W<< = 
W<< 
W>> genmove w
W<< MCTS: 10001 simulation done, duration: 327
W<< = D3
W<< 
B>> play W D3
B<< = 
B<< 
B>> genmove b
B<< MCTS: 10001 simulation done, duration: 597
B<< = H4
B<< 
W>> play B H4
W<< = 
W<< 
W>> genmove w
W<< MCTS: 10001 simulation done, duration: 308
W<< = J3
W<< 
B>> play W J3
B<< = 
B<< 
B>> genmove b
B<< MCTS: 10001 simulation done, duration: 566
B<< = H7
B<< 
W>> play B H7
W<< = 
W<< 
W>> genmove w
W<< MCTS: 10001 simulation done, duration: 294
W<< = A6
W<< 
B>> play W A6
B<< = 
B<< 
B>> genmove b
B<< MCTS: 10001 simulation done, duration: 521
B<< = F8
B<< 
W>> play B F8
W<< = 
W<< 
W>> genmove w
W<< MCTS: 10001 simulation done, duration: 266
W<< = D9
W<< 
B>> play W D9
B<< = 
B<< 
B>> genmove b
B<< MCTS: 10001 simulation done, duration: 480
B<< = G6
B<< 
W>> play B G6
W<< = 
W<< 
W>> genmove w
W<< MCTS: 10001 simulation done, duration: 254
W<< = C8
W<< 
B>> play W C8
B<< = 
B<< 
B>> genmove b
B<< MCTS: 10001 simulation done, duration: 452
B<< = C9
B<< 
W>> play B C9
W<< = 
W<< 
W>> genmove w
W<< MCTS: 10001 simulation done, duration: 240
W<< = B8
W<< 
B>> play W B8
B<< = 
B<< 
B>> genmove b
B<< MCTS: 10001 simulation done, duration: 431
B<< = B6
B<< 
W>> play B B6
W<< = 
W<< 
W>> genmove w
W<< MCTS: 10001 simulation done, duration: 235
W<< = J6
W<< 
B>> play W J6
B<< = 
B<< 
B>> genmove b
B<< MCTS: 10001 simulation done, duration: 397
B<< = B7
B<< 
W>> play B B7
W<< = 
W<< 
W>> genmove w
W<< MCTS: 10001 simulation done, duration: 217
W<< = G5
W<< 
B>> play W G5
B<< = 
B<< 
B>> genmove b
B<< MCTS: 10001 simulation done, duration: 340
B<< = H8
B<< 
W>> play B H8
W<< = 
W<< 
W>> genmove w
W<< MCTS: 10001 simulation done, duration: 194
W<< = G4
W<< 
B>> play W G4
B<< = 
B<< 
B>> genmove b
B<< MCTS: 10001 simulation done, duration: 312
B<< = G8
B<< 
W>> play B G8
W<< = 
W<< 
W>> genmove w
W<< MCTS: 10001 simulation done, duration: 176
W<< = C7
W<< 
B>> play W C7
B<< = 
B<< 
B>> genmove b
B<< MCTS: 10001 simulation done, duration: 259
B<< = H5
B<< 
W>> play B H5
W<< = 
W<< 
W>> genmove w
W<< MCTS: 10001 simulation done, duration: 161
W<< = J7
W<< 
B>> play W J7
B<< = 
B<< 
B>> genmove b
B<< MCTS: 10001 simulation done, duration: 177
B<< = F9
B<< 
W>> play B F9
W<< = 
W<< 
W>> genmove w
W<< MCTS: 10001 simulation done, duration: 96
W<< = A1
W<< 
B>> play W A1
B<< = 
B<< 
B>> genmove b
B<< MCTS: 10001 simulation done, duration: 87
B<< = H9
B<< 
W>> play B H9
W<< = 
W<< 
W>> genmove w
W<< MCTS: 10001 simulation done, duration: 66
W<< = E7
W<< 
B>> play W E7
B<< = 
B<< 
B>> genmove b
B<< MCTS: 10001 simulation done, duration: 79
B<< = A4
B<< 
W>> play B A4
W<< = 
W<< 
W>> genmove w
W<< MCTS: 10001 simulation done, duration: 61
W<< = D8
W<< 
B>> play W D8
B<< = 
B<< 
B>> genmove b
B<< MCTS: 10001 simulation done, duration: 74
B<< = B9
B<< 
W>> play B B9
W<< = 
W<< 
W>> genmove w
W<< MCTS: 10001 simulation done, duration: 58
W<< = F2
W<< 
B>> play W F2
B<< = 
B<< 
B>> genmove b
B<< MCTS: 10001 simulation done, duration: 69
B<< = resign
B<< 
B>> quit
W>> quit
