B>> protocol_version
B<< HollowNoGo-Demo: ./nogo --shell --name=Hollow --white=search=MCTS N=10000 worker=16 exploration=0.5 --black=search=MCTS N=10000 worker=16 exploration=0.5 
B<< 
B<< = 2
B<< 
B>> name
B<< = Hollow
B<< 
B>> version
B<< = 2021
B<< 
B>> list_commands
B<< = play
B<< genmove
B<< clear_board
B<< showboard
B<< boardsize
B<< name
B<< version
B<< protocol_version
B<< list_commands
B<< quit
B<< 
B<< 
W>> protocol_version
W<< HollowNoGo-Demo: /home/sciencethebird/Desktop/TCG_2021/Project_4/pj-4-judge-v1/./nogo --shell --name=Hollow-White --white=search=MCTS N=10000 worker=16 exploration=0.5 
W<< 
W<< = 2
W<< 
W>> name
W<< = Hollow-White
W<< 
W>> version
W<< = 2021
W<< 
W>> list_commands
W<< = play
W<< genmove
W<< clear_board
W<< showboard
W<< boardsize
W<< name
W<< version
W<< protocol_version
W<< list_commands
W<< quit
W<< 
W<< 
B>> boardsize 9
B<< = 
B<< 
B>> clear_board
B<< = 
B<< 
W>> boardsize 9
W<< = 
W<< 
W>> clear_board
W<< = 
W<< 
============================================
Game 0
============================================
B>> boardsize 9
B<< = 
B<< 
B>> clear_board
B<< = 
B<< 
W>> boardsize 9
W<< = 
W<< 
W>> clear_board
W<< = 
W<< 
B>> genmove b
B<< MCTS: 10001 simulation done, duration: 1173
B<< MCTS: 10001 simulation done, duration: 1241
B<< MCTS: 10001 simulation done, duration: 1271
B<< MCTS: 10001 simulation done, duration: 1274
B<< MCTS: 10001 simulation done, duration: 1275
B<< MCTS: 10001 simulation done, duration: 1276
B<< MCTS: 10001 simulation done, duration: 1277
B<< MCTS: 10001 simulation done, duration: 1278
B<< MCTS: 10001 simulation done, duration: 1286
B<< MCTS: 10001 simulation done, duration: 1309
B<< MCTS: 10001 simulation done, duration: 1423
B<< MCTS: 10001 simulation done, duration: 1432
B<< MCTS: 10001 simulation done, duration: 1439
B<< MCTS: 10001 simulation done, duration: 1440
B<< MCTS: 10001 simulation done, duration: 1445
B<< MCTS: 10001 simulation done, duration: 1486
B<< action: ;B[ai] , ac: 2306
B<< action: ;B[ah] , ac: 2102
B<< action: ;B[ag] , ac: 2420
B<< action: ;B[af] , ac: 2495
B<< action: ;B[ae] , ac: 2693
B<< action: ;B[ad] , ac: 1898
B<< action: ;B[ac] , ac: 2649
B<< action: ;B[ab] , ac: 2051
B<< action: ;B[aa] , ac: 2851
B<< action: ;B[bi] , ac: 2048
B<< action: ;B[bh] , ac: 2238
B<< action: ;B[bg] , ac: 1853
B<< action: ;B[bf] , ac: 2272
B<< action: ;B[be] , ac: 1844
B<< action: ;B[bd] , ac: 1698
B<< action: ;B[bc] , ac: 2258
B<< action: ;B[bb] , ac: 2146
B<< action: ;B[ba] , ac: 1989
B<< action: ;B[ci] , ac: 2189
B<< action: ;B[ch] , ac: 2264
B<< action: ;B[cg] , ac: 2466
B<< action: ;B[cf] , ac: 2289
B<< action: ;B[ce] , ac: 2039
B<< action: ;B[cd] , ac: 2326
B<< action: ;B[cc] , ac: 2010
B<< action: ;B[cb] , ac: 2226
B<< action: ;B[ca] , ac: 2115
B<< action: ;B[di] , ac: 1724
B<< action: ;B[dh] , ac: 2208
B<< action: ;B[dg] , ac: 2231
B<< action: ;B[dc] , ac: 2395
B<< action: ;B[db] , ac: 1825
B<< action: ;B[da] , ac: 2456
B<< action: ;B[ei] , ac: 2384
B<< action: ;B[eh] , ac: 1824
B<< action: ;B[eg] , ac: 2332
B<< action: ;B[ec] , ac: 2120
B<< action: ;B[eb] , ac: 1886
B<< action: ;B[ea] , ac: 1855
B<< action: ;B[fi] , ac: 2141
B<< action: ;B[fh] , ac: 2271
B<< action: ;B[fg] , ac: 2028
B<< action: ;B[fc] , ac: 2883
B<< action: ;B[fb] , ac: 1909
B<< action: ;B[fa] , ac: 2380
B<< action: ;B[gi] , ac: 2171
B<< action: ;B[gh] , ac: 2184
B<< action: ;B[gg] , ac: 2104
B<< action: ;B[gf] , ac: 2443
B<< action: ;B[ge] , ac: 2840
B<< action: ;B[gd] , ac: 1928
B<< action: ;B[gc] , ac: 2800
B<< action: ;B[gb] , ac: 2077
B<< action: ;B[ga] , ac: 2149
B<< action: ;B[hi] , ac: 1958
B<< action: ;B[hh] , ac: 2347
B<< action: ;B[hg] , ac: 2366
B<< action: ;B[hf] , ac: 2085
B<< action: ;B[he] , ac: 2258
B<< action: ;B[hd] , ac: 2138
B<< action: ;B[hc] , ac: 1672
B<< action: ;B[hb] , ac: 2141
B<< action: ;B[ha] , ac: 2688
B<< action: ;B[ii] , ac: 2073
B<< action: ;B[ih] , ac: 2414
B<< action: ;B[ig] , ac: 1869
B<< action: ;B[if] , ac: 2198
B<< action: ;B[ie] , ac: 2312
B<< action: ;B[id] , ac: 2379
B<< action: ;B[ic] , ac: 2115
B<< action: ;B[ib] , ac: 2658
B<< action: ;B[ia] , ac: 3062
B<< = J9
B<< 
W>> play B J9
W<< = 
W<< 
W>> genmove w
W<< MCTS: 10001 simulation done, duration: 1186
W<< MCTS: 10001 simulation done, duration: 1191
W<< MCTS: 10001 simulation done, duration: 1193
W<< MCTS: 10001 simulation done, duration: 1207
W<< MCTS: 10001 simulation done, duration: 1214
W<< MCTS: 10001 simulation done, duration: 1214
W<< MCTS: 10001 simulation done, duration: 1225
W<< MCTS: 10001 simulation done, duration: 1227
W<< MCTS: 10001 simulation done, duration: 1228
W<< MCTS: 10001 simulation done, duration: 1232
W<< MCTS: 10001 simulation done, duration: 1232
W<< MCTS: 10001 simulation done, duration: 1237
W<< MCTS: 10001 simulation done, duration: 1238
W<< MCTS: 10001 simulation done, duration: 1243
W<< MCTS: 10001 simulation done, duration: 1252
W<< MCTS: 10001 simulation done, duration: 1262
W<< = A6
W<< 
B>> play W A6
B<< = 
B<< 
B>> genmove b
B<< MCTS: 10001 simulation done, duration: 1208
B<< MCTS: 10001 simulation done, duration: 1245
B<< MCTS: 10001 simulation done, duration: 1255
B<< MCTS: 10001 simulation done, duration: 1256
B<< MCTS: 10001 simulation done, duration: 1257
B<< MCTS: 10001 simulation done, duration: 1258
B<< MCTS: 10001 simulation done, duration: 1262
B<< MCTS: 10001 simulation done, duration: 1289
B<< MCTS: 10001 simulation done, duration: 1292
B<< MCTS: 10001 simulation done, duration: 1296
B<< MCTS: 10001 simulation done, duration: 1299
B<< MCTS: 10001 simulation done, duration: 1311
B<< MCTS: 10001 simulation done, duration: 1324
B<< MCTS: 10001 simulation done, duration: 1327
B<< MCTS: 10001 simulation done, duration: 1364
B<< MCTS: 10001 simulation done, duration: 1444
B<< action: ;B[ai] , ac: 2433
B<< action: ;B[ah] , ac: 2032
B<< action: ;B[ag] , ac: 2606
B<< action: ;B[af] , ac: 2013
B<< action: ;B[ae] , ac: 2362
B<< action: ;B[ac] , ac: 2490
B<< action: ;B[ab] , ac: 3113
B<< action: ;B[aa] , ac: 2716
B<< action: ;B[bi] , ac: 2315
B<< action: ;B[bh] , ac: 2458
B<< action: ;B[bg] , ac: 2410
B<< action: ;B[bf] , ac: 2525
B<< action: ;B[be] , ac: 2435
B<< action: ;B[bd] , ac: 2064
B<< action: ;B[bc] , ac: 2095
B<< action: ;B[bb] , ac: 2127
B<< action: ;B[ba] , ac: 2004
B<< action: ;B[ci] , ac: 2369
B<< action: ;B[ch] , ac: 2380
B<< action: ;B[cg] , ac: 2526
B<< action: ;B[cf] , ac: 2104
B<< action: ;B[ce] , ac: 2274
B<< action: ;B[cd] , ac: 2549
B<< action: ;B[cc] , ac: 2346
B<< action: ;B[cb] , ac: 1986
B<< action: ;B[ca] , ac: 2115
B<< action: ;B[di] , ac: 2344
B<< action: ;B[dh] , ac: 2028
B<< action: ;B[dg] , ac: 2530
B<< action: ;B[dc] , ac: 2283
B<< action: ;B[db] , ac: 1710
B<< action: ;B[da] , ac: 2170
B<< action: ;B[ei] , ac: 2019
B<< action: ;B[eh] , ac: 1657
B<< action: ;B[eg] , ac: 2565
B<< action: ;B[ec] , ac: 2174
B<< action: ;B[eb] , ac: 2018
B<< action: ;B[ea] , ac: 2285
B<< action: ;B[fi] , ac: 2299
B<< action: ;B[fh] , ac: 2020
B<< action: ;B[fg] , ac: 2482
B<< action: ;B[fc] , ac: 2449
B<< action: ;B[fb] , ac: 2249
B<< action: ;B[fa] , ac: 2608
B<< action: ;B[gi] , ac: 2885
B<< action: ;B[gh] , ac: 2720
B<< action: ;B[gg] , ac: 2188
B<< action: ;B[gf] , ac: 2221
B<< action: ;B[ge] , ac: 2352
B<< action: ;B[gd] , ac: 2518
B<< action: ;B[gc] , ac: 2342
B<< action: ;B[gb] , ac: 2340
B<< action: ;B[ga] , ac: 2286
B<< action: ;B[hi] , ac: 2332
B<< action: ;B[hh] , ac: 2278
B<< action: ;B[hg] , ac: 1578
B<< action: ;B[hf] , ac: 1733
B<< action: ;B[he] , ac: 2003
B<< action: ;B[hd] , ac: 2433
B<< action: ;B[hc] , ac: 1999
B<< action: ;B[hb] , ac: 2249
B<< action: ;B[ha] , ac: 1709
B<< action: ;B[ii] , ac: 2561
B<< action: ;B[ih] , ac: 2473
B<< action: ;B[ig] , ac: 2668
B<< action: ;B[if] , ac: 2412
B<< action: ;B[ie] , ac: 2289
B<< action: ;B[id] , ac: 2076
B<< action: ;B[ic] , ac: 2293
B<< action: ;B[ib] , ac: 2341
B<< = A8
B<< 
W>> play B A8
W<< = 
W<< 
W>> genmove w
W<< MCTS: 10001 simulation done, duration: 1190
W<< MCTS: 10001 simulation done, duration: 1191
W<< MCTS: 10001 simulation done, duration: 1193
W<< MCTS: 10001 simulation done, duration: 1195
W<< MCTS: 10001 simulation done, duration: 1192
W<< MCTS: 10001 simulation done, duration: 1207
W<< MCTS: 10001 simulation done, duration: 1219
W<< MCTS: 10001 simulation done, duration: 1229
W<< MCTS: 10001 simulation done, duration: 1228
W<< MCTS: 10001 simulation done, duration: 1235
W<< MCTS: 10001 simulation done, duration: 1242
W<< MCTS: 10001 simulation done, duration: 1260
W<< MCTS: 10001 simulation done, duration: 1264
W<< MCTS: 10001 simulation done, duration: 1291
W<< MCTS: 10001 simulation done, duration: 1310
W<< MCTS: 10001 simulation done, duration: 1334
W<< = A9
W<< 
B>> play W A9
B<< = 
B<< 
B>> genmove b
B<< MCTS: 10001 simulation done, duration: 1106
B<< MCTS: 10001 simulation done, duration: 1235
B<< MCTS: 10001 simulation done, duration: 1237
B<< MCTS: 10001 simulation done, duration: 1237
B<< MCTS: 10001 simulation done, duration: 1238
B<< MCTS: 10001 simulation done, duration: 1241
B<< MCTS: 10001 simulation done, duration: 1265
B<< MCTS: 10001 simulation done, duration: 1268
B<< MCTS: 10001 simulation done, duration: 1276
B<< MCTS: 10001 simulation done, duration: 1288
B<< MCTS: 10001 simulation done, duration: 1303
B<< MCTS: 10001 simulation done, duration: 1308
B<< MCTS: 10001 simulation done, duration: 1314
B<< MCTS: 10001 simulation done, duration: 1352
B<< MCTS: 10001 simulation done, duration: 1395
B<< MCTS: 10001 simulation done, duration: 1459
B<< action: ;B[ai] , ac: 2874
B<< action: ;B[ah] , ac: 2487
B<< action: ;B[ag] , ac: 2414
B<< action: ;B[af] , ac: 3044
B<< action: ;B[ae] , ac: 2355
B<< action: ;B[ac] , ac: 2385
B<< action: ;B[bi] , ac: 2110
B<< action: ;B[bh] , ac: 2129
B<< action: ;B[bg] , ac: 1918
B<< action: ;B[bf] , ac: 2272
B<< action: ;B[be] , ac: 2007
B<< action: ;B[bd] , ac: 1895
B<< action: ;B[bc] , ac: 2015
B<< action: ;B[bb] , ac: 1698
B<< action: ;B[ci] , ac: 2801
B<< action: ;B[ch] , ac: 2117
B<< action: ;B[cg] , ac: 2547
B<< action: ;B[cf] , ac: 2883
B<< action: ;B[ce] , ac: 2640
B<< action: ;B[cd] , ac: 2487
B<< action: ;B[cc] , ac: 1682
B<< action: ;B[cb] , ac: 1794
B<< action: ;B[ca] , ac: 2324
B<< action: ;B[di] , ac: 2896
B<< action: ;B[dh] , ac: 2316
B<< action: ;B[dg] , ac: 1827
B<< action: ;B[dc] , ac: 2415
B<< action: ;B[db] , ac: 2337
B<< action: ;B[da] , ac: 2467
B<< action: ;B[ei] , ac: 2649
B<< action: ;B[eh] , ac: 2565
B<< action: ;B[eg] , ac: 2767
B<< action: ;B[ec] , ac: 2742
B<< action: ;B[eb] , ac: 1855
B<< action: ;B[ea] , ac: 2546
B<< action: ;B[fi] , ac: 3046
B<< action: ;B[fh] , ac: 1907
B<< action: ;B[fg] , ac: 2263
B<< action: ;B[fc] , ac: 2038
B<< action: ;B[fb] , ac: 1905
B<< action: ;B[fa] , ac: 2426
B<< action: ;B[gi] , ac: 2648
B<< action: ;B[gh] , ac: 2315
B<< action: ;B[gg] , ac: 2940
B<< action: ;B[gf] , ac: 2509
B<< action: ;B[ge] , ac: 2506
B<< action: ;B[gd] , ac: 2628
B<< action: ;B[gc] , ac: 2812
B<< action: ;B[gb] , ac: 2143
B<< action: ;B[ga] , ac: 2361
B<< action: ;B[hi] , ac: 2411
B<< action: ;B[hh] , ac: 2508
B<< action: ;B[hg] , ac: 1843
B<< action: ;B[hf] , ac: 2642
B<< action: ;B[he] , ac: 2898
B<< action: ;B[hd] , ac: 2106
B<< action: ;B[hc] , ac: 2093
B<< action: ;B[hb] , ac: 2602
B<< action: ;B[ha] , ac: 1624
B<< action: ;B[ii] , ac: 2711
B<< action: ;B[ih] , ac: 3088
B<< action: ;B[ig] , ac: 2744
B<< action: ;B[if] , ac: 2877
B<< action: ;B[ie] , ac: 2358
B<< action: ;B[id] , ac: 2387
B<< action: ;B[ic] , ac: 2476
B<< action: ;B[ib] , ac: 1941
B<< = J2
B<< 
W>> play B J2
W<< = 
W<< 
W>> genmove w
W<< MCTS: 10001 simulation done, duration: 1191
W<< MCTS: 10001 simulation done, duration: 1193
W<< MCTS: 10001 simulation done, duration: 1194
W<< MCTS: 10001 simulation done, duration: 1194
W<< MCTS: 10001 simulation done, duration: 1195
W<< MCTS: 10001 simulation done, duration: 1198
W<< MCTS: 10001 simulation done, duration: 1200
W<< MCTS: 10001 simulation done, duration: 1204
W<< MCTS: 10001 simulation done, duration: 1209
W<< MCTS: 10001 simulation done, duration: 1211
W<< MCTS: 10001 simulation done, duration: 1214
W<< MCTS: 10001 simulation done, duration: 1228
W<< MCTS: 10001 simulation done, duration: 1248
W<< MCTS: 10001 simulation done, duration: 1259
W<< MCTS: 10001 simulation done, duration: 1275
W<< MCTS: 10001 simulation done, duration: 1287
W<< = H7
W<< 
B>> play W H7
B<< = 
B<< 
B>> genmove b
B<< MCTS: 10001 simulation done, duration: 1089
B<< MCTS: 10001 simulation done, duration: 1184
B<< MCTS: 10001 simulation done, duration: 1211
B<< MCTS: 10001 simulation done, duration: 1211
B<< MCTS: 10001 simulation done, duration: 1215
B<< MCTS: 10001 simulation done, duration: 1216
B<< MCTS: 10001 simulation done, duration: 1218
B<< MCTS: 10001 simulation done, duration: 1217
B<< MCTS: 10001 simulation done, duration: 1247
B<< MCTS: 10001 simulation done, duration: 1247
B<< MCTS: 10001 simulation done, duration: 1255
B<< MCTS: 10001 simulation done, duration: 1253
B<< MCTS: 10001 simulation done, duration: 1255
B<< MCTS: 10001 simulation done, duration: 1327
B<< MCTS: 10001 simulation done, duration: 1440
B<< MCTS: 10001 simulation done, duration: 1444
B<< action: ;B[ai] , ac: 2830
B<< action: ;B[ah] , ac: 2939
B<< action: ;B[ag] , ac: 2621
B<< action: ;B[af] , ac: 2763
B<< action: ;B[ae] , ac: 2439
B<< action: ;B[ac] , ac: 2325
B<< action: ;B[bi] , ac: 2889
B<< action: ;B[bh] , ac: 2069
B<< action: ;B[bg] , ac: 2693
B<< action: ;B[bf] , ac: 2427
B<< action: ;B[be] , ac: 2147
B<< action: ;B[bd] , ac: 1924
B<< action: ;B[bc] , ac: 2056
B<< action: ;B[bb] , ac: 2331
B<< action: ;B[ci] , ac: 2922
B<< action: ;B[ch] , ac: 2699
B<< action: ;B[cg] , ac: 2256
B<< action: ;B[cf] , ac: 2223
B<< action: ;B[ce] , ac: 2614
B<< action: ;B[cd] , ac: 2729
B<< action: ;B[cc] , ac: 2403
B<< action: ;B[cb] , ac: 1813
B<< action: ;B[ca] , ac: 2950
B<< action: ;B[di] , ac: 3064
B<< action: ;B[dh] , ac: 2204
B<< action: ;B[dg] , ac: 2292
B<< action: ;B[dc] , ac: 1889
B<< action: ;B[db] , ac: 2268
B<< action: ;B[da] , ac: 2906
B<< action: ;B[ei] , ac: 2788
B<< action: ;B[eh] , ac: 2947
B<< action: ;B[eg] , ac: 2353
B<< action: ;B[ec] , ac: 2659
B<< action: ;B[eb] , ac: 2051
B<< action: ;B[ea] , ac: 2558
B<< action: ;B[fi] , ac: 2582
B<< action: ;B[fh] , ac: 2100
B<< action: ;B[fg] , ac: 2676
B<< action: ;B[fc] , ac: 2472
B<< action: ;B[fb] , ac: 2249
B<< action: ;B[fa] , ac: 2264
B<< action: ;B[gi] , ac: 2423
B<< action: ;B[gh] , ac: 2127
B<< action: ;B[gg] , ac: 2903
B<< action: ;B[gf] , ac: 2020
B<< action: ;B[ge] , ac: 2461
B<< action: ;B[gd] , ac: 2560
B<< action: ;B[gc] , ac: 2274
B<< action: ;B[gb] , ac: 2675
B<< action: ;B[ga] , ac: 2198
B<< action: ;B[hi] , ac: 2953
B<< action: ;B[hh] , ac: 2004
B<< action: ;B[hg] , ac: 2142
B<< action: ;B[hf] , ac: 2376
B<< action: ;B[he] , ac: 2292
B<< action: ;B[hd] , ac: 2048
B<< action: ;B[hb] , ac: 2007
B<< action: ;B[ha] , ac: 2250
B<< action: ;B[ii] , ac: 2232
B<< action: ;B[ig] , ac: 2165
B<< action: ;B[if] , ac: 3623
B<< action: ;B[ie] , ac: 2631
B<< action: ;B[id] , ac: 2835
B<< action: ;B[ic] , ac: 3250
B<< action: ;B[ib] , ac: 2183
B<< = J4
B<< 
W>> play B J4
W<< = 
W<< 
W>> genmove w
W<< MCTS: 10001 simulation done, duration: 1188
W<< MCTS: 10001 simulation done, duration: 1190
W<< MCTS: 10001 simulation done, duration: 1191
W<< MCTS: 10001 simulation done, duration: 1192
W<< MCTS: 10001 simulation done, duration: 1192
W<< MCTS: 10001 simulation done, duration: 1193
W<< MCTS: 10001 simulation done, duration: 1194
W<< MCTS: 10001 simulation done, duration: 1195
W<< MCTS: 10001 simulation done, duration: 1196
W<< MCTS: 10001 simulation done, duration: 1196
W<< MCTS: 10001 simulation done, duration: 1196
W<< MCTS: 10001 simulation done, duration: 1200
W<< MCTS: 10001 simulation done, duration: 1205
W<< MCTS: 10001 simulation done, duration: 1210
W<< MCTS: 10001 simulation done, duration: 1224
W<< MCTS: 10001 simulation done, duration: 1227
W<< = J6
W<< 
B>> play W J6
B<< = 
B<< 
B>> genmove b
B<< MCTS: 10001 simulation done, duration: 1072
B<< MCTS: 10001 simulation done, duration: 1145
B<< MCTS: 10001 simulation done, duration: 1191
B<< MCTS: 10001 simulation done, duration: 1195
B<< MCTS: 10001 simulation done, duration: 1198
B<< MCTS: 10001 simulation done, duration: 1199
B<< MCTS: 10001 simulation done, duration: 1201
B<< MCTS: 10001 simulation done, duration: 1240
B<< MCTS: 10001 simulation done, duration: 1254
B<< MCTS: 10001 simulation done, duration: 1259
B<< MCTS: 10001 simulation done, duration: 1267
B<< MCTS: 10001 simulation done, duration: 1271
B<< MCTS: 10001 simulation done, duration: 1338
B<< MCTS: 10001 simulation done, duration: 1342
B<< MCTS: 10001 simulation done, duration: 1381
B<< MCTS: 10001 simulation done, duration: 1415
B<< action: ;B[ai] , ac: 2631
B<< action: ;B[ah] , ac: 2822
B<< action: ;B[ag] , ac: 2621
B<< action: ;B[af] , ac: 2478
B<< action: ;B[ae] , ac: 2706
B<< action: ;B[ac] , ac: 2167
B<< action: ;B[bi] , ac: 3288
B<< action: ;B[bh] , ac: 2452
B<< action: ;B[bg] , ac: 2276
B<< action: ;B[bf] , ac: 2162
B<< action: ;B[be] , ac: 2142
B<< action: ;B[bd] , ac: 1957
B<< action: ;B[bc] , ac: 2240
B<< action: ;B[bb] , ac: 1928
B<< action: ;B[ci] , ac: 2392
B<< action: ;B[ch] , ac: 2284
B<< action: ;B[cg] , ac: 2473
B<< action: ;B[cf] , ac: 3195
B<< action: ;B[ce] , ac: 2619
B<< action: ;B[cd] , ac: 2887
B<< action: ;B[cc] , ac: 2770
B<< action: ;B[cb] , ac: 1892
B<< action: ;B[ca] , ac: 2610
B<< action: ;B[di] , ac: 2951
B<< action: ;B[dh] , ac: 2109
B<< action: ;B[dg] , ac: 2693
B<< action: ;B[dc] , ac: 2871
B<< action: ;B[db] , ac: 2411
B<< action: ;B[da] , ac: 2717
B<< action: ;B[ei] , ac: 3453
B<< action: ;B[eh] , ac: 2218
B<< action: ;B[eg] , ac: 2401
B<< action: ;B[ec] , ac: 2823
B<< action: ;B[eb] , ac: 2160
B<< action: ;B[ea] , ac: 2300
B<< action: ;B[fi] , ac: 2858
B<< action: ;B[fh] , ac: 2597
B<< action: ;B[fg] , ac: 2149
B<< action: ;B[fc] , ac: 2996
B<< action: ;B[fb] , ac: 2174
B<< action: ;B[fa] , ac: 2775
B<< action: ;B[gi] , ac: 3234
B<< action: ;B[gh] , ac: 2840
B<< action: ;B[gg] , ac: 2626
B<< action: ;B[gf] , ac: 2589
B<< action: ;B[ge] , ac: 2647
B<< action: ;B[gd] , ac: 2971
B<< action: ;B[gc] , ac: 2741
B<< action: ;B[gb] , ac: 2492
B<< action: ;B[ga] , ac: 2220
B<< action: ;B[hi] , ac: 3677
B<< action: ;B[hh] , ac: 2354
B<< action: ;B[hg] , ac: 3000
B<< action: ;B[hf] , ac: 1832
B<< action: ;B[he] , ac: 2441
B<< action: ;B[hd] , ac: 3073
B<< action: ;B[hb] , ac: 2371
B<< action: ;B[ha] , ac: 2170
B<< action: ;B[ii] , ac: 2242
B<< action: ;B[ig] , ac: 1846
B<< action: ;B[ie] , ac: 2516
B<< action: ;B[ic] , ac: 2340
B<< action: ;B[ib] , ac: 2146
B<< = H1
B<< 
W>> play B H1
W<< = 
W<< 
W>> genmove w
W<< MCTS: 10001 simulation done, duration: 1185
W<< MCTS: 10001 simulation done, duration: 1188
W<< MCTS: 10001 simulation done, duration: 1188
W<< MCTS: 10001 simulation done, duration: 1190
W<< MCTS: 10001 simulation done, duration: 1191
W<< MCTS: 10001 simulation done, duration: 1193
W<< MCTS: 10001 simulation done, duration: 1194
W<< MCTS: 10001 simulation done, duration: 1190
W<< MCTS: 10001 simulation done, duration: 1196
W<< MCTS: 10001 simulation done, duration: 1199
W<< MCTS: 10001 simulation done, duration: 1202
W<< MCTS: 10001 simulation done, duration: 1203
W<< MCTS: 10001 simulation done, duration: 1208
W<< MCTS: 10001 simulation done, duration: 1209
W<< MCTS: 10001 simulation done, duration: 1210
W<< MCTS: 10001 simulation done, duration: 1204
W<< = G1
W<< 
B>> play W G1
B<< = 
B<< 
B>> genmove b
B<< MCTS: 10001 simulation done, duration: 1144
B<< MCTS: 10001 simulation done, duration: 1169
B<< MCTS: 10001 simulation done, duration: 1171
B<< MCTS: 10001 simulation done, duration: 1173
B<< MCTS: 10001 simulation done, duration: 1176
B<< MCTS: 10001 simulation done, duration: 1177
B<< MCTS: 10001 simulation done, duration: 1178
B<< MCTS: 10001 simulation done, duration: 1193
B<< MCTS: 10001 simulation done, duration: 1200
B<< MCTS: 10001 simulation done, duration: 1218
B<< MCTS: 10001 simulation done, duration: 1230
B<< MCTS: 10001 simulation done, duration: 1238
B<< MCTS: 10001 simulation done, duration: 1259
B<< MCTS: 10001 simulation done, duration: 1266
B<< MCTS: 10001 simulation done, duration: 1400
B<< MCTS: 10001 simulation done, duration: 1401
B<< action: ;B[ai] , ac: 2884
B<< action: ;B[ah] , ac: 2409
B<< action: ;B[ag] , ac: 2175
B<< action: ;B[af] , ac: 2831
B<< action: ;B[ae] , ac: 3145
B<< action: ;B[ac] , ac: 1859
B<< action: ;B[bi] , ac: 2790
B<< action: ;B[bh] , ac: 1932
B<< action: ;B[bg] , ac: 2495
B<< action: ;B[bf] , ac: 2151
B<< action: ;B[be] , ac: 2662
B<< action: ;B[bd] , ac: 1902
B<< action: ;B[bc] , ac: 2118
B<< action: ;B[bb] , ac: 2140
B<< action: ;B[ci] , ac: 2276
B<< action: ;B[ch] , ac: 2395
B<< action: ;B[cg] , ac: 2794
B<< action: ;B[cf] , ac: 2751
B<< action: ;B[ce] , ac: 2450
B<< action: ;B[cd] , ac: 3028
B<< action: ;B[cc] , ac: 2345
B<< action: ;B[cb] , ac: 1937
B<< action: ;B[ca] , ac: 2648
B<< action: ;B[di] , ac: 3396
B<< action: ;B[dh] , ac: 2455
B<< action: ;B[dg] , ac: 2983
B<< action: ;B[dc] , ac: 2595
B<< action: ;B[db] , ac: 2565
B<< action: ;B[da] , ac: 2783
B<< action: ;B[ei] , ac: 3209
B<< action: ;B[eh] , ac: 2483
B<< action: ;B[eg] , ac: 2568
B<< action: ;B[ec] , ac: 3019
B<< action: ;B[eb] , ac: 2916
B<< action: ;B[ea] , ac: 2937
B<< action: ;B[fi] , ac: 2553
B<< action: ;B[fh] , ac: 2424
B<< action: ;B[fg] , ac: 2792
B<< action: ;B[fc] , ac: 2436
B<< action: ;B[fb] , ac: 2828
B<< action: ;B[fa] , ac: 2926
B<< action: ;B[gh] , ac: 2678
B<< action: ;B[gg] , ac: 2497
B<< action: ;B[gf] , ac: 2462
B<< action: ;B[ge] , ac: 3181
B<< action: ;B[gd] , ac: 3117
B<< action: ;B[gc] , ac: 3025
B<< action: ;B[gb] , ac: 2996
B<< action: ;B[ga] , ac: 2838
B<< action: ;B[hh] , ac: 3044
B<< action: ;B[hg] , ac: 4098
B<< action: ;B[hf] , ac: 2267
B<< action: ;B[he] , ac: 2445
B<< action: ;B[hd] , ac: 3663
B<< action: ;B[hb] , ac: 2505
B<< action: ;B[ha] , ac: 1723
B<< action: ;B[ii] , ac: 1894
B<< action: ;B[ig] , ac: 2273
B<< action: ;B[ie] , ac: 2235
B<< action: ;B[ic] , ac: 2502
B<< action: ;B[ib] , ac: 2588
B<< = H3
B<< 
W>> play B H3
W<< = 
W<< 
W>> genmove w
W<< MCTS: 10001 simulation done, duration: 1179
W<< MCTS: 10001 simulation done, duration: 1179
W<< MCTS: 10001 simulation done, duration: 1183
W<< MCTS: 10001 simulation done, duration: 1185
W<< MCTS: 10001 simulation done, duration: 1187
W<< MCTS: 10001 simulation done, duration: 1190
W<< MCTS: 10001 simulation done, duration: 1197
W<< MCTS: 10001 simulation done, duration: 1196
W<< MCTS: 10001 simulation done, duration: 1200
W<< MCTS: 10001 simulation done, duration: 1203
W<< MCTS: 10001 simulation done, duration: 1206
W<< MCTS: 10001 simulation done, duration: 1209
W<< MCTS: 10001 simulation done, duration: 1215
W<< MCTS: 10001 simulation done, duration: 1245
W<< MCTS: 10001 simulation done, duration: 1251
W<< MCTS: 10001 simulation done, duration: 1251
W<< = G3
W<< 
B>> play W G3
B<< = 
B<< 
B>> genmove b
B<< MCTS: 10001 simulation done, duration: 1111
B<< MCTS: 10001 simulation done, duration: 1142
B<< MCTS: 10001 simulation done, duration: 1145
B<< MCTS: 10001 simulation done, duration: 1159
B<< MCTS: 10001 simulation done, duration: 1166
B<< MCTS: 10001 simulation done, duration: 1170
B<< MCTS: 10001 simulation done, duration: 1177
B<< MCTS: 10001 simulation done, duration: 1181
B<< MCTS: 10001 simulation done, duration: 1184
B<< MCTS: 10001 simulation done, duration: 1186
B<< MCTS: 10001 simulation done, duration: 1207
B<< MCTS: 10001 simulation done, duration: 1211
B<< MCTS: 10001 simulation done, duration: 1363
B<< MCTS: 10001 simulation done, duration: 1367
B<< MCTS: 10001 simulation done, duration: 1426
B<< MCTS: 10001 simulation done, duration: 1451
B<< action: ;B[ai] , ac: 2769
B<< action: ;B[ah] , ac: 2569
B<< action: ;B[ag] , ac: 3305
B<< action: ;B[af] , ac: 2493
B<< action: ;B[ae] , ac: 2809
B<< action: ;B[ac] , ac: 2752
B<< action: ;B[bi] , ac: 2405
B<< action: ;B[bh] , ac: 2427
B<< action: ;B[bg] , ac: 2658
B<< action: ;B[bf] , ac: 2714
B<< action: ;B[be] , ac: 2467
B<< action: ;B[bd] , ac: 2051
B<< action: ;B[bc] , ac: 2733
B<< action: ;B[bb] , ac: 2582
B<< action: ;B[ci] , ac: 2441
B<< action: ;B[ch] , ac: 3254
B<< action: ;B[cg] , ac: 3141
B<< action: ;B[cf] , ac: 2114
B<< action: ;B[ce] , ac: 2596
B<< action: ;B[cd] , ac: 2136
B<< action: ;B[cc] , ac: 2297
B<< action: ;B[cb] , ac: 2202
B<< action: ;B[ca] , ac: 3186
B<< action: ;B[di] , ac: 3130
B<< action: ;B[dh] , ac: 2315
B<< action: ;B[dg] , ac: 3021
B<< action: ;B[dc] , ac: 2990
B<< action: ;B[db] , ac: 2430
B<< action: ;B[da] , ac: 3034
B<< action: ;B[ei] , ac: 2577
B<< action: ;B[eh] , ac: 2740
B<< action: ;B[eg] , ac: 2495
B<< action: ;B[ec] , ac: 2605
B<< action: ;B[eb] , ac: 2853
B<< action: ;B[ea] , ac: 2527
B<< action: ;B[fi] , ac: 3147
B<< action: ;B[fh] , ac: 3015
B<< action: ;B[fg] , ac: 3112
B<< action: ;B[fc] , ac: 3593
B<< action: ;B[fb] , ac: 2757
B<< action: ;B[fa] , ac: 3062
B<< action: ;B[gh] , ac: 3987
B<< action: ;B[gf] , ac: 3336
B<< action: ;B[ge] , ac: 2578
B<< action: ;B[gd] , ac: 3249
B<< action: ;B[gc] , ac: 3079
B<< action: ;B[gb] , ac: 2522
B<< action: ;B[ga] , ac: 2258
B<< action: ;B[hh] , ac: 2313
B<< action: ;B[hf] , ac: 2437
B<< action: ;B[he] , ac: 2823
B<< action: ;B[hd] , ac: 3435
B<< action: ;B[hb] , ac: 2644
B<< action: ;B[ha] , ac: 2215
B<< action: ;B[ii] , ac: 2146
B<< action: ;B[ig] , ac: 1776
B<< action: ;B[ie] , ac: 2115
B<< action: ;B[ic] , ac: 2959
B<< action: ;B[ib] , ac: 2640
B<< = G2
B<< 
W>> play B G2
W<< = 
W<< 
W>> genmove w
W<< MCTS: 10001 simulation done, duration: 1174
W<< MCTS: 10001 simulation done, duration: 1174
W<< MCTS: 10001 simulation done, duration: 1177
W<< MCTS: 10001 simulation done, duration: 1178
W<< MCTS: 10001 simulation done, duration: 1178
W<< MCTS: 10001 simulation done, duration: 1178
W<< MCTS: 10001 simulation done, duration: 1179
W<< MCTS: 10001 simulation done, duration: 1181
W<< MCTS: 10001 simulation done, duration: 1181
W<< MCTS: 10001 simulation done, duration: 1181
W<< MCTS: 10001 simulation done, duration: 1188
W<< MCTS: 10001 simulation done, duration: 1189
W<< MCTS: 10001 simulation done, duration: 1190
W<< MCTS: 10001 simulation done, duration: 1191
W<< MCTS: 10001 simulation done, duration: 1200
W<< MCTS: 10001 simulation done, duration: 1215
W<< = J8
W<< 
B>> play W J8
B<< = 
B<< 
B>> genmove b
B<< MCTS: 10001 simulation done, duration: 1068
B<< MCTS: 10001 simulation done, duration: 1112
B<< MCTS: 10001 simulation done, duration: 1146
B<< MCTS: 10001 simulation done, duration: 1148
B<< MCTS: 10001 simulation done, duration: 1151
B<< MCTS: 10001 simulation done, duration: 1161
B<< MCTS: 10001 simulation done, duration: 1165
B<< MCTS: 10001 simulation done, duration: 1178
B<< MCTS: 10001 simulation done, duration: 1181
B<< MCTS: 10001 simulation done, duration: 1192
B<< MCTS: 10001 simulation done, duration: 1200
B<< MCTS: 10001 simulation done, duration: 1202
B<< MCTS: 10001 simulation done, duration: 1265
B<< MCTS: 10001 simulation done, duration: 1289
B<< MCTS: 10001 simulation done, duration: 1464
B<< MCTS: 10001 simulation done, duration: 1468
B<< action: ;B[ai] , ac: 3430
B<< action: ;B[ah] , ac: 3108
B<< action: ;B[ag] , ac: 3343
B<< action: ;B[af] , ac: 2991
B<< action: ;B[ae] , ac: 3650
B<< action: ;B[ac] , ac: 2349
B<< action: ;B[bi] , ac: 3420
B<< action: ;B[bh] , ac: 2822
B<< action: ;B[bg] , ac: 2758
B<< action: ;B[bf] , ac: 2400
B<< action: ;B[be] , ac: 1893
B<< action: ;B[bd] , ac: 2716
B<< action: ;B[bc] , ac: 2763
B<< action: ;B[bb] , ac: 2391
B<< action: ;B[ci] , ac: 3139
B<< action: ;B[ch] , ac: 2523
B<< action: ;B[cg] , ac: 3318
B<< action: ;B[cf] , ac: 2657
B<< action: ;B[ce] , ac: 2377
B<< action: ;B[cd] , ac: 2544
B<< action: ;B[cc] , ac: 3409
B<< action: ;B[cb] , ac: 2264
B<< action: ;B[ca] , ac: 3190
B<< action: ;B[di] , ac: 3416
B<< action: ;B[dh] , ac: 2727
B<< action: ;B[dg] , ac: 3267
B<< action: ;B[dc] , ac: 2954
B<< action: ;B[db] , ac: 2307
B<< action: ;B[da] , ac: 3142
B<< action: ;B[ei] , ac: 3328
B<< action: ;B[eh] , ac: 2066
B<< action: ;B[eg] , ac: 3635
B<< action: ;B[ec] , ac: 2703
B<< action: ;B[eb] , ac: 2393
B<< action: ;B[ea] , ac: 2981
B<< action: ;B[fh] , ac: 3938
B<< action: ;B[fg] , ac: 4203
B<< action: ;B[fc] , ac: 3521
B<< action: ;B[fb] , ac: 2391
B<< action: ;B[fa] , ac: 3150
B<< action: ;B[gf] , ac: 3279
B<< action: ;B[ge] , ac: 3594
B<< action: ;B[gd] , ac: 3567
B<< action: ;B[gc] , ac: 3336
B<< action: ;B[gb] , ac: 2995
B<< action: ;B[ga] , ac: 3399
B<< action: ;B[hh] , ac: 1561
B<< action: ;B[hf] , ac: 2783
B<< action: ;B[he] , ac: 2655
B<< action: ;B[hd] , ac: 3667
B<< action: ;B[hb] , ac: 3023
B<< action: ;B[ha] , ac: 2590
B<< action: ;B[ii] , ac: 1766
B<< action: ;B[ig] , ac: 1739
B<< action: ;B[ie] , ac: 2485
B<< = F3
B<< 
W>> play B F3
W<< = 
W<< 
W>> genmove w
W<< MCTS: 10001 simulation done, duration: 1188
W<< MCTS: 10001 simulation done, duration: 1188
W<< MCTS: 10001 simulation done, duration: 1191
W<< MCTS: 10001 simulation done, duration: 1195
W<< MCTS: 10001 simulation done, duration: 1196
W<< MCTS: 10001 simulation done, duration: 1196
W<< MCTS: 10001 simulation done, duration: 1197
W<< MCTS: 10001 simulation done, duration: 1198
W<< MCTS: 10001 simulation done, duration: 1206
W<< MCTS: 10001 simulation done, duration: 1224
W<< MCTS: 10001 simulation done, duration: 1235
W<< MCTS: 10001 simulation done, duration: 1236
W<< MCTS: 10001 simulation done, duration: 1240
W<< MCTS: 10001 simulation done, duration: 1257
W<< MCTS: 10001 simulation done, duration: 1261
W<< MCTS: 10001 simulation done, duration: 1291
W<< = G9
W<< 
B>> play W G9
B<< = 
B<< 
B>> genmove b
B<< MCTS: 10001 simulation done, duration: 1136
B<< MCTS: 10001 simulation done, duration: 1137
B<< MCTS: 10001 simulation done, duration: 1138
B<< MCTS: 10001 simulation done, duration: 1143
B<< MCTS: 10001 simulation done, duration: 1144
B<< MCTS: 10001 simulation done, duration: 1162
B<< MCTS: 10001 simulation done, duration: 1176
B<< MCTS: 10001 simulation done, duration: 1177
B<< MCTS: 10001 simulation done, duration: 1183
B<< MCTS: 10001 simulation done, duration: 1187
B<< MCTS: 10001 simulation done, duration: 1199
B<< MCTS: 10001 simulation done, duration: 1200
B<< MCTS: 10001 simulation done, duration: 1200
B<< MCTS: 10001 simulation done, duration: 1265
B<< MCTS: 10001 simulation done, duration: 1507
B<< MCTS: 10001 simulation done, duration: 1514
B<< action: ;B[ai] , ac: 3443
B<< action: ;B[ah] , ac: 3325
B<< action: ;B[ag] , ac: 2755
B<< action: ;B[af] , ac: 2804
B<< action: ;B[ae] , ac: 2999
B<< action: ;B[ac] , ac: 3112
B<< action: ;B[bi] , ac: 3414
B<< action: ;B[bh] , ac: 3360
B<< action: ;B[bg] , ac: 3117
B<< action: ;B[bf] , ac: 3052
B<< action: ;B[be] , ac: 2265
B<< action: ;B[bd] , ac: 2342
B<< action: ;B[bc] , ac: 2529
B<< action: ;B[bb] , ac: 2006
B<< action: ;B[ci] , ac: 2674
B<< action: ;B[ch] , ac: 3093
B<< action: ;B[cg] , ac: 3336
B<< action: ;B[cf] , ac: 2922
B<< action: ;B[ce] , ac: 3122
B<< action: ;B[cd] , ac: 2630
B<< action: ;B[cc] , ac: 3030
B<< action: ;B[cb] , ac: 2614
B<< action: ;B[ca] , ac: 3504
B<< action: ;B[di] , ac: 4326
B<< action: ;B[dh] , ac: 3542
B<< action: ;B[dg] , ac: 3861
B<< action: ;B[dc] , ac: 4269
B<< action: ;B[db] , ac: 2839
B<< action: ;B[da] , ac: 3120
B<< action: ;B[ei] , ac: 4203
B<< action: ;B[eh] , ac: 3788
B<< action: ;B[eg] , ac: 2656
B<< action: ;B[ec] , ac: 3230
B<< action: ;B[eb] , ac: 2157
B<< action: ;B[ea] , ac: 3658
B<< action: ;B[fh] , ac: 2778
B<< action: ;B[fc] , ac: 3452
B<< action: ;B[fb] , ac: 3041
B<< action: ;B[fa] , ac: 3301
B<< action: ;B[ge] , ac: 4725
B<< action: ;B[gd] , ac: 3288
B<< action: ;B[gc] , ac: 4229
B<< action: ;B[gb] , ac: 2530
B<< action: ;B[hh] , ac: 970
B<< action: ;B[hf] , ac: 3699
B<< action: ;B[he] , ac: 3445
B<< action: ;B[hd] , ac: 3597
B<< action: ;B[hb] , ac: 2781
B<< action: ;B[ha] , ac: 2787
B<< action: ;B[ii] , ac: 1654
B<< action: ;B[ig] , ac: 1501
B<< action: ;B[ie] , ac: 3141
B<< = G5
B<< 
W>> play B G5
W<< = 
W<< 
W>> genmove w
W<< MCTS: 10001 simulation done, duration: 1199
W<< MCTS: 10001 simulation done, duration: 1199
W<< MCTS: 10001 simulation done, duration: 1198
W<< MCTS: 10001 simulation done, duration: 1200
W<< MCTS: 10001 simulation done, duration: 1201
W<< MCTS: 10001 simulation done, duration: 1202
W<< MCTS: 10001 simulation done, duration: 1203
W<< MCTS: 10001 simulation done, duration: 1204
W<< MCTS: 10001 simulation done, duration: 1199
W<< MCTS: 10001 simulation done, duration: 1204
W<< MCTS: 10001 simulation done, duration: 1208
W<< MCTS: 10001 simulation done, duration: 1209
W<< MCTS: 10001 simulation done, duration: 1210
W<< MCTS: 10001 simulation done, duration: 1214
W<< MCTS: 10001 simulation done, duration: 1215
W<< MCTS: 10001 simulation done, duration: 1231
W<< = H5
W<< 
B>> play W H5
B<< = 
B<< 
B>> genmove b
B<< MCTS: 10001 simulation done, duration: 1015
B<< MCTS: 10001 simulation done, duration: 1115
B<< MCTS: 10001 simulation done, duration: 1116
B<< MCTS: 10001 simulation done, duration: 1117
B<< MCTS: 10001 simulation done, duration: 1124
B<< MCTS: 10001 simulation done, duration: 1125
B<< MCTS: 10001 simulation done, duration: 1151
B<< MCTS: 10001 simulation done, duration: 1151
B<< MCTS: 10001 simulation done, duration: 1152
B<< MCTS: 10001 simulation done, duration: 1153
B<< MCTS: 10001 simulation done, duration: 1169
B<< MCTS: 10001 simulation done, duration: 1174
B<< MCTS: 10001 simulation done, duration: 1210
B<< MCTS: 10001 simulation done, duration: 1229
B<< MCTS: 10001 simulation done, duration: 1250
B<< MCTS: 10001 simulation done, duration: 1313
B<< action: ;B[ai] , ac: 3781
B<< action: ;B[ah] , ac: 3125
B<< action: ;B[ag] , ac: 3716
B<< action: ;B[af] , ac: 3299
B<< action: ;B[ae] , ac: 3075
B<< action: ;B[ac] , ac: 2946
B<< action: ;B[bi] , ac: 3146
B<< action: ;B[bh] , ac: 2263
B<< action: ;B[bg] , ac: 2127
B<< action: ;B[bf] , ac: 2473
B<< action: ;B[be] , ac: 2542
B<< action: ;B[bd] , ac: 2392
B<< action: ;B[bc] , ac: 2804
B<< action: ;B[bb] , ac: 2835
B<< action: ;B[ci] , ac: 3936
B<< action: ;B[ch] , ac: 3421
B<< action: ;B[cg] , ac: 3394
B<< action: ;B[cf] , ac: 3094
B<< action: ;B[ce] , ac: 3311
B<< action: ;B[cd] , ac: 3745
B<< action: ;B[cc] , ac: 3038
B<< action: ;B[cb] , ac: 2583
B<< action: ;B[ca] , ac: 3867
B<< action: ;B[di] , ac: 3900
B<< action: ;B[dh] , ac: 3151
B<< action: ;B[dg] , ac: 3680
B<< action: ;B[dc] , ac: 3649
B<< action: ;B[db] , ac: 2681
B<< action: ;B[da] , ac: 3749
B<< action: ;B[ei] , ac: 4295
B<< action: ;B[eh] , ac: 3836
B<< action: ;B[eg] , ac: 3280
B<< action: ;B[ec] , ac: 3127
B<< action: ;B[eb] , ac: 2939
B<< action: ;B[ea] , ac: 3466
B<< action: ;B[fh] , ac: 2425
B<< action: ;B[fc] , ac: 3517
B<< action: ;B[fb] , ac: 2600
B<< action: ;B[fa] , ac: 3208
B<< action: ;B[gd] , ac: 2723
B<< action: ;B[gc] , ac: 4174
B<< action: ;B[gb] , ac: 3441
B<< action: ;B[hh] , ac: 1889
B<< action: ;B[hf] , ac: 5801
B<< action: ;B[hd] , ac: 4016
B<< action: ;B[hb] , ac: 4202
B<< action: ;B[ha] , ac: 3270
B<< action: ;B[ii] , ac: 1851
B<< action: ;B[ig] , ac: 1647
B<< action: ;B[ie] , ac: 2586
B<< = H4
B<< 
W>> play B H4
W<< = 
W<< 
W>> genmove w
W<< MCTS: 10001 simulation done, duration: 1198
W<< MCTS: 10001 simulation done, duration: 1199
W<< MCTS: 10001 simulation done, duration: 1205
W<< MCTS: 10001 simulation done, duration: 1204
W<< MCTS: 10001 simulation done, duration: 1206
W<< MCTS: 10001 simulation done, duration: 1209
W<< MCTS: 10001 simulation done, duration: 1210
W<< MCTS: 10001 simulation done, duration: 1214
W<< MCTS: 10001 simulation done, duration: 1218
W<< MCTS: 10001 simulation done, duration: 1222
W<< MCTS: 10001 simulation done, duration: 1227
W<< MCTS: 10001 simulation done, duration: 1243
W<< MCTS: 10001 simulation done, duration: 1256
W<< MCTS: 10001 simulation done, duration: 1260
W<< MCTS: 10001 simulation done, duration: 1263
W<< MCTS: 10001 simulation done, duration: 1298
W<< = H8
W<< 
B>> play W H8
B<< = 
B<< 
B>> genmove b
B<< MCTS: 10001 simulation done, duration: 1082
B<< MCTS: 10001 simulation done, duration: 1124
B<< MCTS: 10001 simulation done, duration: 1138
B<< MCTS: 10001 simulation done, duration: 1140
B<< MCTS: 10001 simulation done, duration: 1143
B<< MCTS: 10001 simulation done, duration: 1144
B<< MCTS: 10001 simulation done, duration: 1146
B<< MCTS: 10001 simulation done, duration: 1147
B<< MCTS: 10001 simulation done, duration: 1192
B<< MCTS: 10001 simulation done, duration: 1199
B<< MCTS: 10001 simulation done, duration: 1199
B<< MCTS: 10001 simulation done, duration: 1203
B<< MCTS: 10001 simulation done, duration: 1291
B<< MCTS: 10001 simulation done, duration: 1291
B<< MCTS: 10001 simulation done, duration: 1348
B<< MCTS: 10001 simulation done, duration: 1371
B<< action: ;B[ai] , ac: 4120
B<< action: ;B[ah] , ac: 4337
B<< action: ;B[ag] , ac: 4364
B<< action: ;B[af] , ac: 3758
B<< action: ;B[ae] , ac: 3806
B<< action: ;B[ac] , ac: 2682
B<< action: ;B[bi] , ac: 3737
B<< action: ;B[bh] , ac: 3874
B<< action: ;B[bg] , ac: 3069
B<< action: ;B[bf] , ac: 3157
B<< action: ;B[be] , ac: 3293
B<< action: ;B[bd] , ac: 2931
B<< action: ;B[bc] , ac: 2847
B<< action: ;B[bb] , ac: 2128
B<< action: ;B[ci] , ac: 3960
B<< action: ;B[ch] , ac: 3300
B<< action: ;B[cg] , ac: 3640
B<< action: ;B[cf] , ac: 3762
B<< action: ;B[ce] , ac: 3706
B<< action: ;B[cd] , ac: 3575
B<< action: ;B[cc] , ac: 2415
B<< action: ;B[cb] , ac: 3771
B<< action: ;B[ca] , ac: 3930
B<< action: ;B[di] , ac: 3658
B<< action: ;B[dh] , ac: 3613
B<< action: ;B[dg] , ac: 4112
B<< action: ;B[dc] , ac: 2968
B<< action: ;B[db] , ac: 3268
B<< action: ;B[da] , ac: 4187
B<< action: ;B[ei] , ac: 5113
B<< action: ;B[eh] , ac: 3046
B<< action: ;B[eg] , ac: 3051
B<< action: ;B[ec] , ac: 3465
B<< action: ;B[eb] , ac: 2258
B<< action: ;B[ea] , ac: 3587
B<< action: ;B[fh] , ac: 2126
B<< action: ;B[fc] , ac: 2896
B<< action: ;B[fb] , ac: 3661
B<< action: ;B[fa] , ac: 4858
B<< action: ;B[gd] , ac: 3040
B<< action: ;B[gc] , ac: 3863
B<< action: ;B[gb] , ac: 4408
B<< action: ;B[hh] , ac: 1625
B<< action: ;B[hd] , ac: 5567
B<< action: ;B[ii] , ac: 1423
B<< action: ;B[ig] , ac: 1575
B<< action: ;B[ie] , ac: 2486
B<< = H6
B<< 
W>> play B H6
W<< = 
W<< 
W>> genmove w
W<< MCTS: 10001 simulation done, duration: 1221
W<< MCTS: 10001 simulation done, duration: 1223
W<< MCTS: 10001 simulation done, duration: 1224
W<< MCTS: 10001 simulation done, duration: 1225
W<< MCTS: 10001 simulation done, duration: 1226
W<< MCTS: 10001 simulation done, duration: 1227
W<< MCTS: 10001 simulation done, duration: 1228
W<< MCTS: 10001 simulation done, duration: 1229
W<< MCTS: 10001 simulation done, duration: 1230
W<< MCTS: 10001 simulation done, duration: 1232
W<< MCTS: 10001 simulation done, duration: 1233
W<< MCTS: 10001 simulation done, duration: 1235
W<< MCTS: 10001 simulation done, duration: 1239
W<< MCTS: 10001 simulation done, duration: 1240
W<< MCTS: 10001 simulation done, duration: 1241
W<< MCTS: 10001 simulation done, duration: 1261
W<< = D3
W<< 
B>> play W D3
B<< = 
B<< 
B>> genmove b
B<< MCTS: 10001 simulation done, duration: 1046
B<< MCTS: 10001 simulation done, duration: 1078
B<< MCTS: 10001 simulation done, duration: 1108
B<< MCTS: 10001 simulation done, duration: 1110
B<< MCTS: 10001 simulation done, duration: 1112
B<< MCTS: 10001 simulation done, duration: 1115
B<< MCTS: 10001 simulation done, duration: 1143
B<< MCTS: 10001 simulation done, duration: 1148
B<< MCTS: 10001 simulation done, duration: 1158
B<< MCTS: 10001 simulation done, duration: 1160
B<< MCTS: 10001 simulation done, duration: 1166
B<< MCTS: 10001 simulation done, duration: 1166
B<< MCTS: 10001 simulation done, duration: 1230
B<< MCTS: 10001 simulation done, duration: 1231
B<< MCTS: 10001 simulation done, duration: 1311
B<< MCTS: 10001 simulation done, duration: 1336
B<< action: ;B[ai] , ac: 5311
B<< action: ;B[ah] , ac: 4738
B<< action: ;B[ag] , ac: 3597
B<< action: ;B[af] , ac: 4242
B<< action: ;B[ae] , ac: 4196
B<< action: ;B[ac] , ac: 3738
B<< action: ;B[bi] , ac: 4765
B<< action: ;B[bh] , ac: 3322
B<< action: ;B[bg] , ac: 3592
B<< action: ;B[bf] , ac: 3603
B<< action: ;B[be] , ac: 3299
B<< action: ;B[bd] , ac: 2682
B<< action: ;B[bc] , ac: 2231
B<< action: ;B[bb] , ac: 2598
B<< action: ;B[ci] , ac: 4286
B<< action: ;B[ch] , ac: 3450
B<< action: ;B[cg] , ac: 3417
B<< action: ;B[cf] , ac: 3640
B<< action: ;B[ce] , ac: 4537
B<< action: ;B[cd] , ac: 4488
B<< action: ;B[cc] , ac: 3771
B<< action: ;B[cb] , ac: 2910
B<< action: ;B[ca] , ac: 4483
B<< action: ;B[di] , ac: 4408
B<< action: ;B[dh] , ac: 3838
B<< action: ;B[dc] , ac: 4366
B<< action: ;B[db] , ac: 3237
B<< action: ;B[da] , ac: 4631
B<< action: ;B[ei] , ac: 4989
B<< action: ;B[eh] , ac: 3583
B<< action: ;B[eg] , ac: 3676
B<< action: ;B[ec] , ac: 3782
B<< action: ;B[eb] , ac: 2857
B<< action: ;B[ea] , ac: 4632
B<< action: ;B[fh] , ac: 2112
B<< action: ;B[fc] , ac: 4546
B<< action: ;B[fb] , ac: 3381
B<< action: ;B[fa] , ac: 4474
B<< action: ;B[gd] , ac: 1599
B<< action: ;B[gc] , ac: 3120
B<< action: ;B[gb] , ac: 5525
B<< action: ;B[hh] , ac: 1849
B<< action: ;B[ii] , ac: 1090
B<< action: ;B[ig] , ac: 1425
B<< = G8
B<< 
W>> play B G8
W<< = 
W<< 
W>> genmove w
W<< MCTS: 10001 simulation done, duration: 1169
W<< MCTS: 10001 simulation done, duration: 1173
W<< MCTS: 10001 simulation done, duration: 1174
W<< MCTS: 10001 simulation done, duration: 1178
W<< MCTS: 10001 simulation done, duration: 1184
W<< MCTS: 10001 simulation done, duration: 1184
W<< MCTS: 10001 simulation done, duration: 1194
W<< MCTS: 10001 simulation done, duration: 1200
W<< MCTS: 10001 simulation done, duration: 1203
W<< MCTS: 10001 simulation done, duration: 1207
W<< MCTS: 10001 simulation done, duration: 1207
W<< MCTS: 10001 simulation done, duration: 1212
W<< MCTS: 10001 simulation done, duration: 1223
W<< MCTS: 10001 simulation done, duration: 1227
W<< MCTS: 10001 simulation done, duration: 1230
W<< MCTS: 10001 simulation done, duration: 1236
W<< = A1
W<< 
B>> play W A1
B<< = 
B<< 
B>> genmove b
B<< MCTS: 10001 simulation done, duration: 973
B<< MCTS: 10001 simulation done, duration: 1054
B<< MCTS: 10001 simulation done, duration: 1054
B<< MCTS: 10001 simulation done, duration: 1056
B<< MCTS: 10001 simulation done, duration: 1056
B<< MCTS: 10001 simulation done, duration: 1057
B<< MCTS: 10001 simulation done, duration: 1062
B<< MCTS: 10001 simulation done, duration: 1066
B<< MCTS: 10001 simulation done, duration: 1082
B<< MCTS: 10001 simulation done, duration: 1098
B<< MCTS: 10001 simulation done, duration: 1098
B<< MCTS: 10001 simulation done, duration: 1124
B<< MCTS: 10001 simulation done, duration: 1183
B<< MCTS: 10001 simulation done, duration: 1183
B<< MCTS: 10001 simulation done, duration: 1259
B<< MCTS: 10001 simulation done, duration: 1289
B<< action: ;B[ah] , ac: 4608
B<< action: ;B[ag] , ac: 4467
B<< action: ;B[af] , ac: 4938
B<< action: ;B[ae] , ac: 5284
B<< action: ;B[ac] , ac: 3593
B<< action: ;B[bi] , ac: 3941
B<< action: ;B[bh] , ac: 4520
B<< action: ;B[bg] , ac: 3089
B<< action: ;B[bf] , ac: 3636
B<< action: ;B[be] , ac: 3264
B<< action: ;B[bd] , ac: 3538
B<< action: ;B[bc] , ac: 3767
B<< action: ;B[bb] , ac: 3200
B<< action: ;B[ci] , ac: 5528
B<< action: ;B[ch] , ac: 4427
B<< action: ;B[cg] , ac: 3396
B<< action: ;B[cf] , ac: 4325
B<< action: ;B[ce] , ac: 4269
B<< action: ;B[cd] , ac: 4442
B<< action: ;B[cc] , ac: 3915
B<< action: ;B[cb] , ac: 4681
B<< action: ;B[ca] , ac: 4971
B<< action: ;B[di] , ac: 5289
B<< action: ;B[dh] , ac: 3531
B<< action: ;B[dc] , ac: 4119
B<< action: ;B[db] , ac: 2855
B<< action: ;B[da] , ac: 5161
B<< action: ;B[ei] , ac: 5286
B<< action: ;B[eh] , ac: 4594
B<< action: ;B[eg] , ac: 3232
B<< action: ;B[ec] , ac: 4029
B<< action: ;B[eb] , ac: 4113
B<< action: ;B[ea] , ac: 4930
B<< action: ;B[fh] , ac: 2377
B<< action: ;B[fc] , ac: 3261
B<< action: ;B[fb] , ac: 2340
B<< action: ;B[fa] , ac: 4426
B<< action: ;B[gd] , ac: 1346
B<< action: ;B[gc] , ac: 2207
B<< action: ;B[hh] , ac: 1812
B<< action: ;B[ii] , ac: 1920
B<< action: ;B[ig] , ac: 1389
B<< = C1
B<< 
W>> play B C1
W<< = 
W<< 
W>> genmove w
W<< MCTS: 10001 simulation done, duration: 1144
W<< MCTS: 10001 simulation done, duration: 1146
W<< MCTS: 10001 simulation done, duration: 1145
W<< MCTS: 10001 simulation done, duration: 1147
W<< MCTS: 10001 simulation done, duration: 1146
W<< MCTS: 10001 simulation done, duration: 1151
W<< MCTS: 10001 simulation done, duration: 1154
W<< MCTS: 10001 simulation done, duration: 1162
W<< MCTS: 10001 simulation done, duration: 1163
W<< MCTS: 10001 simulation done, duration: 1162
W<< MCTS: 10001 simulation done, duration: 1172
W<< MCTS: 10001 simulation done, duration: 1173
W<< MCTS: 10001 simulation done, duration: 1180
W<< MCTS: 10001 simulation done, duration: 1193
W<< MCTS: 10001 simulation done, duration: 1195
W<< MCTS: 10001 simulation done, duration: 1198
W<< = A4
W<< 
B>> play W A4
B<< = 
B<< 
B>> genmove b
B<< MCTS: 10001 simulation done, duration: 982
B<< MCTS: 10001 simulation done, duration: 982
B<< MCTS: 10001 simulation done, duration: 1029
B<< MCTS: 10001 simulation done, duration: 1034
B<< MCTS: 10001 simulation done, duration: 1035
B<< MCTS: 10001 simulation done, duration: 1038
B<< MCTS: 10001 simulation done, duration: 1038
B<< MCTS: 10001 simulation done, duration: 1063
B<< MCTS: 10001 simulation done, duration: 1073
B<< MCTS: 10001 simulation done, duration: 1089
B<< MCTS: 10001 simulation done, duration: 1090
B<< MCTS: 10001 simulation done, duration: 1105
B<< MCTS: 10001 simulation done, duration: 1166
B<< MCTS: 10001 simulation done, duration: 1181
B<< MCTS: 10001 simulation done, duration: 1256
B<< MCTS: 10001 simulation done, duration: 1268
B<< action: ;B[ah] , ac: 5177
B<< action: ;B[ag] , ac: 4546
B<< action: ;B[ae] , ac: 6723
B<< action: ;B[ac] , ac: 3874
B<< action: ;B[bi] , ac: 3071
B<< action: ;B[bh] , ac: 3697
B<< action: ;B[bg] , ac: 4059
B<< action: ;B[bf] , ac: 2858
B<< action: ;B[be] , ac: 4920
B<< action: ;B[bd] , ac: 4180
B<< action: ;B[bc] , ac: 3903
B<< action: ;B[bb] , ac: 2657
B<< action: ;B[ch] , ac: 3718
B<< action: ;B[cg] , ac: 3714
B<< action: ;B[cf] , ac: 5030
B<< action: ;B[ce] , ac: 4327
B<< action: ;B[cd] , ac: 3990
B<< action: ;B[cc] , ac: 3504
B<< action: ;B[cb] , ac: 3645
B<< action: ;B[ca] , ac: 6103
B<< action: ;B[di] , ac: 3638
B<< action: ;B[dh] , ac: 3927
B<< action: ;B[dc] , ac: 5358
B<< action: ;B[db] , ac: 4305
B<< action: ;B[da] , ac: 5318
B<< action: ;B[ei] , ac: 8459
B<< action: ;B[eh] , ac: 4123
B<< action: ;B[eg] , ac: 3446
B<< action: ;B[ec] , ac: 5456
B<< action: ;B[eb] , ac: 3443
B<< action: ;B[ea] , ac: 5224
B<< action: ;B[fh] , ac: 2513
B<< action: ;B[fc] , ac: 4560
B<< action: ;B[fb] , ac: 2562
B<< action: ;B[fa] , ac: 4840
B<< action: ;B[gd] , ac: 1369
B<< action: ;B[gc] , ac: 2467
B<< action: ;B[hh] , ac: 1755
B<< action: ;B[ii] , ac: 1804
B<< action: ;B[ig] , ac: 1753
B<< = E1
B<< 
W>> play B E1
W<< = 
W<< 
W>> genmove w
W<< MCTS: 10001 simulation done, duration: 1131
W<< MCTS: 10001 simulation done, duration: 1136
W<< MCTS: 10001 simulation done, duration: 1139
W<< MCTS: 10001 simulation done, duration: 1140
W<< MCTS: 10001 simulation done, duration: 1140
W<< MCTS: 10001 simulation done, duration: 1140
W<< MCTS: 10001 simulation done, duration: 1143
W<< MCTS: 10001 simulation done, duration: 1142
W<< MCTS: 10001 simulation done, duration: 1151
W<< MCTS: 10001 simulation done, duration: 1149
W<< MCTS: 10001 simulation done, duration: 1156
W<< MCTS: 10001 simulation done, duration: 1158
W<< MCTS: 10001 simulation done, duration: 1170
W<< MCTS: 10001 simulation done, duration: 1175
W<< MCTS: 10001 simulation done, duration: 1231
W<< MCTS: 10001 simulation done, duration: 1246
W<< = B5
W<< 
B>> play W B5
B<< = 
B<< 
B>> genmove b
B<< MCTS: 10001 simulation done, duration: 1010
B<< MCTS: 10001 simulation done, duration: 1023
B<< MCTS: 10001 simulation done, duration: 1027
B<< MCTS: 10001 simulation done, duration: 1030
B<< MCTS: 10001 simulation done, duration: 1035
B<< MCTS: 10001 simulation done, duration: 1051
B<< MCTS: 10001 simulation done, duration: 1061
B<< MCTS: 10001 simulation done, duration: 1065
B<< MCTS: 10001 simulation done, duration: 1068
B<< MCTS: 10001 simulation done, duration: 1072
B<< MCTS: 10001 simulation done, duration: 1075
B<< MCTS: 10001 simulation done, duration: 1079
B<< MCTS: 10001 simulation done, duration: 1145
B<< MCTS: 10001 simulation done, duration: 1148
B<< MCTS: 10001 simulation done, duration: 1200
B<< MCTS: 10001 simulation done, duration: 1209
B<< action: ;B[ah] , ac: 6057
B<< action: ;B[ag] , ac: 8628
B<< action: ;B[ac] , ac: 3898
B<< action: ;B[bi] , ac: 3156
B<< action: ;B[bh] , ac: 4194
B<< action: ;B[bg] , ac: 4257
B<< action: ;B[bf] , ac: 5642
B<< action: ;B[bd] , ac: 6118
B<< action: ;B[bc] , ac: 4627
B<< action: ;B[bb] , ac: 3176
B<< action: ;B[ch] , ac: 3651
B<< action: ;B[cg] , ac: 4000
B<< action: ;B[cf] , ac: 6300
B<< action: ;B[ce] , ac: 6385
B<< action: ;B[cd] , ac: 5010
B<< action: ;B[cc] , ac: 3881
B<< action: ;B[cb] , ac: 4733
B<< action: ;B[ca] , ac: 5404
B<< action: ;B[di] , ac: 3151
B<< action: ;B[dh] , ac: 6111
B<< action: ;B[dc] , ac: 5798
B<< action: ;B[db] , ac: 4317
B<< action: ;B[da] , ac: 5848
B<< action: ;B[eh] , ac: 4035
B<< action: ;B[eg] , ac: 3574
B<< action: ;B[ec] , ac: 5293
B<< action: ;B[eb] , ac: 3294
B<< action: ;B[ea] , ac: 5320
B<< action: ;B[fh] , ac: 3307
B<< action: ;B[fc] , ac: 4419
B<< action: ;B[fb] , ac: 3304
B<< action: ;B[fa] , ac: 4641
B<< action: ;B[gd] , ac: 1925
B<< action: ;B[gc] , ac: 1874
B<< action: ;B[hh] , ac: 1415
B<< action: ;B[ii] , ac: 1717
B<< action: ;B[ig] , ac: 1556
B<< = A3
B<< 
W>> play B A3
W<< = 
W<< 
W>> genmove w
W<< MCTS: 10001 simulation done, duration: 1108
W<< MCTS: 10001 simulation done, duration: 1111
W<< MCTS: 10001 simulation done, duration: 1111
W<< MCTS: 10001 simulation done, duration: 1112
W<< MCTS: 10001 simulation done, duration: 1113
W<< MCTS: 10001 simulation done, duration: 1113
W<< MCTS: 10001 simulation done, duration: 1113
W<< MCTS: 10001 simulation done, duration: 1113
W<< MCTS: 10001 simulation done, duration: 1115
W<< MCTS: 10001 simulation done, duration: 1112
W<< MCTS: 10001 simulation done, duration: 1116
W<< MCTS: 10001 simulation done, duration: 1119
W<< MCTS: 10001 simulation done, duration: 1120
W<< MCTS: 10001 simulation done, duration: 1127
W<< MCTS: 10001 simulation done, duration: 1129
W<< MCTS: 10001 simulation done, duration: 1162
W<< = C4
W<< 
B>> play W C4
B<< = 
B<< 
B>> genmove b
B<< MCTS: 10001 simulation done, duration: 948
B<< MCTS: 10001 simulation done, duration: 989
B<< MCTS: 10001 simulation done, duration: 989
B<< MCTS: 10001 simulation done, duration: 990
B<< MCTS: 10001 simulation done, duration: 1000
B<< MCTS: 10001 simulation done, duration: 1001
B<< MCTS: 10001 simulation done, duration: 1001
B<< MCTS: 10001 simulation done, duration: 1028
B<< MCTS: 10001 simulation done, duration: 1038
B<< MCTS: 10001 simulation done, duration: 1040
B<< MCTS: 10001 simulation done, duration: 1042
B<< MCTS: 10001 simulation done, duration: 1062
B<< MCTS: 10001 simulation done, duration: 1065
B<< MCTS: 10001 simulation done, duration: 1080
B<< MCTS: 10001 simulation done, duration: 1215
B<< MCTS: 10001 simulation done, duration: 1219
B<< action: ;B[ah] , ac: 3356
B<< action: ;B[ac] , ac: 4280
B<< action: ;B[bi] , ac: 4573
B<< action: ;B[bh] , ac: 5441
B<< action: ;B[bg] , ac: 3861
B<< action: ;B[bf] , ac: 6226
B<< action: ;B[bd] , ac: 7817
B<< action: ;B[bc] , ac: 4570
B<< action: ;B[bb] , ac: 4077
B<< action: ;B[ch] , ac: 4502
B<< action: ;B[cg] , ac: 3569
B<< action: ;B[ce] , ac: 11999
B<< action: ;B[cd] , ac: 5617
B<< action: ;B[cc] , ac: 4164
B<< action: ;B[cb] , ac: 4173
B<< action: ;B[ca] , ac: 7362
B<< action: ;B[di] , ac: 2624
B<< action: ;B[dh] , ac: 6165
B<< action: ;B[dc] , ac: 4683
B<< action: ;B[db] , ac: 3889
B<< action: ;B[da] , ac: 5259
B<< action: ;B[eh] , ac: 4613
B<< action: ;B[eg] , ac: 3305
B<< action: ;B[ec] , ac: 5907
B<< action: ;B[eb] , ac: 3718
B<< action: ;B[ea] , ac: 6151
B<< action: ;B[fh] , ac: 4138
B<< action: ;B[fc] , ac: 5061
B<< action: ;B[fb] , ac: 3446
B<< action: ;B[fa] , ac: 6090
B<< action: ;B[gd] , ac: 1650
B<< action: ;B[gc] , ac: 2324
B<< action: ;B[hh] , ac: 1806
B<< action: ;B[ii] , ac: 1773
B<< action: ;B[ig] , ac: 1827
B<< = C5
B<< 
W>> play B C5
W<< = 
W<< 
W>> genmove w
W<< MCTS: 10001 simulation done, duration: 1085
W<< MCTS: 10001 simulation done, duration: 1086
W<< MCTS: 10001 simulation done, duration: 1089
W<< MCTS: 10001 simulation done, duration: 1095
W<< MCTS: 10001 simulation done, duration: 1097
W<< MCTS: 10001 simulation done, duration: 1096
W<< MCTS: 10001 simulation done, duration: 1102
W<< MCTS: 10001 simulation done, duration: 1107
W<< MCTS: 10001 simulation done, duration: 1109
W<< MCTS: 10001 simulation done, duration: 1112
W<< MCTS: 10001 simulation done, duration: 1115
W<< MCTS: 10001 simulation done, duration: 1117
W<< MCTS: 10001 simulation done, duration: 1145
W<< MCTS: 10001 simulation done, duration: 1149
W<< MCTS: 10001 simulation done, duration: 1154
W<< MCTS: 10001 simulation done, duration: 1173
W<< = B3
W<< 
B>> play W B3
B<< = 
B<< 
B>> genmove b
B<< MCTS: 10001 simulation done, duration: 977
B<< MCTS: 10001 simulation done, duration: 978
B<< MCTS: 10001 simulation done, duration: 979
B<< MCTS: 10001 simulation done, duration: 982
B<< MCTS: 10001 simulation done, duration: 984
B<< MCTS: 10001 simulation done, duration: 989
B<< MCTS: 10001 simulation done, duration: 990
B<< MCTS: 10001 simulation done, duration: 1017
B<< MCTS: 10001 simulation done, duration: 1021
B<< MCTS: 10001 simulation done, duration: 1024
B<< MCTS: 10001 simulation done, duration: 1029
B<< MCTS: 10001 simulation done, duration: 1055
B<< MCTS: 10001 simulation done, duration: 1060
B<< MCTS: 10001 simulation done, duration: 1081
B<< MCTS: 10001 simulation done, duration: 1136
B<< MCTS: 10001 simulation done, duration: 1186
B<< action: ;B[ah] , ac: 3809
B<< action: ;B[ac] , ac: 5405
B<< action: ;B[bi] , ac: 4188
B<< action: ;B[bh] , ac: 5149
B<< action: ;B[bd] , ac: 6259
B<< action: ;B[bc] , ac: 5506
B<< action: ;B[bb] , ac: 4285
B<< action: ;B[ch] , ac: 4323
B<< action: ;B[cg] , ac: 11562
B<< action: ;B[cd] , ac: 3911
B<< action: ;B[cc] , ac: 5009
B<< action: ;B[cb] , ac: 4518
B<< action: ;B[ca] , ac: 9015
B<< action: ;B[di] , ac: 2834
B<< action: ;B[dh] , ac: 8845
B<< action: ;B[dc] , ac: 7489
B<< action: ;B[db] , ac: 4555
B<< action: ;B[da] , ac: 6605
B<< action: ;B[eh] , ac: 5239
B<< action: ;B[eg] , ac: 3297
B<< action: ;B[ec] , ac: 7805
B<< action: ;B[eb] , ac: 4079
B<< action: ;B[ea] , ac: 6995
B<< action: ;B[fh] , ac: 4121
B<< action: ;B[fc] , ac: 5508
B<< action: ;B[fb] , ac: 3158
B<< action: ;B[fa] , ac: 6971
B<< action: ;B[gd] , ac: 1994
B<< action: ;B[gc] , ac: 2037
B<< action: ;B[hh] , ac: 1784
B<< action: ;B[ii] , ac: 1925
B<< action: ;B[ig] , ac: 1836
B<< = C3
B<< 
W>> play B C3
W<< = 
W<< 
W>> genmove w
W<< MCTS: 10001 simulation done, duration: 1049
W<< MCTS: 10001 simulation done, duration: 1050
W<< MCTS: 10001 simulation done, duration: 1051
W<< MCTS: 10001 simulation done, duration: 1052
W<< MCTS: 10001 simulation done, duration: 1053
W<< MCTS: 10001 simulation done, duration: 1055
W<< MCTS: 10001 simulation done, duration: 1051
W<< MCTS: 10001 simulation done, duration: 1056
W<< MCTS: 10001 simulation done, duration: 1058
W<< MCTS: 10001 simulation done, duration: 1059
W<< MCTS: 10001 simulation done, duration: 1061
W<< MCTS: 10001 simulation done, duration: 1063
W<< MCTS: 10001 simulation done, duration: 1065
W<< MCTS: 10001 simulation done, duration: 1064
W<< MCTS: 10001 simulation done, duration: 1065
W<< MCTS: 10001 simulation done, duration: 1075
W<< = C7
W<< 
B>> play W C7
B<< = 
B<< 
B>> genmove b
B<< MCTS: 10001 simulation done, duration: 919
B<< MCTS: 10001 simulation done, duration: 920
B<< MCTS: 10001 simulation done, duration: 921
B<< MCTS: 10001 simulation done, duration: 922
B<< MCTS: 10001 simulation done, duration: 926
B<< MCTS: 10001 simulation done, duration: 927
B<< MCTS: 10001 simulation done, duration: 950
B<< MCTS: 10001 simulation done, duration: 974
B<< MCTS: 10001 simulation done, duration: 977
B<< MCTS: 10001 simulation done, duration: 977
B<< MCTS: 10001 simulation done, duration: 979
B<< MCTS: 10001 simulation done, duration: 980
B<< MCTS: 10001 simulation done, duration: 1005
B<< MCTS: 10001 simulation done, duration: 1049
B<< MCTS: 10001 simulation done, duration: 1224
B<< MCTS: 10001 simulation done, duration: 1231
B<< action: ;B[ah] , ac: 3884
B<< action: ;B[ac] , ac: 5127
B<< action: ;B[bi] , ac: 5239
B<< action: ;B[bh] , ac: 5050
B<< action: ;B[bd] , ac: 7304
B<< action: ;B[bc] , ac: 5106
B<< action: ;B[bb] , ac: 4777
B<< action: ;B[ch] , ac: 2528
B<< action: ;B[cd] , ac: 6180
B<< action: ;B[cb] , ac: 6422
B<< action: ;B[ca] , ac: 8752
B<< action: ;B[di] , ac: 3571
B<< action: ;B[dh] , ac: 23153
B<< action: ;B[dc] , ac: 6353
B<< action: ;B[db] , ac: 5877
B<< action: ;B[da] , ac: 6488
B<< action: ;B[eh] , ac: 5215
B<< action: ;B[eg] , ac: 2420
B<< action: ;B[ec] , ac: 6356
B<< action: ;B[eb] , ac: 3673
B<< action: ;B[ea] , ac: 8091
B<< action: ;B[fh] , ac: 4751
B<< action: ;B[fc] , ac: 5422
B<< action: ;B[fb] , ac: 2796
B<< action: ;B[fa] , ac: 6652
B<< action: ;B[gd] , ac: 1837
B<< action: ;B[gc] , ac: 2334
B<< action: ;B[hh] , ac: 1634
B<< action: ;B[ii] , ac: 1501
B<< action: ;B[ig] , ac: 1523
B<< = D2
B<< 
W>> play B D2
W<< = 
W<< 
W>> genmove w
W<< MCTS: 10001 simulation done, duration: 1049
W<< MCTS: 10001 simulation done, duration: 1046
W<< MCTS: 10001 simulation done, duration: 1051
W<< MCTS: 10001 simulation done, duration: 1051
W<< MCTS: 10001 simulation done, duration: 1053
W<< MCTS: 10001 simulation done, duration: 1055
W<< MCTS: 10001 simulation done, duration: 1056
W<< MCTS: 10001 simulation done, duration: 1058
W<< MCTS: 10001 simulation done, duration: 1056
W<< MCTS: 10001 simulation done, duration: 1066
W<< MCTS: 10001 simulation done, duration: 1072
W<< MCTS: 10001 simulation done, duration: 1090
W<< MCTS: 10001 simulation done, duration: 1091
W<< MCTS: 10001 simulation done, duration: 1110
W<< MCTS: 10001 simulation done, duration: 1160
W<< MCTS: 10001 simulation done, duration: 1174
W<< = B6
W<< 
B>> play W B6
B<< = 
B<< 
B>> genmove b
B<< MCTS: 10001 simulation done, duration: 936
B<< MCTS: 10001 simulation done, duration: 942
B<< MCTS: 10001 simulation done, duration: 947
B<< MCTS: 10001 simulation done, duration: 948
B<< MCTS: 10001 simulation done, duration: 954
B<< MCTS: 10001 simulation done, duration: 977
B<< MCTS: 10001 simulation done, duration: 978
B<< MCTS: 10001 simulation done, duration: 979
B<< MCTS: 10001 simulation done, duration: 983
B<< MCTS: 10001 simulation done, duration: 994
B<< MCTS: 10001 simulation done, duration: 999
B<< MCTS: 10001 simulation done, duration: 1014
B<< MCTS: 10001 simulation done, duration: 1013
B<< MCTS: 10001 simulation done, duration: 1033
B<< MCTS: 10001 simulation done, duration: 1096
B<< MCTS: 10001 simulation done, duration: 1138
B<< action: ;B[ah] , ac: 4756
B<< action: ;B[ac] , ac: 7138
B<< action: ;B[bi] , ac: 4213
B<< action: ;B[bh] , ac: 4072
B<< action: ;B[bc] , ac: 4930
B<< action: ;B[bb] , ac: 4531
B<< action: ;B[ch] , ac: 2037
B<< action: ;B[cb] , ac: 5332
B<< action: ;B[ca] , ac: 9350
B<< action: ;B[di] , ac: 1720
B<< action: ;B[dc] , ac: 7202
B<< action: ;B[db] , ac: 4646
B<< action: ;B[da] , ac: 7618
B<< action: ;B[eh] , ac: 25035
B<< action: ;B[ec] , ac: 6136
B<< action: ;B[eb] , ac: 3030
B<< action: ;B[ea] , ac: 5728
B<< action: ;B[fh] , ac: 31053
B<< action: ;B[fc] , ac: 5469
B<< action: ;B[fb] , ac: 2576
B<< action: ;B[fa] , ac: 4890
B<< action: ;B[gd] , ac: 1295
B<< action: ;B[gc] , ac: 2881
B<< action: ;B[hh] , ac: 1382
B<< action: ;B[ii] , ac: 1556
B<< action: ;B[ig] , ac: 1440
B<< = F2
B<< 
W>> play B F2
W<< = 
W<< 
W>> genmove w
W<< MCTS: 10001 simulation done, duration: 1084
W<< MCTS: 10001 simulation done, duration: 1086
W<< MCTS: 10001 simulation done, duration: 1087
W<< MCTS: 10001 simulation done, duration: 1090
W<< MCTS: 10001 simulation done, duration: 1090
W<< MCTS: 10001 simulation done, duration: 1091
W<< MCTS: 10001 simulation done, duration: 1093
W<< MCTS: 10001 simulation done, duration: 1094
W<< MCTS: 10001 simulation done, duration: 1095
W<< MCTS: 10001 simulation done, duration: 1096
W<< MCTS: 10001 simulation done, duration: 1092
W<< MCTS: 10001 simulation done, duration: 1096
W<< MCTS: 10001 simulation done, duration: 1098
W<< MCTS: 10001 simulation done, duration: 1099
W<< MCTS: 10001 simulation done, duration: 1099
W<< MCTS: 10001 simulation done, duration: 1150
W<< = B8
W<< 
B>> play W B8
B<< = 
B<< 
B>> genmove b
B<< MCTS: 10001 simulation done, duration: 894
B<< MCTS: 10001 simulation done, duration: 938
B<< MCTS: 10001 simulation done, duration: 939
B<< MCTS: 10001 simulation done, duration: 943
B<< MCTS: 10001 simulation done, duration: 945
B<< MCTS: 10001 simulation done, duration: 978
B<< MCTS: 10001 simulation done, duration: 979
B<< MCTS: 10001 simulation done, duration: 986
B<< MCTS: 10001 simulation done, duration: 988
B<< MCTS: 10001 simulation done, duration: 989
B<< MCTS: 10001 simulation done, duration: 989
B<< MCTS: 10001 simulation done, duration: 996
B<< MCTS: 10001 simulation done, duration: 1055
B<< MCTS: 10001 simulation done, duration: 1061
B<< MCTS: 10001 simulation done, duration: 1091
B<< MCTS: 10001 simulation done, duration: 1143
B<< action: ;B[ah] , ac: 5314
B<< action: ;B[ac] , ac: 5196
B<< action: ;B[bi] , ac: 5632
B<< action: ;B[bh] , ac: 6369
B<< action: ;B[bc] , ac: 5005
B<< action: ;B[ch] , ac: 1343
B<< action: ;B[cb] , ac: 21733
B<< action: ;B[ca] , ac: 29714
B<< action: ;B[di] , ac: 1590
B<< action: ;B[dc] , ac: 10844
B<< action: ;B[db] , ac: 4715
B<< action: ;B[da] , ac: 5483
B<< action: ;B[eh] , ac: 8272
B<< action: ;B[ec] , ac: 10346
B<< action: ;B[eb] , ac: 3600
B<< action: ;B[ea] , ac: 6944
B<< action: ;B[fc] , ac: 8464
B<< action: ;B[fb] , ac: 3486
B<< action: ;B[fa] , ac: 7292
B<< action: ;B[gd] , ac: 1453
B<< action: ;B[gc] , ac: 2526
B<< action: ;B[hh] , ac: 1257
B<< action: ;B[ii] , ac: 1564
B<< action: ;B[ig] , ac: 1874
B<< = C9
B<< 
W>> play B C9
W<< = 
W<< 
W>> genmove w
W<< MCTS: 10001 simulation done, duration: 1044
W<< MCTS: 10001 simulation done, duration: 1045
W<< MCTS: 10001 simulation done, duration: 1046
W<< MCTS: 10001 simulation done, duration: 1047
W<< MCTS: 10001 simulation done, duration: 1048
W<< MCTS: 10001 simulation done, duration: 1049
W<< MCTS: 10001 simulation done, duration: 1050
W<< MCTS: 10001 simulation done, duration: 1056
W<< MCTS: 10001 simulation done, duration: 1057
W<< MCTS: 10001 simulation done, duration: 1059
W<< MCTS: 10001 simulation done, duration: 1057
W<< MCTS: 10001 simulation done, duration: 1068
W<< MCTS: 10001 simulation done, duration: 1077
W<< MCTS: 10001 simulation done, duration: 1082
W<< MCTS: 10001 simulation done, duration: 1098
W<< MCTS: 10001 simulation done, duration: 1104
W<< = E7
W<< 
B>> play W E7
B<< = 
B<< 
B>> genmove b
B<< MCTS: 10001 simulation done, duration: 826
B<< MCTS: 10001 simulation done, duration: 899
B<< MCTS: 10001 simulation done, duration: 902
B<< MCTS: 10001 simulation done, duration: 904
B<< MCTS: 10001 simulation done, duration: 950
B<< MCTS: 10001 simulation done, duration: 966
B<< MCTS: 10001 simulation done, duration: 979
B<< MCTS: 10001 simulation done, duration: 987
B<< MCTS: 10001 simulation done, duration: 992
B<< MCTS: 10001 simulation done, duration: 1015
B<< MCTS: 10001 simulation done, duration: 1017
B<< MCTS: 10001 simulation done, duration: 1019
B<< MCTS: 10001 simulation done, duration: 1026
B<< MCTS: 10001 simulation done, duration: 1026
B<< MCTS: 10001 simulation done, duration: 1051
B<< MCTS: 10001 simulation done, duration: 1101
B<< action: ;B[ah] , ac: 6211
B<< action: ;B[ac] , ac: 5982
B<< action: ;B[bi] , ac: 5136
B<< action: ;B[bh] , ac: 10770
B<< action: ;B[bc] , ac: 5839
B<< action: ;B[ch] , ac: 1634
B<< action: ;B[cb] , ac: 8575
B<< action: ;B[di] , ac: 1326
B<< action: ;B[dc] , ac: 36890
B<< action: ;B[db] , ac: 5561
B<< action: ;B[da] , ac: 4144
B<< action: ;B[eh] , ac: 15545
B<< action: ;B[eb] , ac: 4623
B<< action: ;B[ea] , ac: 10620
B<< action: ;B[fc] , ac: 7501
B<< action: ;B[fb] , ac: 4569
B<< action: ;B[fa] , ac: 17368
B<< action: ;B[gd] , ac: 1412
B<< action: ;B[gc] , ac: 1688
B<< action: ;B[hh] , ac: 1596
B<< action: ;B[ii] , ac: 1532
B<< action: ;B[ig] , ac: 1494
B<< = D7
B<< 
W>> play B D7
W<< = 
W<< 
W>> genmove w
W<< MCTS: 10001 simulation done, duration: 968
W<< MCTS: 10001 simulation done, duration: 974
W<< MCTS: 10001 simulation done, duration: 975
W<< MCTS: 10001 simulation done, duration: 974
W<< MCTS: 10001 simulation done, duration: 974
W<< MCTS: 10001 simulation done, duration: 981
W<< MCTS: 10001 simulation done, duration: 982
W<< MCTS: 10001 simulation done, duration: 983
W<< MCTS: 10001 simulation done, duration: 983
W<< MCTS: 10001 simulation done, duration: 985
W<< MCTS: 10001 simulation done, duration: 987
W<< MCTS: 10001 simulation done, duration: 987
W<< MCTS: 10001 simulation done, duration: 989
W<< MCTS: 10001 simulation done, duration: 998
W<< MCTS: 10001 simulation done, duration: 998
W<< MCTS: 10001 simulation done, duration: 1013
W<< = B2
W<< 
B>> play W B2
B<< = 
B<< 
B>> genmove b
B<< MCTS: 10001 simulation done, duration: 822
B<< MCTS: 10001 simulation done, duration: 838
B<< MCTS: 10001 simulation done, duration: 840
B<< MCTS: 10001 simulation done, duration: 841
B<< MCTS: 10001 simulation done, duration: 843
B<< MCTS: 10001 simulation done, duration: 847
B<< MCTS: 10001 simulation done, duration: 847
B<< MCTS: 10001 simulation done, duration: 874
B<< MCTS: 10001 simulation done, duration: 899
B<< MCTS: 10001 simulation done, duration: 903
B<< MCTS: 10001 simulation done, duration: 913
B<< MCTS: 10001 simulation done, duration: 916
B<< MCTS: 10001 simulation done, duration: 958
B<< MCTS: 10001 simulation done, duration: 962
B<< MCTS: 10001 simulation done, duration: 992
B<< MCTS: 10001 simulation done, duration: 1044
B<< action: ;B[ac] , ac: 5896
B<< action: ;B[bi] , ac: 11619
B<< action: ;B[bc] , ac: 6774
B<< action: ;B[ch] , ac: 1054
B<< action: ;B[cb] , ac: 4326
B<< action: ;B[di] , ac: 948
B<< action: ;B[db] , ac: 2118
B<< action: ;B[da] , ac: 2961
B<< action: ;B[eh] , ac: 17881
B<< action: ;B[eb] , ac: 1433
B<< action: ;B[ea] , ac: 11552
B<< action: ;B[fc] , ac: 7826
B<< action: ;B[fb] , ac: 4256
B<< action: ;B[fa] , ac: 74569
B<< action: ;B[gd] , ac: 1230
B<< action: ;B[gc] , ac: 1747
B<< action: ;B[hh] , ac: 1273
B<< action: ;B[ii] , ac: 1354
B<< action: ;B[ig] , ac: 1199
B<< = F9
B<< 
W>> play B F9
W<< = 
W<< 
W>> genmove w
W<< MCTS: 10001 simulation done, duration: 933
W<< MCTS: 10001 simulation done, duration: 937
W<< MCTS: 10001 simulation done, duration: 937
W<< MCTS: 10001 simulation done, duration: 938
W<< MCTS: 10001 simulation done, duration: 938
W<< MCTS: 10001 simulation done, duration: 939
W<< MCTS: 10001 simulation done, duration: 939
W<< MCTS: 10001 simulation done, duration: 940
W<< MCTS: 10001 simulation done, duration: 941
W<< MCTS: 10001 simulation done, duration: 942
W<< MCTS: 10001 simulation done, duration: 947
W<< MCTS: 10001 simulation done, duration: 951
W<< MCTS: 10001 simulation done, duration: 948
W<< MCTS: 10001 simulation done, duration: 959
W<< MCTS: 10001 simulation done, duration: 968
W<< MCTS: 10001 simulation done, duration: 974
W<< = B7
W<< 
B>> play W B7
B<< = 
B<< 
B>> genmove b
B<< MCTS: 10001 simulation done, duration: 841
B<< MCTS: 10001 simulation done, duration: 852
B<< MCTS: 10001 simulation done, duration: 854
B<< MCTS: 10001 simulation done, duration: 856
B<< MCTS: 10001 simulation done, duration: 859
B<< MCTS: 10001 simulation done, duration: 860
B<< MCTS: 10001 simulation done, duration: 868
B<< MCTS: 10001 simulation done, duration: 880
B<< MCTS: 10001 simulation done, duration: 889
B<< MCTS: 10001 simulation done, duration: 895
B<< MCTS: 10001 simulation done, duration: 895
B<< MCTS: 10001 simulation done, duration: 918
B<< MCTS: 10001 simulation done, duration: 923
B<< MCTS: 10001 simulation done, duration: 963
B<< MCTS: 10001 simulation done, duration: 1110
B<< MCTS: 10001 simulation done, duration: 1115
B<< action: ;B[bi] , ac: 32872
B<< action: ;B[ch] , ac: 1299
B<< action: ;B[cb] , ac: 5057
B<< action: ;B[di] , ac: 1298
B<< action: ;B[db] , ac: 3176
B<< action: ;B[da] , ac: 3976
B<< action: ;B[eh] , ac: 81392
B<< action: ;B[eb] , ac: 2158
B<< action: ;B[ea] , ac: 4104
B<< action: ;B[fc] , ac: 14326
B<< action: ;B[fb] , ac: 1272
B<< action: ;B[gd] , ac: 1178
B<< action: ;B[gc] , ac: 4252
B<< action: ;B[hh] , ac: 1014
B<< action: ;B[ii] , ac: 1231
B<< action: ;B[ig] , ac: 1411
B<< = E2
B<< 
W>> play B E2
W<< = 
W<< 
W>> genmove w
W<< MCTS: 10001 simulation done, duration: 974
W<< MCTS: 10001 simulation done, duration: 976
W<< MCTS: 10001 simulation done, duration: 978
W<< MCTS: 10001 simulation done, duration: 977
W<< MCTS: 10001 simulation done, duration: 980
W<< MCTS: 10001 simulation done, duration: 980
W<< MCTS: 10001 simulation done, duration: 980
W<< MCTS: 10001 simulation done, duration: 981
W<< MCTS: 10001 simulation done, duration: 983
W<< MCTS: 10001 simulation done, duration: 982
W<< MCTS: 10001 simulation done, duration: 987
W<< MCTS: 10001 simulation done, duration: 988
W<< MCTS: 10001 simulation done, duration: 991
W<< MCTS: 10001 simulation done, duration: 990
W<< MCTS: 10001 simulation done, duration: 994
W<< MCTS: 10001 simulation done, duration: 1029
W<< = B1
W<< 
B>> play W B1
B<< = 
B<< 
B>> genmove b
B<< MCTS: 10001 simulation done, duration: 774
B<< MCTS: 10001 simulation done, duration: 795
B<< MCTS: 10001 simulation done, duration: 802
B<< MCTS: 10001 simulation done, duration: 801
B<< MCTS: 10001 simulation done, duration: 806
B<< MCTS: 10001 simulation done, duration: 812
B<< MCTS: 10001 simulation done, duration: 846
B<< MCTS: 10001 simulation done, duration: 857
B<< MCTS: 10001 simulation done, duration: 907
B<< MCTS: 10001 simulation done, duration: 910
B<< MCTS: 10001 simulation done, duration: 920
B<< MCTS: 10001 simulation done, duration: 920
B<< MCTS: 10001 simulation done, duration: 1037
B<< MCTS: 10001 simulation done, duration: 1037
B<< MCTS: 10001 simulation done, duration: 1106
B<< MCTS: 10001 simulation done, duration: 1113
B<< action: ;B[ch] , ac: 1364
B<< action: ;B[cb] , ac: 8902
B<< action: ;B[di] , ac: 1897
B<< action: ;B[db] , ac: 4983
B<< action: ;B[da] , ac: 5847
B<< action: ;B[eb] , ac: 1858
B<< action: ;B[ea] , ac: 12968
B<< action: ;B[fc] , ac: 106566
B<< action: ;B[fb] , ac: 2378
B<< action: ;B[gd] , ac: 1832
B<< action: ;B[gc] , ac: 6783
B<< action: ;B[hh] , ac: 1565
B<< action: ;B[ii] , ac: 1560
B<< action: ;B[ig] , ac: 1513
B<< = F7
B<< 
W>> play B F7
W<< = 
W<< 
W>> genmove w
W<< MCTS: 10001 simulation done, duration: 897
W<< MCTS: 10001 simulation done, duration: 901
W<< MCTS: 10001 simulation done, duration: 902
W<< MCTS: 10001 simulation done, duration: 904
W<< MCTS: 10001 simulation done, duration: 908
W<< MCTS: 10001 simulation done, duration: 907
W<< MCTS: 10001 simulation done, duration: 909
W<< MCTS: 10001 simulation done, duration: 910
W<< MCTS: 10001 simulation done, duration: 912
W<< MCTS: 10001 simulation done, duration: 911
W<< MCTS: 10001 simulation done, duration: 914
W<< MCTS: 10001 simulation done, duration: 922
W<< MCTS: 10001 simulation done, duration: 920
W<< MCTS: 10001 simulation done, duration: 926
W<< MCTS: 10001 simulation done, duration: 928
W<< MCTS: 10001 simulation done, duration: 950
W<< = G7
W<< 
B>> play W G7
B<< = 
B<< 
B>> genmove b
B<< MCTS: 10001 simulation done, duration: 684
B<< MCTS: 10001 simulation done, duration: 744
B<< MCTS: 10001 simulation done, duration: 745
B<< MCTS: 10001 simulation done, duration: 746
B<< MCTS: 10001 simulation done, duration: 746
B<< MCTS: 10001 simulation done, duration: 748
B<< MCTS: 10001 simulation done, duration: 776
B<< MCTS: 10001 simulation done, duration: 778
B<< MCTS: 10001 simulation done, duration: 778
B<< MCTS: 10001 simulation done, duration: 787
B<< MCTS: 10001 simulation done, duration: 788
B<< MCTS: 10001 simulation done, duration: 789
B<< MCTS: 10001 simulation done, duration: 822
B<< MCTS: 10001 simulation done, duration: 851
B<< MCTS: 10001 simulation done, duration: 951
B<< MCTS: 10001 simulation done, duration: 957
B<< action: ;B[ch] , ac: 4324
B<< action: ;B[cb] , ac: 33261
B<< action: ;B[di] , ac: 3932
B<< action: ;B[db] , ac: 23817
B<< action: ;B[da] , ac: 33047
B<< action: ;B[ea] , ac: 12365
B<< action: ;B[fb] , ac: 32328
B<< action: ;B[gd] , ac: 4243
B<< action: ;B[hh] , ac: 4322
B<< action: ;B[ii] , ac: 4304
B<< action: ;B[ig] , ac: 4073
B<< = C8
B<< 
W>> play B C8
W<< = 
W<< 
W>> genmove w
W<< MCTS: 10001 simulation done, duration: 764
W<< MCTS: 10001 simulation done, duration: 765
W<< MCTS: 10001 simulation done, duration: 766
W<< MCTS: 10001 simulation done, duration: 770
W<< MCTS: 10001 simulation done, duration: 771
W<< MCTS: 10001 simulation done, duration: 772
W<< MCTS: 10001 simulation done, duration: 773
W<< MCTS: 10001 simulation done, duration: 772
W<< MCTS: 10001 simulation done, duration: 778
W<< MCTS: 10001 simulation done, duration: 778
W<< MCTS: 10001 simulation done, duration: 780
W<< MCTS: 10001 simulation done, duration: 783
W<< MCTS: 10001 simulation done, duration: 792
W<< MCTS: 10001 simulation done, duration: 819
W<< MCTS: 10001 simulation done, duration: 830
W<< MCTS: 10001 simulation done, duration: 839
W<< = E9
W<< 
B>> play W E9
B<< = 
B<< 
B>> genmove b
B<< MCTS: 10001 simulation done, duration: 639
B<< MCTS: 10001 simulation done, duration: 640
B<< MCTS: 10001 simulation done, duration: 641
B<< MCTS: 10001 simulation done, duration: 642
B<< MCTS: 10001 simulation done, duration: 643
B<< MCTS: 10001 simulation done, duration: 643
B<< MCTS: 10001 simulation done, duration: 664
B<< MCTS: 10001 simulation done, duration: 669
B<< MCTS: 10001 simulation done, duration: 676
B<< MCTS: 10001 simulation done, duration: 681
B<< MCTS: 10001 simulation done, duration: 694
B<< MCTS: 10001 simulation done, duration: 697
B<< MCTS: 10001 simulation done, duration: 705
B<< MCTS: 10001 simulation done, duration: 722
B<< MCTS: 10001 simulation done, duration: 860
B<< MCTS: 10001 simulation done, duration: 862
B<< action: ;B[ch] , ac: 5760
B<< action: ;B[di] , ac: 5358
B<< action: ;B[db] , ac: 42067
B<< action: ;B[da] , ac: 42068
B<< action: ;B[fb] , ac: 42065
B<< action: ;B[gd] , ac: 5797
B<< action: ;B[hh] , ac: 6025
B<< action: ;B[ii] , ac: 5508
B<< action: ;B[ig] , ac: 5368
B<< = D9
B<< 
W>> play B D9
W<< = 
W<< 
W>> genmove w
W<< MCTS: 10001 simulation done, duration: 642
W<< MCTS: 10001 simulation done, duration: 641
W<< MCTS: 10001 simulation done, duration: 641
W<< MCTS: 10001 simulation done, duration: 642
W<< MCTS: 10001 simulation done, duration: 645
W<< MCTS: 10001 simulation done, duration: 644
W<< MCTS: 10001 simulation done, duration: 647
W<< MCTS: 10001 simulation done, duration: 648
W<< MCTS: 10001 simulation done, duration: 648
W<< MCTS: 10001 simulation done, duration: 649
W<< MCTS: 10001 simulation done, duration: 650
W<< MCTS: 10001 simulation done, duration: 650
W<< MCTS: 10001 simulation done, duration: 651
W<< MCTS: 10001 simulation done, duration: 647
W<< MCTS: 10001 simulation done, duration: 651
W<< MCTS: 10001 simulation done, duration: 684
W<< = resign
W<< 
B>> quit
W>> quit
